This is pdfTeX, Version 3.14159265-2.6-1.40.17 (TeX Live 2016) (preloaded format=pdflatex 2016.5.22)  14 MAY 2018 17:53
entering extended mode
 restricted \write18 enabled.
 file:line:error style messages enabled.
 %&-line parsing enabled.
**draft4.0.tex
(./draft4.0.tex
LaTeX2e <2016/03/31>
Babel <3.9r> and hyphenation patterns for 83 language(s) loaded.
(./jov.cls
Document Class: jov 2008/12/16 Journal of Vision class
(/usr/local/texlive/2016/texmf-dist/tex/latex/base/article.cls
Document Class: article 2014/09/29 v1.4h Standard LaTeX document class
(/usr/local/texlive/2016/texmf-dist/tex/latex/base/size10.clo
File: size10.clo 2014/09/29 v1.4h Standard LaTeX file (size option)
)
\c@part=\count79
\c@section=\count80
\c@subsection=\count81
\c@subsubsection=\count82
\c@paragraph=\count83
\c@subparagraph=\count84
\c@figure=\count85
\c@table=\count86
\abovecaptionskip=\skip41
\belowcaptionskip=\skip42
\bibindent=\dimen102
)
(/usr/local/texlive/2016/texmf-dist/tex/latex/graphics/color.sty
Package: color 2016/05/09 v1.1c Standard LaTeX Color (DPC)

(/usr/local/texlive/2016/texmf-dist/tex/latex/graphics-cfg/color.cfg
File: color.cfg 2016/01/02 v1.6 sample color configuration
)
Package color Info: Driver file: pdftex.def on input line 144.

(/usr/local/texlive/2016/texmf-dist/tex/latex/pdftex-def/pdftex.def
File: pdftex.def 2011/05/27 v0.06d Graphics/color for pdfTeX

(/usr/local/texlive/2016/texmf-dist/tex/generic/oberdiek/infwarerr.sty
Package: infwarerr 2016/05/16 v1.4 Providing info/warning/error messages (HO)
)
(/usr/local/texlive/2016/texmf-dist/tex/generic/oberdiek/ltxcmds.sty
Package: ltxcmds 2016/05/16 v1.23 LaTeX kernel commands for general use (HO)
)
\Gread@gobject=\count87
))
(/usr/local/texlive/2016/texmf-dist/tex/latex/psnfss/times.sty
Package: times 2005/04/12 PSNFSS-v9.2a (SPQR) 
)
(/usr/local/texlive/2016/texmf-dist/tex/latex/multirow/multirow.sty
\bigstrutjot=\dimen103
)
(/usr/local/texlive/2016/texmf-dist/tex/latex/hyperref/hyperref.sty
Package: hyperref 2016/05/05 v6.83n Hypertext links for LaTeX

(/usr/local/texlive/2016/texmf-dist/tex/generic/oberdiek/hobsub-hyperref.sty
Package: hobsub-hyperref 2016/05/16 v1.14 Bundle oberdiek, subset hyperref (HO)


(/usr/local/texlive/2016/texmf-dist/tex/generic/oberdiek/hobsub-generic.sty
Package: hobsub-generic 2016/05/16 v1.14 Bundle oberdiek, subset generic (HO)
Package: hobsub 2016/05/16 v1.14 Construct package bundles (HO)
Package hobsub Info: Skipping package `infwarerr' (already loaded).
Package hobsub Info: Skipping package `ltxcmds' (already loaded).
Package: ifluatex 2016/05/16 v1.4 Provides the ifluatex switch (HO)
Package ifluatex Info: LuaTeX not detected.
Package: ifvtex 2016/05/16 v1.6 Detect VTeX and its facilities (HO)
Package ifvtex Info: VTeX not detected.
Package: intcalc 2016/05/16 v1.2 Expandable calculations with integers (HO)
Package: ifpdf 2016/05/14 v3.1 Provides the ifpdf switch
Package: etexcmds 2016/05/16 v1.6 Avoid name clashes with e-TeX commands (HO)
Package etexcmds Info: Could not find \expanded.
(etexcmds)             That can mean that you are not using pdfTeX 1.50 or
(etexcmds)             that some package has redefined \expanded.
(etexcmds)             In the latter case, load this package earlier.
Package: kvsetkeys 2016/05/16 v1.17 Key value parser (HO)
Package: kvdefinekeys 2016/05/16 v1.4 Define keys (HO)
Package: pdftexcmds 2016/05/10 v0.21 Utility functions of pdfTeX for LuaTeX (HO
)
Package pdftexcmds Info: LuaTeX not detected.
Package pdftexcmds Info: \pdf@primitive is available.
Package pdftexcmds Info: \pdf@ifprimitive is available.
Package pdftexcmds Info: \pdfdraftmode found.
Package: pdfescape 2016/05/16 v1.14 Implements pdfTeX's escape features (HO)
Package: bigintcalc 2016/05/16 v1.4 Expandable calculations on big integers (HO
)
Package: bitset 2016/05/16 v1.2 Handle bit-vector datatype (HO)
Package: uniquecounter 2016/05/16 v1.3 Provide unlimited unique counter (HO)
)
Package hobsub Info: Skipping package `hobsub' (already loaded).
Package: letltxmacro 2016/05/16 v1.5 Let assignment for LaTeX macros (HO)
Package: hopatch 2016/05/16 v1.3 Wrapper for package hooks (HO)
Package: xcolor-patch 2016/05/16 xcolor patch
Package: atveryend 2016/05/16 v1.9 Hooks at the very end of document (HO)
Package atveryend Info: \enddocument detected (standard20110627).
Package: atbegshi 2016/05/16 v1.17 At begin shipout hook (HO)
Package: refcount 2016/05/16 v3.5 Data extraction from label references (HO)
Package: hycolor 2016/05/16 v1.8 Color options for hyperref/bookmark (HO)
)
(/usr/local/texlive/2016/texmf-dist/tex/latex/graphics/keyval.sty
Package: keyval 2014/10/28 v1.15 key=value parser (DPC)
\KV@toks@=\toks14
)
(/usr/local/texlive/2016/texmf-dist/tex/generic/ifxetex/ifxetex.sty
Package: ifxetex 2010/09/12 v0.6 Provides ifxetex conditional
)
(/usr/local/texlive/2016/texmf-dist/tex/latex/oberdiek/auxhook.sty
Package: auxhook 2016/05/16 v1.4 Hooks for auxiliary files (HO)
)
(/usr/local/texlive/2016/texmf-dist/tex/latex/oberdiek/kvoptions.sty
Package: kvoptions 2016/05/16 v3.12 Key value format for package options (HO)
)
\@linkdim=\dimen104
\Hy@linkcounter=\count88
\Hy@pagecounter=\count89

(/usr/local/texlive/2016/texmf-dist/tex/latex/hyperref/pd1enc.def
File: pd1enc.def 2016/05/05 v6.83n Hyperref: PDFDocEncoding definition (HO)
)
\Hy@SavedSpaceFactor=\count90

(/usr/local/texlive/2016/texmf-dist/tex/latex/latexconfig/hyperref.cfg
File: hyperref.cfg 2002/06/06 v1.2 hyperref configuration of TeXLive
)
Package hyperref Info: Option `colorlinks' set `true' on input line 4322.
Package hyperref Info: Option `pageanchor' set `true' on input line 4322.
Package hyperref Info: Hyper figures OFF on input line 4446.
Package hyperref Info: Link nesting OFF on input line 4451.
Package hyperref Info: Hyper index ON on input line 4454.
Package hyperref Info: Plain pages OFF on input line 4461.
Package hyperref Info: Backreferencing OFF on input line 4466.
Package hyperref Info: Implicit mode ON; LaTeX internals redefined.
Package hyperref Info: Bookmarks ON on input line 4691.
\c@Hy@tempcnt=\count91

(/usr/local/texlive/2016/texmf-dist/tex/latex/url/url.sty
\Urlmuskip=\muskip10
Package: url 2013/09/16  ver 3.4  Verb mode for urls, etc.
)
LaTeX Info: Redefining \url on input line 5044.
\XeTeXLinkMargin=\dimen105
\Fld@menulength=\count92
\Field@Width=\dimen106
\Fld@charsize=\dimen107
Package hyperref Info: Hyper figures OFF on input line 6298.
Package hyperref Info: Link nesting OFF on input line 6303.
Package hyperref Info: Hyper index ON on input line 6306.
Package hyperref Info: backreferencing OFF on input line 6313.
Package hyperref Info: Link coloring ON on input line 6316.
Package hyperref Info: Link coloring with OCG OFF on input line 6323.
Package hyperref Info: PDF/A mode OFF on input line 6328.
LaTeX Info: Redefining \ref on input line 6368.
LaTeX Info: Redefining \pageref on input line 6372.
\Hy@abspage=\count93
\c@Item=\count94
\c@Hfootnote=\count95
)

Package hyperref Message: Driver (autodetected): hpdftex.

(/usr/local/texlive/2016/texmf-dist/tex/latex/hyperref/hpdftex.def
File: hpdftex.def 2016/05/05 v6.83n Hyperref driver for pdfTeX
\Fld@listcount=\count96
\c@bookmark@seq@number=\count97

(/usr/local/texlive/2016/texmf-dist/tex/latex/oberdiek/rerunfilecheck.sty
Package: rerunfilecheck 2016/05/16 v1.8 Rerun checks for auxiliary files (HO)
Package uniquecounter Info: New unique counter `rerunfilecheck' on input line 2
82.
)
\Hy@SectionHShift=\skip43
)
(./jovcite.sty
Package: jovcite 2008/12/22 Journal of Vision, inofficial LaTeX stylesheet
\c@BibCnt=\count98
\bibleftmargin=\skip44
\bibindent=\skip45
\bibparsep=\skip46
\bibitemsep=\skip47
) (/usr/local/texlive/2016/texmf-dist/tex/latex/psnfss/pifont.sty
Package: pifont 2005/04/12 PSNFSS-v9.2a Pi font support (SPQR) 
LaTeX Font Info:    Try loading font information for U+pzd on input line 63.
(/usr/local/texlive/2016/texmf-dist/tex/latex/psnfss/upzd.fd
File: upzd.fd 2001/06/04 font definitions for U/pzd.
)
LaTeX Font Info:    Try loading font information for U+psy on input line 64.

(/usr/local/texlive/2016/texmf-dist/tex/latex/psnfss/upsy.fd
File: upsy.fd 2001/06/04 font definitions for U/psy.
))
\c@nauthors=\count99
)
(/usr/local/texlive/2016/texmf-dist/tex/latex/graphics/graphicx.sty
Package: graphicx 2014/10/28 v1.0g Enhanced LaTeX Graphics (DPC,SPQR)

(/usr/local/texlive/2016/texmf-dist/tex/latex/graphics/graphics.sty
Package: graphics 2016/05/09 v1.0r Standard LaTeX Graphics (DPC,SPQR)

(/usr/local/texlive/2016/texmf-dist/tex/latex/graphics/trig.sty
Package: trig 2016/01/03 v1.10 sin cos tan (DPC)
)
(/usr/local/texlive/2016/texmf-dist/tex/latex/graphics-cfg/graphics.cfg
File: graphics.cfg 2016/01/02 v1.10 sample graphics configuration
)
Package graphics Info: Driver file: pdftex.def on input line 96.
)
\Gin@req@height=\dimen108
\Gin@req@width=\dimen109
)
(/usr/local/texlive/2016/texmf-dist/tex/latex/caption/subcaption.sty
Package: subcaption 2016/02/20 v1.1-142 Sub-captions (AR)

(/usr/local/texlive/2016/texmf-dist/tex/latex/caption/caption.sty
Package: caption 2016/02/21 v3.3-144 Customizing captions (AR)

(/usr/local/texlive/2016/texmf-dist/tex/latex/caption/caption3.sty
Package: caption3 2016/02/04 v1.7-139 caption3 kernel (AR)
Package caption3 Info: TeX engine: e-TeX on input line 67.
\captionmargin=\dimen110
\captionmargin@=\dimen111
\captionwidth=\dimen112
\caption@tempdima=\dimen113
\caption@indent=\dimen114
\caption@parindent=\dimen115
\caption@hangindent=\dimen116
Package caption Info: Unknown document class (or package),
(caption)             standard defaults will be used.
)

Package caption Warning: Unsupported document class (or package) detected,
(caption)                usage of the caption package is not recommended.
See the caption package documentation for explanation.

Package caption Info: \@makecaption = \long macro:#1#2->\vskip \abovecaptionski
p \sbox \@tempboxa {{\captionfonts #1: #2}}\ifdim \wd \@tempboxa >\hsize {\capt
ionfonts #1: #2\par } \else \hbox to\hsize {\hfil \box \@tempboxa \hfil }\fi \v
skip \belowcaptionskip .
\c@ContinuedFloat=\count100
Package caption Info: hyperref package is loaded.
)
\c@subfigure=\count101
\c@subtable=\count102
) (/usr/local/texlive/2016/texmf-dist/tex/latex/amsmath/amsmath.sty
Package: amsmath 2016/03/10 v2.15b AMS math features
\@mathmargin=\skip48

For additional information on amsmath, use the `?' option.
(/usr/local/texlive/2016/texmf-dist/tex/latex/amsmath/amstext.sty
Package: amstext 2000/06/29 v2.01 AMS text

(/usr/local/texlive/2016/texmf-dist/tex/latex/amsmath/amsgen.sty
File: amsgen.sty 1999/11/30 v2.0 generic functions
\@emptytoks=\toks15
\ex@=\dimen117
))
(/usr/local/texlive/2016/texmf-dist/tex/latex/amsmath/amsbsy.sty
Package: amsbsy 1999/11/29 v1.2d Bold Symbols
\pmbraise@=\dimen118
)
(/usr/local/texlive/2016/texmf-dist/tex/latex/amsmath/amsopn.sty
Package: amsopn 2016/03/08 v2.02 operator names
)
\inf@bad=\count103
LaTeX Info: Redefining \frac on input line 199.
\uproot@=\count104
\leftroot@=\count105
LaTeX Info: Redefining \overline on input line 297.
\classnum@=\count106
\DOTSCASE@=\count107
LaTeX Info: Redefining \ldots on input line 394.
LaTeX Info: Redefining \dots on input line 397.
LaTeX Info: Redefining \cdots on input line 518.
\Mathstrutbox@=\box26
\strutbox@=\box27
\big@size=\dimen119
LaTeX Font Info:    Redeclaring font encoding OML on input line 634.
LaTeX Font Info:    Redeclaring font encoding OMS on input line 635.
\macc@depth=\count108
\c@MaxMatrixCols=\count109
\dotsspace@=\muskip11
\c@parentequation=\count110
\dspbrk@lvl=\count111
\tag@help=\toks16
\row@=\count112
\column@=\count113
\maxfields@=\count114
\andhelp@=\toks17
\eqnshift@=\dimen120
\alignsep@=\dimen121
\tagshift@=\dimen122
\tagwidth@=\dimen123
\totwidth@=\dimen124
\lineht@=\dimen125
\@envbody=\toks18
\multlinegap=\skip49
\multlinetaggap=\skip50
\mathdisplay@stack=\toks19
LaTeX Info: Redefining \[ on input line 2739.
LaTeX Info: Redefining \] on input line 2740.
)
(/usr/local/texlive/2016/texmf-dist/tex/latex/bbm-macros/bbm.sty
Package: bbm 1999/03/15 V 1.2 provides fonts for set symbols - TH
LaTeX Font Info:    Overwriting math alphabet `\mathbbm' in version `bold'
(Font)                  U/bbm/m/n --> U/bbm/bx/n on input line 33.
LaTeX Font Info:    Overwriting math alphabet `\mathbbmss' in version `bold'
(Font)                  U/bbmss/m/n --> U/bbmss/bx/n on input line 35.
)
(/usr/local/texlive/2016/texmf-dist/tex/latex/amsfonts/amssymb.sty
Package: amssymb 2013/01/14 v3.01 AMS font symbols

(/usr/local/texlive/2016/texmf-dist/tex/latex/amsfonts/amsfonts.sty
Package: amsfonts 2013/01/14 v3.01 Basic AMSFonts support
\symAMSa=\mathgroup4
\symAMSb=\mathgroup5
LaTeX Font Info:    Overwriting math alphabet `\mathfrak' in version `bold'
(Font)                  U/euf/m/n --> U/euf/b/n on input line 106.
))
(/usr/local/texlive/2016/texmf-dist/tex/latex/comment/comment.sty
\CommentStream=\write3

Excluding comment 'comment')
No file draft4.0.aux.
\openout1 = `draft4.0.aux'.

LaTeX Font Info:    Checking defaults for OML/cmm/m/it on input line 16.
LaTeX Font Info:    ... okay on input line 16.
LaTeX Font Info:    Checking defaults for T1/cmr/m/n on input line 16.
LaTeX Font Info:    ... okay on input line 16.
LaTeX Font Info:    Checking defaults for OT1/cmr/m/n on input line 16.
LaTeX Font Info:    ... okay on input line 16.
LaTeX Font Info:    Checking defaults for OMS/cmsy/m/n on input line 16.
LaTeX Font Info:    ... okay on input line 16.
LaTeX Font Info:    Checking defaults for OMX/cmex/m/n on input line 16.
LaTeX Font Info:    ... okay on input line 16.
LaTeX Font Info:    Checking defaults for U/cmr/m/n on input line 16.
LaTeX Font Info:    ... okay on input line 16.
LaTeX Font Info:    Checking defaults for PD1/pdf/m/n on input line 16.
LaTeX Font Info:    ... okay on input line 16.
LaTeX Font Info:    Try loading font information for OT1+ptm on input line 16.
(/usr/local/texlive/2016/texmf-dist/tex/latex/psnfss/ot1ptm.fd
File: ot1ptm.fd 2001/06/04 font definitions for OT1/ptm.
)
(/usr/local/texlive/2016/texmf-dist/tex/context/base/mkii/supp-pdf.mkii
[Loading MPS to PDF converter (version 2006.09.02).]
\scratchcounter=\count115
\scratchdimen=\dimen126
\scratchbox=\box28
\nofMPsegments=\count116
\nofMParguments=\count117
\everyMPshowfont=\toks20
\MPscratchCnt=\count118
\MPscratchDim=\dimen127
\MPnumerator=\count119
\makeMPintoPDFobject=\count120
\everyMPtoPDFconversion=\toks21
)
\AtBeginShipoutBox=\box29
Package hyperref Info: Link coloring ON on input line 16.
 (/usr/local/texlive/2016/texmf-dist/tex/latex/hyperref/nameref.sty
Package: nameref 2012/10/27 v2.43 Cross-referencing by name of section

(/usr/local/texlive/2016/texmf-dist/tex/generic/oberdiek/gettitlestring.sty
Package: gettitlestring 2016/05/16 v1.5 Cleanup title references (HO)
)
\c@section@level=\count121
)
LaTeX Info: Redefining \ref on input line 16.
LaTeX Info: Redefining \pageref on input line 16.
LaTeX Info: Redefining \nameref on input line 16.
\@outlinefile=\write4
\openout4 = `draft4.0.out'.


(./english.apc
File: english.apc 2007/09/03 v4.00 apacite language file
)
(/usr/local/texlive/2016/texmf-dist/tex/latex/oberdiek/epstopdf-base.sty
Package: epstopdf-base 2016/05/15 v2.6 Base part for package epstopdf

(/usr/local/texlive/2016/texmf-dist/tex/latex/oberdiek/grfext.sty
Package: grfext 2016/05/16 v1.2 Manage graphics extensions (HO)
)
Package grfext Info: Graphics extension search list:
(grfext)             [.png,.pdf,.jpg,.mps,.jpeg,.jbig2,.jb2,.PNG,.PDF,.JPG,.JPE
G,.JBIG2,.JB2,.eps]
(grfext)             \AppendGraphicsExtensions on input line 456.

(/usr/local/texlive/2016/texmf-dist/tex/latex/latexconfig/epstopdf-sys.cfg
File: epstopdf-sys.cfg 2010/07/13 v1.3 Configuration of (r)epstopdf for TeX Liv
e
))
Package caption Info: Begin \AtBeginDocument code.
Package caption Info: End \AtBeginDocument code.
LaTeX Font Info:    Try loading font information for OT1+phv on input line 45.

(/usr/local/texlive/2016/texmf-dist/tex/latex/psnfss/ot1phv.fd
File: ot1phv.fd 2001/06/04 scalable font definitions for OT1/phv.
)
LaTeX Font Info:    Try loading font information for U+msa on input line 45.

(/usr/local/texlive/2016/texmf-dist/tex/latex/amsfonts/umsa.fd
File: umsa.fd 2013/01/14 v3.01 AMS symbols A
)
LaTeX Font Info:    Try loading font information for U+msb on input line 45.

(/usr/local/texlive/2016/texmf-dist/tex/latex/amsfonts/umsb.fd
File: umsb.fd 2013/01/14 v3.01 AMS symbols B
)
LaTeX Font Info:    Font shape `OT1/ptm/bx/n' in size <14.4> not available
(Font)              Font shape `OT1/ptm/b/n' tried instead on input line 45.
LaTeX Font Info:    Font shape `OT1/phv/bx/n' in size <14.4> not available
(Font)              Font shape `OT1/phv/b/n' tried instead on input line 45.


Package hyperref Warning: Suppressing link with empty target on input line 45.


Overfull \vbox (7.80003pt too high) detected at line 45
 []


LaTeX Warning: Citation `Mollon89' undefined on input line 48.


LaTeX Warning: Citation `Jacobs81' undefined on input line 48.

LaTeX Font Info:    Font shape `OT1/ptm/bx/n' in size <10> not available
(Font)              Font shape `OT1/ptm/b/n' tried instead on input line 51.

LaTeX Warning: Reference `fig:introSchematic' on page 1 undefined on input line
 51.


LaTeX Warning: Citation `LandRetinex' undefined on input line 57.


LaTeX Warning: Citation `Buchsbaum80' undefined on input line 57.


LaTeX Warning: Citation `MaloneyWandell86' undefined on input line 57.


LaTeX Warning: Citation `funt1988color' undefined on input line 57.


LaTeX Warning: Citation `D'ZmuraConstancy3' undefined on input line 57.


LaTeX Warning: Citation `barron2012color' undefined on input line 57.


LaTeX Warning: Citation `D'ZmuraIversonSinger' undefined on input line 57.


LaTeX Warning: Citation `BrainardFreeman' undefined on input line 57.


LaTeX Warning: Citation `BrainardWandellRetinex' undefined on input line 60.

LaTeX Font Info:    Try loading font information for OMS+phv on input line 61.
(/usr/local/texlive/2016/texmf-dist/tex/latex/psnfss/omsphv.fd
File: omsphv.fd 
)
LaTeX Font Info:    Font shape `OMS/phv/m/n' in size <8> not available
(Font)              Font shape `OMS/cmsy/m/n' tried instead on input line 61.
 [1{/usr/local/texlive/2016/texmf-var/fonts/map/pdftex/updmap/pdftex.map}

]
<../FiguresDraft4/Figure1/Figure1_a.png, id=47, 1027.84pt x 770.88pt>
File: ../FiguresDraft4/Figure1/Figure1_a.png Graphic file (type png)

<use ../FiguresDraft4/Figure1/Figure1_a.png>
Package pdftex.def Info: ../FiguresDraft4/Figure1/Figure1_a.png used on input l
ine 68.
(pdftex.def)             Requested size: 216.23764pt x 162.17188pt.

<../FiguresDraft4/Figure1/Figure1_b.png, id=49, 1027.84pt x 592.2125pt>
File: ../FiguresDraft4/Figure1/Figure1_b.png Graphic file (type png)

<use ../FiguresDraft4/Figure1/Figure1_b.png>
Package pdftex.def Info: ../FiguresDraft4/Figure1/Figure1_b.png used on input l
ine 73.
(pdftex.def)             Requested size: 297.33293pt x 171.3125pt.


LaTeX Warning: Citation `barron2015convolutional' undefined on input line 81.


LaTeX Warning: Citation `geisler2009optimal' undefined on input line 81.


LaTeX Warning: Citation `burge2011optimal' undefined on input line 81.


LaTeX Warning: Citation `burge2014optimal' undefined on input line 81.


LaTeX Warning: Citation `burge2015optimal' undefined on input line 81.


LaTeX Warning: Citation `ChakrabartiHyperspectral' undefined on input line 83.


LaTeX Warning: Citation `NascimentoFoster2016' undefined on input line 83.


LaTeX Warning: Citation `ParragaHyperspectralData' undefined on input line 83.


LaTeX Warning: Citation `TkacikUpennHypersepctralData' undefined on input line 
83.


LaTeX Warning: Citation `skauli2013collection' undefined on input line 83.


LaTeX Warning: Citation `olmos2004biologically' undefined on input line 83.


LaTeX Warning: Citation `ciurea2003large' undefined on input line 83.


LaTeX Warning: Citation `davidPennHyperspectral' undefined on input line 83.

File: ../FiguresDraft4/Figure1/Figure1_b.png Graphic file (type png)
<use ../FiguresDraft4/Figure1/Figure1_b.png>
Package pdftex.def Info: ../FiguresDraft4/Figure1/Figure1_b.png used on input l
ine 91.
(pdftex.def)             Requested size: 178.39977pt x 102.7893pt.

<../FiguresDraft4/Figure2/Figure2_b.png, id=69, 1026.83624pt x 592.2125pt>
File: ../FiguresDraft4/Figure2/Figure2_b.png Graphic file (type png)

<use ../FiguresDraft4/Figure2/Figure2_b.png>
Package pdftex.def Info: ../FiguresDraft4/Figure2/Figure2_b.png used on input l
ine 96.
(pdftex.def)             Requested size: 178.39977pt x 102.8887pt.

<../FiguresDraft4/Figure2/Figure2_c.png, id=70, 1027.84pt x 592.2125pt>
File: ../FiguresDraft4/Figure2/Figure2_c.png Graphic file (type png)

<use ../FiguresDraft4/Figure2/Figure2_c.png>
Package pdftex.def Info: ../FiguresDraft4/Figure2/Figure2_c.png used on input l
ine 101.
(pdftex.def)             Requested size: 178.39977pt x 102.7893pt.


LaTeX Warning: Reference `fig:introExampleFigure' on page 2 undefined on input 
line 106.


LaTeX Warning: Reference `Methods' on page 2 undefined on input line 106.


LaTeX Warning: Reference `fig:introExampleFigure' on page 2 undefined on input 
line 106.


LaTeX Warning: Reference `Methods' on page 2 undefined on input line 106.


LaTeX Warning: Reference `fig:introExampleFigure' on page 2 undefined on input 
line 111.


LaTeX Warning: Citation `astm1121477' undefined on input line 114.


LaTeX Warning: Citation `CIE86' undefined on input line 118.

[2 <../FiguresDraft4/Figure1/Figure1_a.png> <../FiguresDraft4/Figure1/Figure1_b
.png>]
LaTeX Font Info:    Font shape `OT1/ptm/bx/n' in size <12> not available
(Font)              Font shape `OT1/ptm/b/n' tried instead on input line 122.
LaTeX Font Info:    Font shape `OT1/phv/bx/n' in size <12> not available
(Font)              Font shape `OT1/phv/b/n' tried instead on input line 122.
LaTeX Font Info:    Font shape `OT1/phv/bx/sl' in size <10> not available
(Font)              Font shape `OT1/phv/b/sl' tried instead on input line 126.


LaTeX Warning: Citation `heasly2014rendertoolbox3' undefined on input line 131.



LaTeX Warning: Citation `jakob2015mitsuba' undefined on input line 134.

[3 <../FiguresDraft4/Figure2/Figure2_b.png> <../FiguresDraft4/Figure2/Figure2_c
.png>] <../FiguresDraft4/Figure3/Figure3_a.png, id=117, 321.2pt x 240.9pt>
File: ../FiguresDraft4/Figure3/Figure3_a.png Graphic file (type png)

<use ../FiguresDraft4/Figure3/Figure3_a.png>
Package pdftex.def Info: ../FiguresDraft4/Figure3/Figure3_a.png used on input l
ine 146.
(pdftex.def)             Requested size: 118.93317pt x 89.19775pt.

<../FiguresDraft4/Figure3/Figure3_b.png, id=118, 321.2pt x 240.9pt>
File: ../FiguresDraft4/Figure3/Figure3_b.png Graphic file (type png)

<use ../FiguresDraft4/Figure3/Figure3_b.png>
Package pdftex.def Info: ../FiguresDraft4/Figure3/Figure3_b.png used on input l
ine 152.
(pdftex.def)             Requested size: 118.93317pt x 89.19775pt.

<../FiguresDraft4/Figure3/Figure3_c.png, id=119, 321.2pt x 240.9pt>
File: ../FiguresDraft4/Figure3/Figure3_c.png Graphic file (type png)

<use ../FiguresDraft4/Figure3/Figure3_c.png>
Package pdftex.def Info: ../FiguresDraft4/Figure3/Figure3_c.png used on input l
ine 158.
(pdftex.def)             Requested size: 118.93317pt x 89.19775pt.

<../FiguresDraft4/Figure3/Figure3_d.png, id=120, 321.2pt x 240.9pt>
File: ../FiguresDraft4/Figure3/Figure3_d.png Graphic file (type png)

<use ../FiguresDraft4/Figure3/Figure3_d.png>
Package pdftex.def Info: ../FiguresDraft4/Figure3/Figure3_d.png used on input l
ine 164.
(pdftex.def)             Requested size: 118.93317pt x 89.19775pt.

<../FiguresDraft4/Figure3/Figure3_e.png, id=121, 321.2pt x 240.9pt>
File: ../FiguresDraft4/Figure3/Figure3_e.png Graphic file (type png)

<use ../FiguresDraft4/Figure3/Figure3_e.png>
Package pdftex.def Info: ../FiguresDraft4/Figure3/Figure3_e.png used on input l
ine 170.
(pdftex.def)             Requested size: 118.93317pt x 89.19775pt.

<../FiguresDraft4/Figure3/Figure3_f.png, id=122, 321.2pt x 240.9pt>
File: ../FiguresDraft4/Figure3/Figure3_f.png Graphic file (type png)

<use ../FiguresDraft4/Figure3/Figure3_f.png>
Package pdftex.def Info: ../FiguresDraft4/Figure3/Figure3_f.png used on input l
ine 176.
(pdftex.def)             Requested size: 118.93317pt x 89.19775pt.

<../FiguresDraft4/Figure4/Figure4_a.png, id=123, 82.3075pt x 82.3075pt>
File: ../FiguresDraft4/Figure4/Figure4_a.png Graphic file (type png)

<use ../FiguresDraft4/Figure4/Figure4_a.png>
Package pdftex.def Info: ../FiguresDraft4/Figure4/Figure4_a.png used on input l
ine 187.
(pdftex.def)             Requested size: 75.68399pt x 75.68613pt.

<../FiguresDraft4/Figure4/Figure4_b.png, id=124, 82.3075pt x 82.3075pt>
File: ../FiguresDraft4/Figure4/Figure4_b.png Graphic file (type png)

<use ../FiguresDraft4/Figure4/Figure4_b.png>
Package pdftex.def Info: ../FiguresDraft4/Figure4/Figure4_b.png used on input l
ine 193.
(pdftex.def)             Requested size: 75.68399pt x 75.68613pt.

<../FiguresDraft4/Figure4/Figure4_c.png, id=125, 82.3075pt x 82.3075pt>
File: ../FiguresDraft4/Figure4/Figure4_c.png Graphic file (type png)

<use ../FiguresDraft4/Figure4/Figure4_c.png>
Package pdftex.def Info: ../FiguresDraft4/Figure4/Figure4_c.png used on input l
ine 199.
(pdftex.def)             Requested size: 75.68399pt x 75.68613pt.

<../FiguresDraft4/Figure4/Figure4_d.png, id=126, 82.3075pt x 82.3075pt>
File: ../FiguresDraft4/Figure4/Figure4_d.png Graphic file (type png)

<use ../FiguresDraft4/Figure4/Figure4_d.png>
Package pdftex.def Info: ../FiguresDraft4/Figure4/Figure4_d.png used on input l
ine 204.
(pdftex.def)             Requested size: 75.68399pt x 75.68613pt.

<../FiguresDraft4/Figure4/Figure4_e.png, id=127, 82.3075pt x 82.3075pt>
File: ../FiguresDraft4/Figure4/Figure4_e.png Graphic file (type png)

<use ../FiguresDraft4/Figure4/Figure4_e.png>
Package pdftex.def Info: ../FiguresDraft4/Figure4/Figure4_e.png used on input l
ine 210.
(pdftex.def)             Requested size: 75.68399pt x 75.68613pt.

<../FiguresDraft4/Figure4/Figure4_f.png, id=128, 82.3075pt x 82.3075pt>
File: ../FiguresDraft4/Figure4/Figure4_f.png Graphic file (type png)

<use ../FiguresDraft4/Figure4/Figure4_f.png>
Package pdftex.def Info: ../FiguresDraft4/Figure4/Figure4_f.png used on input l
ine 216.
(pdftex.def)             Requested size: 75.68399pt x 75.68613pt.

<../FiguresDraft4/Figure5/Figure5_d.png, id=129, 326.21875pt x 739.76375pt>
File: ../FiguresDraft4/Figure5/Figure5_d.png Graphic file (type png)

<use ../FiguresDraft4/Figure5/Figure5_d.png>
Package pdftex.def Info: ../FiguresDraft4/Figure5/Figure5_d.png used on input l
ine 227.
(pdftex.def)             Requested size: 97.30446pt x 220.6553pt.

<../FiguresDraft4/Figure5/Figure5_e.png, id=130, 326.21875pt x 739.76375pt>
File: ../FiguresDraft4/Figure5/Figure5_e.png Graphic file (type png)

<use ../FiguresDraft4/Figure5/Figure5_e.png>
Package pdftex.def Info: ../FiguresDraft4/Figure5/Figure5_e.png used on input l
ine 234.
(pdftex.def)             Requested size: 97.30446pt x 220.6553pt.

<../FiguresDraft4/Figure5/Figure5_a.png, id=131, 326.21875pt x 739.76375pt>
File: ../FiguresDraft4/Figure5/Figure5_a.png Graphic file (type png)

<use ../FiguresDraft4/Figure5/Figure5_a.png>
Package pdftex.def Info: ../FiguresDraft4/Figure5/Figure5_a.png used on input l
ine 242.
(pdftex.def)             Requested size: 97.30446pt x 220.6553pt.

<../FiguresDraft4/Figure5/Figure5_b.png, id=132, 326.21875pt x 739.76375pt>
File: ../FiguresDraft4/Figure5/Figure5_b.png Graphic file (type png)

<use ../FiguresDraft4/Figure5/Figure5_b.png>
Package pdftex.def Info: ../FiguresDraft4/Figure5/Figure5_b.png used on input l
ine 249.
(pdftex.def)             Requested size: 97.30446pt x 220.6553pt.

<../FiguresDraft4/Figure5/Figure5_c.png, id=133, 326.21875pt x 739.76375pt>
File: ../FiguresDraft4/Figure5/Figure5_c.png Graphic file (type png)

<use ../FiguresDraft4/Figure5/Figure5_c.png>
Package pdftex.def Info: ../FiguresDraft4/Figure5/Figure5_c.png used on input l
ine 256.
(pdftex.def)             Requested size: 97.30446pt x 220.6553pt.


LaTeX Warning: Reference `fig:baseScenes' on page 4 undefined on input line 263
.


LaTeX Warning: Reference `fig:libraryWithTarget' on page 4 undefined on input l
ine 265.


LaTeX Warning: Reference `fig:VWCCTransformations' on page 4 undefined on input
 line 268.


LaTeX Warning: Reference `fig:studiedCases' on page 4 undefined on input line 2
75.


LaTeX Warning: Reference `fig:3DScene' on page 4 undefined on input line 294.

[4 <../FiguresDraft4/Figure3/Figure3_a.png (PNG copy)> <../FiguresDraft4/Figure
3/Figure3_b.png (PNG copy)> <../FiguresDraft4/Figure3/Figure3_c.png (PNG copy)>
 <../FiguresDraft4/Figure3/Figure3_d.png (PNG copy)> <../FiguresDraft4/Figure3/
Figure3_e.png (PNG copy)> <../FiguresDraft4/Figure3/Figure3_f.png (PNG copy)>]
[5 <../FiguresDraft4/Figure4/Figure4_a.png> <../FiguresDraft4/Figure4/Figure4_b
.png> <../FiguresDraft4/Figure4/Figure4_c.png> <../FiguresDraft4/Figure4/Figure
4_d.png> <../FiguresDraft4/Figure4/Figure4_e.png> <../FiguresDraft4/Figure4/Fig
ure4_f.png> <../FiguresDraft4/Figure5/Figure5_d.png> <../FiguresDraft4/Figure5/
Figure5_e.png> <../FiguresDraft4/Figure5/Figure5_a.png> <../FiguresDraft4/Figur
e5/Figure5_b.png> <../FiguresDraft4/Figure5/Figure5_c.png>]
<../FiguresDraft4/Figure6/Figure6_a.pdf, id=157, 552.0625pt x 501.875pt>
File: ../FiguresDraft4/Figure6/Figure6_a.pdf Graphic file (type pdf)

<use ../FiguresDraft4/Figure6/Figure6_a.pdf>
Package pdftex.def Info: ../FiguresDraft4/Figure6/Figure6_a.pdf used on input l
ine 304.
(pdftex.def)             Requested size: 129.74753pt x 117.94829pt.

<../FiguresDraft4/Figure6/Figure6_b.pdf, id=158, 552.0625pt x 501.875pt>
File: ../FiguresDraft4/Figure6/Figure6_b.pdf Graphic file (type pdf)

<use ../FiguresDraft4/Figure6/Figure6_b.pdf>
Package pdftex.def Info: ../FiguresDraft4/Figure6/Figure6_b.pdf used on input l
ine 310.
(pdftex.def)             Requested size: 129.74753pt x 117.94829pt.

<../FiguresDraft4/Figure6/Figure6_c.pdf, id=159, 552.0625pt x 501.875pt>
File: ../FiguresDraft4/Figure6/Figure6_c.pdf Graphic file (type pdf)

<use ../FiguresDraft4/Figure6/Figure6_c.pdf>
Package pdftex.def Info: ../FiguresDraft4/Figure6/Figure6_c.pdf used on input l
ine 316.
(pdftex.def)             Requested size: 129.74753pt x 117.94829pt.

<../FiguresDraft4/Figure6/Figure6_d.pdf, id=160, 552.0625pt x 501.875pt>
File: ../FiguresDraft4/Figure6/Figure6_d.pdf Graphic file (type pdf)

<use ../FiguresDraft4/Figure6/Figure6_d.pdf>
Package pdftex.def Info: ../FiguresDraft4/Figure6/Figure6_d.pdf used on input l
ine 322.
(pdftex.def)             Requested size: 129.74753pt x 117.94829pt.


LaTeX Warning: Reference `fig:illuminantSamples' on page 6 undefined on input l
ine 325.


LaTeX Warning: Reference `fig:illuminantSamples' on page 6 undefined on input l
ine 325.


LaTeX Warning: Citation `hernandez2001color' undefined on input line 329.


LaTeX Warning: Reference `fig:granadaData' on page 6 undefined on input line 33
1.


LaTeX Warning: Reference `fig:illuminantSamples' on page 6 undefined on input l
ine 337.


LaTeX Warning: Reference `fig:sRGBIlluminant' on page 6 undefined on input line
 343.

<../FiguresDraft4/Figure7/Figure7_a.pdf, id=166, 552.0625pt x 501.875pt>
File: ../FiguresDraft4/Figure7/Figure7_a.pdf Graphic file (type pdf)

<use ../FiguresDraft4/Figure7/Figure7_a.pdf>
Package pdftex.def Info: ../FiguresDraft4/Figure7/Figure7_a.pdf used on input l
ine 352.
(pdftex.def)             Requested size: 129.74753pt x 117.94829pt.

<../FiguresDraft4/Figure7/Figure7_b.pdf, id=167, 552.0625pt x 501.875pt>
File: ../FiguresDraft4/Figure7/Figure7_b.pdf Graphic file (type pdf)

<use ../FiguresDraft4/Figure7/Figure7_b.pdf>
Package pdftex.def Info: ../FiguresDraft4/Figure7/Figure7_b.pdf used on input l
ine 358.
(pdftex.def)             Requested size: 129.74753pt x 117.94829pt.

<../FiguresDraft4/Figure7/Figure7_c.pdf, id=168, 552.0625pt x 501.875pt>
File: ../FiguresDraft4/Figure7/Figure7_c.pdf Graphic file (type pdf)

<use ../FiguresDraft4/Figure7/Figure7_c.pdf>
Package pdftex.def Info: ../FiguresDraft4/Figure7/Figure7_c.pdf used on input l
ine 364.
(pdftex.def)             Requested size: 129.74753pt x 117.94829pt.

<../FiguresDraft4/Figure7/Figure7_d.pdf, id=169, 552.0625pt x 501.875pt>
File: ../FiguresDraft4/Figure7/Figure7_d.pdf Graphic file (type pdf)

<use ../FiguresDraft4/Figure7/Figure7_d.pdf>
Package pdftex.def Info: ../FiguresDraft4/Figure7/Figure7_d.pdf used on input l
ine 371.
(pdftex.def)             Requested size: 129.74753pt x 117.94829pt.

<../FiguresDraft4/Figure8/Figure8.pdf, id=170, 552.0625pt x 501.875pt>
File: ../FiguresDraft4/Figure8/Figure8.pdf Graphic file (type pdf)

<use ../FiguresDraft4/Figure8/Figure8.pdf>
Package pdftex.def Info: ../FiguresDraft4/Figure8/Figure8.pdf used on input lin
e 381.
(pdftex.def)             Requested size: 162.18234pt x 147.4392pt.


LaTeX Warning: Citation `kelly1943tristimulus' undefined on input line 387.


LaTeX Warning: Citation `vrhel1994measurement' undefined on input line 387.


LaTeX Warning: Reference `fig:reflectanceSpectra' on page 6 undefined on input 
line 388.


LaTeX Warning: Reference `fig:reflectanceSpectra' on page 6 undefined on input 
line 392.


LaTeX Warning: Reference `fig:targetSwatches' on page 6 undefined on input line
 397.

[6 <../FiguresDraft4/Figure6/Figure6_a.pdf> <../FiguresDraft4/Figure6/Figure6_b
.pdf> <../FiguresDraft4/Figure6/Figure6_c.pdf> <../FiguresDraft4/Figure6/Figure
6_d.pdf>] [7 <../FiguresDraft4/Figure7/Figure7_a.pdf> <../FiguresDraft4/Figure7
/Figure7_b.pdf> <../FiguresDraft4/Figure7/Figure7_c.pdf> <../FiguresDraft4/Figu
re7/Figure7_d.pdf> <../FiguresDraft4/Figure8/Figure8.pdf>]
<../FiguresDraft4/Figure9/Figure9_a.png, id=1157, 1027.84pt x 770.88pt>
File: ../FiguresDraft4/Figure9/Figure9_a.png Graphic file (type png)

<use ../FiguresDraft4/Figure9/Figure9_a.png>
Package pdftex.def Info: ../FiguresDraft4/Figure9/Figure9_a.png used on input l
ine 405.
(pdftex.def)             Requested size: 135.15059pt x 101.35889pt.

<../FiguresDraft4/Figure9/Figure9_b.png, id=1158, 770.88pt x 770.88pt>
File: ../FiguresDraft4/Figure9/Figure9_b.png Graphic file (type png)

<use ../FiguresDraft4/Figure9/Figure9_b.png>
Package pdftex.def Info: ../FiguresDraft4/Figure9/Figure9_b.png used on input l
ine 413.
(pdftex.def)             Requested size: 102.71576pt x 102.7116pt.

<../FiguresDraft4/Figure9/Figure9_c.png, id=1159, 766.865pt x 770.88pt>
File: ../FiguresDraft4/Figure9/Figure9_c.png Graphic file (type png)

<use ../FiguresDraft4/Figure9/Figure9_c.png>
Package pdftex.def Info: ../FiguresDraft4/Figure9/Figure9_c.png used on input l
ine 421.
(pdftex.def)             Requested size: 102.71576pt x 103.25269pt.

<../FiguresDraft4/Figure9/Figure9_d.png, id=1160, 798.985pt x 764.8575pt>
File: ../FiguresDraft4/Figure9/Figure9_d.png Graphic file (type png)

<use ../FiguresDraft4/Figure9/Figure9_d.png>
Package pdftex.def Info: ../FiguresDraft4/Figure9/Figure9_d.png used on input l
ine 427.
(pdftex.def)             Requested size: 108.11882pt x 103.49638pt.


LaTeX Warning: Reference `fig:croppedImage' on page 8 undefined on input line 4
41.


LaTeX Warning: Citation `marimont1994matching' undefined on input line 446.


LaTeX Warning: Citation `brainard2015color' undefined on input line 446.


LaTeX Warning: Reference `fig:croppedImageWithMosaic' on page 8 undefined on in
put line 446.


LaTeX Warning: Citation `hecht1942energy' undefined on input line 448.


LaTeX Warning: Citation `brainard2015isetbio' undefined on input line 449.


LaTeX Warning: Citation `heeger1992normalization' undefined on input line 513.


LaTeX Warning: Citation `albrecht1991motion' undefined on input line 513.


LaTeX Warning: Citation `carandini2012normalization' undefined on input line 51
3.

[8 <../FiguresDraft4/Figure9/Figure9_a.png> <../FiguresDraft4/Figure9/Figure9_b
.png> <../FiguresDraft4/Figure9/Figure9_c.png> <../FiguresDraft4/Figure9/Figure
9_d.png>]

LaTeX Warning: Citation `burge2017accuracy' undefined on input line 539.


LaTeX Warning: Citation `jaini2017linking' undefined on input line 539.

<../FiguresDraft4/Figure10/Figure10_a.pdf, id=1200, 501.875pt x 501.875pt>
File: ../FiguresDraft4/Figure10/Figure10_a.pdf Graphic file (type pdf)

<use ../FiguresDraft4/Figure10/Figure10_a.pdf>
Package pdftex.def Info: ../FiguresDraft4/Figure10/Figure10_a.pdf used on input
 line 569.
(pdftex.def)             Requested size: 135.15059pt x 125.18759pt.

<../FiguresDraft4/Figure10/Figure10_b.pdf, id=1202, 501.875pt x 501.875pt>
File: ../FiguresDraft4/Figure10/Figure10_b.pdf Graphic file (type pdf)

<use ../FiguresDraft4/Figure10/Figure10_b.pdf>
Package pdftex.def Info: ../FiguresDraft4/Figure10/Figure10_b.pdf used on input
 line 574.
(pdftex.def)             Requested size: 140.55363pt x 126.21147pt.

<../FiguresDraft4/Figure10/Figure10_c.pdf, id=1204, 387.7619pt x 276.80263pt>
File: ../FiguresDraft4/Figure10/Figure10_c.pdf Graphic file (type pdf)

<use ../FiguresDraft4/Figure10/Figure10_c.pdf>
Package pdftex.def Info: ../FiguresDraft4/Figure10/Figure10_c.pdf used on input
 line 580.
(pdftex.def)             Requested size: 161.96486pt x 126.31468pt.

Overfull \hbox (10.59686pt too wide) in paragraph at lines 580--582
[][]
 []


LaTeX Warning: Reference `fig:barGraphs' on page 9 undefined on input line 583.



LaTeX Warning: Reference `fig:barGraphs' on page 9 undefined on input line 583.


[9]

LaTeX Warning: Reference `fig:case1RFResponse' on page 10 undefined on input li
ne 595.


LaTeX Warning: Reference `fig:case1Estimates' on page 10 undefined on input lin
e 602.


LaTeX Warning: Reference `fig:case1Estimates' on page 10 undefined on input lin
e 604.


LaTeX Warning: Reference `fig:case1RFs' on page 10 undefined on input line 608.


<../FiguresDraft4/Figure11/Figure11_a.pdf, id=1215, 501.875pt x 501.875pt>
File: ../FiguresDraft4/Figure11/Figure11_a.pdf Graphic file (type pdf)

<use ../FiguresDraft4/Figure11/Figure11_a.pdf>
Package pdftex.def Info: ../FiguresDraft4/Figure11/Figure11_a.pdf used on input
 line 621.
(pdftex.def)             Requested size: 118.93317pt x 118.92851pt.

Underfull \hbox (badness 1259) in paragraph at lines 625--625
[]\OT1/ptm/m/n/9 (b) |LRV es-ti-mates (Iso-mer-iza-
 []

<../FiguresDraft4/Figure11/Figure11_b.pdf, id=1216, 501.875pt x 501.875pt>
File: ../FiguresDraft4/Figure11/Figure11_b.pdf Graphic file (type pdf)

<use ../FiguresDraft4/Figure11/Figure11_b.pdf>
Package pdftex.def Info: ../FiguresDraft4/Figure11/Figure11_b.pdf used on input
 line 626.
(pdftex.def)             Requested size: 118.93317pt x 118.92851pt.

<../FiguresDraft4/Figure11/Figure11_c.pdf, id=1217, 501.875pt x 501.875pt>
File: ../FiguresDraft4/Figure11/Figure11_c.pdf Graphic file (type pdf)

<use ../FiguresDraft4/Figure11/Figure11_c.pdf>
Package pdftex.def Info: ../FiguresDraft4/Figure11/Figure11_c.pdf used on input
 line 631.
(pdftex.def)             Requested size: 118.93317pt x 118.92851pt.

<../FiguresDraft4/Figure11/Figure11_d.pdf, id=1218, 501.875pt x 501.875pt>
File: ../FiguresDraft4/Figure11/Figure11_d.pdf Graphic file (type pdf)

<use ../FiguresDraft4/Figure11/Figure11_d.pdf>
Package pdftex.def Info: ../FiguresDraft4/Figure11/Figure11_d.pdf used on input
 line 636.
(pdftex.def)             Requested size: 118.93317pt x 118.92851pt.


LaTeX Warning: Reference `fig:Condition2' on page 10 undefined on input line 64
5.

[10 <../FiguresDraft4/Figure10/Figure10_a.pdf> <../FiguresDraft4/Figure10/Figur
e10_b.pdf> <../FiguresDraft4/Figure10/Figure10_c.pdf>]

LaTeX Warning: Reference `fig:Condition2' on page 11 undefined on input line 65
7.

<../FiguresDraft4/Figure12/Figure12_a.pdf, id=1289, 501.875pt x 501.875pt>
File: ../FiguresDraft4/Figure12/Figure12_a.pdf Graphic file (type pdf)

<use ../FiguresDraft4/Figure12/Figure12_a.pdf>
Package pdftex.def Info: ../FiguresDraft4/Figure12/Figure12_a.pdf used on input
 line 668.
(pdftex.def)             Requested size: 135.15059pt x 125.18759pt.

<../FiguresDraft4/Figure12/Figure12_b.pdf, id=1291, 501.875pt x 501.875pt>
File: ../FiguresDraft4/Figure12/Figure12_b.pdf Graphic file (type pdf)

<use ../FiguresDraft4/Figure12/Figure12_b.pdf>
Package pdftex.def Info: ../FiguresDraft4/Figure12/Figure12_b.pdf used on input
 line 673.
(pdftex.def)             Requested size: 140.55363pt x 126.21147pt.

<../FiguresDraft4/Figure12/Figure12_c.pdf, id=1293, 390.27792pt x 273.88683pt>
File: ../FiguresDraft4/Figure12/Figure12_c.pdf Graphic file (type pdf)

<use ../FiguresDraft4/Figure12/Figure12_c.pdf>
Package pdftex.def Info: ../FiguresDraft4/Figure12/Figure12_c.pdf used on input
 line 679.
(pdftex.def)             Requested size: 161.96486pt x 126.65405pt.

Overfull \hbox (10.59686pt too wide) in paragraph at lines 679--681
[][]
 []


LaTeX Warning: Reference `fig:case3Estimates' on page 11 undefined on input lin
e 689.


LaTeX Warning: Reference `fig:case3RFResponse' on page 11 undefined on input li
ne 697.

[11 <../FiguresDraft4/Figure11/Figure11_a.pdf> <../FiguresDraft4/Figure11/Figur
e11_b.pdf> <../FiguresDraft4/Figure11/Figure11_c.pdf> <../FiguresDraft4/Figure1
1/Figure11_d.pdf>]
<../FiguresDraft4/Figure13/Figure13_a.pdf, id=1385, 501.875pt x 501.875pt>
File: ../FiguresDraft4/Figure13/Figure13_a.pdf Graphic file (type pdf)

<use ../FiguresDraft4/Figure13/Figure13_a.pdf>
Package pdftex.def Info: ../FiguresDraft4/Figure13/Figure13_a.pdf used on input
 line 719.
(pdftex.def)             Requested size: 162.18234pt x 162.18082pt.


LaTeX Warning: Reference `fig:barGraphs' on page 12 undefined on input line 724
.


LaTeX Warning: Reference `fig:barGraphs' on page 12 undefined on input line 724
.

[12 <../FiguresDraft4/Figure12/Figure12_a.pdf> <../FiguresDraft4/Figure12/Figur
e12_b.pdf> <../FiguresDraft4/Figure12/Figure12_c.pdf>] [13 <../FiguresDraft4/Fi
gure13/Figure13_a.pdf>]
No file draft4.0.bbl.
Package atveryend Info: Empty hook `BeforeClearDocument' on input line 848.
[14]
Package atveryend Info: Empty hook `AfterLastShipout' on input line 848.
 (./draft4.0.aux)
Package atveryend Info: Executing hook `AtVeryEndDocument' on input line 848.
Package atveryend Info: Executing hook `AtEndAfterFileList' on input line 848.


Package rerunfilecheck Warning: File `draft4.0.out' has changed.
(rerunfilecheck)                Rerun to get outlines right
(rerunfilecheck)                or use package `bookmark'.

Package rerunfilecheck Info: Checksums for `draft4.0.out':
(rerunfilecheck)             Before: <no file>
(rerunfilecheck)             After:  DC62429D7A0FD9D97F8165A7A1FC26EA;785.

LaTeX Warning: There were undefined references.


LaTeX Warning: Label(s) may have changed. Rerun to get cross-references right.

Package atveryend Info: Empty hook `AtVeryVeryEnd' on input line 848.
 ) 
Here is how much of TeX's memory you used:
 8130 strings out of 493014
 127838 string characters out of 6133351
 212991 words of memory out of 5000000
 11416 multiletter control sequences out of 15000+600000
 30037 words of font info for 57 fonts, out of 8000000 for 9000
 1141 hyphenation exceptions out of 8191
 42i,10n,40p,1471b,480s stack positions out of 5000i,500n,10000p,200000b,80000s
pdfTeX warning (dest): name{cite.jaini2017linking} has been referenced but do
es not exist, replaced by a fixed one

pdfTeX warning (dest): name{cite.burge2017accuracy} has been referenced but doe
s not exist, replaced by a fixed one

pdfTeX warning (dest): name{cite.carandini2012normalization} has been reference
d but does not exist, replaced by a fixed one

pdfTeX warning (dest): name{cite.albrecht1991motion} has been referenced but do
es not exist, replaced by a fixed one

pdfTeX warning (dest): name{cite.heeger1992normalization} has been referenced b
ut does not exist, replaced by a fixed one

pdfTeX warning (dest): name{cite.brainard2015isetbio} has been referenced but d
oes not exist, replaced by a fixed one

pdfTeX warning (dest): name{cite.hecht1942energy} has been referenced but does 
not exist, replaced by a fixed one

pdfTeX warning (dest): name{cite.brainard2015color} has been referenced but doe
s not exist, replaced by a fixed one

pdfTeX warning (dest): name{cite.marimont1994matching} has been referenced but 
does not exist, replaced by a fixed one

pdfTeX warning (dest): name{cite.vrhel1994measurement} has been referenced but 
does not exist, replaced by a fixed one

pdfTeX warning (dest): name{cite.kelly1943tristimulus} has been referenced but 
does not exist, replaced by a fixed one

pdfTeX warning (dest): name{cite.hernandez2001color} has been referenced but do
es not exist, replaced by a fixed one

pdfTeX warning (dest): name{cite.jakob2015mitsuba} has been referenced but does
 not exist, replaced by a fixed one

pdfTeX warning (dest): name{cite.heasly2014rendertoolbox3} has been referenced 
but does not exist, replaced by a fixed one

pdfTeX warning (dest): name{cite.CIE86} has been referenced but does not exist,
 replaced by a fixed one

pdfTeX warning (dest): name{cite.astm1121477} has been referenced but does not 
exist, replaced by a fixed one

pdfTeX warning (dest): name{cite.davidPennHyperspectral} has been referenced bu
t does not exist, replaced by a fixed one

pdfTeX warning (dest): name{cite.ciurea2003large} has been referenced but does 
not exist, replaced by a fixed one

pdfTeX warning (dest): name{cite.olmos2004biologically} has been referenced but
 does not exist, replaced by a fixed one

pdfTeX warning (dest): name{cite.skauli2013collection} has been referenced but 
does not exist, replaced by a fixed one

pdfTeX warning (dest): name{cite.TkacikUpennHypersepctralData} has been referen
ced but does not exist, replaced by a fixed one

pdfTeX warning (dest): name{cite.ParragaHyperspectralData} has been referenced 
but does not exist, replaced by a fixed one

pdfTeX warning (dest): name{cite.NascimentoFoster2016} has been referenced but 
does not exist, replaced by a fixed one

pdfTeX warning (dest): name{cite.ChakrabartiHyperspectral} has been referenced 
but does not exist, replaced by a fixed one

pdfTeX warning (dest): name{cite.burge2015optimal} has been referenced but does
 not exist, replaced by a fixed one

pdfTeX warning (dest): name{cite.burge2014optimal} has been referenced but does
 not exist, replaced by a fixed one

pdfTeX warning (dest): name{cite.burge2011optimal} has been referenced but does
 not exist, replaced by a fixed one

pdfTeX warning (dest): name{cite.geisler2009optimal} has been referenced but do
es not exist, replaced by a fixed one

pdfTeX warning (dest): name{cite.barron2015convolutional} has been referenced b
ut does not exist, replaced by a fixed one

pdfTeX warning (dest): name{cite.BrainardWandellRetinex} has been referenced bu
t does not exist, replaced by a fixed one

pdfTeX warning (dest): name{cite.BrainardFreeman} has been referenced but does 
not exist, replaced by a fixed one

pdfTeX warning (dest): name{cite.D'ZmuraIversonSinger} has been referenced but 
does not exist, replaced by a fixed one

pdfTeX warning (dest): name{cite.barron2012color} has been referenced but does 
not exist, replaced by a fixed one

pdfTeX warning (dest): name{cite.D'ZmuraConstancy3} has been referenced but doe
s not exist, replaced by a fixed one

pdfTeX warning (dest): name{cite.funt1988color} has been referenced but does no
t exist, replaced by a fixed one

pdfTeX warning (dest): name{cite.MaloneyWandell86} has been referenced but does
 not exist, replaced by a fixed one

pdfTeX warning (dest): name{cite.Buchsbaum80} has been referenced but does not 
exist, replaced by a fixed one

pdfTeX warning (dest): name{cite.LandRetinex} has been referenced but does not 
exist, replaced by a fixed one

pdfTeX warning (dest): name{cite.Jacobs81} has been referenced but does not exi
st, replaced by a fixed one

pdfTeX warning (dest): name{cite.Mollon89} has been referenced but does not exi
st, replaced by a fixed one

{/usr/local/texlive/2016/texmf-dist/fonts/enc/dvips/base/8r.enc}</usr/local/tex
live/2016/texmf-dist/fonts/type1/public/amsfonts/cm/cmr10.pfb></usr/local/texli
ve/2016/texmf-dist/fonts/type1/public/amsfonts/cm/cmsy10.pfb></usr/local/texliv
e/2016/texmf-dist/fonts/type1/public/amsfonts/cm/cmsy8.pfb></usr/local/texlive/
2016/texmf-dist/fonts/type1/urw/helvetic/uhvb8a.pfb></usr/local/texlive/2016/te
xmf-dist/fonts/type1/urw/helvetic/uhvbo8a.pfb></usr/local/texlive/2016/texmf-di
st/fonts/type1/urw/helvetic/uhvr8a.pfb></usr/local/texlive/2016/texmf-dist/font
s/type1/urw/helvetic/uhvro8a.pfb></usr/local/texlive/2016/texmf-dist/fonts/type
1/urw/times/utmb8a.pfb></usr/local/texlive/2016/texmf-dist/fonts/type1/urw/time
s/utmr8a.pfb></usr/local/texlive/2016/texmf-dist/fonts/type1/urw/times/utmri8a.
pfb></usr/local/texlive/2016/texmf-dist/fonts/type1/urw/zapfding/uzdr.pfb>
Output written on draft4.0.pdf (14 pages, 13800115 bytes).
PDF statistics:
 1531 PDF objects out of 1728 (max. 8388607)
 1350 compressed objects within 14 object streams
 86 named destinations out of 1000 (max. 500000)
 250 words of extra memory for PDF output out of 10000 (max. 10000000)

