This is pdfTeX, Version 3.14159265-2.6-1.40.17 (TeX Live 2016) (preloaded format=pdflatex 2016.5.22)  2 MAY 2018 09:51
entering extended mode
 \write18 enabled.
 %&-line parsing enabled.
**draft4.tex
(./draft4.tex
LaTeX2e <2016/03/31>
Babel <3.9r> and hyphenation patterns for 83 language(s) loaded.
(./jov.cls
Document Class: jov 2008/12/16 Journal of Vision class
(/usr/local/texlive/2016/texmf-dist/tex/latex/base/article.cls
Document Class: article 2014/09/29 v1.4h Standard LaTeX document class
(/usr/local/texlive/2016/texmf-dist/tex/latex/base/size10.clo
File: size10.clo 2014/09/29 v1.4h Standard LaTeX file (size option)
)
\c@part=\count79
\c@section=\count80
\c@subsection=\count81
\c@subsubsection=\count82
\c@paragraph=\count83
\c@subparagraph=\count84
\c@figure=\count85
\c@table=\count86
\abovecaptionskip=\skip41
\belowcaptionskip=\skip42
\bibindent=\dimen102
)
(/usr/local/texlive/2016/texmf-dist/tex/latex/graphics/color.sty
Package: color 2016/05/09 v1.1c Standard LaTeX Color (DPC)

(/usr/local/texlive/2016/texmf-dist/tex/latex/graphics-cfg/color.cfg
File: color.cfg 2016/01/02 v1.6 sample color configuration
)
Package color Info: Driver file: pdftex.def on input line 144.

(/usr/local/texlive/2016/texmf-dist/tex/latex/pdftex-def/pdftex.def
File: pdftex.def 2011/05/27 v0.06d Graphics/color for pdfTeX

(/usr/local/texlive/2016/texmf-dist/tex/generic/oberdiek/infwarerr.sty
Package: infwarerr 2016/05/16 v1.4 Providing info/warning/error messages (HO)
)
(/usr/local/texlive/2016/texmf-dist/tex/generic/oberdiek/ltxcmds.sty
Package: ltxcmds 2016/05/16 v1.23 LaTeX kernel commands for general use (HO)
)
\Gread@gobject=\count87
))
(/usr/local/texlive/2016/texmf-dist/tex/latex/psnfss/times.sty
Package: times 2005/04/12 PSNFSS-v9.2a (SPQR) 
)
(/usr/local/texlive/2016/texmf-dist/tex/latex/multirow/multirow.sty
\bigstrutjot=\dimen103
)
(/usr/local/texlive/2016/texmf-dist/tex/latex/hyperref/hyperref.sty
Package: hyperref 2016/05/05 v6.83n Hypertext links for LaTeX

(/usr/local/texlive/2016/texmf-dist/tex/generic/oberdiek/hobsub-hyperref.sty
Package: hobsub-hyperref 2016/05/16 v1.14 Bundle oberdiek, subset hyperref (HO)


(/usr/local/texlive/2016/texmf-dist/tex/generic/oberdiek/hobsub-generic.sty
Package: hobsub-generic 2016/05/16 v1.14 Bundle oberdiek, subset generic (HO)
Package: hobsub 2016/05/16 v1.14 Construct package bundles (HO)
Package hobsub Info: Skipping package `infwarerr' (already loaded).
Package hobsub Info: Skipping package `ltxcmds' (already loaded).
Package: ifluatex 2016/05/16 v1.4 Provides the ifluatex switch (HO)
Package ifluatex Info: LuaTeX not detected.
Package: ifvtex 2016/05/16 v1.6 Detect VTeX and its facilities (HO)
Package ifvtex Info: VTeX not detected.
Package: intcalc 2016/05/16 v1.2 Expandable calculations with integers (HO)
Package: ifpdf 2016/05/14 v3.1 Provides the ifpdf switch
Package: etexcmds 2016/05/16 v1.6 Avoid name clashes with e-TeX commands (HO)
Package etexcmds Info: Could not find \expanded.
(etexcmds)             That can mean that you are not using pdfTeX 1.50 or
(etexcmds)             that some package has redefined \expanded.
(etexcmds)             In the latter case, load this package earlier.
Package: kvsetkeys 2016/05/16 v1.17 Key value parser (HO)
Package: kvdefinekeys 2016/05/16 v1.4 Define keys (HO)
Package: pdftexcmds 2016/05/10 v0.21 Utility functions of pdfTeX for LuaTeX (HO
)
Package pdftexcmds Info: LuaTeX not detected.
Package pdftexcmds Info: \pdf@primitive is available.
Package pdftexcmds Info: \pdf@ifprimitive is available.
Package pdftexcmds Info: \pdfdraftmode found.
Package: pdfescape 2016/05/16 v1.14 Implements pdfTeX's escape features (HO)
Package: bigintcalc 2016/05/16 v1.4 Expandable calculations on big integers (HO
)
Package: bitset 2016/05/16 v1.2 Handle bit-vector datatype (HO)
Package: uniquecounter 2016/05/16 v1.3 Provide unlimited unique counter (HO)
)
Package hobsub Info: Skipping package `hobsub' (already loaded).
Package: letltxmacro 2016/05/16 v1.5 Let assignment for LaTeX macros (HO)
Package: hopatch 2016/05/16 v1.3 Wrapper for package hooks (HO)
Package: xcolor-patch 2016/05/16 xcolor patch
Package: atveryend 2016/05/16 v1.9 Hooks at the very end of document (HO)
Package atveryend Info: \enddocument detected (standard20110627).
Package: atbegshi 2016/05/16 v1.17 At begin shipout hook (HO)
Package: refcount 2016/05/16 v3.5 Data extraction from label references (HO)
Package: hycolor 2016/05/16 v1.8 Color options for hyperref/bookmark (HO)
)
(/usr/local/texlive/2016/texmf-dist/tex/latex/graphics/keyval.sty
Package: keyval 2014/10/28 v1.15 key=value parser (DPC)
\KV@toks@=\toks14
)
(/usr/local/texlive/2016/texmf-dist/tex/generic/ifxetex/ifxetex.sty
Package: ifxetex 2010/09/12 v0.6 Provides ifxetex conditional
)
(/usr/local/texlive/2016/texmf-dist/tex/latex/oberdiek/auxhook.sty
Package: auxhook 2016/05/16 v1.4 Hooks for auxiliary files (HO)
)
(/usr/local/texlive/2016/texmf-dist/tex/latex/oberdiek/kvoptions.sty
Package: kvoptions 2016/05/16 v3.12 Key value format for package options (HO)
)
\@linkdim=\dimen104
\Hy@linkcounter=\count88
\Hy@pagecounter=\count89

(/usr/local/texlive/2016/texmf-dist/tex/latex/hyperref/pd1enc.def
File: pd1enc.def 2016/05/05 v6.83n Hyperref: PDFDocEncoding definition (HO)
)
\Hy@SavedSpaceFactor=\count90

(/usr/local/texlive/2016/texmf-dist/tex/latex/latexconfig/hyperref.cfg
File: hyperref.cfg 2002/06/06 v1.2 hyperref configuration of TeXLive
)
Package hyperref Info: Option `colorlinks' set `true' on input line 4322.
Package hyperref Info: Option `pageanchor' set `true' on input line 4322.
Package hyperref Info: Hyper figures OFF on input line 4446.
Package hyperref Info: Link nesting OFF on input line 4451.
Package hyperref Info: Hyper index ON on input line 4454.
Package hyperref Info: Plain pages OFF on input line 4461.
Package hyperref Info: Backreferencing OFF on input line 4466.
Package hyperref Info: Implicit mode ON; LaTeX internals redefined.
Package hyperref Info: Bookmarks ON on input line 4691.
\c@Hy@tempcnt=\count91

(/usr/local/texlive/2016/texmf-dist/tex/latex/url/url.sty
\Urlmuskip=\muskip10
Package: url 2013/09/16  ver 3.4  Verb mode for urls, etc.
)
LaTeX Info: Redefining \url on input line 5044.
\XeTeXLinkMargin=\dimen105
\Fld@menulength=\count92
\Field@Width=\dimen106
\Fld@charsize=\dimen107
Package hyperref Info: Hyper figures OFF on input line 6298.
Package hyperref Info: Link nesting OFF on input line 6303.
Package hyperref Info: Hyper index ON on input line 6306.
Package hyperref Info: backreferencing OFF on input line 6313.
Package hyperref Info: Link coloring ON on input line 6316.
Package hyperref Info: Link coloring with OCG OFF on input line 6323.
Package hyperref Info: PDF/A mode OFF on input line 6328.
LaTeX Info: Redefining \ref on input line 6368.
LaTeX Info: Redefining \pageref on input line 6372.
\Hy@abspage=\count93
\c@Item=\count94
\c@Hfootnote=\count95
)

Package hyperref Message: Driver (autodetected): hpdftex.

(/usr/local/texlive/2016/texmf-dist/tex/latex/hyperref/hpdftex.def
File: hpdftex.def 2016/05/05 v6.83n Hyperref driver for pdfTeX
\Fld@listcount=\count96
\c@bookmark@seq@number=\count97

(/usr/local/texlive/2016/texmf-dist/tex/latex/oberdiek/rerunfilecheck.sty
Package: rerunfilecheck 2016/05/16 v1.8 Rerun checks for auxiliary files (HO)
Package uniquecounter Info: New unique counter `rerunfilecheck' on input line 2
82.
)
\Hy@SectionHShift=\skip43
)
(./jovcite.sty
Package: jovcite 2008/12/22 Journal of Vision, inofficial LaTeX stylesheet
\c@BibCnt=\count98
\bibleftmargin=\skip44
\bibindent=\skip45
\bibparsep=\skip46
\bibitemsep=\skip47
) (/usr/local/texlive/2016/texmf-dist/tex/latex/psnfss/pifont.sty
Package: pifont 2005/04/12 PSNFSS-v9.2a Pi font support (SPQR) 
LaTeX Font Info:    Try loading font information for U+pzd on input line 63.
(/usr/local/texlive/2016/texmf-dist/tex/latex/psnfss/upzd.fd
File: upzd.fd 2001/06/04 font definitions for U/pzd.
)
LaTeX Font Info:    Try loading font information for U+psy on input line 64.

(/usr/local/texlive/2016/texmf-dist/tex/latex/psnfss/upsy.fd
File: upsy.fd 2001/06/04 font definitions for U/psy.
))
\c@nauthors=\count99
)
(/usr/local/texlive/2016/texmf-dist/tex/latex/graphics/graphicx.sty
Package: graphicx 2014/10/28 v1.0g Enhanced LaTeX Graphics (DPC,SPQR)

(/usr/local/texlive/2016/texmf-dist/tex/latex/graphics/graphics.sty
Package: graphics 2016/05/09 v1.0r Standard LaTeX Graphics (DPC,SPQR)

(/usr/local/texlive/2016/texmf-dist/tex/latex/graphics/trig.sty
Package: trig 2016/01/03 v1.10 sin cos tan (DPC)
)
(/usr/local/texlive/2016/texmf-dist/tex/latex/graphics-cfg/graphics.cfg
File: graphics.cfg 2016/01/02 v1.10 sample graphics configuration
)
Package graphics Info: Driver file: pdftex.def on input line 96.
)
\Gin@req@height=\dimen108
\Gin@req@width=\dimen109
)
(/usr/local/texlive/2016/texmf-dist/tex/latex/caption/subcaption.sty
Package: subcaption 2016/02/20 v1.1-142 Sub-captions (AR)

(/usr/local/texlive/2016/texmf-dist/tex/latex/caption/caption.sty
Package: caption 2016/02/21 v3.3-144 Customizing captions (AR)

(/usr/local/texlive/2016/texmf-dist/tex/latex/caption/caption3.sty
Package: caption3 2016/02/04 v1.7-139 caption3 kernel (AR)
Package caption3 Info: TeX engine: e-TeX on input line 67.
\captionmargin=\dimen110
\captionmargin@=\dimen111
\captionwidth=\dimen112
\caption@tempdima=\dimen113
\caption@indent=\dimen114
\caption@parindent=\dimen115
\caption@hangindent=\dimen116
Package caption Info: Unknown document class (or package),
(caption)             standard defaults will be used.
)

Package caption Warning: Unsupported document class (or package) detected,
(caption)                usage of the caption package is not recommended.
See the caption package documentation for explanation.

Package caption Info: \@makecaption = \long macro:#1#2->\vskip \abovecaptionski
p \sbox \@tempboxa {{\captionfonts #1: #2}}\ifdim \wd \@tempboxa >\hsize {\capt
ionfonts #1: #2\par } \else \hbox to\hsize {\hfil \box \@tempboxa \hfil }\fi \v
skip \belowcaptionskip .
\c@ContinuedFloat=\count100
Package caption Info: hyperref package is loaded.
)
\c@subfigure=\count101
\c@subtable=\count102
) (/usr/local/texlive/2016/texmf-dist/tex/latex/amsmath/amsmath.sty
Package: amsmath 2016/03/10 v2.15b AMS math features
\@mathmargin=\skip48

For additional information on amsmath, use the `?' option.
(/usr/local/texlive/2016/texmf-dist/tex/latex/amsmath/amstext.sty
Package: amstext 2000/06/29 v2.01 AMS text

(/usr/local/texlive/2016/texmf-dist/tex/latex/amsmath/amsgen.sty
File: amsgen.sty 1999/11/30 v2.0 generic functions
\@emptytoks=\toks15
\ex@=\dimen117
))
(/usr/local/texlive/2016/texmf-dist/tex/latex/amsmath/amsbsy.sty
Package: amsbsy 1999/11/29 v1.2d Bold Symbols
\pmbraise@=\dimen118
)
(/usr/local/texlive/2016/texmf-dist/tex/latex/amsmath/amsopn.sty
Package: amsopn 2016/03/08 v2.02 operator names
)
\inf@bad=\count103
LaTeX Info: Redefining \frac on input line 199.
\uproot@=\count104
\leftroot@=\count105
LaTeX Info: Redefining \overline on input line 297.
\classnum@=\count106
\DOTSCASE@=\count107
LaTeX Info: Redefining \ldots on input line 394.
LaTeX Info: Redefining \dots on input line 397.
LaTeX Info: Redefining \cdots on input line 518.
\Mathstrutbox@=\box26
\strutbox@=\box27
\big@size=\dimen119
LaTeX Font Info:    Redeclaring font encoding OML on input line 634.
LaTeX Font Info:    Redeclaring font encoding OMS on input line 635.
\macc@depth=\count108
\c@MaxMatrixCols=\count109
\dotsspace@=\muskip11
\c@parentequation=\count110
\dspbrk@lvl=\count111
\tag@help=\toks16
\row@=\count112
\column@=\count113
\maxfields@=\count114
\andhelp@=\toks17
\eqnshift@=\dimen120
\alignsep@=\dimen121
\tagshift@=\dimen122
\tagwidth@=\dimen123
\totwidth@=\dimen124
\lineht@=\dimen125
\@envbody=\toks18
\multlinegap=\skip49
\multlinetaggap=\skip50
\mathdisplay@stack=\toks19
LaTeX Info: Redefining \[ on input line 2739.
LaTeX Info: Redefining \] on input line 2740.
)
(/usr/local/texlive/2016/texmf-dist/tex/latex/bbm-macros/bbm.sty
Package: bbm 1999/03/15 V 1.2 provides fonts for set symbols - TH
LaTeX Font Info:    Overwriting math alphabet `\mathbbm' in version `bold'
(Font)                  U/bbm/m/n --> U/bbm/bx/n on input line 33.
LaTeX Font Info:    Overwriting math alphabet `\mathbbmss' in version `bold'
(Font)                  U/bbmss/m/n --> U/bbmss/bx/n on input line 35.
)
(/usr/local/texlive/2016/texmf-dist/tex/latex/amsfonts/amssymb.sty
Package: amssymb 2013/01/14 v3.01 AMS font symbols

(/usr/local/texlive/2016/texmf-dist/tex/latex/amsfonts/amsfonts.sty
Package: amsfonts 2013/01/14 v3.01 Basic AMSFonts support
\symAMSa=\mathgroup4
\symAMSb=\mathgroup5
LaTeX Font Info:    Overwriting math alphabet `\mathfrak' in version `bold'
(Font)                  U/euf/m/n --> U/euf/b/n on input line 106.
))
(/usr/local/texlive/2016/texmf-dist/tex/latex/comment/comment.sty
\CommentStream=\write3

Excluding comment 'comment') (./draft4.aux)
\openout1 = `draft4.aux'.

LaTeX Font Info:    Checking defaults for OML/cmm/m/it on input line 16.
LaTeX Font Info:    ... okay on input line 16.
LaTeX Font Info:    Checking defaults for T1/cmr/m/n on input line 16.
LaTeX Font Info:    ... okay on input line 16.
LaTeX Font Info:    Checking defaults for OT1/cmr/m/n on input line 16.
LaTeX Font Info:    ... okay on input line 16.
LaTeX Font Info:    Checking defaults for OMS/cmsy/m/n on input line 16.
LaTeX Font Info:    ... okay on input line 16.
LaTeX Font Info:    Checking defaults for OMX/cmex/m/n on input line 16.
LaTeX Font Info:    ... okay on input line 16.
LaTeX Font Info:    Checking defaults for U/cmr/m/n on input line 16.
LaTeX Font Info:    ... okay on input line 16.
LaTeX Font Info:    Checking defaults for PD1/pdf/m/n on input line 16.
LaTeX Font Info:    ... okay on input line 16.
LaTeX Font Info:    Try loading font information for OT1+ptm on input line 16.

(/usr/local/texlive/2016/texmf-dist/tex/latex/psnfss/ot1ptm.fd
File: ot1ptm.fd 2001/06/04 font definitions for OT1/ptm.
)
(/usr/local/texlive/2016/texmf-dist/tex/context/base/mkii/supp-pdf.mkii
[Loading MPS to PDF converter (version 2006.09.02).]
\scratchcounter=\count115
\scratchdimen=\dimen126
\scratchbox=\box28
\nofMPsegments=\count116
\nofMParguments=\count117
\everyMPshowfont=\toks20
\MPscratchCnt=\count118
\MPscratchDim=\dimen127
\MPnumerator=\count119
\makeMPintoPDFobject=\count120
\everyMPtoPDFconversion=\toks21
)
\AtBeginShipoutBox=\box29
Package hyperref Info: Link coloring ON on input line 16.
 (/usr/local/texlive/2016/texmf-dist/tex/latex/hyperref/nameref.sty
Package: nameref 2012/10/27 v2.43 Cross-referencing by name of section

(/usr/local/texlive/2016/texmf-dist/tex/generic/oberdiek/gettitlestring.sty
Package: gettitlestring 2016/05/16 v1.5 Cleanup title references (HO)
)
\c@section@level=\count121
)
LaTeX Info: Redefining \ref on input line 16.
LaTeX Info: Redefining \pageref on input line 16.
LaTeX Info: Redefining \nameref on input line 16.

(./draft4.out) (./draft4.out)
\@outlinefile=\write4
\openout4 = `draft4.out'.

 (./english.apc
File: english.apc 2007/09/03 v4.00 apacite language file
)
(/usr/local/texlive/2016/texmf-dist/tex/latex/oberdiek/epstopdf-base.sty
Package: epstopdf-base 2016/05/15 v2.6 Base part for package epstopdf

(/usr/local/texlive/2016/texmf-dist/tex/latex/oberdiek/grfext.sty
Package: grfext 2016/05/16 v1.2 Manage graphics extensions (HO)
)
Package grfext Info: Graphics extension search list:
(grfext)             [.png,.pdf,.jpg,.mps,.jpeg,.jbig2,.jb2,.PNG,.PDF,.JPG,.JPE
G,.JBIG2,.JB2,.eps]
(grfext)             \AppendGraphicsExtensions on input line 456.

(/usr/local/texlive/2016/texmf-dist/tex/latex/latexconfig/epstopdf-sys.cfg
File: epstopdf-sys.cfg 2010/07/13 v1.3 Configuration of (r)epstopdf for TeX Liv
e
))
Package caption Info: Begin \AtBeginDocument code.
Package caption Info: End \AtBeginDocument code.
LaTeX Font Info:    Try loading font information for OT1+phv on input line 45.

(/usr/local/texlive/2016/texmf-dist/tex/latex/psnfss/ot1phv.fd
File: ot1phv.fd 2001/06/04 scalable font definitions for OT1/phv.
)
LaTeX Font Info:    Try loading font information for U+msa on input line 45.

(/usr/local/texlive/2016/texmf-dist/tex/latex/amsfonts/umsa.fd
File: umsa.fd 2013/01/14 v3.01 AMS symbols A
)
LaTeX Font Info:    Try loading font information for U+msb on input line 45.

(/usr/local/texlive/2016/texmf-dist/tex/latex/amsfonts/umsb.fd
File: umsb.fd 2013/01/14 v3.01 AMS symbols B
)
LaTeX Font Info:    Font shape `OT1/ptm/bx/n' in size <14.4> not available
(Font)              Font shape `OT1/ptm/b/n' tried instead on input line 45.
LaTeX Font Info:    Font shape `OT1/phv/bx/n' in size <14.4> not available
(Font)              Font shape `OT1/phv/b/n' tried instead on input line 45.


Package hyperref Warning: Suppressing link with empty target on input line 45.


Overfull \vbox (7.80003pt too high) detected at line 45
 []

LaTeX Font Info:    Try loading font information for OMS+phv on input line 60.
(/usr/local/texlive/2016/texmf-dist/tex/latex/psnfss/omsphv.fd
File: omsphv.fd 
)
LaTeX Font Info:    Font shape `OMS/phv/m/n' in size <8> not available
(Font)              Font shape `OMS/cmsy/m/n' tried instead on input line 60.
 [1{/usr/local/texlive/2016/texmf-var/fonts/map/pdftex/updmap/pdftex.map}

]
<../FiguresDraft4/Figure1/Figure1_a.png, id=130, 1027.84pt x 770.88pt>
File: ../FiguresDraft4/Figure1/Figure1_a.png Graphic file (type png)

<use ../FiguresDraft4/Figure1/Figure1_a.png>
Package pdftex.def Info: ../FiguresDraft4/Figure1/Figure1_a.png used on input l
ine 67.
(pdftex.def)             Requested size: 216.23764pt x 162.17188pt.

<../FiguresDraft4/Figure1/Figure1_b.png, id=132, 1027.84pt x 592.2125pt>
File: ../FiguresDraft4/Figure1/Figure1_b.png Graphic file (type png)

<use ../FiguresDraft4/Figure1/Figure1_b.png>
Package pdftex.def Info: ../FiguresDraft4/Figure1/Figure1_b.png used on input l
ine 72.
(pdftex.def)             Requested size: 297.33293pt x 171.3125pt.
LaTeX Font Info:    Font shape `OT1/ptm/bx/n' in size <10> not available
(Font)              Font shape `OT1/ptm/b/n' tried instead on input line 77.

<../FiguresDraft4/Figure2/Figure2_a.png, id=158, 1027.84pt x 592.2125pt>
File: ../FiguresDraft4/Figure2/Figure2_a.png Graphic file (type png)

<use ../FiguresDraft4/Figure2/Figure2_a.png>
Package pdftex.def Info: ../FiguresDraft4/Figure2/Figure2_a.png used on input l
ine 89.
(pdftex.def)             Requested size: 178.39977pt x 102.7893pt.

<../FiguresDraft4/Figure2/Figure2_b.png, id=159, 1026.83624pt x 592.2125pt>
File: ../FiguresDraft4/Figure2/Figure2_b.png Graphic file (type png)

<use ../FiguresDraft4/Figure2/Figure2_b.png>
Package pdftex.def Info: ../FiguresDraft4/Figure2/Figure2_b.png used on input l
ine 94.
(pdftex.def)             Requested size: 178.39977pt x 102.8887pt.

<../FiguresDraft4/Figure2/Figure2_c.png, id=160, 1027.84pt x 592.2125pt>
File: ../FiguresDraft4/Figure2/Figure2_c.png Graphic file (type png)

<use ../FiguresDraft4/Figure2/Figure2_c.png>
Package pdftex.def Info: ../FiguresDraft4/Figure2/Figure2_c.png used on input l
ine 99.
(pdftex.def)             Requested size: 178.39977pt x 102.7893pt.
 [2 <../FiguresDraft4/Figure1/Figure1_a.png> <../FiguresDraft4/Figure1/Figure1_
b.png>]
LaTeX Font Info:    Font shape `OT1/ptm/bx/n' in size <12> not available
(Font)              Font shape `OT1/ptm/b/n' tried instead on input line 118.
LaTeX Font Info:    Font shape `OT1/phv/bx/n' in size <12> not available
(Font)              Font shape `OT1/phv/b/n' tried instead on input line 118.

<../FiguresDraft4/Figure3/Figure3_a.png, id=198, 321.2pt x 240.9pt>
File: ../FiguresDraft4/Figure3/Figure3_a.png Graphic file (type png)

<use ../FiguresDraft4/Figure3/Figure3_a.png>
Package pdftex.def Info: ../FiguresDraft4/Figure3/Figure3_a.png used on input l
ine 127.
(pdftex.def)             Requested size: 118.93317pt x 89.19775pt.

<../FiguresDraft4/Figure3/Figure3_b.png, id=199, 321.2pt x 240.9pt>
File: ../FiguresDraft4/Figure3/Figure3_b.png Graphic file (type png)

<use ../FiguresDraft4/Figure3/Figure3_b.png>
Package pdftex.def Info: ../FiguresDraft4/Figure3/Figure3_b.png used on input l
ine 133.
(pdftex.def)             Requested size: 118.93317pt x 89.19775pt.

<../FiguresDraft4/Figure3/Figure3_c.png, id=200, 321.2pt x 240.9pt>
File: ../FiguresDraft4/Figure3/Figure3_c.png Graphic file (type png)

<use ../FiguresDraft4/Figure3/Figure3_c.png>
Package pdftex.def Info: ../FiguresDraft4/Figure3/Figure3_c.png used on input l
ine 139.
(pdftex.def)             Requested size: 118.93317pt x 89.19775pt.

<../FiguresDraft4/Figure3/Figure3_d.png, id=201, 321.2pt x 240.9pt>
File: ../FiguresDraft4/Figure3/Figure3_d.png Graphic file (type png)

<use ../FiguresDraft4/Figure3/Figure3_d.png>
Package pdftex.def Info: ../FiguresDraft4/Figure3/Figure3_d.png used on input l
ine 145.
(pdftex.def)             Requested size: 118.93317pt x 89.19775pt.

<../FiguresDraft4/Figure3/Figure3_e.png, id=202, 321.2pt x 240.9pt>
File: ../FiguresDraft4/Figure3/Figure3_e.png Graphic file (type png)

<use ../FiguresDraft4/Figure3/Figure3_e.png>
Package pdftex.def Info: ../FiguresDraft4/Figure3/Figure3_e.png used on input l
ine 151.
(pdftex.def)             Requested size: 118.93317pt x 89.19775pt.

<../FiguresDraft4/Figure3/Figure3_f.png, id=203, 321.2pt x 240.9pt>
File: ../FiguresDraft4/Figure3/Figure3_f.png Graphic file (type png)

<use ../FiguresDraft4/Figure3/Figure3_f.png>
Package pdftex.def Info: ../FiguresDraft4/Figure3/Figure3_f.png used on input l
ine 157.
(pdftex.def)             Requested size: 118.93317pt x 89.19775pt.
 [3 <../FiguresDraft4/Figure2/Figure2_a.png> <../FiguresDraft4/Figure2/Figure2_
b.png> <../FiguresDraft4/Figure2/Figure2_c.png>]
LaTeX Font Info:    Font shape `OT1/phv/bx/sl' in size <10> not available
(Font)              Font shape `OT1/phv/b/sl' tried instead on input line 163.

<../FiguresDraft4/Figure4/Figure4_a.png, id=222, 82.3075pt x 82.3075pt>
File: ../FiguresDraft4/Figure4/Figure4_a.png Graphic file (type png)

<use ../FiguresDraft4/Figure4/Figure4_a.png>
Package pdftex.def Info: ../FiguresDraft4/Figure4/Figure4_a.png used on input l
ine 177.
(pdftex.def)             Requested size: 75.68399pt x 75.68613pt.

<../FiguresDraft4/Figure4/Figure4_b.png, id=223, 82.3075pt x 82.3075pt>
File: ../FiguresDraft4/Figure4/Figure4_b.png Graphic file (type png)

<use ../FiguresDraft4/Figure4/Figure4_b.png>
Package pdftex.def Info: ../FiguresDraft4/Figure4/Figure4_b.png used on input l
ine 183.
(pdftex.def)             Requested size: 75.68399pt x 75.68613pt.

<../FiguresDraft4/Figure4/Figure4_c.png, id=224, 82.3075pt x 82.3075pt>
File: ../FiguresDraft4/Figure4/Figure4_c.png Graphic file (type png)

<use ../FiguresDraft4/Figure4/Figure4_c.png>
Package pdftex.def Info: ../FiguresDraft4/Figure4/Figure4_c.png used on input l
ine 189.
(pdftex.def)             Requested size: 75.68399pt x 75.68613pt.

<../FiguresDraft4/Figure4/Figure4_d.png, id=225, 82.3075pt x 82.3075pt>
File: ../FiguresDraft4/Figure4/Figure4_d.png Graphic file (type png)

<use ../FiguresDraft4/Figure4/Figure4_d.png>
Package pdftex.def Info: ../FiguresDraft4/Figure4/Figure4_d.png used on input l
ine 194.
(pdftex.def)             Requested size: 75.68399pt x 75.68613pt.

<../FiguresDraft4/Figure4/Figure4_e.png, id=226, 82.3075pt x 82.3075pt>
File: ../FiguresDraft4/Figure4/Figure4_e.png Graphic file (type png)

<use ../FiguresDraft4/Figure4/Figure4_e.png>
Package pdftex.def Info: ../FiguresDraft4/Figure4/Figure4_e.png used on input l
ine 200.
(pdftex.def)             Requested size: 75.68399pt x 75.68613pt.

<../FiguresDraft4/Figure4/Figure4_f.png, id=227, 82.3075pt x 82.3075pt>
File: ../FiguresDraft4/Figure4/Figure4_f.png Graphic file (type png)

<use ../FiguresDraft4/Figure4/Figure4_f.png>
Package pdftex.def Info: ../FiguresDraft4/Figure4/Figure4_f.png used on input l
ine 206.
(pdftex.def)             Requested size: 75.68399pt x 75.68613pt.

<../FiguresDraft4/Figure5/Figure5_d.png, id=231, 326.21875pt x 739.76375pt>
File: ../FiguresDraft4/Figure5/Figure5_d.png Graphic file (type png)

<use ../FiguresDraft4/Figure5/Figure5_d.png>
Package pdftex.def Info: ../FiguresDraft4/Figure5/Figure5_d.png used on input l
ine 223.
(pdftex.def)             Requested size: 97.30446pt x 220.6553pt.

<../FiguresDraft4/Figure5/Figure5_e.png, id=232, 326.21875pt x 739.76375pt>
File: ../FiguresDraft4/Figure5/Figure5_e.png Graphic file (type png)

<use ../FiguresDraft4/Figure5/Figure5_e.png>
Package pdftex.def Info: ../FiguresDraft4/Figure5/Figure5_e.png used on input l
ine 230.
(pdftex.def)             Requested size: 97.30446pt x 220.6553pt.

<../FiguresDraft4/Figure5/Figure5_a.png, id=233, 326.21875pt x 739.76375pt>
File: ../FiguresDraft4/Figure5/Figure5_a.png Graphic file (type png)

<use ../FiguresDraft4/Figure5/Figure5_a.png>
Package pdftex.def Info: ../FiguresDraft4/Figure5/Figure5_a.png used on input l
ine 238.
(pdftex.def)             Requested size: 97.30446pt x 220.6553pt.

<../FiguresDraft4/Figure5/Figure5_b.png, id=234, 326.21875pt x 739.76375pt>
File: ../FiguresDraft4/Figure5/Figure5_b.png Graphic file (type png)

<use ../FiguresDraft4/Figure5/Figure5_b.png>
Package pdftex.def Info: ../FiguresDraft4/Figure5/Figure5_b.png used on input l
ine 245.
(pdftex.def)             Requested size: 97.30446pt x 220.6553pt.

<../FiguresDraft4/Figure5/Figure5_c.png, id=235, 326.21875pt x 739.76375pt>
File: ../FiguresDraft4/Figure5/Figure5_c.png Graphic file (type png)

<use ../FiguresDraft4/Figure5/Figure5_c.png>
Package pdftex.def Info: ../FiguresDraft4/Figure5/Figure5_c.png used on input l
ine 252.
(pdftex.def)             Requested size: 97.30446pt x 220.6553pt.
 [4 <../FiguresDraft4/Figure3/Figure3_a.png (PNG copy)> <../FiguresDraft4/Figur
e3/Figure3_b.png (PNG copy)> <../FiguresDraft4/Figure3/Figure3_c.png (PNG copy)
> <../FiguresDraft4/Figure3/Figure3_d.png (PNG copy)> <../FiguresDraft4/Figure3
/Figure3_e.png (PNG copy)> <../FiguresDraft4/Figure3/Figure3_f.png (PNG copy)>]
 [5 <../FiguresDraft4/Figure4/Figure4_a.png> <../FiguresDraft4/Figure4/Figure4_
b.png> <../FiguresDraft4/Figure4/Figure4_c.png> <../FiguresDraft4/Figure4/Figur
e4_d.png> <../FiguresDraft4/Figure4/Figure4_e.png> <../FiguresDraft4/Figure4/Fi
gure4_f.png> <../FiguresDraft4/Figure5/Figure5_d.png> <../FiguresDraft4/Figure5
/Figure5_e.png> <../FiguresDraft4/Figure5/Figure5_a.png> <../FiguresDraft4/Figu
re5/Figure5_b.png> <../FiguresDraft4/Figure5/Figure5_c.png>]
<../FiguresDraft4/Figure6/Figure6_a.pdf, id=264, 552.0625pt x 501.875pt>
File: ../FiguresDraft4/Figure6/Figure6_a.pdf Graphic file (type pdf)

<use ../FiguresDraft4/Figure6/Figure6_a.pdf>
Package pdftex.def Info: ../FiguresDraft4/Figure6/Figure6_a.pdf used on input l
ine 308.
(pdftex.def)             Requested size: 129.74753pt x 117.94829pt.

<../FiguresDraft4/Figure6/Figure6_b.pdf, id=265, 552.0625pt x 501.875pt>
File: ../FiguresDraft4/Figure6/Figure6_b.pdf Graphic file (type pdf)

<use ../FiguresDraft4/Figure6/Figure6_b.pdf>
Package pdftex.def Info: ../FiguresDraft4/Figure6/Figure6_b.pdf used on input l
ine 314.
(pdftex.def)             Requested size: 129.74753pt x 117.94829pt.

<../FiguresDraft4/Figure6/Figure6_c.pdf, id=266, 552.0625pt x 501.875pt>
File: ../FiguresDraft4/Figure6/Figure6_c.pdf Graphic file (type pdf)

<use ../FiguresDraft4/Figure6/Figure6_c.pdf>
Package pdftex.def Info: ../FiguresDraft4/Figure6/Figure6_c.pdf used on input l
ine 320.
(pdftex.def)             Requested size: 129.74753pt x 117.94829pt.

<../FiguresDraft4/Figure6/Figure6_d.pdf, id=267, 552.0625pt x 501.875pt>
File: ../FiguresDraft4/Figure6/Figure6_d.pdf Graphic file (type pdf)

<use ../FiguresDraft4/Figure6/Figure6_d.pdf>
Package pdftex.def Info: ../FiguresDraft4/Figure6/Figure6_d.pdf used on input l
ine 326.
(pdftex.def)             Requested size: 129.74753pt x 117.94829pt.

<../FiguresDraft4/Figure7/Figure7_a.pdf, id=278, 552.0625pt x 501.875pt>
File: ../FiguresDraft4/Figure7/Figure7_a.pdf Graphic file (type pdf)

<use ../FiguresDraft4/Figure7/Figure7_a.pdf>
Package pdftex.def Info: ../FiguresDraft4/Figure7/Figure7_a.pdf used on input l
ine 356.
(pdftex.def)             Requested size: 129.74753pt x 117.94829pt.

<../FiguresDraft4/Figure7/Figure7_b.pdf, id=279, 552.0625pt x 501.875pt>
File: ../FiguresDraft4/Figure7/Figure7_b.pdf Graphic file (type pdf)

<use ../FiguresDraft4/Figure7/Figure7_b.pdf>
Package pdftex.def Info: ../FiguresDraft4/Figure7/Figure7_b.pdf used on input l
ine 362.
(pdftex.def)             Requested size: 129.74753pt x 117.94829pt.

<../FiguresDraft4/Figure7/Figure7_c.pdf, id=280, 552.0625pt x 501.875pt>
File: ../FiguresDraft4/Figure7/Figure7_c.pdf Graphic file (type pdf)

<use ../FiguresDraft4/Figure7/Figure7_c.pdf>
Package pdftex.def Info: ../FiguresDraft4/Figure7/Figure7_c.pdf used on input l
ine 368.
(pdftex.def)             Requested size: 129.74753pt x 117.94829pt.

<../FiguresDraft4/Figure7/Figure7_d.pdf, id=281, 552.0625pt x 501.875pt>
File: ../FiguresDraft4/Figure7/Figure7_d.pdf Graphic file (type pdf)

<use ../FiguresDraft4/Figure7/Figure7_d.pdf>
Package pdftex.def Info: ../FiguresDraft4/Figure7/Figure7_d.pdf used on input l
ine 375.
(pdftex.def)             Requested size: 129.74753pt x 117.94829pt.
 [6 <../FiguresDraft4/Figure6/Figure6_a.pdf> <../FiguresDraft4/Figure6/Figure6_
b.pdf> <../FiguresDraft4/Figure6/Figure6_c.pdf> <../FiguresDraft4/Figure6/Figur
e6_d.pdf>]
<../FiguresDraft4/Figure8/Figure8.pdf, id=504, 552.0625pt x 501.875pt>
File: ../FiguresDraft4/Figure8/Figure8.pdf Graphic file (type pdf)

<use ../FiguresDraft4/Figure8/Figure8.pdf>
Package pdftex.def Info: ../FiguresDraft4/Figure8/Figure8.pdf used on input lin
e 385.
(pdftex.def)             Requested size: 162.18234pt x 147.4392pt.

<../FiguresDraft4/Figure9/Figure9_a.png, id=512, 1027.84pt x 770.88pt>
File: ../FiguresDraft4/Figure9/Figure9_a.png Graphic file (type png)

<use ../FiguresDraft4/Figure9/Figure9_a.png>
Package pdftex.def Info: ../FiguresDraft4/Figure9/Figure9_a.png used on input l
ine 410.
(pdftex.def)             Requested size: 135.15059pt x 101.35889pt.

<../FiguresDraft4/Figure9/Figure9_b.png, id=513, 770.88pt x 770.88pt>
File: ../FiguresDraft4/Figure9/Figure9_b.png Graphic file (type png)

<use ../FiguresDraft4/Figure9/Figure9_b.png>
Package pdftex.def Info: ../FiguresDraft4/Figure9/Figure9_b.png used on input l
ine 418.
(pdftex.def)             Requested size: 102.71576pt x 102.7116pt.

<../FiguresDraft4/Figure9/Figure9_c.png, id=514, 766.865pt x 770.88pt>
File: ../FiguresDraft4/Figure9/Figure9_c.png Graphic file (type png)

<use ../FiguresDraft4/Figure9/Figure9_c.png>
Package pdftex.def Info: ../FiguresDraft4/Figure9/Figure9_c.png used on input l
ine 426.
(pdftex.def)             Requested size: 102.71576pt x 103.25269pt.

<../FiguresDraft4/Figure9/Figure9_d.png, id=515, 798.985pt x 764.8575pt>
File: ../FiguresDraft4/Figure9/Figure9_d.png Graphic file (type png)

<use ../FiguresDraft4/Figure9/Figure9_d.png>
Package pdftex.def Info: ../FiguresDraft4/Figure9/Figure9_d.png used on input l
ine 432.
(pdftex.def)             Requested size: 108.11882pt x 103.49638pt.
 [7 <../FiguresDraft4/Figure7/Figure7_a.pdf> <../FiguresDraft4/Figure7/Figure7_
b.pdf> <../FiguresDraft4/Figure7/Figure7_c.pdf> <../FiguresDraft4/Figure7/Figur
e7_d.pdf> <../FiguresDraft4/Figure8/Figure8.pdf>] [8 <../FiguresDraft4/Figure9/
Figure9_a.png> <../FiguresDraft4/Figure9/Figure9_b.png> <../FiguresDraft4/Figur
e9/Figure9_c.png> <../FiguresDraft4/Figure9/Figure9_d.png>]
<../FiguresDraft4/Figure10/Figure10_a.pdf, id=1308, 501.875pt x 501.875pt>
File: ../FiguresDraft4/Figure10/Figure10_a.pdf Graphic file (type pdf)

<use ../FiguresDraft4/Figure10/Figure10_a.pdf>
Package pdftex.def Info: ../FiguresDraft4/Figure10/Figure10_a.pdf used on input
 line 573.
(pdftex.def)             Requested size: 135.15059pt x 125.18759pt.

<../FiguresDraft4/Figure10/Figure10_b.pdf, id=1310, 501.875pt x 501.875pt>
File: ../FiguresDraft4/Figure10/Figure10_b.pdf Graphic file (type pdf)

<use ../FiguresDraft4/Figure10/Figure10_b.pdf>
Package pdftex.def Info: ../FiguresDraft4/Figure10/Figure10_b.pdf used on input
 line 578.
(pdftex.def)             Requested size: 140.55363pt x 126.21147pt.

<../FiguresDraft4/Figure10/Figure10_c.pdf, id=1312, 387.7619pt x 276.80263pt>
File: ../FiguresDraft4/Figure10/Figure10_c.pdf Graphic file (type pdf)

<use ../FiguresDraft4/Figure10/Figure10_c.pdf>
Package pdftex.def Info: ../FiguresDraft4/Figure10/Figure10_c.pdf used on input
 line 584.
(pdftex.def)             Requested size: 161.96486pt x 126.31468pt.

Overfull \hbox (10.59686pt too wide) in paragraph at lines 584--586
[][]
 []

[9] <../FiguresDraft4/Figure11/Figure11_a.pdf, id=1328, 501.875pt x 501.875pt>
File: ../FiguresDraft4/Figure11/Figure11_a.pdf Graphic file (type pdf)

<use ../FiguresDraft4/Figure11/Figure11_a.pdf>
Package pdftex.def Info: ../FiguresDraft4/Figure11/Figure11_a.pdf used on input
 line 625.
(pdftex.def)             Requested size: 118.93317pt x 118.92851pt.

Underfull \hbox (badness 1259) in paragraph at lines 629--629
[]\OT1/ptm/m/n/9 (b) |LRV es-ti-mates (Iso-mer-iza-
 []

<../FiguresDraft4/Figure11/Figure11_b.pdf, id=1329, 501.875pt x 501.875pt>
File: ../FiguresDraft4/Figure11/Figure11_b.pdf Graphic file (type pdf)

<use ../FiguresDraft4/Figure11/Figure11_b.pdf>
Package pdftex.def Info: ../FiguresDraft4/Figure11/Figure11_b.pdf used on input
 line 630.
(pdftex.def)             Requested size: 118.93317pt x 118.92851pt.

<../FiguresDraft4/Figure11/Figure11_c.pdf, id=1330, 501.875pt x 501.875pt>
File: ../FiguresDraft4/Figure11/Figure11_c.pdf Graphic file (type pdf)

<use ../FiguresDraft4/Figure11/Figure11_c.pdf>
Package pdftex.def Info: ../FiguresDraft4/Figure11/Figure11_c.pdf used on input
 line 635.
(pdftex.def)             Requested size: 118.93317pt x 118.92851pt.

<../FiguresDraft4/Figure11/Figure11_d.pdf, id=1331, 501.875pt x 501.875pt>
File: ../FiguresDraft4/Figure11/Figure11_d.pdf Graphic file (type pdf)

<use ../FiguresDraft4/Figure11/Figure11_d.pdf>
Package pdftex.def Info: ../FiguresDraft4/Figure11/Figure11_d.pdf used on input
 line 640.
(pdftex.def)             Requested size: 118.93317pt x 118.92851pt.
 [10 <../FiguresDraft4/Figure10/Figure10_a.pdf> <../FiguresDraft4/Figure10/Figu
re10_b.pdf> <../FiguresDraft4/Figure10/Figure10_c.pdf>]
<../FiguresDraft4/Figure12/Figure12_a.pdf, id=1404, 501.875pt x 501.875pt>
File: ../FiguresDraft4/Figure12/Figure12_a.pdf Graphic file (type pdf)

<use ../FiguresDraft4/Figure12/Figure12_a.pdf>
Package pdftex.def Info: ../FiguresDraft4/Figure12/Figure12_a.pdf used on input
 line 672.
(pdftex.def)             Requested size: 135.15059pt x 125.18759pt.

<../FiguresDraft4/Figure12/Figure12_b.pdf, id=1406, 501.875pt x 501.875pt>
File: ../FiguresDraft4/Figure12/Figure12_b.pdf Graphic file (type pdf)

<use ../FiguresDraft4/Figure12/Figure12_b.pdf>
Package pdftex.def Info: ../FiguresDraft4/Figure12/Figure12_b.pdf used on input
 line 677.
(pdftex.def)             Requested size: 140.55363pt x 126.21147pt.

<../FiguresDraft4/Figure12/Figure12_c.pdf, id=1408, 390.27792pt x 273.88683pt>
File: ../FiguresDraft4/Figure12/Figure12_c.pdf Graphic file (type pdf)

<use ../FiguresDraft4/Figure12/Figure12_c.pdf>
Package pdftex.def Info: ../FiguresDraft4/Figure12/Figure12_c.pdf used on input
 line 683.
(pdftex.def)             Requested size: 161.96486pt x 126.65405pt.

Overfull \hbox (10.59686pt too wide) in paragraph at lines 683--685
[][]
 []

[11 <../FiguresDraft4/Figure11/Figure11_a.pdf> <../FiguresDraft4/Figure11/Figur
e11_b.pdf> <../FiguresDraft4/Figure11/Figure11_c.pdf> <../FiguresDraft4/Figure1
1/Figure11_d.pdf>]
<../FiguresDraft4/Figure13/Figure13_a.pdf, id=1502, 501.875pt x 501.875pt>
File: ../FiguresDraft4/Figure13/Figure13_a.pdf Graphic file (type pdf)

<use ../FiguresDraft4/Figure13/Figure13_a.pdf>
Package pdftex.def Info: ../FiguresDraft4/Figure13/Figure13_a.pdf used on input
 line 722.
(pdftex.def)             Requested size: 162.18234pt x 162.18082pt.
 [12 <../FiguresDraft4/Figure12/Figure12_a.pdf> <../FiguresDraft4/Figure12/Figu
re12_b.pdf> <../FiguresDraft4/Figure12/Figure12_c.pdf>] [13 <../FiguresDraft4/F
igure13/Figure13_a.pdf>]
(./draft4.bbl
LaTeX Font Info:    Try loading font information for OT1+pcr on input line 104.

 (/usr/local/texlive/2016/texmf-dist/tex/latex/psnfss/ot1pcr.fd
File: ot1pcr.fd 2001/06/04 font definitions for OT1/pcr.
)
[14]
Underfull \hbox (badness 1377) in paragraph at lines 465--484
[]\OT1/ptm/m/n/10 D'Zmura, M., & Iver-son, G.  (1994).  Color con-stancy . iii.
 gen-eral lin-ear re-cov-ery of spec-tral de-scrip-tions for lights
 []


Underfull \hbox (badness 1221) in paragraph at lines 465--484
\OT1/ptm/m/n/10 and sur-faces [Jour-nal Ar-ti-cle].  \OT1/ptm/m/it/10 Jour-nal 
Of The Op-ti-cal So-ci-ety Of Amer-ica A\OT1/ptm/m/n/10 , \OT1/ptm/m/it/10 11\O
T1/ptm/m/n/10 (9), 2389-2400.  Avail-able from
 []


Underfull \hbox (badness 10000) in paragraph at lines 465--484
[][]$\OT1/pcr/m/n/10 http :// www [] .opticsinfobase [] .org / DirectPDFAccess 
/ 3991999B [] -F1A4 [] -66F5 [] -1F0CA009799B4F7B [] []806 /
 []


Underfull \hbox (badness 10000) in paragraph at lines 815--833
\OT1/pcr/m/n/10 DirectPDFAccess / 0C84AF25 [] -A90E [] -B3D5 [] -AED2308AF33196
BF [] []2286 / josaa [] -3 [] -1 [] -29 [] .pdf [] ?da = 1&id =
 []

[15])
Package atveryend Info: Empty hook `BeforeClearDocument' on input line 818.
 [16]
Package atveryend Info: Empty hook `AfterLastShipout' on input line 818.
 (./draft4.aux)
Package atveryend Info: Executing hook `AtVeryEndDocument' on input line 818.
Package atveryend Info: Executing hook `AtEndAfterFileList' on input line 818.
Package rerunfilecheck Info: File `draft4.out' has not changed.
(rerunfilecheck)             Checksum: 94EC96EEC39E3854D4DABC20D2FF009E;959.
Package atveryend Info: Empty hook `AtVeryVeryEnd' on input line 818.
 ) 
Here is how much of TeX's memory you used:
 8271 strings out of 493014
 130605 string characters out of 6133351
 237208 words of memory out of 5000000
 11540 multiletter control sequences out of 15000+600000
 30984 words of font info for 61 fonts, out of 8000000 for 9000
 1141 hyphenation exceptions out of 8191
 42i,10n,40p,1760b,480s stack positions out of 5000i,500n,10000p,200000b,80000s
{/usr/local/texlive/2016/texmf-dist/fonts/enc/dvips/base/8r.enc}</usr/local/t
exlive/2016/texmf-dist/fonts/type1/public/amsfonts/cm/cmmi10.pfb></usr/local/te
xlive/2016/texmf-dist/fonts/type1/public/amsfonts/cm/cmr10.pfb></usr/local/texl
ive/2016/texmf-dist/fonts/type1/public/amsfonts/cm/cmr7.pfb></usr/local/texlive
/2016/texmf-dist/fonts/type1/public/amsfonts/cm/cmsy10.pfb></usr/local/texlive/
2016/texmf-dist/fonts/type1/public/amsfonts/cm/cmsy8.pfb></usr/local/texlive/20
16/texmf-dist/fonts/type1/urw/courier/ucrr8a.pfb></usr/local/texlive/2016/texmf
-dist/fonts/type1/urw/helvetic/uhvb8a.pfb></usr/local/texlive/2016/texmf-dist/f
onts/type1/urw/helvetic/uhvbo8a.pfb></usr/local/texlive/2016/texmf-dist/fonts/t
ype1/urw/helvetic/uhvr8a.pfb></usr/local/texlive/2016/texmf-dist/fonts/type1/ur
w/helvetic/uhvro8a.pfb></usr/local/texlive/2016/texmf-dist/fonts/type1/urw/time
s/utmb8a.pfb></usr/local/texlive/2016/texmf-dist/fonts/type1/urw/times/utmr8a.p
fb></usr/local/texlive/2016/texmf-dist/fonts/type1/urw/times/utmri8a.pfb></usr/
local/texlive/2016/texmf-dist/fonts/type1/urw/zapfding/uzdr.pfb>
Output written on draft4.pdf (16 pages, 14032632 bytes).
PDF statistics:
 1683 PDF objects out of 1728 (max. 8388607)
 1488 compressed objects within 15 object streams
 89 named destinations out of 1000 (max. 500000)
 391 words of extra memory for PDF output out of 10000 (max. 10000000)

