This is pdfTeX, Version 3.14159265-2.6-1.40.16 (TeX Live 2015) (preloaded format=pdflatex 2015.5.24)  7 OCT 2017 15:34
entering extended mode
 restricted \write18 enabled.
 file:line:error style messages enabled.
 %&-line parsing enabled.
**draft1.tex
(./draft1.tex
LaTeX2e <2015/01/01>
Babel <3.9l> and hyphenation patterns for 79 languages loaded.
(./jov.cls
Document Class: jov 2008/12/16 Journal of Vision class
(/usr/local/texlive/2015/texmf-dist/tex/latex/base/article.cls
Document Class: article 2014/09/29 v1.4h Standard LaTeX document class
(/usr/local/texlive/2015/texmf-dist/tex/latex/base/size10.clo
File: size10.clo 2014/09/29 v1.4h Standard LaTeX file (size option)
)
\c@part=\count79
\c@section=\count80
\c@subsection=\count81
\c@subsubsection=\count82
\c@paragraph=\count83
\c@subparagraph=\count84
\c@figure=\count85
\c@table=\count86
\abovecaptionskip=\skip41
\belowcaptionskip=\skip42
\bibindent=\dimen102
)
(/usr/local/texlive/2015/texmf-dist/tex/latex/graphics/color.sty
Package: color 2014/10/28 v1.1a Standard LaTeX Color (DPC)

(/usr/local/texlive/2015/texmf-dist/tex/latex/latexconfig/color.cfg
File: color.cfg 2007/01/18 v1.5 color configuration of teTeX/TeXLive
)
Package color Info: Driver file: pdftex.def on input line 142.

(/usr/local/texlive/2015/texmf-dist/tex/latex/pdftex-def/pdftex.def
File: pdftex.def 2011/05/27 v0.06d Graphics/color for pdfTeX

(/usr/local/texlive/2015/texmf-dist/tex/generic/oberdiek/infwarerr.sty
Package: infwarerr 2010/04/08 v1.3 Providing info/warning/error messages (HO)
)
(/usr/local/texlive/2015/texmf-dist/tex/generic/oberdiek/ltxcmds.sty
Package: ltxcmds 2011/11/09 v1.22 LaTeX kernel commands for general use (HO)
)
\Gread@gobject=\count87
))
(/usr/local/texlive/2015/texmf-dist/tex/latex/psnfss/times.sty
Package: times 2005/04/12 PSNFSS-v9.2a (SPQR) 
)
(/usr/local/texlive/2015/texmf-dist/tex/latex/multirow/multirow.sty
\bigstrutjot=\dimen103
)
(/usr/local/texlive/2015/texmf-dist/tex/latex/hyperref/hyperref.sty
Package: hyperref 2012/11/06 v6.83m Hypertext links for LaTeX

(/usr/local/texlive/2015/texmf-dist/tex/generic/oberdiek/hobsub-hyperref.sty
Package: hobsub-hyperref 2012/05/28 v1.13 Bundle oberdiek, subset hyperref (HO)


(/usr/local/texlive/2015/texmf-dist/tex/generic/oberdiek/hobsub-generic.sty
Package: hobsub-generic 2012/05/28 v1.13 Bundle oberdiek, subset generic (HO)
Package: hobsub 2012/05/28 v1.13 Construct package bundles (HO)
Package hobsub Info: Skipping package `infwarerr' (already loaded).
Package hobsub Info: Skipping package `ltxcmds' (already loaded).
Package: ifluatex 2010/03/01 v1.3 Provides the ifluatex switch (HO)
Package ifluatex Info: LuaTeX not detected.
Package: ifvtex 2010/03/01 v1.5 Detect VTeX and its facilities (HO)
Package ifvtex Info: VTeX not detected.
Package: intcalc 2007/09/27 v1.1 Expandable calculations with integers (HO)
Package: ifpdf 2011/01/30 v2.3 Provides the ifpdf switch (HO)
Package ifpdf Info: pdfTeX in PDF mode is detected.
Package: etexcmds 2011/02/16 v1.5 Avoid name clashes with e-TeX commands (HO)
Package etexcmds Info: Could not find \expanded.
(etexcmds)             That can mean that you are not using pdfTeX 1.50 or
(etexcmds)             that some package has redefined \expanded.
(etexcmds)             In the latter case, load this package earlier.
Package: kvsetkeys 2012/04/25 v1.16 Key value parser (HO)
Package: kvdefinekeys 2011/04/07 v1.3 Define keys (HO)
Package: pdftexcmds 2011/11/29 v0.20 Utility functions of pdfTeX for LuaTeX (HO
)
Package pdftexcmds Info: LuaTeX not detected.
Package pdftexcmds Info: \pdf@primitive is available.
Package pdftexcmds Info: \pdf@ifprimitive is available.
Package pdftexcmds Info: \pdfdraftmode found.
Package: pdfescape 2011/11/25 v1.13 Implements pdfTeX's escape features (HO)
Package: bigintcalc 2012/04/08 v1.3 Expandable calculations on big integers (HO
)
Package: bitset 2011/01/30 v1.1 Handle bit-vector datatype (HO)
Package: uniquecounter 2011/01/30 v1.2 Provide unlimited unique counter (HO)
)
Package hobsub Info: Skipping package `hobsub' (already loaded).
Package: letltxmacro 2010/09/02 v1.4 Let assignment for LaTeX macros (HO)
Package: hopatch 2012/05/28 v1.2 Wrapper for package hooks (HO)
Package: xcolor-patch 2011/01/30 xcolor patch
Package: atveryend 2011/06/30 v1.8 Hooks at the very end of document (HO)
Package atveryend Info: \enddocument detected (standard20110627).
Package: atbegshi 2011/10/05 v1.16 At begin shipout hook (HO)
Package: refcount 2011/10/16 v3.4 Data extraction from label references (HO)
Package: hycolor 2011/01/30 v1.7 Color options for hyperref/bookmark (HO)
)
(/usr/local/texlive/2015/texmf-dist/tex/latex/graphics/keyval.sty
Package: keyval 2014/10/28 v1.15 key=value parser (DPC)
\KV@toks@=\toks14
)
(/usr/local/texlive/2015/texmf-dist/tex/generic/ifxetex/ifxetex.sty
Package: ifxetex 2010/09/12 v0.6 Provides ifxetex conditional
)
(/usr/local/texlive/2015/texmf-dist/tex/latex/oberdiek/auxhook.sty
Package: auxhook 2011/03/04 v1.3 Hooks for auxiliary files (HO)
)
(/usr/local/texlive/2015/texmf-dist/tex/latex/oberdiek/kvoptions.sty
Package: kvoptions 2011/06/30 v3.11 Key value format for package options (HO)
)
\@linkdim=\dimen104
\Hy@linkcounter=\count88
\Hy@pagecounter=\count89

(/usr/local/texlive/2015/texmf-dist/tex/latex/hyperref/pd1enc.def
File: pd1enc.def 2012/11/06 v6.83m Hyperref: PDFDocEncoding definition (HO)
)
\Hy@SavedSpaceFactor=\count90

(/usr/local/texlive/2015/texmf-dist/tex/latex/latexconfig/hyperref.cfg
File: hyperref.cfg 2002/06/06 v1.2 hyperref configuration of TeXLive
)
Package hyperref Info: Option `colorlinks' set `true' on input line 4319.
Package hyperref Info: Option `pageanchor' set `true' on input line 4319.
Package hyperref Info: Hyper figures OFF on input line 4443.
Package hyperref Info: Link nesting OFF on input line 4448.
Package hyperref Info: Hyper index ON on input line 4451.
Package hyperref Info: Plain pages OFF on input line 4458.
Package hyperref Info: Backreferencing OFF on input line 4463.
Package hyperref Info: Implicit mode ON; LaTeX internals redefined.
Package hyperref Info: Bookmarks ON on input line 4688.
\c@Hy@tempcnt=\count91

(/usr/local/texlive/2015/texmf-dist/tex/latex/url/url.sty
\Urlmuskip=\muskip10
Package: url 2013/09/16  ver 3.4  Verb mode for urls, etc.
)
LaTeX Info: Redefining \url on input line 5041.
\XeTeXLinkMargin=\dimen105
\Fld@menulength=\count92
\Field@Width=\dimen106
\Fld@charsize=\dimen107
Package hyperref Info: Hyper figures OFF on input line 6295.
Package hyperref Info: Link nesting OFF on input line 6300.
Package hyperref Info: Hyper index ON on input line 6303.
Package hyperref Info: backreferencing OFF on input line 6310.
Package hyperref Info: Link coloring ON on input line 6313.
Package hyperref Info: Link coloring with OCG OFF on input line 6320.
Package hyperref Info: PDF/A mode OFF on input line 6325.
LaTeX Info: Redefining \ref on input line 6365.
LaTeX Info: Redefining \pageref on input line 6369.
\Hy@abspage=\count93
\c@Item=\count94
\c@Hfootnote=\count95
)

Package hyperref Message: Driver (autodetected): hpdftex.

(/usr/local/texlive/2015/texmf-dist/tex/latex/hyperref/hpdftex.def
File: hpdftex.def 2012/11/06 v6.83m Hyperref driver for pdfTeX
\Fld@listcount=\count96
\c@bookmark@seq@number=\count97

(/usr/local/texlive/2015/texmf-dist/tex/latex/oberdiek/rerunfilecheck.sty
Package: rerunfilecheck 2011/04/15 v1.7 Rerun checks for auxiliary files (HO)
Package uniquecounter Info: New unique counter `rerunfilecheck' on input line 2
82.
)
\Hy@SectionHShift=\skip43
)
(./jovcite.sty
Package: jovcite 2008/12/22 Journal of Vision, inofficial LaTeX stylesheet
\c@BibCnt=\count98
\bibleftmargin=\skip44
\bibindent=\skip45
\bibparsep=\skip46
\bibitemsep=\skip47
) (/usr/local/texlive/2015/texmf-dist/tex/latex/psnfss/pifont.sty
Package: pifont 2005/04/12 PSNFSS-v9.2a Pi font support (SPQR) 
LaTeX Font Info:    Try loading font information for U+pzd on input line 63.
(/usr/local/texlive/2015/texmf-dist/tex/latex/psnfss/upzd.fd
File: upzd.fd 2001/06/04 font definitions for U/pzd.
)
LaTeX Font Info:    Try loading font information for U+psy on input line 64.

(/usr/local/texlive/2015/texmf-dist/tex/latex/psnfss/upsy.fd
File: upsy.fd 2001/06/04 font definitions for U/psy.
))
\c@nauthors=\count99
)
(/usr/local/texlive/2015/texmf-dist/tex/latex/graphics/graphicx.sty
Package: graphicx 2014/10/28 v1.0g Enhanced LaTeX Graphics (DPC,SPQR)

(/usr/local/texlive/2015/texmf-dist/tex/latex/graphics/graphics.sty
Package: graphics 2014/10/28 v1.0p Standard LaTeX Graphics (DPC,SPQR)

(/usr/local/texlive/2015/texmf-dist/tex/latex/graphics/trig.sty
Package: trig 1999/03/16 v1.09 sin cos tan (DPC)
)
(/usr/local/texlive/2015/texmf-dist/tex/latex/latexconfig/graphics.cfg
File: graphics.cfg 2010/04/23 v1.9 graphics configuration of TeX Live
)
Package graphics Info: Driver file: pdftex.def on input line 94.
)
\Gin@req@height=\dimen108
\Gin@req@width=\dimen109
)
(/usr/local/texlive/2015/texmf-dist/tex/latex/caption/subcaption.sty
Package: subcaption 2013/02/03 v1.1-62 Sub-captions (AR)

(/usr/local/texlive/2015/texmf-dist/tex/latex/caption/caption.sty
Package: caption 2013/05/02 v3.3-89 Customizing captions (AR)

(/usr/local/texlive/2015/texmf-dist/tex/latex/caption/caption3.sty
Package: caption3 2013/05/02 v1.6-88 caption3 kernel (AR)
Package caption3 Info: TeX engine: e-TeX on input line 57.
\captionmargin=\dimen110
\captionmargin@=\dimen111
\captionwidth=\dimen112
\caption@tempdima=\dimen113
\caption@indent=\dimen114
\caption@parindent=\dimen115
\caption@hangindent=\dimen116
Package caption Info: Unknown document class (or package),
(caption)             standard defaults will be used.
)

Package caption Warning: Unsupported document class (or package) detected,
(caption)                usage of the caption package is not recommended.
See the caption package documentation for explanation.

Package caption Info: \@makecaption = \long macro:#1#2->\vskip \abovecaptionski
p \sbox \@tempboxa {{\captionfonts #1: #2}}\ifdim \wd \@tempboxa >\hsize {\capt
ionfonts #1: #2\par } \else \hbox to\hsize {\hfil \box \@tempboxa \hfil }\fi \v
skip \belowcaptionskip .
\c@ContinuedFloat=\count100
Package caption Info: hyperref package is loaded.
)
\c@subfigure=\count101
\c@subtable=\count102
) (/usr/local/texlive/2015/texmf-dist/tex/latex/amsmath/amsmath.sty
Package: amsmath 2013/01/14 v2.14 AMS math features
\@mathmargin=\skip48

For additional information on amsmath, use the `?' option.
(/usr/local/texlive/2015/texmf-dist/tex/latex/amsmath/amstext.sty
Package: amstext 2000/06/29 v2.01

(/usr/local/texlive/2015/texmf-dist/tex/latex/amsmath/amsgen.sty
File: amsgen.sty 1999/11/30 v2.0
\@emptytoks=\toks15
\ex@=\dimen117
))
(/usr/local/texlive/2015/texmf-dist/tex/latex/amsmath/amsbsy.sty
Package: amsbsy 1999/11/29 v1.2d
\pmbraise@=\dimen118
)
(/usr/local/texlive/2015/texmf-dist/tex/latex/amsmath/amsopn.sty
Package: amsopn 1999/12/14 v2.01 operator names
)
\inf@bad=\count103
LaTeX Info: Redefining \frac on input line 210.
\uproot@=\count104
\leftroot@=\count105
LaTeX Info: Redefining \overline on input line 306.
\classnum@=\count106
\DOTSCASE@=\count107
LaTeX Info: Redefining \ldots on input line 378.
LaTeX Info: Redefining \dots on input line 381.
LaTeX Info: Redefining \cdots on input line 466.
\Mathstrutbox@=\box26
\strutbox@=\box27
\big@size=\dimen119
LaTeX Font Info:    Redeclaring font encoding OML on input line 566.
LaTeX Font Info:    Redeclaring font encoding OMS on input line 567.
\macc@depth=\count108
\c@MaxMatrixCols=\count109
\dotsspace@=\muskip11
\c@parentequation=\count110
\dspbrk@lvl=\count111
\tag@help=\toks16
\row@=\count112
\column@=\count113
\maxfields@=\count114
\andhelp@=\toks17
\eqnshift@=\dimen120
\alignsep@=\dimen121
\tagshift@=\dimen122
\tagwidth@=\dimen123
\totwidth@=\dimen124
\lineht@=\dimen125
\@envbody=\toks18
\multlinegap=\skip49
\multlinetaggap=\skip50
\mathdisplay@stack=\toks19
LaTeX Info: Redefining \[ on input line 2665.
LaTeX Info: Redefining \] on input line 2666.
)
(/usr/local/texlive/2015/texmf-dist/tex/latex/amsfonts/amssymb.sty
Package: amssymb 2013/01/14 v3.01 AMS font symbols

(/usr/local/texlive/2015/texmf-dist/tex/latex/amsfonts/amsfonts.sty
Package: amsfonts 2013/01/14 v3.01 Basic AMSFonts support
\symAMSa=\mathgroup4
\symAMSb=\mathgroup5
LaTeX Font Info:    Overwriting math alphabet `\mathfrak' in version `bold'
(Font)                  U/euf/m/n --> U/euf/b/n on input line 106.
))
(/usr/local/texlive/2015/texmf-dist/tex/latex/comment/comment.sty
\CommentStream=\write3

Excluding comment 'comment') (./draft1.aux)
\openout1 = `draft1.aux'.

LaTeX Font Info:    Checking defaults for OML/cmm/m/it on input line 15.
LaTeX Font Info:    ... okay on input line 15.
LaTeX Font Info:    Checking defaults for T1/cmr/m/n on input line 15.
LaTeX Font Info:    ... okay on input line 15.
LaTeX Font Info:    Checking defaults for OT1/cmr/m/n on input line 15.
LaTeX Font Info:    ... okay on input line 15.
LaTeX Font Info:    Checking defaults for OMS/cmsy/m/n on input line 15.
LaTeX Font Info:    ... okay on input line 15.
LaTeX Font Info:    Checking defaults for OMX/cmex/m/n on input line 15.
LaTeX Font Info:    ... okay on input line 15.
LaTeX Font Info:    Checking defaults for U/cmr/m/n on input line 15.
LaTeX Font Info:    ... okay on input line 15.
LaTeX Font Info:    Checking defaults for PD1/pdf/m/n on input line 15.
LaTeX Font Info:    ... okay on input line 15.
LaTeX Font Info:    Try loading font information for OT1+ptm on input line 15.

(/usr/local/texlive/2015/texmf-dist/tex/latex/psnfss/ot1ptm.fd
File: ot1ptm.fd 2001/06/04 font definitions for OT1/ptm.
)
(/usr/local/texlive/2015/texmf-dist/tex/context/base/supp-pdf.mkii
[Loading MPS to PDF converter (version 2006.09.02).]
\scratchcounter=\count115
\scratchdimen=\dimen126
\scratchbox=\box28
\nofMPsegments=\count116
\nofMParguments=\count117
\everyMPshowfont=\toks20
\MPscratchCnt=\count118
\MPscratchDim=\dimen127
\MPnumerator=\count119
\makeMPintoPDFobject=\count120
\everyMPtoPDFconversion=\toks21
)
\AtBeginShipoutBox=\box29
Package hyperref Info: Link coloring ON on input line 15.
 (/usr/local/texlive/2015/texmf-dist/tex/latex/hyperref/nameref.sty
Package: nameref 2012/10/27 v2.43 Cross-referencing by name of section

(/usr/local/texlive/2015/texmf-dist/tex/generic/oberdiek/gettitlestring.sty
Package: gettitlestring 2010/12/03 v1.4 Cleanup title references (HO)
)
\c@section@level=\count121
)
LaTeX Info: Redefining \ref on input line 15.
LaTeX Info: Redefining \pageref on input line 15.
LaTeX Info: Redefining \nameref on input line 15.

(./draft1.out) (./draft1.out)
\@outlinefile=\write4
\openout4 = `draft1.out'.

 (./english.apc
File: english.apc 2007/09/03 v4.00 apacite language file
)
(/usr/local/texlive/2015/texmf-dist/tex/latex/oberdiek/epstopdf-base.sty
Package: epstopdf-base 2010/02/09 v2.5 Base part for package epstopdf

(/usr/local/texlive/2015/texmf-dist/tex/latex/oberdiek/grfext.sty
Package: grfext 2010/08/19 v1.1 Manage graphics extensions (HO)
)
Package grfext Info: Graphics extension search list:
(grfext)             [.png,.pdf,.jpg,.mps,.jpeg,.jbig2,.jb2,.PNG,.PDF,.JPG,.JPE
G,.JBIG2,.JB2,.eps]
(grfext)             \AppendGraphicsExtensions on input line 452.

(/usr/local/texlive/2015/texmf-dist/tex/latex/latexconfig/epstopdf-sys.cfg
File: epstopdf-sys.cfg 2010/07/13 v1.3 Configuration of (r)epstopdf for TeX Liv
e
))
Package caption Info: Begin \AtBeginDocument code.
Package caption Info: End \AtBeginDocument code.
LaTeX Font Info:    Try loading font information for OT1+phv on input line 28.

(/usr/local/texlive/2015/texmf-dist/tex/latex/psnfss/ot1phv.fd
File: ot1phv.fd 2001/06/04 scalable font definitions for OT1/phv.
)
LaTeX Font Info:    Try loading font information for U+msa on input line 28.

(/usr/local/texlive/2015/texmf-dist/tex/latex/amsfonts/umsa.fd
File: umsa.fd 2013/01/14 v3.01 AMS symbols A
)
LaTeX Font Info:    Try loading font information for U+msb on input line 28.

(/usr/local/texlive/2015/texmf-dist/tex/latex/amsfonts/umsb.fd
File: umsb.fd 2013/01/14 v3.01 AMS symbols B
)
LaTeX Font Info:    Font shape `OT1/ptm/bx/n' in size <14.4> not available
(Font)              Font shape `OT1/ptm/b/n' tried instead on input line 28.
LaTeX Font Info:    Font shape `OT1/phv/bx/n' in size <14.4> not available
(Font)              Font shape `OT1/phv/b/n' tried instead on input line 28.


Package hyperref Warning: Suppressing link with empty target on input line 28.


Overfull \vbox (7.80003pt too high) detected at line 28
 []

<Figure1/introSchematic.png, id=82, 1027.84pt x 770.88pt>
File: Figure1/introSchematic.png Graphic file (type png)

<use Figure1/introSchematic.png>
Package pdftex.def Info: Figure1/introSchematic.png used on input line 40.
(pdftex.def)             Requested size: 216.23764pt x 162.17188pt.

<Figure1/introExampleFigure.jpeg, id=84, 1016.79875pt x 654.445pt>
File: Figure1/introExampleFigure.jpeg Graphic file (type jpg)

<use Figure1/introExampleFigure.jpeg>
Package pdftex.def Info: Figure1/introExampleFigure.jpeg used on input line 45.

(pdftex.def)             Requested size: 243.26941pt x 156.57071pt.
LaTeX Font Info:    Font shape `OT1/ptm/bx/n' in size <10> not available
(Font)              Font shape `OT1/ptm/b/n' tried instead on input line 50.


LaTeX Warning: `h' float specifier changed to `ht'.

Excluding 'comment' comment.
<Figure2/targetVarying.jpeg, id=95, 1026.83624pt x 652.4375pt>
File: Figure2/targetVarying.jpeg Graphic file (type jpg)

<use Figure2/targetVarying.jpeg>
Package pdftex.def Info: Figure2/targetVarying.jpeg used on input line 70.
(pdftex.def)             Requested size: 178.39977pt x 113.35197pt.

<Figure2/targetIlluminantVarying.jpeg, id=96, 1027.84pt x 652.4375pt>
File: Figure2/targetIlluminantVarying.jpeg Graphic file (type jpg)

<use Figure2/targetIlluminantVarying.jpeg>
Package pdftex.def Info: Figure2/targetIlluminantVarying.jpeg used on input lin
e 75.
(pdftex.def)             Requested size: 178.39977pt x 113.24246pt.

<Figure2/allSpectraVarying.jpeg, id=97, 1027.84pt x 652.4375pt>
File: Figure2/allSpectraVarying.jpeg Graphic file (type jpg)

<use Figure2/allSpectraVarying.jpeg>
Package pdftex.def Info: Figure2/allSpectraVarying.jpeg used on input line 80.
(pdftex.def)             Requested size: 178.39977pt x 113.24246pt.
LaTeX Font Info:    Try loading font information for OMS+phv on input line 89.

(/usr/local/texlive/2015/texmf-dist/tex/latex/psnfss/omsphv.fd
File: omsphv.fd 
)
LaTeX Font Info:    Font shape `OMS/phv/m/n' in size <8> not available
(Font)              Font shape `OMS/cmsy/m/n' tried instead on input line 89.
 [1{/usr/local/texlive/2015/texmf-var/fonts/map/pdftex/updmap/pdftex.map}

] [2 <./Figure1/introSchematic.png> <./Figure1/introExampleFigure.jpeg>]
LaTeX Font Info:    Font shape `OT1/ptm/bx/n' in size <12> not available
(Font)              Font shape `OT1/ptm/b/n' tried instead on input line 95.
LaTeX Font Info:    Font shape `OT1/phv/bx/n' in size <12> not available
(Font)              Font shape `OT1/phv/b/n' tried instead on input line 95.

<Figure3/3DScene.png, id=130, 1027.84pt x 770.88pt>
File: Figure3/3DScene.png Graphic file (type png)
 <use Figure3/3DScene.png>
Package pdftex.def Info: Figure3/3DScene.png used on input line 103.
(pdftex.def)             Requested size: 135.15059pt x 101.35889pt.

<Figure3/croppedImage.png, id=131, 770.88pt x 770.88pt>
File: Figure3/croppedImage.png Graphic file (type png)

<use Figure3/croppedImage.png>
Package pdftex.def Info: Figure3/croppedImage.png used on input line 111.
(pdftex.def)             Requested size: 102.71576pt x 102.7116pt.

Underfull \hbox (badness 10000) in paragraph at lines 110--112
[]
 []

<Figure3/croppedImageWithMosaic.png, id=132, 766.865pt x 770.88pt>
File: Figure3/croppedImageWithMosaic.png Graphic file (type png)

<use Figure3/croppedImageWithMosaic.png>
Package pdftex.def Info: Figure3/croppedImageWithMosaic.png used on input line 
119.
(pdftex.def)             Requested size: 102.71576pt x 103.25269pt.

Underfull \hbox (badness 10000) in paragraph at lines 118--120
[]
 []

<Figure3/coneContrast.png, id=133, 798.985pt x 764.8575pt>
File: Figure3/coneContrast.png Graphic file (type png)

<use Figure3/coneContrast.png>
Package pdftex.def Info: Figure3/coneContrast.png used on input line 125.
(pdftex.def)             Requested size: 108.11882pt x 103.49638pt.
 [3 <./Figure2/targetVarying.jpeg> <./Figure2/targetIlluminantVarying.jpeg> <./
Figure2/allSpectraVarying.jpeg>]
LaTeX Font Info:    Font shape `OT1/phv/bx/sl' in size <10> not available
(Font)              Font shape `OT1/phv/b/sl' tried instead on input line 138.

<Figure4/case9SVD.pdf, id=149, 555.07375pt x 339.2675pt>
File: Figure4/case9SVD.pdf Graphic file (type pdf)

<use Figure4/case9SVD.pdf>
Package pdftex.def Info: Figure4/case9SVD.pdf used on input line 154.
(pdftex.def)             Requested size: 145.96494pt x 89.21693pt.

<Figure4/case9AMA.pdf, id=150, 555.07375pt x 340.27126pt>
File: Figure4/case9AMA.pdf Graphic file (type pdf)

<use Figure4/case9AMA.pdf>
Package pdftex.def Info: Figure4/case9AMA.pdf used on input line 159.
(pdftex.def)             Requested size: 145.96494pt x 89.4809pt.

<Figure4/case9FiltersResponse.pdf, id=151, 501.875pt x 501.875pt>
File: Figure4/case9FiltersResponse.pdf Graphic file (type pdf)

<use Figure4/case9FiltersResponse.pdf>
Package pdftex.def Info: Figure4/case9FiltersResponse.pdf used on input line 16
4.
(pdftex.def)             Requested size: 108.11882pt x 108.11543pt.

<Figure4/case9Results.pdf, id=152, 501.875pt x 501.875pt>
File: Figure4/case9Results.pdf Graphic file (type pdf)

<use Figure4/case9Results.pdf>
Package pdftex.def Info: Figure4/case9Results.pdf used on input line 169.
(pdftex.def)             Requested size: 108.11882pt x 108.11543pt.
 [4 <./Figure3/3DScene.png> <./Figure3/croppedImage.png> <./Figure3/croppedImag
eWithMosaic.png> <./Figure3/coneContrast.png>]
<Figure5/RMSEvsNFilters16.pdf, id=166, 501.875pt x 501.875pt>
File: Figure5/RMSEvsNFilters16.pdf Graphic file (type pdf)

<use Figure5/RMSEvsNFilters16.pdf>
Package pdftex.def Info: Figure5/RMSEvsNFilters16.pdf used on input line 180.
(pdftex.def)             Requested size: 162.18234pt x 162.18082pt.

<Figure6/case10SVD.pdf, id=167, 554.07pt x 337.26pt>
File: Figure6/case10SVD.pdf Graphic file (type pdf)

<use Figure6/case10SVD.pdf>
Package pdftex.def Info: Figure6/case10SVD.pdf used on input line 190.
(pdftex.def)             Requested size: 145.96494pt x 88.84856pt.

<Figure6/case10AMA.pdf, id=168, 554.07pt x 340.27126pt>
File: Figure6/case10AMA.pdf Graphic file (type pdf)

<use Figure6/case10AMA.pdf>
Package pdftex.def Info: Figure6/case10AMA.pdf used on input line 195.
(pdftex.def)             Requested size: 145.96494pt x 89.64185pt.

<Figure6/case10FiltersResponse.pdf, id=169, 501.875pt x 501.875pt>
File: Figure6/case10FiltersResponse.pdf Graphic file (type pdf)

<use Figure6/case10FiltersResponse.pdf>
Package pdftex.def Info: Figure6/case10FiltersResponse.pdf used on input line 2
00.
(pdftex.def)             Requested size: 108.11882pt x 108.11543pt.

<Figure6/case10Results.pdf, id=170, 501.875pt x 501.875pt>
File: Figure6/case10Results.pdf Graphic file (type pdf)

<use Figure6/case10Results.pdf>
Package pdftex.def Info: Figure6/case10Results.pdf used on input line 205.
(pdftex.def)             Requested size: 108.11882pt x 108.11543pt.

<Figure7/case12SVD.pdf, id=173, 552.0625pt x 339.2675pt>
File: Figure7/case12SVD.pdf Graphic file (type pdf)

<use Figure7/case12SVD.pdf>
Package pdftex.def Info: Figure7/case12SVD.pdf used on input line 218.
(pdftex.def)             Requested size: 145.96494pt x 89.70355pt.

<Figure7/case12AMA.pdf, id=174, 555.07375pt x 337.26pt>
File: Figure7/case12AMA.pdf Graphic file (type pdf)

<use Figure7/case12AMA.pdf>
Package pdftex.def Info: Figure7/case12AMA.pdf used on input line 223.
(pdftex.def)             Requested size: 145.96494pt x 88.68903pt.

<Figure7/case12FiltersResponse.pdf, id=175, 501.875pt x 501.875pt>
File: Figure7/case12FiltersResponse.pdf Graphic file (type pdf)

<use Figure7/case12FiltersResponse.pdf>
Package pdftex.def Info: Figure7/case12FiltersResponse.pdf used on input line 2
28.
(pdftex.def)             Requested size: 108.11882pt x 108.11543pt.

<Figure7/case12Results.pdf, id=176, 501.875pt x 501.875pt>
File: Figure7/case12Results.pdf Graphic file (type pdf)

<use Figure7/case12Results.pdf>
Package pdftex.def Info: Figure7/case12Results.pdf used on input line 233.
(pdftex.def)             Requested size: 108.11882pt x 108.11543pt.
 Excluding 'comment' comment.
<Figure10/summaryBarGraph.pdf, id=179, 501.875pt x 501.875pt>
File: Figure10/summaryBarGraph.pdf Graphic file (type pdf)

<use Figure10/summaryBarGraph.pdf>
Package pdftex.def Info: Figure10/summaryBarGraph.pdf used on input line 301.
(pdftex.def)             Requested size: 162.18234pt x 162.18082pt.

<Figure10/SVDSummaryBarGraph.pdf, id=180, 501.875pt x 501.875pt>
File: Figure10/SVDSummaryBarGraph.pdf Graphic file (type pdf)

<use Figure10/SVDSummaryBarGraph.pdf>
Package pdftex.def Info: Figure10/SVDSummaryBarGraph.pdf used on input line 308
.
(pdftex.def)             Requested size: 162.18234pt x 162.18082pt.

<Figure10/AMASummaryBarGraph.pdf, id=181, 501.875pt x 501.875pt>
File: Figure10/AMASummaryBarGraph.pdf Graphic file (type pdf)

<use Figure10/AMASummaryBarGraph.pdf>
Package pdftex.def Info: Figure10/AMASummaryBarGraph.pdf used on input line 315
.
(pdftex.def)             Requested size: 162.18234pt x 162.18082pt.
 [5 <./Figure4/case9SVD.pdf> <./Figure4/case9AMA.pdf> <./Figure4/case9FiltersRe
sponse.pdf> <./Figure4/case9Results.pdf> <./Figure5/RMSEvsNFilters16.pdf>] [6 <
./Figure6/case10SVD.pdf> <./Figure6/case10AMA.pdf> <./Figure6/case10FiltersResp
onse.pdf> <./Figure6/case10Results.pdf> <./Figure7/case12SVD.pdf> <./Figure7/ca
se12AMA.pdf> <./Figure7/case12FiltersResponse.pdf> <./Figure7/case12Results.pdf
> <./Figure10/summaryBarGraph.pdf> <./Figure10/SVDSummaryBarGraph.pdf> <./Figur
e10/AMASummaryBarGraph.pdf>]
<Figure11/baseSceneLibrary.png, id=536, 321.2pt x 240.9pt>
File: Figure11/baseSceneLibrary.png Graphic file (type png)

<use Figure11/baseSceneLibrary.png>
Package pdftex.def Info: Figure11/baseSceneLibrary.png used on input line 349.
(pdftex.def)             Requested size: 118.93317pt x 89.19775pt.

<Figure11/baseSceneMill.png, id=537, 321.2pt x 240.9pt>
File: Figure11/baseSceneMill.png Graphic file (type png)

<use Figure11/baseSceneMill.png>
Package pdftex.def Info: Figure11/baseSceneMill.png used on input line 356.
(pdftex.def)             Requested size: 118.93317pt x 89.19775pt.

<Figure11/baseSceneTableChairs.png, id=538, 321.2pt x 240.9pt>
File: Figure11/baseSceneTableChairs.png Graphic file (type png)

<use Figure11/baseSceneTableChairs.png>
Package pdftex.def Info: Figure11/baseSceneTableChairs.png used on input line 3
63.
(pdftex.def)             Requested size: 118.93317pt x 89.19775pt.

<Figure11/baseSceneIndoorPlant.png, id=539, 321.2pt x 240.9pt>
File: Figure11/baseSceneIndoorPlant.png Graphic file (type png)

<use Figure11/baseSceneIndoorPlant.png>
Package pdftex.def Info: Figure11/baseSceneIndoorPlant.png used on input line 3
69.
(pdftex.def)             Requested size: 118.93317pt x 89.19775pt.

<Figure11/baseSceneWarehouse.png, id=540, 321.2pt x 240.9pt>
File: Figure11/baseSceneWarehouse.png Graphic file (type png)

<use Figure11/baseSceneWarehouse.png>
Package pdftex.def Info: Figure11/baseSceneWarehouse.png used on input line 375
.
(pdftex.def)             Requested size: 118.93317pt x 89.19775pt.

<Figure11/baseSceneCheckerBoard.png, id=541, 321.2pt x 240.9pt>
File: Figure11/baseSceneCheckerBoard.png Graphic file (type png)

<use Figure11/baseSceneCheckerBoard.png>
Package pdftex.def Info: Figure11/baseSceneCheckerBoard.png used on input line 
381.
(pdftex.def)             Requested size: 118.93317pt x 89.19775pt.
 [7]
<Figure12/libraryWithBigBall.png, id=552, 321.2pt x 240.9pt>
File: Figure12/libraryWithBigBall.png Graphic file (type png)

<use Figure12/libraryWithBigBall.png>
Package pdftex.def Info: Figure12/libraryWithBigBall.png used on input line 394
.
(pdftex.def)             Requested size: 118.93317pt x 89.19775pt.

<Figure12/libraryWithSmallBall.png, id=553, 321.2pt x 240.9pt>
File: Figure12/libraryWithSmallBall.png Graphic file (type png)

<use Figure12/libraryWithSmallBall.png>
Package pdftex.def Info: Figure12/libraryWithSmallBall.png used on input line 4
01.
(pdftex.def)             Requested size: 118.93317pt x 89.19775pt.

<Figure12/libraryWithBarrel.png, id=554, 321.2pt x 240.9pt>
File: Figure12/libraryWithBarrel.png Graphic file (type png)

<use Figure12/libraryWithBarrel.png>
Package pdftex.def Info: Figure12/libraryWithBarrel.png used on input line 408.

(pdftex.def)             Requested size: 118.93317pt x 89.19775pt.

<Figure12/libraryWithXylophone.png, id=555, 321.2pt x 240.9pt>
File: Figure12/libraryWithXylophone.png Graphic file (type png)

<use Figure12/libraryWithXylophone.png>
Package pdftex.def Info: Figure12/libraryWithXylophone.png used on input line 4
14.
(pdftex.def)             Requested size: 118.93317pt x 89.19775pt.

<Figure12/libraryWithRingToy.png, id=556, 321.2pt x 240.9pt>
File: Figure12/libraryWithRingToy.png Graphic file (type png)

<use Figure12/libraryWithRingToy.png>
Package pdftex.def Info: Figure12/libraryWithRingToy.png used on input line 420
.
(pdftex.def)             Requested size: 118.93317pt x 89.19775pt.

<Figure12/libraryWithChampagneBottle.png, id=557, 321.2pt x 240.9pt>
File: Figure12/libraryWithChampagneBottle.png Graphic file (type png)

<use Figure12/libraryWithChampagneBottle.png>
Package pdftex.def Info: Figure12/libraryWithChampagneBottle.png used on input 
line 426.
(pdftex.def)             Requested size: 118.93317pt x 89.19775pt.


LaTeX Warning: Reference `fig:objectTransformations' on page 8 undefined on inp
ut line 433.

[8 <./Figure11/baseSceneLibrary.png (PNG copy)> <./Figure11/baseSceneMill.png (
PNG copy)> <./Figure11/baseSceneTableChairs.png (PNG copy)> <./Figure11/baseSce
neIndoorPlant.png (PNG copy)> <./Figure11/baseSceneWarehouse.png (PNG copy)> <.
/Figure11/baseSceneCheckerBoard.png (PNG copy)> <./Figure12/libraryWithBigBall.
png> <./Figure12/libraryWithSmallBall.png> <./Figure12/libraryWithBarrel.png> <
./Figure12/libraryWithXylophone.png> <./Figure12/libraryWithRingToy.png> <./Fig
ure12/libraryWithChampagneBottle.png>]
<Figure13/targetVariation.png, id=570, 326.21875pt x 739.76375pt>
File: Figure13/targetVariation.png Graphic file (type png)

<use Figure13/targetVariation.png>
Package pdftex.def Info: Figure13/targetVariation.png used on input line 442.
(pdftex.def)             Requested size: 97.30446pt x 220.6553pt.

<Figure13/backgroundVariation.png, id=571, 326.21875pt x 739.76375pt>
File: Figure13/backgroundVariation.png Graphic file (type png)

<use Figure13/backgroundVariation.png>
Package pdftex.def Info: Figure13/backgroundVariation.png used on input line 45
0.
(pdftex.def)             Requested size: 97.30446pt x 220.6553pt.

<Figure13/illuminationVariation.png, id=572, 326.21875pt x 739.76375pt>
File: Figure13/illuminationVariation.png Graphic file (type png)

<use Figure13/illuminationVariation.png>
Package pdftex.def Info: Figure13/illuminationVariation.png used on input line 
458.
(pdftex.def)             Requested size: 97.30446pt x 220.6553pt.

<Figure13/targetPosition.png, id=573, 326.21875pt x 739.76375pt>
File: Figure13/targetPosition.png Graphic file (type png)

<use Figure13/targetPosition.png>
Package pdftex.def Info: Figure13/targetPosition.png used on input line 466.
(pdftex.def)             Requested size: 97.30446pt x 220.6553pt.

<Figure13/targetSizeOrientation.png, id=574, 326.21875pt x 739.76375pt>
File: Figure13/targetSizeOrientation.png Graphic file (type png)

<use Figure13/targetSizeOrientation.png>
Package pdftex.def Info: Figure13/targetSizeOrientation.png used on input line 
474.
(pdftex.def)             Requested size: 97.30446pt x 220.6553pt.
 [9 <./Figure13/targetVariation.png> <./Figure13/backgroundVariation.png> <./Fi
gure13/illuminationVariation.png> <./Figure13/targetPosition.png> <./Figure13/t
argetSizeOrientation.png>]
<Figure14/illumination.pdf, id=586, 1204.5pt x 803.0pt>
File: Figure14/illumination.pdf Graphic file (type pdf)

<use Figure14/illumination.pdf>
Package pdftex.def Info: Figure14/illumination.pdf used on input line 495.
(pdftex.def)             Requested size: 540.60236pt x 360.41545pt.
 [10 <./Figure14/illumination.pdf>]
<Figure15/reflectance.pdf, id=608, 1204.5pt x 401.5pt>
File: Figure15/reflectance.pdf Graphic file (type pdf)

<use Figure15/reflectance.pdf>
Package pdftex.def Info: Figure15/reflectance.pdf used on input line 528.
(pdftex.def)             Requested size: 540.60236pt x 180.20772pt.

<Figure16/target.pdf, id=609, 1204.5pt x 401.5pt>
File: Figure16/target.pdf Graphic file (type pdf)
 <use Figure16/target.pdf>
Package pdftex.def Info: Figure16/target.pdf used on input line 566.
(pdftex.def)             Requested size: 540.60236pt x 180.20772pt.

[11 <./Figure15/reflectance.pdf>]
LaTeX Font Info:    Font shape `OT1/ptm/bx/it' in size <10> not available
(Font)              Font shape `OT1/ptm/b/it' tried instead on input line 585.
 [12 <./Figure16/target.pdf>]

LaTeX Warning: Reference `fig:caseIcons' on page 13 undefined on input line 625
.

[13] (./draft1.bbl)
Package atveryend Info: Empty hook `BeforeClearDocument' on input line 641.
 [14]
Package atveryend Info: Empty hook `AfterLastShipout' on input line 641.
 (./draft1.aux)
Package atveryend Info: Executing hook `AtVeryEndDocument' on input line 641.
Package atveryend Info: Executing hook `AtEndAfterFileList' on input line 641.
Package rerunfilecheck Info: File `draft1.out' has not changed.
(rerunfilecheck)             Checksum: C88AAA4173BC34DF7EAE8D70D46757E6;1095.


LaTeX Warning: There were undefined references.


LaTeX Warning: Label(s) may have changed. Rerun to get cross-references right.

Package atveryend Info: Empty hook `AtVeryVeryEnd' on input line 641.
 ) 
Here is how much of TeX's memory you used:
 8051 strings out of 493089
 123956 string characters out of 6134842
 218091 words of memory out of 5000000
 11289 multiletter control sequences out of 15000+600000
 36807 words of font info for 69 fonts, out of 8000000 for 9000
 1141 hyphenation exceptions out of 8191
 42i,14n,40p,1933b,478s stack positions out of 5000i,500n,10000p,200000b,80000s
{/usr/local/texlive/2015/texmf-dist/fonts/enc/dvips/base/8r.enc}</usr/local/t
exlive/2015/texmf-dist/fonts/type1/public/amsfonts/cm/cmbx10.pfb></usr/local/te
xlive/2015/texmf-dist/fonts/type1/public/amsfonts/cm/cmex10.pfb></usr/local/tex
live/2015/texmf-dist/fonts/type1/public/amsfonts/cmextra/cmex7.pfb></usr/local/
texlive/2015/texmf-dist/fonts/type1/public/amsfonts/cm/cmmi10.pfb></usr/local/t
exlive/2015/texmf-dist/fonts/type1/public/amsfonts/cm/cmmi5.pfb></usr/local/tex
live/2015/texmf-dist/fonts/type1/public/amsfonts/cm/cmmi7.pfb></usr/local/texli
ve/2015/texmf-dist/fonts/type1/public/amsfonts/cm/cmr10.pfb></usr/local/texlive
/2015/texmf-dist/fonts/type1/public/amsfonts/cm/cmr5.pfb></usr/local/texlive/20
15/texmf-dist/fonts/type1/public/amsfonts/cm/cmr7.pfb></usr/local/texlive/2015/
texmf-dist/fonts/type1/public/amsfonts/cm/cmsy10.pfb></usr/local/texlive/2015/t
exmf-dist/fonts/type1/public/amsfonts/cm/cmsy5.pfb></usr/local/texlive/2015/tex
mf-dist/fonts/type1/public/amsfonts/cm/cmsy7.pfb></usr/local/texlive/2015/texmf
-dist/fonts/type1/public/amsfonts/cm/cmsy8.pfb></usr/local/texlive/2015/texmf-d
ist/fonts/type1/urw/helvetic/uhvb8a.pfb></usr/local/texlive/2015/texmf-dist/fon
ts/type1/urw/helvetic/uhvbo8a.pfb></usr/local/texlive/2015/texmf-dist/fonts/typ
e1/urw/helvetic/uhvr8a.pfb></usr/local/texlive/2015/texmf-dist/fonts/type1/urw/
helvetic/uhvro8a.pfb></usr/local/texlive/2015/texmf-dist/fonts/type1/urw/times/
utmb8a.pfb></usr/local/texlive/2015/texmf-dist/fonts/type1/urw/times/utmbi8a.pf
b></usr/local/texlive/2015/texmf-dist/fonts/type1/urw/times/utmr8a.pfb></usr/lo
cal/texlive/2015/texmf-dist/fonts/type1/urw/times/utmri8a.pfb></usr/local/texli
ve/2015/texmf-dist/fonts/type1/urw/zapfding/uzdr.pfb>
Output written on draft1.pdf (14 pages, 9931502 bytes).
PDF statistics:
 748 PDF objects out of 1000 (max. 8388607)
 578 compressed objects within 6 object streams
 65 named destinations out of 1000 (max. 500000)
 378 words of extra memory for PDF output out of 10000 (max. 10000000)

