This is pdfTeX, Version 3.14159265-2.6-1.40.17 (TeX Live 2016) (preloaded format=pdflatex 2016.5.22)  22 OCT 2018 11:44
entering extended mode
 restricted \write18 enabled.
 file:line:error style messages enabled.
 %&-line parsing enabled.
**Production.tex
(./Production.tex
LaTeX2e <2016/03/31>
Babel <3.9r> and hyphenation patterns for 83 language(s) loaded.
(./jov.cls
Document Class: jov 2008/12/16 Journal of Vision class
(/usr/local/texlive/2016/texmf-dist/tex/latex/base/article.cls
Document Class: article 2014/09/29 v1.4h Standard LaTeX document class
(/usr/local/texlive/2016/texmf-dist/tex/latex/base/size10.clo
File: size10.clo 2014/09/29 v1.4h Standard LaTeX file (size option)
)
\c@part=\count79
\c@section=\count80
\c@subsection=\count81
\c@subsubsection=\count82
\c@paragraph=\count83
\c@subparagraph=\count84
\c@figure=\count85
\c@table=\count86
\abovecaptionskip=\skip41
\belowcaptionskip=\skip42
\bibindent=\dimen102
)
(/usr/local/texlive/2016/texmf-dist/tex/latex/graphics/color.sty
Package: color 2016/05/09 v1.1c Standard LaTeX Color (DPC)

(/usr/local/texlive/2016/texmf-dist/tex/latex/graphics-cfg/color.cfg
File: color.cfg 2016/01/02 v1.6 sample color configuration
)
Package color Info: Driver file: pdftex.def on input line 144.

(/usr/local/texlive/2016/texmf-dist/tex/latex/pdftex-def/pdftex.def
File: pdftex.def 2011/05/27 v0.06d Graphics/color for pdfTeX

(/usr/local/texlive/2016/texmf-dist/tex/generic/oberdiek/infwarerr.sty
Package: infwarerr 2016/05/16 v1.4 Providing info/warning/error messages (HO)
)
(/usr/local/texlive/2016/texmf-dist/tex/generic/oberdiek/ltxcmds.sty
Package: ltxcmds 2016/05/16 v1.23 LaTeX kernel commands for general use (HO)
)
\Gread@gobject=\count87
))
(/usr/local/texlive/2016/texmf-dist/tex/latex/psnfss/times.sty
Package: times 2005/04/12 PSNFSS-v9.2a (SPQR) 
)
(/usr/local/texlive/2016/texmf-dist/tex/latex/multirow/multirow.sty
\bigstrutjot=\dimen103
)
(/usr/local/texlive/2016/texmf-dist/tex/latex/hyperref/hyperref.sty
Package: hyperref 2016/05/05 v6.83n Hypertext links for LaTeX

(/usr/local/texlive/2016/texmf-dist/tex/generic/oberdiek/hobsub-hyperref.sty
Package: hobsub-hyperref 2016/05/16 v1.14 Bundle oberdiek, subset hyperref (HO)


(/usr/local/texlive/2016/texmf-dist/tex/generic/oberdiek/hobsub-generic.sty
Package: hobsub-generic 2016/05/16 v1.14 Bundle oberdiek, subset generic (HO)
Package: hobsub 2016/05/16 v1.14 Construct package bundles (HO)
Package hobsub Info: Skipping package `infwarerr' (already loaded).
Package hobsub Info: Skipping package `ltxcmds' (already loaded).
Package: ifluatex 2016/05/16 v1.4 Provides the ifluatex switch (HO)
Package ifluatex Info: LuaTeX not detected.
Package: ifvtex 2016/05/16 v1.6 Detect VTeX and its facilities (HO)
Package ifvtex Info: VTeX not detected.
Package: intcalc 2016/05/16 v1.2 Expandable calculations with integers (HO)
Package: ifpdf 2016/05/14 v3.1 Provides the ifpdf switch
Package: etexcmds 2016/05/16 v1.6 Avoid name clashes with e-TeX commands (HO)
Package etexcmds Info: Could not find \expanded.
(etexcmds)             That can mean that you are not using pdfTeX 1.50 or
(etexcmds)             that some package has redefined \expanded.
(etexcmds)             In the latter case, load this package earlier.
Package: kvsetkeys 2016/05/16 v1.17 Key value parser (HO)
Package: kvdefinekeys 2016/05/16 v1.4 Define keys (HO)
Package: pdftexcmds 2016/05/10 v0.21 Utility functions of pdfTeX for LuaTeX (HO
)
Package pdftexcmds Info: LuaTeX not detected.
Package pdftexcmds Info: \pdf@primitive is available.
Package pdftexcmds Info: \pdf@ifprimitive is available.
Package pdftexcmds Info: \pdfdraftmode found.
Package: pdfescape 2016/05/16 v1.14 Implements pdfTeX's escape features (HO)
Package: bigintcalc 2016/05/16 v1.4 Expandable calculations on big integers (HO
)
Package: bitset 2016/05/16 v1.2 Handle bit-vector datatype (HO)
Package: uniquecounter 2016/05/16 v1.3 Provide unlimited unique counter (HO)
)
Package hobsub Info: Skipping package `hobsub' (already loaded).
Package: letltxmacro 2016/05/16 v1.5 Let assignment for LaTeX macros (HO)
Package: hopatch 2016/05/16 v1.3 Wrapper for package hooks (HO)
Package: xcolor-patch 2016/05/16 xcolor patch
Package: atveryend 2016/05/16 v1.9 Hooks at the very end of document (HO)
Package atveryend Info: \enddocument detected (standard20110627).
Package: atbegshi 2016/05/16 v1.17 At begin shipout hook (HO)
Package: refcount 2016/05/16 v3.5 Data extraction from label references (HO)
Package: hycolor 2016/05/16 v1.8 Color options for hyperref/bookmark (HO)
)
(/usr/local/texlive/2016/texmf-dist/tex/latex/graphics/keyval.sty
Package: keyval 2014/10/28 v1.15 key=value parser (DPC)
\KV@toks@=\toks14
)
(/usr/local/texlive/2016/texmf-dist/tex/generic/ifxetex/ifxetex.sty
Package: ifxetex 2010/09/12 v0.6 Provides ifxetex conditional
)
(/usr/local/texlive/2016/texmf-dist/tex/latex/oberdiek/auxhook.sty
Package: auxhook 2016/05/16 v1.4 Hooks for auxiliary files (HO)
)
(/usr/local/texlive/2016/texmf-dist/tex/latex/oberdiek/kvoptions.sty
Package: kvoptions 2016/05/16 v3.12 Key value format for package options (HO)
)
\@linkdim=\dimen104
\Hy@linkcounter=\count88
\Hy@pagecounter=\count89

(/usr/local/texlive/2016/texmf-dist/tex/latex/hyperref/pd1enc.def
File: pd1enc.def 2016/05/05 v6.83n Hyperref: PDFDocEncoding definition (HO)
)
\Hy@SavedSpaceFactor=\count90

(/usr/local/texlive/2016/texmf-dist/tex/latex/latexconfig/hyperref.cfg
File: hyperref.cfg 2002/06/06 v1.2 hyperref configuration of TeXLive
)
Package hyperref Info: Option `colorlinks' set `true' on input line 4322.
Package hyperref Info: Option `pageanchor' set `true' on input line 4322.
Package hyperref Info: Hyper figures OFF on input line 4446.
Package hyperref Info: Link nesting OFF on input line 4451.
Package hyperref Info: Hyper index ON on input line 4454.
Package hyperref Info: Plain pages OFF on input line 4461.
Package hyperref Info: Backreferencing OFF on input line 4466.
Package hyperref Info: Implicit mode ON; LaTeX internals redefined.
Package hyperref Info: Bookmarks ON on input line 4691.
\c@Hy@tempcnt=\count91

(/usr/local/texlive/2016/texmf-dist/tex/latex/url/url.sty
\Urlmuskip=\muskip10
Package: url 2013/09/16  ver 3.4  Verb mode for urls, etc.
)
LaTeX Info: Redefining \url on input line 5044.
\XeTeXLinkMargin=\dimen105
\Fld@menulength=\count92
\Field@Width=\dimen106
\Fld@charsize=\dimen107
Package hyperref Info: Hyper figures OFF on input line 6298.
Package hyperref Info: Link nesting OFF on input line 6303.
Package hyperref Info: Hyper index ON on input line 6306.
Package hyperref Info: backreferencing OFF on input line 6313.
Package hyperref Info: Link coloring ON on input line 6316.
Package hyperref Info: Link coloring with OCG OFF on input line 6323.
Package hyperref Info: PDF/A mode OFF on input line 6328.
LaTeX Info: Redefining \ref on input line 6368.
LaTeX Info: Redefining \pageref on input line 6372.
\Hy@abspage=\count93
\c@Item=\count94
\c@Hfootnote=\count95
)

Package hyperref Message: Driver (autodetected): hpdftex.

(/usr/local/texlive/2016/texmf-dist/tex/latex/hyperref/hpdftex.def
File: hpdftex.def 2016/05/05 v6.83n Hyperref driver for pdfTeX
\Fld@listcount=\count96
\c@bookmark@seq@number=\count97

(/usr/local/texlive/2016/texmf-dist/tex/latex/oberdiek/rerunfilecheck.sty
Package: rerunfilecheck 2016/05/16 v1.8 Rerun checks for auxiliary files (HO)
Package uniquecounter Info: New unique counter `rerunfilecheck' on input line 2
82.
)
\Hy@SectionHShift=\skip43
)
(./jovcite.sty
Package: jovcite 2008/12/22 Journal of Vision, inofficial LaTeX stylesheet
\c@BibCnt=\count98
\bibleftmargin=\skip44
\bibindent=\skip45
\bibparsep=\skip46
\bibitemsep=\skip47
) (/usr/local/texlive/2016/texmf-dist/tex/latex/psnfss/pifont.sty
Package: pifont 2005/04/12 PSNFSS-v9.2a Pi font support (SPQR) 
LaTeX Font Info:    Try loading font information for U+pzd on input line 63.
(/usr/local/texlive/2016/texmf-dist/tex/latex/psnfss/upzd.fd
File: upzd.fd 2001/06/04 font definitions for U/pzd.
)
LaTeX Font Info:    Try loading font information for U+psy on input line 64.

(/usr/local/texlive/2016/texmf-dist/tex/latex/psnfss/upsy.fd
File: upsy.fd 2001/06/04 font definitions for U/psy.
))
\c@nauthors=\count99
)
(/usr/local/texlive/2016/texmf-dist/tex/latex/graphics/graphicx.sty
Package: graphicx 2014/10/28 v1.0g Enhanced LaTeX Graphics (DPC,SPQR)

(/usr/local/texlive/2016/texmf-dist/tex/latex/graphics/graphics.sty
Package: graphics 2016/05/09 v1.0r Standard LaTeX Graphics (DPC,SPQR)

(/usr/local/texlive/2016/texmf-dist/tex/latex/graphics/trig.sty
Package: trig 2016/01/03 v1.10 sin cos tan (DPC)
)
(/usr/local/texlive/2016/texmf-dist/tex/latex/graphics-cfg/graphics.cfg
File: graphics.cfg 2016/01/02 v1.10 sample graphics configuration
)
Package graphics Info: Driver file: pdftex.def on input line 96.
)
\Gin@req@height=\dimen108
\Gin@req@width=\dimen109
)
(/usr/local/texlive/2016/texmf-dist/tex/latex/caption/subcaption.sty
Package: subcaption 2016/02/20 v1.1-142 Sub-captions (AR)

(/usr/local/texlive/2016/texmf-dist/tex/latex/caption/caption.sty
Package: caption 2016/02/21 v3.3-144 Customizing captions (AR)

(/usr/local/texlive/2016/texmf-dist/tex/latex/caption/caption3.sty
Package: caption3 2016/02/04 v1.7-139 caption3 kernel (AR)
Package caption3 Info: TeX engine: e-TeX on input line 67.
\captionmargin=\dimen110
\captionmargin@=\dimen111
\captionwidth=\dimen112
\caption@tempdima=\dimen113
\caption@indent=\dimen114
\caption@parindent=\dimen115
\caption@hangindent=\dimen116
Package caption Info: Unknown document class (or package),
(caption)             standard defaults will be used.
)

Package caption Warning: Unsupported document class (or package) detected,
(caption)                usage of the caption package is not recommended.
See the caption package documentation for explanation.

Package caption Info: \@makecaption = \long macro:#1#2->\vskip \abovecaptionski
p \sbox \@tempboxa {{\captionfonts #1: #2}}\ifdim \wd \@tempboxa >\hsize {\capt
ionfonts #1: #2\par } \else \hbox to\hsize {\hfil \box \@tempboxa \hfil }\fi \v
skip \belowcaptionskip .
\c@ContinuedFloat=\count100
Package caption Info: hyperref package is loaded.
)
\c@subfigure=\count101
\c@subtable=\count102
) (/usr/local/texlive/2016/texmf-dist/tex/latex/amsmath/amsmath.sty
Package: amsmath 2016/03/10 v2.15b AMS math features
\@mathmargin=\skip48

For additional information on amsmath, use the `?' option.
(/usr/local/texlive/2016/texmf-dist/tex/latex/amsmath/amstext.sty
Package: amstext 2000/06/29 v2.01 AMS text

(/usr/local/texlive/2016/texmf-dist/tex/latex/amsmath/amsgen.sty
File: amsgen.sty 1999/11/30 v2.0 generic functions
\@emptytoks=\toks15
\ex@=\dimen117
))
(/usr/local/texlive/2016/texmf-dist/tex/latex/amsmath/amsbsy.sty
Package: amsbsy 1999/11/29 v1.2d Bold Symbols
\pmbraise@=\dimen118
)
(/usr/local/texlive/2016/texmf-dist/tex/latex/amsmath/amsopn.sty
Package: amsopn 2016/03/08 v2.02 operator names
)
\inf@bad=\count103
LaTeX Info: Redefining \frac on input line 199.
\uproot@=\count104
\leftroot@=\count105
LaTeX Info: Redefining \overline on input line 297.
\classnum@=\count106
\DOTSCASE@=\count107
LaTeX Info: Redefining \ldots on input line 394.
LaTeX Info: Redefining \dots on input line 397.
LaTeX Info: Redefining \cdots on input line 518.
\Mathstrutbox@=\box26
\strutbox@=\box27
\big@size=\dimen119
LaTeX Font Info:    Redeclaring font encoding OML on input line 634.
LaTeX Font Info:    Redeclaring font encoding OMS on input line 635.
\macc@depth=\count108
\c@MaxMatrixCols=\count109
\dotsspace@=\muskip11
\c@parentequation=\count110
\dspbrk@lvl=\count111
\tag@help=\toks16
\row@=\count112
\column@=\count113
\maxfields@=\count114
\andhelp@=\toks17
\eqnshift@=\dimen120
\alignsep@=\dimen121
\tagshift@=\dimen122
\tagwidth@=\dimen123
\totwidth@=\dimen124
\lineht@=\dimen125
\@envbody=\toks18
\multlinegap=\skip49
\multlinetaggap=\skip50
\mathdisplay@stack=\toks19
LaTeX Info: Redefining \[ on input line 2739.
LaTeX Info: Redefining \] on input line 2740.
)
(/usr/local/texlive/2016/texmf-dist/tex/latex/bbm-macros/bbm.sty
Package: bbm 1999/03/15 V 1.2 provides fonts for set symbols - TH
LaTeX Font Info:    Overwriting math alphabet `\mathbbm' in version `bold'
(Font)                  U/bbm/m/n --> U/bbm/bx/n on input line 33.
LaTeX Font Info:    Overwriting math alphabet `\mathbbmss' in version `bold'
(Font)                  U/bbmss/m/n --> U/bbmss/bx/n on input line 35.
)
(/usr/local/texlive/2016/texmf-dist/tex/latex/amsfonts/amssymb.sty
Package: amssymb 2013/01/14 v3.01 AMS font symbols

(/usr/local/texlive/2016/texmf-dist/tex/latex/amsfonts/amsfonts.sty
Package: amsfonts 2013/01/14 v3.01 Basic AMSFonts support
\symAMSa=\mathgroup4
\symAMSb=\mathgroup5
LaTeX Font Info:    Overwriting math alphabet `\mathfrak' in version `bold'
(Font)                  U/euf/m/n --> U/euf/b/n on input line 106.
))
(/usr/local/texlive/2016/texmf-dist/tex/latex/comment/comment.sty
\CommentStream=\write3

Excluding comment 'comment')
(/usr/local/texlive/2016/texmf-dist/tex/latex/was/gensymb.sty
Package: gensymb 2003/07/02 v1.0 (WaS)
)
(./Production.aux)
\openout1 = `Production.aux'.

LaTeX Font Info:    Checking defaults for OML/cmm/m/it on input line 13.
LaTeX Font Info:    ... okay on input line 13.
LaTeX Font Info:    Checking defaults for T1/cmr/m/n on input line 13.
LaTeX Font Info:    ... okay on input line 13.
LaTeX Font Info:    Checking defaults for OT1/cmr/m/n on input line 13.
LaTeX Font Info:    ... okay on input line 13.
LaTeX Font Info:    Checking defaults for OMS/cmsy/m/n on input line 13.
LaTeX Font Info:    ... okay on input line 13.
LaTeX Font Info:    Checking defaults for OMX/cmex/m/n on input line 13.
LaTeX Font Info:    ... okay on input line 13.
LaTeX Font Info:    Checking defaults for U/cmr/m/n on input line 13.
LaTeX Font Info:    ... okay on input line 13.
LaTeX Font Info:    Checking defaults for PD1/pdf/m/n on input line 13.
LaTeX Font Info:    ... okay on input line 13.
LaTeX Font Info:    Try loading font information for OT1+ptm on input line 13.

(/usr/local/texlive/2016/texmf-dist/tex/latex/psnfss/ot1ptm.fd
File: ot1ptm.fd 2001/06/04 font definitions for OT1/ptm.
)
(/usr/local/texlive/2016/texmf-dist/tex/context/base/mkii/supp-pdf.mkii
[Loading MPS to PDF converter (version 2006.09.02).]
\scratchcounter=\count115
\scratchdimen=\dimen126
\scratchbox=\box28
\nofMPsegments=\count116
\nofMParguments=\count117
\everyMPshowfont=\toks20
\MPscratchCnt=\count118
\MPscratchDim=\dimen127
\MPnumerator=\count119
\makeMPintoPDFobject=\count120
\everyMPtoPDFconversion=\toks21
)
\AtBeginShipoutBox=\box29
Package hyperref Info: Link coloring ON on input line 13.
 (/usr/local/texlive/2016/texmf-dist/tex/latex/hyperref/nameref.sty
Package: nameref 2012/10/27 v2.43 Cross-referencing by name of section

(/usr/local/texlive/2016/texmf-dist/tex/generic/oberdiek/gettitlestring.sty
Package: gettitlestring 2016/05/16 v1.5 Cleanup title references (HO)
)
\c@section@level=\count121
)
LaTeX Info: Redefining \ref on input line 13.
LaTeX Info: Redefining \pageref on input line 13.
LaTeX Info: Redefining \nameref on input line 13.

(./Production.out) (./Production.out)
\@outlinefile=\write4
\openout4 = `Production.out'.

 (./english.apc
File: english.apc 2007/09/03 v4.00 apacite language file
)
(/usr/local/texlive/2016/texmf-dist/tex/latex/oberdiek/epstopdf-base.sty
Package: epstopdf-base 2016/05/15 v2.6 Base part for package epstopdf

(/usr/local/texlive/2016/texmf-dist/tex/latex/oberdiek/grfext.sty
Package: grfext 2016/05/16 v1.2 Manage graphics extensions (HO)
)
Package grfext Info: Graphics extension search list:
(grfext)             [.png,.pdf,.jpg,.mps,.jpeg,.jbig2,.jb2,.PNG,.PDF,.JPG,.JPE
G,.JBIG2,.JB2,.eps]
(grfext)             \AppendGraphicsExtensions on input line 456.

(/usr/local/texlive/2016/texmf-dist/tex/latex/latexconfig/epstopdf-sys.cfg
File: epstopdf-sys.cfg 2010/07/13 v1.3 Configuration of (r)epstopdf for TeX Liv
e
))
Package caption Info: Begin \AtBeginDocument code.
Package caption Info: End \AtBeginDocument code.
LaTeX Info: Redefining \celsius on input line 13.
Package gensymb Info: Faking symbols for \degree and \celsius on input line 13.



Package gensymb Warning: Not defining \perthousand.

LaTeX Info: Redefining \ohm on input line 13.
Package gensymb Info: Using \Omega for \ohm on input line 13.

Package gensymb Warning: Not defining \micro.

LaTeX Font Info:    Try loading font information for OT1+phv on input line 54.
(/usr/local/texlive/2016/texmf-dist/tex/latex/psnfss/ot1phv.fd
File: ot1phv.fd 2001/06/04 scalable font definitions for OT1/phv.
)
LaTeX Font Info:    Try loading font information for U+msa on input line 54.

(/usr/local/texlive/2016/texmf-dist/tex/latex/amsfonts/umsa.fd
File: umsa.fd 2013/01/14 v3.01 AMS symbols A
)
LaTeX Font Info:    Try loading font information for U+msb on input line 54.

(/usr/local/texlive/2016/texmf-dist/tex/latex/amsfonts/umsb.fd
File: umsb.fd 2013/01/14 v3.01 AMS symbols B
)
LaTeX Font Info:    Font shape `OT1/ptm/bx/n' in size <14.4> not available
(Font)              Font shape `OT1/ptm/b/n' tried instead on input line 54.
LaTeX Font Info:    Font shape `OT1/phv/bx/n' in size <14.4> not available
(Font)              Font shape `OT1/phv/b/n' tried instead on input line 54.


Package hyperref Warning: Suppressing link with empty target on input line 54.


Overfull \vbox (7.80003pt too high) detected at line 54
 []


Package hyperref Warning: Suppressing link with empty target on input line 54.


Overfull \vbox (7.80003pt too high) detected at line 54
 []


Package hyperref Warning: Suppressing link with empty target on input line 54.


Overfull \vbox (7.80003pt too high) detected at line 54
 []


Package hyperref Warning: Suppressing link with empty target on input line 54.


Overfull \vbox (7.80003pt too high) detected at line 54
 []


Package hyperref Warning: Suppressing link with empty target on input line 54.


Overfull \vbox (7.80003pt too high) detected at line 54
 []


Overfull \hbox (9.23186pt too wide) in paragraph at lines 54--54
[] 
 []

[1{/usr/local/texlive/2016/texmf-var/fonts/map/pdftex/updmap/pdftex.map}

]
Package epstopdf Info: Source file: <Figure1.eps>
(epstopdf)                    date: 2018-10-22 11:40:45
(epstopdf)                    size: 5227070 bytes
(epstopdf)             Output file: <Figure1-eps-converted-to.pdf>
(epstopdf)                    date: 2018-10-22 11:40:45
(epstopdf)                    size: 483465 bytes
(epstopdf)             Command: <repstopdf --outfile=Figure1-eps-converted-to.p
df Figure1.eps>
(epstopdf)             \includegraphics on input line 76.
Package epstopdf Info: Output file is already uptodate.

<Figure1-eps-converted-to.pdf, id=124, 501.875pt x 201.75375pt>
File: Figure1-eps-converted-to.pdf Graphic file (type pdf)

<use Figure1-eps-converted-to.pdf>
Package pdftex.def Info: Figure1-eps-converted-to.pdf used on input line 76.
(pdftex.def)             Requested size: 501.87376pt x 201.75325pt.
LaTeX Font Info:    Font shape `OT1/ptm/bx/n' in size <10> not available
(Font)              Font shape `OT1/ptm/b/n' tried instead on input line 84.
 [2] [3 <./Figure1-eps-converted-to.pdf>]
Package epstopdf Info: Source file: <Figure2.eps>
(epstopdf)                    date: 2018-10-22 11:40:45
(epstopdf)                    size: 1981630 bytes
(epstopdf)             Output file: <Figure2-eps-converted-to.pdf>
(epstopdf)                    date: 2018-10-22 11:40:45
(epstopdf)                    size: 151953 bytes
(epstopdf)             Command: <repstopdf --outfile=Figure2-eps-converted-to.p
df Figure2.eps>
(epstopdf)             \includegraphics on input line 113.
Package epstopdf Info: Output file is already uptodate.

<Figure2-eps-converted-to.pdf, id=231, 502.87875pt x 140.525pt>
File: Figure2-eps-converted-to.pdf Graphic file (type pdf)

<use Figure2-eps-converted-to.pdf>
Package pdftex.def Info: Figure2-eps-converted-to.pdf used on input line 113.
(pdftex.def)             Requested size: 502.87752pt x 140.52464pt.
LaTeX Font Info:    Font shape `OT1/ptm/bx/n' in size <12> not available
(Font)              Font shape `OT1/ptm/b/n' tried instead on input line 118.
LaTeX Font Info:    Font shape `OT1/phv/bx/n' in size <12> not available
(Font)              Font shape `OT1/phv/b/n' tried instead on input line 118.
LaTeX Font Info:    Font shape `OT1/phv/bx/sl' in size <10> not available
(Font)              Font shape `OT1/phv/b/sl' tried instead on input line 122.
 [4 <./Figure2-eps-converted-to.pdf>]
Package epstopdf Info: Source file: <Figure3.eps>
(epstopdf)                    date: 2018-10-22 11:40:45
(epstopdf)                    size: 2241814 bytes
(epstopdf)             Output file: <Figure3-eps-converted-to.pdf>
(epstopdf)                    date: 2018-10-22 11:40:45
(epstopdf)                    size: 150675 bytes
(epstopdf)             Command: <repstopdf --outfile=Figure3-eps-converted-to.p
df Figure3.eps>
(epstopdf)             \includegraphics on input line 141.
Package epstopdf Info: Output file is already uptodate.

<Figure3-eps-converted-to.pdf, id=261, 511.9125pt x 115.43124pt>
File: Figure3-eps-converted-to.pdf Graphic file (type pdf)

<use Figure3-eps-converted-to.pdf>
Package pdftex.def Info: Figure3-eps-converted-to.pdf used on input line 141.
(pdftex.def)             Requested size: 511.91125pt x 115.43095pt.
 [5 <./Figure3-eps-converted-to.pdf>]
Package epstopdf Info: Source file: <Figure4.eps>
(epstopdf)                    date: 2018-10-22 11:40:45
(epstopdf)                    size: 6543698 bytes
(epstopdf)             Output file: <Figure4-eps-converted-to.pdf>
(epstopdf)                    date: 2018-10-22 11:40:45
(epstopdf)                    size: 449461 bytes
(epstopdf)             Command: <repstopdf --outfile=Figure4-eps-converted-to.p
df Figure4.eps>
(epstopdf)             \includegraphics on input line 175.
Package epstopdf Info: Output file is already uptodate.

<Figure4-eps-converted-to.pdf, id=293, 506.89375pt x 238.8925pt>
File: Figure4-eps-converted-to.pdf Graphic file (type pdf)

<use Figure4-eps-converted-to.pdf>
Package pdftex.def Info: Figure4-eps-converted-to.pdf used on input line 175.
(pdftex.def)             Requested size: 506.89252pt x 238.8919pt.
Package epstopdf Info: Source file: <Figure5.eps>
(epstopdf)                    date: 2018-10-22 11:40:45
(epstopdf)                    size: 10246026 bytes
(epstopdf)             Output file: <Figure5-eps-converted-to.pdf>
(epstopdf)                    date: 2018-10-22 11:40:45
(epstopdf)                    size: 343003 bytes
(epstopdf)             Command: <repstopdf --outfile=Figure5-eps-converted-to.p
df Figure5.eps>
(epstopdf)             \includegraphics on input line 193.
Package epstopdf Info: Output file is already uptodate.

<Figure5-eps-converted-to.pdf, id=295, 505.89pt x 127.47626pt>
File: Figure5-eps-converted-to.pdf Graphic file (type pdf)

<use Figure5-eps-converted-to.pdf>
Package pdftex.def Info: Figure5-eps-converted-to.pdf used on input line 193.
(pdftex.def)             Requested size: 505.88875pt x 127.47594pt.
Package epstopdf Info: Source file: <Figure6.eps>
(epstopdf)                    date: 2018-10-22 11:40:45
(epstopdf)                    size: 48004978 bytes
(epstopdf)             Output file: <Figure6-eps-converted-to.pdf>
(epstopdf)                    date: 2018-10-22 11:40:45
(epstopdf)                    size: 333340 bytes
(epstopdf)             Command: <repstopdf --outfile=Figure6-eps-converted-to.p
df Figure6.eps>
(epstopdf)             \includegraphics on input line 207.
Package epstopdf Info: Output file is already uptodate.

<Figure6-eps-converted-to.pdf, id=303, 492.84125pt x 128.48pt>
File: Figure6-eps-converted-to.pdf Graphic file (type pdf)

<use Figure6-eps-converted-to.pdf>
Package pdftex.def Info: Figure6-eps-converted-to.pdf used on input line 207.
(pdftex.def)             Requested size: 492.84003pt x 128.47968pt.
 [6 <./Figure4-eps-converted-to.pdf>]
Package epstopdf Info: Source file: <Figure7.eps>
(epstopdf)                    date: 2018-10-22 11:40:45
(epstopdf)                    size: 2701966 bytes
(epstopdf)             Output file: <Figure7-eps-converted-to.pdf>
(epstopdf)                    date: 2018-10-22 11:40:45
(epstopdf)                    size: 292989 bytes
(epstopdf)             Command: <repstopdf --outfile=Figure7-eps-converted-to.p
df Figure7.eps>
(epstopdf)             \includegraphics on input line 229.
Package epstopdf Info: Output file is already uptodate.

<Figure7-eps-converted-to.pdf, id=342, 495.8525pt x 128.48pt>
File: Figure7-eps-converted-to.pdf Graphic file (type pdf)

<use Figure7-eps-converted-to.pdf>
Package pdftex.def Info: Figure7-eps-converted-to.pdf used on input line 229.
(pdftex.def)             Requested size: 495.85129pt x 128.47968pt.
Package epstopdf Info: Source file: <Figure8.eps>
(epstopdf)                    date: 2018-10-22 11:40:45
(epstopdf)                    size: 448070 bytes
(epstopdf)             Output file: <Figure8-eps-converted-to.pdf>
(epstopdf)                    date: 2018-10-22 11:40:45
(epstopdf)                    size: 24944 bytes
(epstopdf)             Command: <repstopdf --outfile=Figure8-eps-converted-to.p
df Figure8.eps>
(epstopdf)             \includegraphics on input line 243.
Package epstopdf Info: Output file is already uptodate.

<Figure8-eps-converted-to.pdf, id=351, 252.945pt x 233.87375pt>
File: Figure8-eps-converted-to.pdf Graphic file (type pdf)

<use Figure8-eps-converted-to.pdf>
Package pdftex.def Info: Figure8-eps-converted-to.pdf used on input line 243.
(pdftex.def)             Requested size: 153.64644pt x 142.06323pt.
 [7 <./Figure5-eps-converted-to.pdf>]
[8 <./Figure6-eps-converted-to.pdf> <./Figure7-eps-converted-to.pdf>]
Package epstopdf Info: Source file: <Figure9.eps>
(epstopdf)                    date: 2018-10-22 11:40:45
(epstopdf)                    size: 7882934 bytes
(epstopdf)             Output file: <Figure9-eps-converted-to.pdf>
(epstopdf)                    date: 2018-10-22 11:40:45
(epstopdf)                    size: 449094 bytes
(epstopdf)             Command: <repstopdf --outfile=Figure9-eps-converted-to.p
df Figure9.eps>
(epstopdf)             \includegraphics on input line 255.
Package epstopdf Info: Output file is already uptodate.

<Figure9-eps-converted-to.pdf, id=485, 476.78125pt x 112.42pt>
File: Figure9-eps-converted-to.pdf Graphic file (type pdf)

<use Figure9-eps-converted-to.pdf>
Package pdftex.def Info: Figure9-eps-converted-to.pdf used on input line 255.
(pdftex.def)             Requested size: 476.78008pt x 112.41972pt.
 [9 <./Figure8-eps-converted-to.pdf>]
[10 <./Figure9-eps-converted-to.pdf>] [11]
Package epstopdf Info: Source file: <Figure10.eps>
(epstopdf)                    date: 2018-10-22 11:40:45
(epstopdf)                    size: 4451946 bytes
(epstopdf)             Output file: <Figure10-eps-converted-to.pdf>
(epstopdf)                    date: 2018-10-22 11:40:45
(epstopdf)                    size: 510318 bytes
(epstopdf)             Command: <repstopdf --outfile=Figure10-eps-converted-to.
pdf Figure10.eps>
(epstopdf)             \includegraphics on input line 347.
Package epstopdf Info: Output file is already uptodate.

<Figure10-eps-converted-to.pdf, id=564, 421.575pt x 144.54pt>
File: Figure10-eps-converted-to.pdf Graphic file (type pdf)

<use Figure10-eps-converted-to.pdf>
Package pdftex.def Info: Figure10-eps-converted-to.pdf used on input line 347.
(pdftex.def)             Requested size: 421.57396pt x 144.53963pt.
 [12 <./Figure10-eps-converted-to.pdf>]
Package epstopdf Info: Source file: <Figure11.eps>
(epstopdf)                    date: 2018-10-22 11:40:45
(epstopdf)                    size: 7475806 bytes
(epstopdf)             Output file: <Figure11-eps-converted-to.pdf>
(epstopdf)                    date: 2018-10-22 11:40:45
(epstopdf)                    size: 277511 bytes
(epstopdf)             Command: <repstopdf --outfile=Figure11-eps-converted-to.
pdf Figure11.eps>
(epstopdf)             \includegraphics on input line 404.
Package epstopdf Info: Output file is already uptodate.

<Figure11-eps-converted-to.pdf, id=650, 489.83pt x 140.525pt>
File: Figure11-eps-converted-to.pdf Graphic file (type pdf)

<use Figure11-eps-converted-to.pdf>
Package pdftex.def Info: Figure11-eps-converted-to.pdf used on input line 404.
(pdftex.def)             Requested size: 489.8288pt x 140.52464pt.
 [13 <./Figure11-eps-converted-to.pdf>]
Package epstopdf Info: Source file: <Figure12.eps>
(epstopdf)                    date: 2018-10-22 11:40:45
(epstopdf)                    size: 4956022 bytes
(epstopdf)             Output file: <Figure12-eps-converted-to.pdf>
(epstopdf)                    date: 2018-10-22 11:40:45
(epstopdf)                    size: 480268 bytes
(epstopdf)             Command: <repstopdf --outfile=Figure12-eps-converted-to.
pdf Figure12.eps>
(epstopdf)             \includegraphics on input line 449.
Package epstopdf Info: Output file is already uptodate.

<Figure12-eps-converted-to.pdf, id=760, 420.57124pt x 141.52875pt>
File: Figure12-eps-converted-to.pdf Graphic file (type pdf)

<use Figure12-eps-converted-to.pdf>
Package pdftex.def Info: Figure12-eps-converted-to.pdf used on input line 449.
(pdftex.def)             Requested size: 420.57022pt x 141.5284pt.
Package epstopdf Info: Source file: <Figure13.eps>
(epstopdf)                    date: 2018-10-22 11:40:45
(epstopdf)                    size: 425434 bytes
(epstopdf)             Output file: <Figure13-eps-converted-to.pdf>
(epstopdf)                    date: 2018-10-22 11:40:45
(epstopdf)                    size: 25837 bytes
(epstopdf)             Command: <repstopdf --outfile=Figure13-eps-converted-to.
pdf Figure13.eps>
(epstopdf)             \includegraphics on input line 477.
Package epstopdf Info: Output file is already uptodate.

<Figure13-eps-converted-to.pdf, id=765, 351.3125pt x 177.66376pt>
File: Figure13-eps-converted-to.pdf Graphic file (type pdf)

<use Figure13-eps-converted-to.pdf>
Package pdftex.def Info: Figure13-eps-converted-to.pdf used on input line 477.
(pdftex.def)             Requested size: 351.31163pt x 177.66331pt.
 [14 <./Figure12-eps-converted-to.pdf>]
[15 <./Figure13-eps-converted-to.pdf>]
Package epstopdf Info: Source file: <Figure14.eps>
(epstopdf)                    date: 2018-10-22 11:40:45
(epstopdf)                    size: 343718 bytes
(epstopdf)             Output file: <Figure14-eps-converted-to.pdf>
(epstopdf)                    date: 2018-10-22 11:40:45
(epstopdf)                    size: 19956 bytes
(epstopdf)             Command: <repstopdf --outfile=Figure14-eps-converted-to.
pdf Figure14.eps>
(epstopdf)             \includegraphics on input line 517.
Package epstopdf Info: Output file is already uptodate.

<Figure14-eps-converted-to.pdf, id=871, 180.675pt x 180.675pt>
File: Figure14-eps-converted-to.pdf Graphic file (type pdf)

<use Figure14-eps-converted-to.pdf>
Package pdftex.def Info: Figure14-eps-converted-to.pdf used on input line 517.
(pdftex.def)             Requested size: 180.67455pt x 180.67455pt.
 [16 <./Figure14-eps-converted-to.pdf>]
[17] [18] (./Production.bbl [19] [20] [21])
Package atveryend Info: Empty hook `BeforeClearDocument' on input line 590.
 [22]
Package atveryend Info: Empty hook `AfterLastShipout' on input line 590.
 (./Production.aux)
Package atveryend Info: Executing hook `AtVeryEndDocument' on input line 590.
Package atveryend Info: Executing hook `AtEndAfterFileList' on input line 590.
Package rerunfilecheck Info: File `Production.out' has not changed.
(rerunfilecheck)             Checksum: 2842148D0307BFC4FBFBE0F566DB0547;1045.


LaTeX Warning: Label(s) may have changed. Rerun to get cross-references right.

Package atveryend Info: Empty hook `AtVeryVeryEnd' on input line 590.
 ) 
Here is how much of TeX's memory you used:
 8247 strings out of 493014
 126407 string characters out of 6133351
 227213 words of memory out of 5000000
 11502 multiletter control sequences out of 15000+600000
 33658 words of font info for 69 fonts, out of 8000000 for 9000
 1141 hyphenation exceptions out of 8191
 42i,9n,40p,2249b,500s stack positions out of 5000i,500n,10000p,200000b,80000s
{/usr/local/texlive/2016/texmf-dist/fonts/enc/dvips/base/8r.enc}</usr/local/t
exlive/2016/texmf-dist/fonts/type1/public/amsfonts/cm/cmr10.pfb></usr/local/tex
live/2016/texmf-dist/fonts/type1/public/amsfonts/cm/cmsy10.pfb></usr/local/texl
ive/2016/texmf-dist/fonts/type1/public/amsfonts/cm/cmsy7.pfb></usr/local/texliv
e/2016/texmf-dist/fonts/type1/urw/helvetic/uhvb8a.pfb></usr/local/texlive/2016/
texmf-dist/fonts/type1/urw/helvetic/uhvbo8a.pfb></usr/local/texlive/2016/texmf-
dist/fonts/type1/urw/helvetic/uhvr8a.pfb></usr/local/texlive/2016/texmf-dist/fo
nts/type1/urw/times/utmb8a.pfb></usr/local/texlive/2016/texmf-dist/fonts/type1/
urw/times/utmr8a.pfb></usr/local/texlive/2016/texmf-dist/fonts/type1/urw/times/
utmri8a.pfb></usr/local/texlive/2016/texmf-dist/fonts/type1/urw/zapfding/uzdr.p
fb>
Output written on Production.pdf (22 pages, 4130295 bytes).
PDF statistics:
 1102 PDF objects out of 1200 (max. 8388607)
 670 compressed objects within 7 object streams
 145 named destinations out of 1000 (max. 500000)
 223 words of extra memory for PDF output out of 10000 (max. 10000000)

