This is pdfTeX, Version 3.14159265-2.6-1.40.17 (TeX Live 2016) (preloaded format=pdflatex 2016.5.22)  30 MAR 2018 17:25
entering extended mode
 restricted \write18 enabled.
 file:line:error style messages enabled.
 %&-line parsing enabled.
**draft3.tex
(./draft3.tex
LaTeX2e <2016/03/31>
Babel <3.9r> and hyphenation patterns for 83 language(s) loaded.
(./jov.cls
Document Class: jov 2008/12/16 Journal of Vision class
(/usr/local/texlive/2016/texmf-dist/tex/latex/base/article.cls
Document Class: article 2014/09/29 v1.4h Standard LaTeX document class
(/usr/local/texlive/2016/texmf-dist/tex/latex/base/size10.clo
File: size10.clo 2014/09/29 v1.4h Standard LaTeX file (size option)
)
\c@part=\count79
\c@section=\count80
\c@subsection=\count81
\c@subsubsection=\count82
\c@paragraph=\count83
\c@subparagraph=\count84
\c@figure=\count85
\c@table=\count86
\abovecaptionskip=\skip41
\belowcaptionskip=\skip42
\bibindent=\dimen102
)
(/usr/local/texlive/2016/texmf-dist/tex/latex/graphics/color.sty
Package: color 2016/05/09 v1.1c Standard LaTeX Color (DPC)

(/usr/local/texlive/2016/texmf-dist/tex/latex/graphics-cfg/color.cfg
File: color.cfg 2016/01/02 v1.6 sample color configuration
)
Package color Info: Driver file: pdftex.def on input line 144.

(/usr/local/texlive/2016/texmf-dist/tex/latex/pdftex-def/pdftex.def
File: pdftex.def 2011/05/27 v0.06d Graphics/color for pdfTeX

(/usr/local/texlive/2016/texmf-dist/tex/generic/oberdiek/infwarerr.sty
Package: infwarerr 2016/05/16 v1.4 Providing info/warning/error messages (HO)
)
(/usr/local/texlive/2016/texmf-dist/tex/generic/oberdiek/ltxcmds.sty
Package: ltxcmds 2016/05/16 v1.23 LaTeX kernel commands for general use (HO)
)
\Gread@gobject=\count87
))
(/usr/local/texlive/2016/texmf-dist/tex/latex/psnfss/times.sty
Package: times 2005/04/12 PSNFSS-v9.2a (SPQR) 
)
(/usr/local/texlive/2016/texmf-dist/tex/latex/multirow/multirow.sty
\bigstrutjot=\dimen103
)
(/usr/local/texlive/2016/texmf-dist/tex/latex/hyperref/hyperref.sty
Package: hyperref 2016/05/05 v6.83n Hypertext links for LaTeX

(/usr/local/texlive/2016/texmf-dist/tex/generic/oberdiek/hobsub-hyperref.sty
Package: hobsub-hyperref 2016/05/16 v1.14 Bundle oberdiek, subset hyperref (HO)


(/usr/local/texlive/2016/texmf-dist/tex/generic/oberdiek/hobsub-generic.sty
Package: hobsub-generic 2016/05/16 v1.14 Bundle oberdiek, subset generic (HO)
Package: hobsub 2016/05/16 v1.14 Construct package bundles (HO)
Package hobsub Info: Skipping package `infwarerr' (already loaded).
Package hobsub Info: Skipping package `ltxcmds' (already loaded).
Package: ifluatex 2016/05/16 v1.4 Provides the ifluatex switch (HO)
Package ifluatex Info: LuaTeX not detected.
Package: ifvtex 2016/05/16 v1.6 Detect VTeX and its facilities (HO)
Package ifvtex Info: VTeX not detected.
Package: intcalc 2016/05/16 v1.2 Expandable calculations with integers (HO)
Package: ifpdf 2016/05/14 v3.1 Provides the ifpdf switch
Package: etexcmds 2016/05/16 v1.6 Avoid name clashes with e-TeX commands (HO)
Package etexcmds Info: Could not find \expanded.
(etexcmds)             That can mean that you are not using pdfTeX 1.50 or
(etexcmds)             that some package has redefined \expanded.
(etexcmds)             In the latter case, load this package earlier.
Package: kvsetkeys 2016/05/16 v1.17 Key value parser (HO)
Package: kvdefinekeys 2016/05/16 v1.4 Define keys (HO)
Package: pdftexcmds 2016/05/10 v0.21 Utility functions of pdfTeX for LuaTeX (HO
)
Package pdftexcmds Info: LuaTeX not detected.
Package pdftexcmds Info: \pdf@primitive is available.
Package pdftexcmds Info: \pdf@ifprimitive is available.
Package pdftexcmds Info: \pdfdraftmode found.
Package: pdfescape 2016/05/16 v1.14 Implements pdfTeX's escape features (HO)
Package: bigintcalc 2016/05/16 v1.4 Expandable calculations on big integers (HO
)
Package: bitset 2016/05/16 v1.2 Handle bit-vector datatype (HO)
Package: uniquecounter 2016/05/16 v1.3 Provide unlimited unique counter (HO)
)
Package hobsub Info: Skipping package `hobsub' (already loaded).
Package: letltxmacro 2016/05/16 v1.5 Let assignment for LaTeX macros (HO)
Package: hopatch 2016/05/16 v1.3 Wrapper for package hooks (HO)
Package: xcolor-patch 2016/05/16 xcolor patch
Package: atveryend 2016/05/16 v1.9 Hooks at the very end of document (HO)
Package atveryend Info: \enddocument detected (standard20110627).
Package: atbegshi 2016/05/16 v1.17 At begin shipout hook (HO)
Package: refcount 2016/05/16 v3.5 Data extraction from label references (HO)
Package: hycolor 2016/05/16 v1.8 Color options for hyperref/bookmark (HO)
)
(/usr/local/texlive/2016/texmf-dist/tex/latex/graphics/keyval.sty
Package: keyval 2014/10/28 v1.15 key=value parser (DPC)
\KV@toks@=\toks14
)
(/usr/local/texlive/2016/texmf-dist/tex/generic/ifxetex/ifxetex.sty
Package: ifxetex 2010/09/12 v0.6 Provides ifxetex conditional
)
(/usr/local/texlive/2016/texmf-dist/tex/latex/oberdiek/auxhook.sty
Package: auxhook 2016/05/16 v1.4 Hooks for auxiliary files (HO)
)
(/usr/local/texlive/2016/texmf-dist/tex/latex/oberdiek/kvoptions.sty
Package: kvoptions 2016/05/16 v3.12 Key value format for package options (HO)
)
\@linkdim=\dimen104
\Hy@linkcounter=\count88
\Hy@pagecounter=\count89

(/usr/local/texlive/2016/texmf-dist/tex/latex/hyperref/pd1enc.def
File: pd1enc.def 2016/05/05 v6.83n Hyperref: PDFDocEncoding definition (HO)
)
\Hy@SavedSpaceFactor=\count90

(/usr/local/texlive/2016/texmf-dist/tex/latex/latexconfig/hyperref.cfg
File: hyperref.cfg 2002/06/06 v1.2 hyperref configuration of TeXLive
)
Package hyperref Info: Option `colorlinks' set `true' on input line 4322.
Package hyperref Info: Option `pageanchor' set `true' on input line 4322.
Package hyperref Info: Hyper figures OFF on input line 4446.
Package hyperref Info: Link nesting OFF on input line 4451.
Package hyperref Info: Hyper index ON on input line 4454.
Package hyperref Info: Plain pages OFF on input line 4461.
Package hyperref Info: Backreferencing OFF on input line 4466.
Package hyperref Info: Implicit mode ON; LaTeX internals redefined.
Package hyperref Info: Bookmarks ON on input line 4691.
\c@Hy@tempcnt=\count91

(/usr/local/texlive/2016/texmf-dist/tex/latex/url/url.sty
\Urlmuskip=\muskip10
Package: url 2013/09/16  ver 3.4  Verb mode for urls, etc.
)
LaTeX Info: Redefining \url on input line 5044.
\XeTeXLinkMargin=\dimen105
\Fld@menulength=\count92
\Field@Width=\dimen106
\Fld@charsize=\dimen107
Package hyperref Info: Hyper figures OFF on input line 6298.
Package hyperref Info: Link nesting OFF on input line 6303.
Package hyperref Info: Hyper index ON on input line 6306.
Package hyperref Info: backreferencing OFF on input line 6313.
Package hyperref Info: Link coloring ON on input line 6316.
Package hyperref Info: Link coloring with OCG OFF on input line 6323.
Package hyperref Info: PDF/A mode OFF on input line 6328.
LaTeX Info: Redefining \ref on input line 6368.
LaTeX Info: Redefining \pageref on input line 6372.
\Hy@abspage=\count93
\c@Item=\count94
\c@Hfootnote=\count95
)

Package hyperref Message: Driver (autodetected): hpdftex.

(/usr/local/texlive/2016/texmf-dist/tex/latex/hyperref/hpdftex.def
File: hpdftex.def 2016/05/05 v6.83n Hyperref driver for pdfTeX
\Fld@listcount=\count96
\c@bookmark@seq@number=\count97

(/usr/local/texlive/2016/texmf-dist/tex/latex/oberdiek/rerunfilecheck.sty
Package: rerunfilecheck 2016/05/16 v1.8 Rerun checks for auxiliary files (HO)
Package uniquecounter Info: New unique counter `rerunfilecheck' on input line 2
82.
)
\Hy@SectionHShift=\skip43
)
(./jovcite.sty
Package: jovcite 2008/12/22 Journal of Vision, inofficial LaTeX stylesheet
\c@BibCnt=\count98
\bibleftmargin=\skip44
\bibindent=\skip45
\bibparsep=\skip46
\bibitemsep=\skip47
) (/usr/local/texlive/2016/texmf-dist/tex/latex/psnfss/pifont.sty
Package: pifont 2005/04/12 PSNFSS-v9.2a Pi font support (SPQR) 
LaTeX Font Info:    Try loading font information for U+pzd on input line 63.
(/usr/local/texlive/2016/texmf-dist/tex/latex/psnfss/upzd.fd
File: upzd.fd 2001/06/04 font definitions for U/pzd.
)
LaTeX Font Info:    Try loading font information for U+psy on input line 64.

(/usr/local/texlive/2016/texmf-dist/tex/latex/psnfss/upsy.fd
File: upsy.fd 2001/06/04 font definitions for U/psy.
))
\c@nauthors=\count99
)
(/usr/local/texlive/2016/texmf-dist/tex/latex/graphics/graphicx.sty
Package: graphicx 2014/10/28 v1.0g Enhanced LaTeX Graphics (DPC,SPQR)

(/usr/local/texlive/2016/texmf-dist/tex/latex/graphics/graphics.sty
Package: graphics 2016/05/09 v1.0r Standard LaTeX Graphics (DPC,SPQR)

(/usr/local/texlive/2016/texmf-dist/tex/latex/graphics/trig.sty
Package: trig 2016/01/03 v1.10 sin cos tan (DPC)
)
(/usr/local/texlive/2016/texmf-dist/tex/latex/graphics-cfg/graphics.cfg
File: graphics.cfg 2016/01/02 v1.10 sample graphics configuration
)
Package graphics Info: Driver file: pdftex.def on input line 96.
)
\Gin@req@height=\dimen108
\Gin@req@width=\dimen109
)
(/usr/local/texlive/2016/texmf-dist/tex/latex/caption/subcaption.sty
Package: subcaption 2016/02/20 v1.1-142 Sub-captions (AR)

(/usr/local/texlive/2016/texmf-dist/tex/latex/caption/caption.sty
Package: caption 2016/02/21 v3.3-144 Customizing captions (AR)

(/usr/local/texlive/2016/texmf-dist/tex/latex/caption/caption3.sty
Package: caption3 2016/02/04 v1.7-139 caption3 kernel (AR)
Package caption3 Info: TeX engine: e-TeX on input line 67.
\captionmargin=\dimen110
\captionmargin@=\dimen111
\captionwidth=\dimen112
\caption@tempdima=\dimen113
\caption@indent=\dimen114
\caption@parindent=\dimen115
\caption@hangindent=\dimen116
Package caption Info: Unknown document class (or package),
(caption)             standard defaults will be used.
)

Package caption Warning: Unsupported document class (or package) detected,
(caption)                usage of the caption package is not recommended.
See the caption package documentation for explanation.

Package caption Info: \@makecaption = \long macro:#1#2->\vskip \abovecaptionski
p \sbox \@tempboxa {{\captionfonts #1: #2}}\ifdim \wd \@tempboxa >\hsize {\capt
ionfonts #1: #2\par } \else \hbox to\hsize {\hfil \box \@tempboxa \hfil }\fi \v
skip \belowcaptionskip .
\c@ContinuedFloat=\count100
Package caption Info: hyperref package is loaded.
)
\c@subfigure=\count101
\c@subtable=\count102
) (/usr/local/texlive/2016/texmf-dist/tex/latex/amsmath/amsmath.sty
Package: amsmath 2016/03/10 v2.15b AMS math features
\@mathmargin=\skip48

For additional information on amsmath, use the `?' option.
(/usr/local/texlive/2016/texmf-dist/tex/latex/amsmath/amstext.sty
Package: amstext 2000/06/29 v2.01 AMS text

(/usr/local/texlive/2016/texmf-dist/tex/latex/amsmath/amsgen.sty
File: amsgen.sty 1999/11/30 v2.0 generic functions
\@emptytoks=\toks15
\ex@=\dimen117
))
(/usr/local/texlive/2016/texmf-dist/tex/latex/amsmath/amsbsy.sty
Package: amsbsy 1999/11/29 v1.2d Bold Symbols
\pmbraise@=\dimen118
)
(/usr/local/texlive/2016/texmf-dist/tex/latex/amsmath/amsopn.sty
Package: amsopn 2016/03/08 v2.02 operator names
)
\inf@bad=\count103
LaTeX Info: Redefining \frac on input line 199.
\uproot@=\count104
\leftroot@=\count105
LaTeX Info: Redefining \overline on input line 297.
\classnum@=\count106
\DOTSCASE@=\count107
LaTeX Info: Redefining \ldots on input line 394.
LaTeX Info: Redefining \dots on input line 397.
LaTeX Info: Redefining \cdots on input line 518.
\Mathstrutbox@=\box26
\strutbox@=\box27
\big@size=\dimen119
LaTeX Font Info:    Redeclaring font encoding OML on input line 634.
LaTeX Font Info:    Redeclaring font encoding OMS on input line 635.
\macc@depth=\count108
\c@MaxMatrixCols=\count109
\dotsspace@=\muskip11
\c@parentequation=\count110
\dspbrk@lvl=\count111
\tag@help=\toks16
\row@=\count112
\column@=\count113
\maxfields@=\count114
\andhelp@=\toks17
\eqnshift@=\dimen120
\alignsep@=\dimen121
\tagshift@=\dimen122
\tagwidth@=\dimen123
\totwidth@=\dimen124
\lineht@=\dimen125
\@envbody=\toks18
\multlinegap=\skip49
\multlinetaggap=\skip50
\mathdisplay@stack=\toks19
LaTeX Info: Redefining \[ on input line 2739.
LaTeX Info: Redefining \] on input line 2740.
)
(/usr/local/texlive/2016/texmf-dist/tex/latex/bbm-macros/bbm.sty
Package: bbm 1999/03/15 V 1.2 provides fonts for set symbols - TH
LaTeX Font Info:    Overwriting math alphabet `\mathbbm' in version `bold'
(Font)                  U/bbm/m/n --> U/bbm/bx/n on input line 33.
LaTeX Font Info:    Overwriting math alphabet `\mathbbmss' in version `bold'
(Font)                  U/bbmss/m/n --> U/bbmss/bx/n on input line 35.
)
(/usr/local/texlive/2016/texmf-dist/tex/latex/amsfonts/amssymb.sty
Package: amssymb 2013/01/14 v3.01 AMS font symbols

(/usr/local/texlive/2016/texmf-dist/tex/latex/amsfonts/amsfonts.sty
Package: amsfonts 2013/01/14 v3.01 Basic AMSFonts support
\symAMSa=\mathgroup4
\symAMSb=\mathgroup5
LaTeX Font Info:    Overwriting math alphabet `\mathfrak' in version `bold'
(Font)                  U/euf/m/n --> U/euf/b/n on input line 106.
))
(/usr/local/texlive/2016/texmf-dist/tex/latex/comment/comment.sty
\CommentStream=\write3

Excluding comment 'comment') (./draft3.aux)
\openout1 = `draft3.aux'.

LaTeX Font Info:    Checking defaults for OML/cmm/m/it on input line 16.
LaTeX Font Info:    ... okay on input line 16.
LaTeX Font Info:    Checking defaults for T1/cmr/m/n on input line 16.
LaTeX Font Info:    ... okay on input line 16.
LaTeX Font Info:    Checking defaults for OT1/cmr/m/n on input line 16.
LaTeX Font Info:    ... okay on input line 16.
LaTeX Font Info:    Checking defaults for OMS/cmsy/m/n on input line 16.
LaTeX Font Info:    ... okay on input line 16.
LaTeX Font Info:    Checking defaults for OMX/cmex/m/n on input line 16.
LaTeX Font Info:    ... okay on input line 16.
LaTeX Font Info:    Checking defaults for U/cmr/m/n on input line 16.
LaTeX Font Info:    ... okay on input line 16.
LaTeX Font Info:    Checking defaults for PD1/pdf/m/n on input line 16.
LaTeX Font Info:    ... okay on input line 16.
LaTeX Font Info:    Try loading font information for OT1+ptm on input line 16.

(/usr/local/texlive/2016/texmf-dist/tex/latex/psnfss/ot1ptm.fd
File: ot1ptm.fd 2001/06/04 font definitions for OT1/ptm.
)
(/usr/local/texlive/2016/texmf-dist/tex/context/base/mkii/supp-pdf.mkii
[Loading MPS to PDF converter (version 2006.09.02).]
\scratchcounter=\count115
\scratchdimen=\dimen126
\scratchbox=\box28
\nofMPsegments=\count116
\nofMParguments=\count117
\everyMPshowfont=\toks20
\MPscratchCnt=\count118
\MPscratchDim=\dimen127
\MPnumerator=\count119
\makeMPintoPDFobject=\count120
\everyMPtoPDFconversion=\toks21
)
\AtBeginShipoutBox=\box29
Package hyperref Info: Link coloring ON on input line 16.
 (/usr/local/texlive/2016/texmf-dist/tex/latex/hyperref/nameref.sty
Package: nameref 2012/10/27 v2.43 Cross-referencing by name of section

(/usr/local/texlive/2016/texmf-dist/tex/generic/oberdiek/gettitlestring.sty
Package: gettitlestring 2016/05/16 v1.5 Cleanup title references (HO)
)
\c@section@level=\count121
)
LaTeX Info: Redefining \ref on input line 16.
LaTeX Info: Redefining \pageref on input line 16.
LaTeX Info: Redefining \nameref on input line 16.

(./draft3.out) (./draft3.out)
\@outlinefile=\write4
\openout4 = `draft3.out'.

 (./english.apc
File: english.apc 2007/09/03 v4.00 apacite language file
)
(/usr/local/texlive/2016/texmf-dist/tex/latex/oberdiek/epstopdf-base.sty
Package: epstopdf-base 2016/05/15 v2.6 Base part for package epstopdf

(/usr/local/texlive/2016/texmf-dist/tex/latex/oberdiek/grfext.sty
Package: grfext 2016/05/16 v1.2 Manage graphics extensions (HO)
)
Package grfext Info: Graphics extension search list:
(grfext)             [.png,.pdf,.jpg,.mps,.jpeg,.jbig2,.jb2,.PNG,.PDF,.JPG,.JPE
G,.JBIG2,.JB2,.eps]
(grfext)             \AppendGraphicsExtensions on input line 456.

(/usr/local/texlive/2016/texmf-dist/tex/latex/latexconfig/epstopdf-sys.cfg
File: epstopdf-sys.cfg 2010/07/13 v1.3 Configuration of (r)epstopdf for TeX Liv
e
))
Package caption Info: Begin \AtBeginDocument code.
Package caption Info: End \AtBeginDocument code.
LaTeX Font Info:    Try loading font information for OT1+phv on input line 28.

(/usr/local/texlive/2016/texmf-dist/tex/latex/psnfss/ot1phv.fd
File: ot1phv.fd 2001/06/04 scalable font definitions for OT1/phv.
)
LaTeX Font Info:    Try loading font information for U+msa on input line 28.

(/usr/local/texlive/2016/texmf-dist/tex/latex/amsfonts/umsa.fd
File: umsa.fd 2013/01/14 v3.01 AMS symbols A
)
LaTeX Font Info:    Try loading font information for U+msb on input line 28.

(/usr/local/texlive/2016/texmf-dist/tex/latex/amsfonts/umsb.fd
File: umsb.fd 2013/01/14 v3.01 AMS symbols B
)
LaTeX Font Info:    Font shape `OT1/ptm/bx/n' in size <14.4> not available
(Font)              Font shape `OT1/ptm/b/n' tried instead on input line 28.
LaTeX Font Info:    Font shape `OT1/phv/bx/n' in size <14.4> not available
(Font)              Font shape `OT1/phv/b/n' tried instead on input line 28.


Package hyperref Warning: Suppressing link with empty target on input line 28.


Overfull \vbox (7.80003pt too high) detected at line 28
 []

LaTeX Font Info:    Try loading font information for OMS+phv on input line 41.
(/usr/local/texlive/2016/texmf-dist/tex/latex/psnfss/omsphv.fd
File: omsphv.fd 
)
LaTeX Font Info:    Font shape `OMS/phv/m/n' in size <8> not available
(Font)              Font shape `OMS/cmsy/m/n' tried instead on input line 41.
 [1{/usr/local/texlive/2016/texmf-var/fonts/map/pdftex/updmap/pdftex.map}

]
<../Figures/Figure1/Figure1_a.png, id=137, 1027.84pt x 770.88pt>
File: ../Figures/Figure1/Figure1_a.png Graphic file (type png)

<use ../Figures/Figure1/Figure1_a.png>
Package pdftex.def Info: ../Figures/Figure1/Figure1_a.png used on input line 48
.
(pdftex.def)             Requested size: 216.23764pt x 162.17188pt.

<../Figures/Figure1/Figure1_b.png, id=139, 1027.84pt x 592.2125pt>
File: ../Figures/Figure1/Figure1_b.png Graphic file (type png)

<use ../Figures/Figure1/Figure1_b.png>
Package pdftex.def Info: ../Figures/Figure1/Figure1_b.png used on input line 53
.
(pdftex.def)             Requested size: 297.33293pt x 171.3125pt.
LaTeX Font Info:    Font shape `OT1/ptm/bx/n' in size <10> not available
(Font)              Font shape `OT1/ptm/b/n' tried instead on input line 58.

<../Figures/Figure2/Figure2_a.png, id=165, 1027.84pt x 592.2125pt>
File: ../Figures/Figure2/Figure2_a.png Graphic file (type png)

<use ../Figures/Figure2/Figure2_a.png>
Package pdftex.def Info: ../Figures/Figure2/Figure2_a.png used on input line 70
.
(pdftex.def)             Requested size: 178.39977pt x 102.7893pt.

<../Figures/Figure2/Figure2_b.png, id=166, 1026.83624pt x 592.2125pt>
File: ../Figures/Figure2/Figure2_b.png Graphic file (type png)

<use ../Figures/Figure2/Figure2_b.png>
Package pdftex.def Info: ../Figures/Figure2/Figure2_b.png used on input line 75
.
(pdftex.def)             Requested size: 178.39977pt x 102.8887pt.

<../Figures/Figure2/Figure2_c.png, id=167, 1027.84pt x 592.2125pt>
File: ../Figures/Figure2/Figure2_c.png Graphic file (type png)

<use ../Figures/Figure2/Figure2_c.png>
Package pdftex.def Info: ../Figures/Figure2/Figure2_c.png used on input line 80
.
(pdftex.def)             Requested size: 178.39977pt x 102.7893pt.
 [2 <../Figures/Figure1/Figure1_a.png> <../Figures/Figure1/Figure1_b.png>]
LaTeX Font Info:    Font shape `OT1/ptm/bx/n' in size <12> not available
(Font)              Font shape `OT1/ptm/b/n' tried instead on input line 111.
LaTeX Font Info:    Font shape `OT1/phv/bx/n' in size <12> not available
(Font)              Font shape `OT1/phv/b/n' tried instead on input line 111.

<../Figures/Figure3/Figure3_a.png, id=206, 321.2pt x 240.9pt>
File: ../Figures/Figure3/Figure3_a.png Graphic file (type png)

<use ../Figures/Figure3/Figure3_a.png>
Package pdftex.def Info: ../Figures/Figure3/Figure3_a.png used on input line 12
0.
(pdftex.def)             Requested size: 118.93317pt x 89.19775pt.

<../Figures/Figure3/Figure3_b.png, id=207, 321.2pt x 240.9pt>
File: ../Figures/Figure3/Figure3_b.png Graphic file (type png)

<use ../Figures/Figure3/Figure3_b.png>
Package pdftex.def Info: ../Figures/Figure3/Figure3_b.png used on input line 12
6.
(pdftex.def)             Requested size: 118.93317pt x 89.19775pt.

<../Figures/Figure3/Figure3_c.png, id=208, 321.2pt x 240.9pt>
File: ../Figures/Figure3/Figure3_c.png Graphic file (type png)

<use ../Figures/Figure3/Figure3_c.png>
Package pdftex.def Info: ../Figures/Figure3/Figure3_c.png used on input line 13
2.
(pdftex.def)             Requested size: 118.93317pt x 89.19775pt.

<../Figures/Figure3/Figure3_d.png, id=209, 321.2pt x 240.9pt>
File: ../Figures/Figure3/Figure3_d.png Graphic file (type png)

<use ../Figures/Figure3/Figure3_d.png>
Package pdftex.def Info: ../Figures/Figure3/Figure3_d.png used on input line 13
8.
(pdftex.def)             Requested size: 118.93317pt x 89.19775pt.

<../Figures/Figure3/Figure3_e.png, id=210, 321.2pt x 240.9pt>
File: ../Figures/Figure3/Figure3_e.png Graphic file (type png)

<use ../Figures/Figure3/Figure3_e.png>
Package pdftex.def Info: ../Figures/Figure3/Figure3_e.png used on input line 14
4.
(pdftex.def)             Requested size: 118.93317pt x 89.19775pt.

<../Figures/Figure3/Figure3_f.png, id=211, 321.2pt x 240.9pt>
File: ../Figures/Figure3/Figure3_f.png Graphic file (type png)

<use ../Figures/Figure3/Figure3_f.png>
Package pdftex.def Info: ../Figures/Figure3/Figure3_f.png used on input line 15
0.
(pdftex.def)             Requested size: 118.93317pt x 89.19775pt.
LaTeX Font Info:    Font shape `OT1/phv/bx/sl' in size <10> not available
(Font)              Font shape `OT1/phv/b/sl' tried instead on input line 156.
 [3 <../Figures/Figure2/Figure2_a.png> <../Figures/Figure2/Figure2_b.png> <../F
igures/Figure2/Figure2_c.png>]
<../Figures/Figure4/Figure4_a.png, id=229, 82.3075pt x 82.3075pt>
File: ../Figures/Figure4/Figure4_a.png Graphic file (type png)

<use ../Figures/Figure4/Figure4_a.png>
Package pdftex.def Info: ../Figures/Figure4/Figure4_a.png used on input line 17
0.
(pdftex.def)             Requested size: 75.68399pt x 75.68613pt.

<../Figures/Figure4/Figure4_b.png, id=230, 82.3075pt x 82.3075pt>
File: ../Figures/Figure4/Figure4_b.png Graphic file (type png)

<use ../Figures/Figure4/Figure4_b.png>
Package pdftex.def Info: ../Figures/Figure4/Figure4_b.png used on input line 17
6.
(pdftex.def)             Requested size: 75.68399pt x 75.68613pt.

<../Figures/Figure4/Figure4_c.png, id=231, 82.3075pt x 82.3075pt>
File: ../Figures/Figure4/Figure4_c.png Graphic file (type png)

<use ../Figures/Figure4/Figure4_c.png>
Package pdftex.def Info: ../Figures/Figure4/Figure4_c.png used on input line 18
2.
(pdftex.def)             Requested size: 75.68399pt x 75.68613pt.

<../Figures/Figure4/Figure4_d.png, id=232, 82.3075pt x 82.3075pt>
File: ../Figures/Figure4/Figure4_d.png Graphic file (type png)

<use ../Figures/Figure4/Figure4_d.png>
Package pdftex.def Info: ../Figures/Figure4/Figure4_d.png used on input line 18
7.
(pdftex.def)             Requested size: 75.68399pt x 75.68613pt.

<../Figures/Figure4/Figure4_e.png, id=233, 82.3075pt x 82.3075pt>
File: ../Figures/Figure4/Figure4_e.png Graphic file (type png)

<use ../Figures/Figure4/Figure4_e.png>
Package pdftex.def Info: ../Figures/Figure4/Figure4_e.png used on input line 19
3.
(pdftex.def)             Requested size: 75.68399pt x 75.68613pt.

<../Figures/Figure4/Figure4_f.png, id=234, 82.3075pt x 82.3075pt>
File: ../Figures/Figure4/Figure4_f.png Graphic file (type png)

<use ../Figures/Figure4/Figure4_f.png>
Package pdftex.def Info: ../Figures/Figure4/Figure4_f.png used on input line 19
9.
(pdftex.def)             Requested size: 75.68399pt x 75.68613pt.

<../Figures/Figure5/Figure5_d.png, id=238, 326.21875pt x 739.76375pt>
File: ../Figures/Figure5/Figure5_d.png Graphic file (type png)

<use ../Figures/Figure5/Figure5_d.png>
Package pdftex.def Info: ../Figures/Figure5/Figure5_d.png used on input line 21
6.
(pdftex.def)             Requested size: 97.30446pt x 220.6553pt.

<../Figures/Figure5/Figure5_e.png, id=239, 326.21875pt x 739.76375pt>
File: ../Figures/Figure5/Figure5_e.png Graphic file (type png)

<use ../Figures/Figure5/Figure5_e.png>
Package pdftex.def Info: ../Figures/Figure5/Figure5_e.png used on input line 22
3.
(pdftex.def)             Requested size: 97.30446pt x 220.6553pt.

<../Figures/Figure5/Figure5_a.png, id=240, 326.21875pt x 739.76375pt>
File: ../Figures/Figure5/Figure5_a.png Graphic file (type png)

<use ../Figures/Figure5/Figure5_a.png>
Package pdftex.def Info: ../Figures/Figure5/Figure5_a.png used on input line 23
1.
(pdftex.def)             Requested size: 97.30446pt x 220.6553pt.

<../Figures/Figure5/Figure5_b.png, id=241, 326.21875pt x 739.76375pt>
File: ../Figures/Figure5/Figure5_b.png Graphic file (type png)

<use ../Figures/Figure5/Figure5_b.png>
Package pdftex.def Info: ../Figures/Figure5/Figure5_b.png used on input line 23
8.
(pdftex.def)             Requested size: 97.30446pt x 220.6553pt.

<../Figures/Figure5/Figure5_c.png, id=242, 326.21875pt x 739.76375pt>
File: ../Figures/Figure5/Figure5_c.png Graphic file (type png)

<use ../Figures/Figure5/Figure5_c.png>
Package pdftex.def Info: ../Figures/Figure5/Figure5_c.png used on input line 24
5.
(pdftex.def)             Requested size: 97.30446pt x 220.6553pt.
 [4 <../Figures/Figure3/Figure3_a.png (PNG copy)> <../Figures/Figure3/Figure3_b
.png (PNG copy)> <../Figures/Figure3/Figure3_c.png (PNG copy)> <../Figures/Figu
re3/Figure3_d.png (PNG copy)> <../Figures/Figure3/Figure3_e.png (PNG copy)> <..
/Figures/Figure3/Figure3_f.png (PNG copy)>] [5 <../Figures/Figure4/Figure4_a.pn
g> <../Figures/Figure4/Figure4_b.png> <../Figures/Figure4/Figure4_c.png> <../Fi
gures/Figure4/Figure4_d.png> <../Figures/Figure4/Figure4_e.png> <../Figures/Fig
ure4/Figure4_f.png> <../Figures/Figure5/Figure5_d.png> <../Figures/Figure5/Figu
re5_e.png> <../Figures/Figure5/Figure5_a.png> <../Figures/Figure5/Figure5_b.png
> <../Figures/Figure5/Figure5_c.png>]
<../Figures/Figure6/Figure6_a.pdf, id=270, 552.0625pt x 501.875pt>
File: ../Figures/Figure6/Figure6_a.pdf Graphic file (type pdf)

<use ../Figures/Figure6/Figure6_a.pdf>
Package pdftex.def Info: ../Figures/Figure6/Figure6_a.pdf used on input line 30
1.
(pdftex.def)             Requested size: 129.74753pt x 117.94829pt.

<../Figures/Figure6/Figure6_b.pdf, id=271, 552.0625pt x 501.875pt>
File: ../Figures/Figure6/Figure6_b.pdf Graphic file (type pdf)

<use ../Figures/Figure6/Figure6_b.pdf>
Package pdftex.def Info: ../Figures/Figure6/Figure6_b.pdf used on input line 30
7.
(pdftex.def)             Requested size: 129.74753pt x 117.94829pt.

<../Figures/Figure6/Figure6_c.pdf, id=272, 552.0625pt x 501.875pt>
File: ../Figures/Figure6/Figure6_c.pdf Graphic file (type pdf)

<use ../Figures/Figure6/Figure6_c.pdf>
Package pdftex.def Info: ../Figures/Figure6/Figure6_c.pdf used on input line 31
3.
(pdftex.def)             Requested size: 129.74753pt x 117.94829pt.

<../Figures/Figure6/Figure6_d.pdf, id=273, 552.0625pt x 501.875pt>
File: ../Figures/Figure6/Figure6_d.pdf Graphic file (type pdf)

<use ../Figures/Figure6/Figure6_d.pdf>
Package pdftex.def Info: ../Figures/Figure6/Figure6_d.pdf used on input line 31
9.
(pdftex.def)             Requested size: 129.74753pt x 117.94829pt.
 [6 <../Figures/Figure6/Figure6_a.pdf> <../Figures/Figure6/Figure6_b.pdf> <../F
igures/Figure6/Figure6_c.pdf> <../Figures/Figure6/Figure6_d.pdf>]
<../Figures/Figure7/Figure7_a.pdf, id=344, 552.0625pt x 501.875pt>
File: ../Figures/Figure7/Figure7_a.pdf Graphic file (type pdf)

<use ../Figures/Figure7/Figure7_a.pdf>
Package pdftex.def Info: ../Figures/Figure7/Figure7_a.pdf used on input line 34
8.
(pdftex.def)             Requested size: 129.74753pt x 117.94829pt.

<../Figures/Figure7/Figure7_b.pdf, id=345, 552.0625pt x 501.875pt>
File: ../Figures/Figure7/Figure7_b.pdf Graphic file (type pdf)

<use ../Figures/Figure7/Figure7_b.pdf>
Package pdftex.def Info: ../Figures/Figure7/Figure7_b.pdf used on input line 35
4.
(pdftex.def)             Requested size: 129.74753pt x 117.94829pt.

<../Figures/Figure7/Figure7_c.pdf, id=346, 552.0625pt x 501.875pt>
File: ../Figures/Figure7/Figure7_c.pdf Graphic file (type pdf)

<use ../Figures/Figure7/Figure7_c.pdf>
Package pdftex.def Info: ../Figures/Figure7/Figure7_c.pdf used on input line 36
0.
(pdftex.def)             Requested size: 129.74753pt x 117.94829pt.

<../Figures/Figure7/Figure8.pdf, id=347, 552.0625pt x 501.875pt>
File: ../Figures/Figure7/Figure8.pdf Graphic file (type pdf)

<use ../Figures/Figure7/Figure8.pdf>
Package pdftex.def Info: ../Figures/Figure7/Figure8.pdf used on input line 367.

(pdftex.def)             Requested size: 129.74753pt x 117.94829pt.

<../Figures/Figure8/Figure8_a.png, id=355, 1027.84pt x 770.88pt>
File: ../Figures/Figure8/Figure8_a.png Graphic file (type png)

<use ../Figures/Figure8/Figure8_a.png>
Package pdftex.def Info: ../Figures/Figure8/Figure8_a.png used on input line 39
4.
(pdftex.def)             Requested size: 135.15059pt x 101.35889pt.

<../Figures/Figure8/Figure8_b.png, id=356, 770.88pt x 770.88pt>
File: ../Figures/Figure8/Figure8_b.png Graphic file (type png)

<use ../Figures/Figure8/Figure8_b.png>
Package pdftex.def Info: ../Figures/Figure8/Figure8_b.png used on input line 40
2.
(pdftex.def)             Requested size: 102.71576pt x 102.7116pt.

<../Figures/Figure8/Figure8_c.png, id=357, 766.865pt x 770.88pt>
File: ../Figures/Figure8/Figure8_c.png Graphic file (type png)

<use ../Figures/Figure8/Figure8_c.png>
Package pdftex.def Info: ../Figures/Figure8/Figure8_c.png used on input line 41
0.
(pdftex.def)             Requested size: 102.71576pt x 103.25269pt.

<../Figures/Figure8/Figure8_d.png, id=358, 798.985pt x 764.8575pt>
File: ../Figures/Figure8/Figure8_d.png Graphic file (type png)

<use ../Figures/Figure8/Figure8_d.png>
Package pdftex.def Info: ../Figures/Figure8/Figure8_d.png used on input line 41
6.
(pdftex.def)             Requested size: 108.11882pt x 103.49638pt.
 [7 <../Figures/Figure7/Figure7_a.pdf> <../Figures/Figure7/Figure7_b.pdf> <../F
igures/Figure7/Figure7_c.pdf> <../Figures/Figure7/Figure8.pdf>] [8 <../Figures/
Figure8/Figure8_a.png> <../Figures/Figure8/Figure8_b.png> <../Figures/Figure8/F
igure8_c.png> <../Figures/Figure8/Figure8_d.png>]
LaTeX Font Info:    Font shape `OT1/ptm/bx/it' in size <10> not available
(Font)              Font shape `OT1/ptm/b/it' tried instead on input line 457.
 [9] [10]
<../Figures/Figure9/Figure9_c.pdf, id=1281, 501.875pt x 501.875pt>
File: ../Figures/Figure9/Figure9_c.pdf Graphic file (type pdf)

<use ../Figures/Figure9/Figure9_c.pdf>
Package pdftex.def Info: ../Figures/Figure9/Figure9_c.pdf used on input line 50
6.
(pdftex.def)             Requested size: 162.18234pt x 162.18082pt.

<../Figures/Figure9/Figure9_a.pdf, id=1282, 501.875pt x 501.875pt>
File: ../Figures/Figure9/Figure9_a.pdf Graphic file (type pdf)

<use ../Figures/Figure9/Figure9_a.pdf>
Package pdftex.def Info: ../Figures/Figure9/Figure9_a.pdf used on input line 51
1.
(pdftex.def)             Requested size: 162.18234pt x 162.18082pt.

<../Figures/Figure9/Figure9_b.pdf, id=1283, 501.875pt x 501.875pt>
File: ../Figures/Figure9/Figure9_b.pdf Graphic file (type pdf)

<use ../Figures/Figure9/Figure9_b.pdf>
Package pdftex.def Info: ../Figures/Figure9/Figure9_b.pdf used on input line 52
1.
(pdftex.def)             Requested size: 160.55731pt x 160.55733pt.

<../Figures/Figure10/Figure10_a.pdf, id=1289, 501.875pt x 501.875pt>
File: ../Figures/Figure10/Figure10_a.pdf Graphic file (type pdf)

<use ../Figures/Figure10/Figure10_a.pdf>
Package pdftex.def Info: ../Figures/Figure10/Figure10_a.pdf used on input line 
548.
(pdftex.def)             Requested size: 162.18234pt x 162.18082pt.

<../Figures/Figure10/Figure10_b.pdf, id=1290, 501.875pt x 501.875pt>
File: ../Figures/Figure10/Figure10_b.pdf Graphic file (type pdf)

<use ../Figures/Figure10/Figure10_b.pdf>
Package pdftex.def Info: ../Figures/Figure10/Figure10_b.pdf used on input line 
553.
(pdftex.def)             Requested size: 162.18234pt x 162.18082pt.

<../Figures/Figure11/Figure11.pdf, id=1291, 501.875pt x 501.875pt>
File: ../Figures/Figure11/Figure11.pdf Graphic file (type pdf)

<use ../Figures/Figure11/Figure11.pdf>
Package pdftex.def Info: ../Figures/Figure11/Figure11.pdf used on input line 56
3.
(pdftex.def)             Requested size: 162.18234pt x 162.18082pt.
 [11 <../Figures/Figure9/Figure9_c.pdf> <../Figures/Figure9/Figure9_a.pdf> <../
Figures/Figure9/Figure9_b.pdf>] [12 <../Figures/Figure10/Figure10_a.pdf> <../Fi
gures/Figure10/Figure10_b.pdf> <../Figures/Figure11/Figure11.pdf>]
<../Figures/Figure12/Figure12_a.pdf, id=1445, 501.875pt x 501.875pt>
File: ../Figures/Figure12/Figure12_a.pdf Graphic file (type pdf)

<use ../Figures/Figure12/Figure12_a.pdf>
Package pdftex.def Info: ../Figures/Figure12/Figure12_a.pdf used on input line 
583.
(pdftex.def)             Requested size: 162.18234pt x 162.18082pt.

<../Figures/Figure12/Figure12_b.pdf, id=1446, 501.875pt x 501.875pt>
File: ../Figures/Figure12/Figure12_b.pdf Graphic file (type pdf)

<use ../Figures/Figure12/Figure12_b.pdf>
Package pdftex.def Info: ../Figures/Figure12/Figure12_b.pdf used on input line 
588.
(pdftex.def)             Requested size: 162.18234pt x 162.18082pt.

<../Figures/Figure12/Figure12_c.pdf, id=1447, 501.875pt x 501.875pt>
File: ../Figures/Figure12/Figure12_c.pdf Graphic file (type pdf)

<use ../Figures/Figure12/Figure12_c.pdf>
Package pdftex.def Info: ../Figures/Figure12/Figure12_c.pdf used on input line 
593.
(pdftex.def)             Requested size: 162.18234pt x 162.18082pt.

<../Figures/Figure13/Figure13_a.pdf, id=1450, 501.875pt x 501.875pt>
File: ../Figures/Figure13/Figure13_a.pdf Graphic file (type pdf)

<use ../Figures/Figure13/Figure13_a.pdf>
Package pdftex.def Info: ../Figures/Figure13/Figure13_a.pdf used on input line 
608.
(pdftex.def)             Requested size: 162.18234pt x 162.18082pt.

<../Figures/Figure13/Figure13_b.pdf, id=1451, 501.875pt x 501.875pt>
File: ../Figures/Figure13/Figure13_b.pdf Graphic file (type pdf)

<use ../Figures/Figure13/Figure13_b.pdf>
Package pdftex.def Info: ../Figures/Figure13/Figure13_b.pdf used on input line 
613.
(pdftex.def)             Requested size: 162.18234pt x 162.18082pt.
 [13 <../Figures/Figure12/Figure12_a.pdf> <../Figures/Figure12/Figure12_b.pdf> 
<../Figures/Figure12/Figure12_c.pdf>]
<../Figures/Figure14/Figure14_a.pdf, id=1521, 394.04424pt x 279.68639pt>
File: ../Figures/Figure14/Figure14_a.pdf Graphic file (type pdf)

<use ../Figures/Figure14/Figure14_a.pdf>
Package pdftex.def Info: ../Figures/Figure14/Figure14_a.pdf used on input line 
632.
(pdftex.def)             Requested size: 113.53012pt x 80.58205pt.

<../Figures/Figure14/Figure14_b.pdf, id=1522, 392.44508pt x 278.00922pt>
File: ../Figures/Figure14/Figure14_b.pdf Graphic file (type pdf)

<use ../Figures/Figure14/Figure14_b.pdf>
Package pdftex.def Info: ../Figures/Figure14/Figure14_b.pdf used on input line 
638.
(pdftex.def)             Requested size: 113.53012pt x 80.42546pt.

<../Figures/Figure14/Figure14_c.pdf, id=1523, 392.91315pt x 276.38144pt>
File: ../Figures/Figure14/Figure14_c.pdf Graphic file (type pdf)

<use ../Figures/Figure14/Figure14_c.pdf>
Package pdftex.def Info: ../Figures/Figure14/Figure14_c.pdf used on input line 
644.
(pdftex.def)             Requested size: 113.53012pt x 79.85756pt.

<../Figures/Figure14/Figure14_d.pdf, id=1524, 391.36067pt x 277.64001pt>
File: ../Figures/Figure14/Figure14_d.pdf Graphic file (type pdf)

<use ../Figures/Figure14/Figure14_d.pdf>
Package pdftex.def Info: ../Figures/Figure14/Figure14_d.pdf used on input line 
650.
(pdftex.def)             Requested size: 113.53012pt x 80.53896pt.
 [14 <../Figures/Figure13/Figure13_a.pdf> <../Figures/Figure13/Figure13_b.pdf> 
<../Figures/Figure14/Figure14_a.pdf> <../Figures/Figure14/Figure14_b.pdf> <../F
igures/Figure14/Figure14_c.pdf> <../Figures/Figure14/Figure14_d.pdf>]
<../Figures/Figure15/Figure15_a.pdf, id=1682, 501.875pt x 501.875pt>
File: ../Figures/Figure15/Figure15_a.pdf Graphic file (type pdf)

<use ../Figures/Figure15/Figure15_a.pdf>
Package pdftex.def Info: ../Figures/Figure15/Figure15_a.pdf used on input line 
669.
(pdftex.def)             Requested size: 118.93317pt x 118.92851pt.

<../Figures/Figure15/Figure15_b.pdf, id=1683, 501.875pt x 501.875pt>
File: ../Figures/Figure15/Figure15_b.pdf Graphic file (type pdf)

<use ../Figures/Figure15/Figure15_b.pdf>
Package pdftex.def Info: ../Figures/Figure15/Figure15_b.pdf used on input line 
675.
(pdftex.def)             Requested size: 118.93317pt x 118.92851pt.

<../Figures/Figure15/Figure15_c.pdf, id=1684, 501.875pt x 501.875pt>
File: ../Figures/Figure15/Figure15_c.pdf Graphic file (type pdf)

<use ../Figures/Figure15/Figure15_c.pdf>
Package pdftex.def Info: ../Figures/Figure15/Figure15_c.pdf used on input line 
681.
(pdftex.def)             Requested size: 118.93317pt x 118.92851pt.

<../Figures/Figure15/Figure15_d.pdf, id=1685, 501.875pt x 501.875pt>
File: ../Figures/Figure15/Figure15_d.pdf Graphic file (type pdf)

<use ../Figures/Figure15/Figure15_d.pdf>
Package pdftex.def Info: ../Figures/Figure15/Figure15_d.pdf used on input line 
687.
(pdftex.def)             Requested size: 118.93317pt x 118.92851pt.
 [15 <../Figures/Figure15/Figure15_a.pdf> <../Figures/Figure15/Figure15_b.pdf> 
<../Figures/Figure15/Figure15_c.pdf> <../Figures/Figure15/Figure15_d.pdf>] (./d
raft3.bbl
LaTeX Font Info:    Try loading font information for OT1+pcr on input line 104.


(/usr/local/texlive/2016/texmf-dist/tex/latex/psnfss/ot1pcr.fd
File: ot1pcr.fd 2001/06/04 font definitions for OT1/pcr.
) [16]
Underfull \hbox (badness 1377) in paragraph at lines 465--484
[]\OT1/ptm/m/n/10 D'Zmura, M., & Iver-son, G.  (1994).  Color con-stancy . iii.
 gen-eral lin-ear re-cov-ery of spec-tral de-scrip-tions for lights
 []


Underfull \hbox (badness 1221) in paragraph at lines 465--484
\OT1/ptm/m/n/10 and sur-faces [Jour-nal Ar-ti-cle].  \OT1/ptm/m/it/10 Jour-nal 
Of The Op-ti-cal So-ci-ety Of Amer-ica A\OT1/ptm/m/n/10 , \OT1/ptm/m/it/10 11\O
T1/ptm/m/n/10 (9), 2389-2400.  Avail-able from
 []


Underfull \hbox (badness 10000) in paragraph at lines 465--484
[][]$\OT1/pcr/m/n/10 http :// www [] .opticsinfobase [] .org / DirectPDFAccess 
/ 3991999B [] -F1A4 [] -66F5 [] -1F0CA009799B4F7B [] []806 /
 []


Underfull \hbox (badness 10000) in paragraph at lines 787--805
\OT1/pcr/m/n/10 DirectPDFAccess / 0C84AF25 [] -A90E [] -B3D5 [] -AED2308AF33196
BF [] []2286 / josaa [] -3 [] -1 [] -29 [] .pdf [] ?da = 1&id =
 []

[17])
Package atveryend Info: Empty hook `BeforeClearDocument' on input line 711.
 [18]
Package atveryend Info: Empty hook `AfterLastShipout' on input line 711.
 (./draft3.aux)
Package atveryend Info: Executing hook `AtVeryEndDocument' on input line 711.
Package atveryend Info: Executing hook `AtEndAfterFileList' on input line 711.
Package rerunfilecheck Info: File `draft3.out' has not changed.
(rerunfilecheck)             Checksum: 5A8946176DE72DC29EFD90B2A1B07FA1;1662.
Package atveryend Info: Empty hook `AtVeryVeryEnd' on input line 711.
 ) 
Here is how much of TeX's memory you used:
 8350 strings out of 493014
 131256 string characters out of 6133351
 238239 words of memory out of 5000000
 11601 multiletter control sequences out of 15000+600000
 36827 words of font info for 70 fonts, out of 8000000 for 9000
 1141 hyphenation exceptions out of 8191
 42i,11n,40p,1771b,480s stack positions out of 5000i,500n,10000p,200000b,80000s
{/usr/local/texlive/2016/texmf-dist/fonts/enc/dvips/base/8r.enc}</usr/local/t
exlive/2016/texmf-dist/fonts/type1/public/amsfonts/cm/cmex10.pfb></usr/local/te
xlive/2016/texmf-dist/fonts/type1/public/amsfonts/cm/cmmi10.pfb></usr/local/tex
live/2016/texmf-dist/fonts/type1/public/amsfonts/cm/cmmi5.pfb></usr/local/texli
ve/2016/texmf-dist/fonts/type1/public/amsfonts/cm/cmmi7.pfb></usr/local/texlive
/2016/texmf-dist/fonts/type1/public/amsfonts/cm/cmr10.pfb></usr/local/texlive/2
016/texmf-dist/fonts/type1/public/amsfonts/cm/cmr7.pfb></usr/local/texlive/2016
/texmf-dist/fonts/type1/public/amsfonts/cm/cmsy10.pfb></usr/local/texlive/2016/
texmf-dist/fonts/type1/public/amsfonts/cm/cmsy7.pfb></usr/local/texlive/2016/te
xmf-dist/fonts/type1/public/amsfonts/cm/cmsy8.pfb></usr/local/texlive/2016/texm
f-dist/fonts/type1/urw/courier/ucrr8a.pfb></usr/local/texlive/2016/texmf-dist/f
onts/type1/urw/helvetic/uhvb8a.pfb></usr/local/texlive/2016/texmf-dist/fonts/ty
pe1/urw/helvetic/uhvbo8a.pfb></usr/local/texlive/2016/texmf-dist/fonts/type1/ur
w/helvetic/uhvr8a.pfb></usr/local/texlive/2016/texmf-dist/fonts/type1/urw/helve
tic/uhvro8a.pfb></usr/local/texlive/2016/texmf-dist/fonts/type1/urw/times/utmb8
a.pfb></usr/local/texlive/2016/texmf-dist/fonts/type1/urw/times/utmbi8a.pfb></u
sr/local/texlive/2016/texmf-dist/fonts/type1/urw/times/utmr8a.pfb></usr/local/t
exlive/2016/texmf-dist/fonts/type1/urw/times/utmri8a.pfb></usr/local/texlive/20
16/texmf-dist/fonts/type1/urw/zapfding/uzdr.pfb>
Output written on draft3.pdf (18 pages, 12207975 bytes).
PDF statistics:
 1888 PDF objects out of 2073 (max. 8388607)
 1642 compressed objects within 17 object streams
 95 named destinations out of 1000 (max. 500000)
 418 words of extra memory for PDF output out of 10000 (max. 10000000)

