This is pdfTeX, Version 3.14159265-2.6-1.40.17 (TeX Live 2016) (preloaded format=pdflatex 2016.5.22)  13 DEC 2017 10:06
entering extended mode
 \write18 enabled.
 %&-line parsing enabled.
**draft1.tex
(./draft1.tex
LaTeX2e <2016/03/31>
Babel <3.9r> and hyphenation patterns for 83 language(s) loaded.
(./jov.cls
Document Class: jov 2008/12/16 Journal of Vision class
(/usr/local/texlive/2016/texmf-dist/tex/latex/base/article.cls
Document Class: article 2014/09/29 v1.4h Standard LaTeX document class
(/usr/local/texlive/2016/texmf-dist/tex/latex/base/size10.clo
File: size10.clo 2014/09/29 v1.4h Standard LaTeX file (size option)
)
\c@part=\count79
\c@section=\count80
\c@subsection=\count81
\c@subsubsection=\count82
\c@paragraph=\count83
\c@subparagraph=\count84
\c@figure=\count85
\c@table=\count86
\abovecaptionskip=\skip41
\belowcaptionskip=\skip42
\bibindent=\dimen102
)
(/usr/local/texlive/2016/texmf-dist/tex/latex/graphics/color.sty
Package: color 2016/05/09 v1.1c Standard LaTeX Color (DPC)

(/usr/local/texlive/2016/texmf-dist/tex/latex/graphics-cfg/color.cfg
File: color.cfg 2016/01/02 v1.6 sample color configuration
)
Package color Info: Driver file: pdftex.def on input line 144.

(/usr/local/texlive/2016/texmf-dist/tex/latex/pdftex-def/pdftex.def
File: pdftex.def 2011/05/27 v0.06d Graphics/color for pdfTeX

(/usr/local/texlive/2016/texmf-dist/tex/generic/oberdiek/infwarerr.sty
Package: infwarerr 2016/05/16 v1.4 Providing info/warning/error messages (HO)
)
(/usr/local/texlive/2016/texmf-dist/tex/generic/oberdiek/ltxcmds.sty
Package: ltxcmds 2016/05/16 v1.23 LaTeX kernel commands for general use (HO)
)
\Gread@gobject=\count87
))
(/usr/local/texlive/2016/texmf-dist/tex/latex/psnfss/times.sty
Package: times 2005/04/12 PSNFSS-v9.2a (SPQR) 
)
(/usr/local/texlive/2016/texmf-dist/tex/latex/multirow/multirow.sty
\bigstrutjot=\dimen103
)
(/usr/local/texlive/2016/texmf-dist/tex/latex/hyperref/hyperref.sty
Package: hyperref 2016/05/05 v6.83n Hypertext links for LaTeX

(/usr/local/texlive/2016/texmf-dist/tex/generic/oberdiek/hobsub-hyperref.sty
Package: hobsub-hyperref 2016/05/16 v1.14 Bundle oberdiek, subset hyperref (HO)


(/usr/local/texlive/2016/texmf-dist/tex/generic/oberdiek/hobsub-generic.sty
Package: hobsub-generic 2016/05/16 v1.14 Bundle oberdiek, subset generic (HO)
Package: hobsub 2016/05/16 v1.14 Construct package bundles (HO)
Package hobsub Info: Skipping package `infwarerr' (already loaded).
Package hobsub Info: Skipping package `ltxcmds' (already loaded).
Package: ifluatex 2016/05/16 v1.4 Provides the ifluatex switch (HO)
Package ifluatex Info: LuaTeX not detected.
Package: ifvtex 2016/05/16 v1.6 Detect VTeX and its facilities (HO)
Package ifvtex Info: VTeX not detected.
Package: intcalc 2016/05/16 v1.2 Expandable calculations with integers (HO)
Package: ifpdf 2016/05/14 v3.1 Provides the ifpdf switch
Package: etexcmds 2016/05/16 v1.6 Avoid name clashes with e-TeX commands (HO)
Package etexcmds Info: Could not find \expanded.
(etexcmds)             That can mean that you are not using pdfTeX 1.50 or
(etexcmds)             that some package has redefined \expanded.
(etexcmds)             In the latter case, load this package earlier.
Package: kvsetkeys 2016/05/16 v1.17 Key value parser (HO)
Package: kvdefinekeys 2016/05/16 v1.4 Define keys (HO)
Package: pdftexcmds 2016/05/10 v0.21 Utility functions of pdfTeX for LuaTeX (HO
)
Package pdftexcmds Info: LuaTeX not detected.
Package pdftexcmds Info: \pdf@primitive is available.
Package pdftexcmds Info: \pdf@ifprimitive is available.
Package pdftexcmds Info: \pdfdraftmode found.
Package: pdfescape 2016/05/16 v1.14 Implements pdfTeX's escape features (HO)
Package: bigintcalc 2016/05/16 v1.4 Expandable calculations on big integers (HO
)
Package: bitset 2016/05/16 v1.2 Handle bit-vector datatype (HO)
Package: uniquecounter 2016/05/16 v1.3 Provide unlimited unique counter (HO)
)
Package hobsub Info: Skipping package `hobsub' (already loaded).
Package: letltxmacro 2016/05/16 v1.5 Let assignment for LaTeX macros (HO)
Package: hopatch 2016/05/16 v1.3 Wrapper for package hooks (HO)
Package: xcolor-patch 2016/05/16 xcolor patch
Package: atveryend 2016/05/16 v1.9 Hooks at the very end of document (HO)
Package atveryend Info: \enddocument detected (standard20110627).
Package: atbegshi 2016/05/16 v1.17 At begin shipout hook (HO)
Package: refcount 2016/05/16 v3.5 Data extraction from label references (HO)
Package: hycolor 2016/05/16 v1.8 Color options for hyperref/bookmark (HO)
)
(/usr/local/texlive/2016/texmf-dist/tex/latex/graphics/keyval.sty
Package: keyval 2014/10/28 v1.15 key=value parser (DPC)
\KV@toks@=\toks14
)
(/usr/local/texlive/2016/texmf-dist/tex/generic/ifxetex/ifxetex.sty
Package: ifxetex 2010/09/12 v0.6 Provides ifxetex conditional
)
(/usr/local/texlive/2016/texmf-dist/tex/latex/oberdiek/auxhook.sty
Package: auxhook 2016/05/16 v1.4 Hooks for auxiliary files (HO)
)
(/usr/local/texlive/2016/texmf-dist/tex/latex/oberdiek/kvoptions.sty
Package: kvoptions 2016/05/16 v3.12 Key value format for package options (HO)
)
\@linkdim=\dimen104
\Hy@linkcounter=\count88
\Hy@pagecounter=\count89

(/usr/local/texlive/2016/texmf-dist/tex/latex/hyperref/pd1enc.def
File: pd1enc.def 2016/05/05 v6.83n Hyperref: PDFDocEncoding definition (HO)
)
\Hy@SavedSpaceFactor=\count90

(/usr/local/texlive/2016/texmf-dist/tex/latex/latexconfig/hyperref.cfg
File: hyperref.cfg 2002/06/06 v1.2 hyperref configuration of TeXLive
)
Package hyperref Info: Option `colorlinks' set `true' on input line 4322.
Package hyperref Info: Option `pageanchor' set `true' on input line 4322.
Package hyperref Info: Hyper figures OFF on input line 4446.
Package hyperref Info: Link nesting OFF on input line 4451.
Package hyperref Info: Hyper index ON on input line 4454.
Package hyperref Info: Plain pages OFF on input line 4461.
Package hyperref Info: Backreferencing OFF on input line 4466.
Package hyperref Info: Implicit mode ON; LaTeX internals redefined.
Package hyperref Info: Bookmarks ON on input line 4691.
\c@Hy@tempcnt=\count91

(/usr/local/texlive/2016/texmf-dist/tex/latex/url/url.sty
\Urlmuskip=\muskip10
Package: url 2013/09/16  ver 3.4  Verb mode for urls, etc.
)
LaTeX Info: Redefining \url on input line 5044.
\XeTeXLinkMargin=\dimen105
\Fld@menulength=\count92
\Field@Width=\dimen106
\Fld@charsize=\dimen107
Package hyperref Info: Hyper figures OFF on input line 6298.
Package hyperref Info: Link nesting OFF on input line 6303.
Package hyperref Info: Hyper index ON on input line 6306.
Package hyperref Info: backreferencing OFF on input line 6313.
Package hyperref Info: Link coloring ON on input line 6316.
Package hyperref Info: Link coloring with OCG OFF on input line 6323.
Package hyperref Info: PDF/A mode OFF on input line 6328.
LaTeX Info: Redefining \ref on input line 6368.
LaTeX Info: Redefining \pageref on input line 6372.
\Hy@abspage=\count93
\c@Item=\count94
\c@Hfootnote=\count95
)

Package hyperref Message: Driver (autodetected): hpdftex.

(/usr/local/texlive/2016/texmf-dist/tex/latex/hyperref/hpdftex.def
File: hpdftex.def 2016/05/05 v6.83n Hyperref driver for pdfTeX
\Fld@listcount=\count96
\c@bookmark@seq@number=\count97

(/usr/local/texlive/2016/texmf-dist/tex/latex/oberdiek/rerunfilecheck.sty
Package: rerunfilecheck 2016/05/16 v1.8 Rerun checks for auxiliary files (HO)
Package uniquecounter Info: New unique counter `rerunfilecheck' on input line 2
82.
)
\Hy@SectionHShift=\skip43
)
(./jovcite.sty
Package: jovcite 2008/12/22 Journal of Vision, inofficial LaTeX stylesheet
\c@BibCnt=\count98
\bibleftmargin=\skip44
\bibindent=\skip45
\bibparsep=\skip46
\bibitemsep=\skip47
) (/usr/local/texlive/2016/texmf-dist/tex/latex/psnfss/pifont.sty
Package: pifont 2005/04/12 PSNFSS-v9.2a Pi font support (SPQR) 
LaTeX Font Info:    Try loading font information for U+pzd on input line 63.
(/usr/local/texlive/2016/texmf-dist/tex/latex/psnfss/upzd.fd
File: upzd.fd 2001/06/04 font definitions for U/pzd.
)
LaTeX Font Info:    Try loading font information for U+psy on input line 64.

(/usr/local/texlive/2016/texmf-dist/tex/latex/psnfss/upsy.fd
File: upsy.fd 2001/06/04 font definitions for U/psy.
))
\c@nauthors=\count99
)
(/usr/local/texlive/2016/texmf-dist/tex/latex/graphics/graphicx.sty
Package: graphicx 2014/10/28 v1.0g Enhanced LaTeX Graphics (DPC,SPQR)

(/usr/local/texlive/2016/texmf-dist/tex/latex/graphics/graphics.sty
Package: graphics 2016/05/09 v1.0r Standard LaTeX Graphics (DPC,SPQR)

(/usr/local/texlive/2016/texmf-dist/tex/latex/graphics/trig.sty
Package: trig 2016/01/03 v1.10 sin cos tan (DPC)
)
(/usr/local/texlive/2016/texmf-dist/tex/latex/graphics-cfg/graphics.cfg
File: graphics.cfg 2016/01/02 v1.10 sample graphics configuration
)
Package graphics Info: Driver file: pdftex.def on input line 96.
)
\Gin@req@height=\dimen108
\Gin@req@width=\dimen109
)
(/usr/local/texlive/2016/texmf-dist/tex/latex/caption/subcaption.sty
Package: subcaption 2016/02/20 v1.1-142 Sub-captions (AR)

(/usr/local/texlive/2016/texmf-dist/tex/latex/caption/caption.sty
Package: caption 2016/02/21 v3.3-144 Customizing captions (AR)

(/usr/local/texlive/2016/texmf-dist/tex/latex/caption/caption3.sty
Package: caption3 2016/02/04 v1.7-139 caption3 kernel (AR)
Package caption3 Info: TeX engine: e-TeX on input line 67.
\captionmargin=\dimen110
\captionmargin@=\dimen111
\captionwidth=\dimen112
\caption@tempdima=\dimen113
\caption@indent=\dimen114
\caption@parindent=\dimen115
\caption@hangindent=\dimen116
Package caption Info: Unknown document class (or package),
(caption)             standard defaults will be used.
)

Package caption Warning: Unsupported document class (or package) detected,
(caption)                usage of the caption package is not recommended.
See the caption package documentation for explanation.

Package caption Info: \@makecaption = \long macro:#1#2->\vskip \abovecaptionski
p \sbox \@tempboxa {{\captionfonts #1: #2}}\ifdim \wd \@tempboxa >\hsize {\capt
ionfonts #1: #2\par } \else \hbox to\hsize {\hfil \box \@tempboxa \hfil }\fi \v
skip \belowcaptionskip .
\c@ContinuedFloat=\count100
Package caption Info: hyperref package is loaded.
)
\c@subfigure=\count101
\c@subtable=\count102
) (/usr/local/texlive/2016/texmf-dist/tex/latex/amsmath/amsmath.sty
Package: amsmath 2016/03/10 v2.15b AMS math features
\@mathmargin=\skip48

For additional information on amsmath, use the `?' option.
(/usr/local/texlive/2016/texmf-dist/tex/latex/amsmath/amstext.sty
Package: amstext 2000/06/29 v2.01 AMS text

(/usr/local/texlive/2016/texmf-dist/tex/latex/amsmath/amsgen.sty
File: amsgen.sty 1999/11/30 v2.0 generic functions
\@emptytoks=\toks15
\ex@=\dimen117
))
(/usr/local/texlive/2016/texmf-dist/tex/latex/amsmath/amsbsy.sty
Package: amsbsy 1999/11/29 v1.2d Bold Symbols
\pmbraise@=\dimen118
)
(/usr/local/texlive/2016/texmf-dist/tex/latex/amsmath/amsopn.sty
Package: amsopn 2016/03/08 v2.02 operator names
)
\inf@bad=\count103
LaTeX Info: Redefining \frac on input line 199.
\uproot@=\count104
\leftroot@=\count105
LaTeX Info: Redefining \overline on input line 297.
\classnum@=\count106
\DOTSCASE@=\count107
LaTeX Info: Redefining \ldots on input line 394.
LaTeX Info: Redefining \dots on input line 397.
LaTeX Info: Redefining \cdots on input line 518.
\Mathstrutbox@=\box26
\strutbox@=\box27
\big@size=\dimen119
LaTeX Font Info:    Redeclaring font encoding OML on input line 634.
LaTeX Font Info:    Redeclaring font encoding OMS on input line 635.
\macc@depth=\count108
\c@MaxMatrixCols=\count109
\dotsspace@=\muskip11
\c@parentequation=\count110
\dspbrk@lvl=\count111
\tag@help=\toks16
\row@=\count112
\column@=\count113
\maxfields@=\count114
\andhelp@=\toks17
\eqnshift@=\dimen120
\alignsep@=\dimen121
\tagshift@=\dimen122
\tagwidth@=\dimen123
\totwidth@=\dimen124
\lineht@=\dimen125
\@envbody=\toks18
\multlinegap=\skip49
\multlinetaggap=\skip50
\mathdisplay@stack=\toks19
LaTeX Info: Redefining \[ on input line 2739.
LaTeX Info: Redefining \] on input line 2740.
)
(/usr/local/texlive/2016/texmf-dist/tex/latex/bbm-macros/bbm.sty
Package: bbm 1999/03/15 V 1.2 provides fonts for set symbols - TH
LaTeX Font Info:    Overwriting math alphabet `\mathbbm' in version `bold'
(Font)                  U/bbm/m/n --> U/bbm/bx/n on input line 33.
LaTeX Font Info:    Overwriting math alphabet `\mathbbmss' in version `bold'
(Font)                  U/bbmss/m/n --> U/bbmss/bx/n on input line 35.
)
(/usr/local/texlive/2016/texmf-dist/tex/latex/amsfonts/amssymb.sty
Package: amssymb 2013/01/14 v3.01 AMS font symbols

(/usr/local/texlive/2016/texmf-dist/tex/latex/amsfonts/amsfonts.sty
Package: amsfonts 2013/01/14 v3.01 Basic AMSFonts support
\symAMSa=\mathgroup4
\symAMSb=\mathgroup5
LaTeX Font Info:    Overwriting math alphabet `\mathfrak' in version `bold'
(Font)                  U/euf/m/n --> U/euf/b/n on input line 106.
))
(/usr/local/texlive/2016/texmf-dist/tex/latex/comment/comment.sty
\CommentStream=\write3

Excluding comment 'comment') (./draft1.aux)
\openout1 = `draft1.aux'.

LaTeX Font Info:    Checking defaults for OML/cmm/m/it on input line 16.
LaTeX Font Info:    ... okay on input line 16.
LaTeX Font Info:    Checking defaults for T1/cmr/m/n on input line 16.
LaTeX Font Info:    ... okay on input line 16.
LaTeX Font Info:    Checking defaults for OT1/cmr/m/n on input line 16.
LaTeX Font Info:    ... okay on input line 16.
LaTeX Font Info:    Checking defaults for OMS/cmsy/m/n on input line 16.
LaTeX Font Info:    ... okay on input line 16.
LaTeX Font Info:    Checking defaults for OMX/cmex/m/n on input line 16.
LaTeX Font Info:    ... okay on input line 16.
LaTeX Font Info:    Checking defaults for U/cmr/m/n on input line 16.
LaTeX Font Info:    ... okay on input line 16.
LaTeX Font Info:    Checking defaults for PD1/pdf/m/n on input line 16.
LaTeX Font Info:    ... okay on input line 16.
LaTeX Font Info:    Try loading font information for OT1+ptm on input line 16.

(/usr/local/texlive/2016/texmf-dist/tex/latex/psnfss/ot1ptm.fd
File: ot1ptm.fd 2001/06/04 font definitions for OT1/ptm.
)
(/usr/local/texlive/2016/texmf-dist/tex/context/base/mkii/supp-pdf.mkii
[Loading MPS to PDF converter (version 2006.09.02).]
\scratchcounter=\count115
\scratchdimen=\dimen126
\scratchbox=\box28
\nofMPsegments=\count116
\nofMParguments=\count117
\everyMPshowfont=\toks20
\MPscratchCnt=\count118
\MPscratchDim=\dimen127
\MPnumerator=\count119
\makeMPintoPDFobject=\count120
\everyMPtoPDFconversion=\toks21
)
\AtBeginShipoutBox=\box29
Package hyperref Info: Link coloring ON on input line 16.
 (/usr/local/texlive/2016/texmf-dist/tex/latex/hyperref/nameref.sty
Package: nameref 2012/10/27 v2.43 Cross-referencing by name of section

(/usr/local/texlive/2016/texmf-dist/tex/generic/oberdiek/gettitlestring.sty
Package: gettitlestring 2016/05/16 v1.5 Cleanup title references (HO)
)
\c@section@level=\count121
)
LaTeX Info: Redefining \ref on input line 16.
LaTeX Info: Redefining \pageref on input line 16.
LaTeX Info: Redefining \nameref on input line 16.

(./draft1.out) (./draft1.out)
\@outlinefile=\write4
\openout4 = `draft1.out'.

 (./english.apc
File: english.apc 2007/09/03 v4.00 apacite language file
)
(/usr/local/texlive/2016/texmf-dist/tex/latex/oberdiek/epstopdf-base.sty
Package: epstopdf-base 2016/05/15 v2.6 Base part for package epstopdf

(/usr/local/texlive/2016/texmf-dist/tex/latex/oberdiek/grfext.sty
Package: grfext 2016/05/16 v1.2 Manage graphics extensions (HO)
)
Package grfext Info: Graphics extension search list:
(grfext)             [.png,.pdf,.jpg,.mps,.jpeg,.jbig2,.jb2,.PNG,.PDF,.JPG,.JPE
G,.JBIG2,.JB2,.eps]
(grfext)             \AppendGraphicsExtensions on input line 456.

(/usr/local/texlive/2016/texmf-dist/tex/latex/latexconfig/epstopdf-sys.cfg
File: epstopdf-sys.cfg 2010/07/13 v1.3 Configuration of (r)epstopdf for TeX Liv
e
))
Package caption Info: Begin \AtBeginDocument code.
Package caption Info: End \AtBeginDocument code.
LaTeX Font Info:    Try loading font information for OT1+phv on input line 29.

(/usr/local/texlive/2016/texmf-dist/tex/latex/psnfss/ot1phv.fd
File: ot1phv.fd 2001/06/04 scalable font definitions for OT1/phv.
)
LaTeX Font Info:    Try loading font information for U+msa on input line 29.

(/usr/local/texlive/2016/texmf-dist/tex/latex/amsfonts/umsa.fd
File: umsa.fd 2013/01/14 v3.01 AMS symbols A
)
LaTeX Font Info:    Try loading font information for U+msb on input line 29.

(/usr/local/texlive/2016/texmf-dist/tex/latex/amsfonts/umsb.fd
File: umsb.fd 2013/01/14 v3.01 AMS symbols B
)
LaTeX Font Info:    Font shape `OT1/ptm/bx/n' in size <14.4> not available
(Font)              Font shape `OT1/ptm/b/n' tried instead on input line 29.
LaTeX Font Info:    Font shape `OT1/phv/bx/n' in size <14.4> not available
(Font)              Font shape `OT1/phv/b/n' tried instead on input line 29.


Package hyperref Warning: Suppressing link with empty target on input line 29.


Overfull \vbox (7.80003pt too high) detected at line 29
 []

LaTeX Font Info:    Try loading font information for OMS+phv on input line 187.

(/usr/local/texlive/2016/texmf-dist/tex/latex/psnfss/omsphv.fd
File: omsphv.fd 
)
LaTeX Font Info:    Font shape `OMS/phv/m/n' in size <8> not available
(Font)              Font shape `OMS/cmsy/m/n' tried instead on input line 187.
 [1{/usr/local/texlive/2016/texmf-var/fonts/map/pdftex/updmap/pdftex.map}

]
<../Figures/Figure1/Figure1_a.png, id=88, 1027.84pt x 770.88pt>
File: ../Figures/Figure1/Figure1_a.png Graphic file (type png)

<use ../Figures/Figure1/Figure1_a.png>
Package pdftex.def Info: ../Figures/Figure1/Figure1_a.png used on input line 20
2.
(pdftex.def)             Requested size: 216.23764pt x 162.17188pt.

<../Figures/Figure1/Figure1_b.jpeg, id=90, 1016.79875pt x 654.445pt>
File: ../Figures/Figure1/Figure1_b.jpeg Graphic file (type jpg)

<use ../Figures/Figure1/Figure1_b.jpeg>
Package pdftex.def Info: ../Figures/Figure1/Figure1_b.jpeg used on input line 2
07.
(pdftex.def)             Requested size: 243.26941pt x 156.57071pt.
LaTeX Font Info:    Font shape `OT1/ptm/bx/n' in size <10> not available
(Font)              Font shape `OT1/ptm/b/n' tried instead on input line 212.
 Excluding 'comment' comment.
<../Figures/Figure2/Figure2_a.jpeg, id=98, 1026.83624pt x 652.4375pt>
File: ../Figures/Figure2/Figure2_a.jpeg Graphic file (type jpg)

<use ../Figures/Figure2/Figure2_a.jpeg>
Package pdftex.def Info: ../Figures/Figure2/Figure2_a.jpeg used on input line 2
30.
(pdftex.def)             Requested size: 178.39977pt x 113.35197pt.

<../Figures/Figure2/Figure2_b.jpeg, id=99, 1027.84pt x 652.4375pt>
File: ../Figures/Figure2/Figure2_b.jpeg Graphic file (type jpg)

<use ../Figures/Figure2/Figure2_b.jpeg>
Package pdftex.def Info: ../Figures/Figure2/Figure2_b.jpeg used on input line 2
35.
(pdftex.def)             Requested size: 178.39977pt x 113.24246pt.

<../Figures/Figure2/Figure2_c.jpeg, id=100, 1027.84pt x 652.4375pt>
File: ../Figures/Figure2/Figure2_c.jpeg Graphic file (type jpg)

<use ../Figures/Figure2/Figure2_c.jpeg>
Package pdftex.def Info: ../Figures/Figure2/Figure2_c.jpeg used on input line 2
40.
(pdftex.def)             Requested size: 178.39977pt x 113.24246pt.
 [2] [3 <../Figures/Figure1/Figure1_a.png> <../Figures/Figure1/Figure1_b.jpeg> 
<../Figures/Figure2/Figure2_a.jpeg> <../Figures/Figure2/Figure2_b.jpeg> <../Fig
ures/Figure2/Figure2_c.jpeg>]
LaTeX Font Info:    Font shape `OT1/ptm/bx/n' in size <12> not available
(Font)              Font shape `OT1/ptm/b/n' tried instead on input line 255.
LaTeX Font Info:    Font shape `OT1/phv/bx/n' in size <12> not available
(Font)              Font shape `OT1/phv/b/n' tried instead on input line 255.

<../Figures/Figure3/Figure3_a.png, id=124, 1027.84pt x 770.88pt>
File: ../Figures/Figure3/Figure3_a.png Graphic file (type png)

<use ../Figures/Figure3/Figure3_a.png>
Package pdftex.def Info: ../Figures/Figure3/Figure3_a.png used on input line 26
3.
(pdftex.def)             Requested size: 135.15059pt x 101.35889pt.

<../Figures/Figure3/Figure3_b.png, id=125, 770.88pt x 770.88pt>
File: ../Figures/Figure3/Figure3_b.png Graphic file (type png)

<use ../Figures/Figure3/Figure3_b.png>
Package pdftex.def Info: ../Figures/Figure3/Figure3_b.png used on input line 27
1.
(pdftex.def)             Requested size: 102.71576pt x 102.7116pt.

Underfull \hbox (badness 10000) in paragraph at lines 270--272
[]
 []

<../Figures/Figure3/Figure3_c.png, id=126, 766.865pt x 770.88pt>
File: ../Figures/Figure3/Figure3_c.png Graphic file (type png)

<use ../Figures/Figure3/Figure3_c.png>
Package pdftex.def Info: ../Figures/Figure3/Figure3_c.png used on input line 27
9.
(pdftex.def)             Requested size: 102.71576pt x 103.25269pt.

Underfull \hbox (badness 10000) in paragraph at lines 278--280
[]
 []

<../Figures/Figure3/Figure3_d.png, id=127, 798.985pt x 764.8575pt>
File: ../Figures/Figure3/Figure3_d.png Graphic file (type png)

<use ../Figures/Figure3/Figure3_d.png>
Package pdftex.def Info: ../Figures/Figure3/Figure3_d.png used on input line 28
5.
(pdftex.def)             Requested size: 108.11882pt x 103.49638pt.
LaTeX Font Info:    Font shape `OT1/phv/bx/sl' in size <10> not available
(Font)              Font shape `OT1/phv/b/sl' tried instead on input line 299.
 [4]
LaTeX Font Info:    Try loading font information for U+bbm on input line 309.

(/usr/local/texlive/2016/texmf-dist/tex/latex/bbm-macros/ubbm.fd
File: ubbm.fd 1999/03/15 V 1.2 Font definition for bbm font - TH
) [5 <../Figures/Figure3/Figure3_a.png> <../Figures/Figure3/Figure3_b.png> <../
Figures/Figure3/Figure3_c.png> <../Figures/Figure3/Figure3_d.png>]
LaTeX Font Info:    Font shape `OT1/ptm/bx/it' in size <10> not available
(Font)              Font shape `OT1/ptm/b/it' tried instead on input line 315.
 [6]
<../Figures/Figure4/Figure4_a.pdf, id=190, 501.875pt x 301.125pt>
File: ../Figures/Figure4/Figure4_a.pdf Graphic file (type pdf)

<use ../Figures/Figure4/Figure4_a.pdf>
Package pdftex.def Info: ../Figures/Figure4/Figure4_a.pdf used on input line 36
2.
(pdftex.def)             Requested size: 145.96494pt x 87.58131pt.

<../Figures/Figure4/Figure4_b.pdf, id=191, 501.875pt x 301.125pt>
File: ../Figures/Figure4/Figure4_b.pdf Graphic file (type pdf)

<use ../Figures/Figure4/Figure4_b.pdf>
Package pdftex.def Info: ../Figures/Figure4/Figure4_b.pdf used on input line 36
7.
(pdftex.def)             Requested size: 145.96494pt x 87.58131pt.

<../Figures/Figure4/Figure4_c.pdf, id=192, 501.875pt x 501.875pt>
File: ../Figures/Figure4/Figure4_c.pdf Graphic file (type pdf)

<use ../Figures/Figure4/Figure4_c.pdf>
Package pdftex.def Info: ../Figures/Figure4/Figure4_c.pdf used on input line 37
2.
(pdftex.def)             Requested size: 108.11882pt x 108.11543pt.

<../Figures/Figure4/Figure4_d.pdf, id=193, 501.875pt x 501.875pt>
File: ../Figures/Figure4/Figure4_d.pdf Graphic file (type pdf)

<use ../Figures/Figure4/Figure4_d.pdf>
Package pdftex.def Info: ../Figures/Figure4/Figure4_d.pdf used on input line 37
7.
(pdftex.def)             Requested size: 108.11882pt x 108.11543pt.

<../Figures/Figure6/Figure6_a.pdf, id=194, 501.875pt x 301.125pt>
File: ../Figures/Figure6/Figure6_a.pdf Graphic file (type pdf)

<use ../Figures/Figure6/Figure6_a.pdf>
Package pdftex.def Info: ../Figures/Figure6/Figure6_a.pdf used on input line 39
0.
(pdftex.def)             Requested size: 145.96494pt x 87.58131pt.

<../Figures/Figure6/Figure6_b.pdf, id=195, 501.875pt x 301.125pt>
File: ../Figures/Figure6/Figure6_b.pdf Graphic file (type pdf)

<use ../Figures/Figure6/Figure6_b.pdf>
Package pdftex.def Info: ../Figures/Figure6/Figure6_b.pdf used on input line 39
5.
(pdftex.def)             Requested size: 145.96494pt x 87.58131pt.

<../Figures/Figure6/Figure6_c.pdf, id=196, 501.875pt x 501.875pt>
File: ../Figures/Figure6/Figure6_c.pdf Graphic file (type pdf)

<use ../Figures/Figure6/Figure6_c.pdf>
Package pdftex.def Info: ../Figures/Figure6/Figure6_c.pdf used on input line 40
0.
(pdftex.def)             Requested size: 108.11882pt x 108.11543pt.

<../Figures/Figure6/Figure6_d.pdf, id=197, 501.875pt x 501.875pt>
File: ../Figures/Figure6/Figure6_d.pdf Graphic file (type pdf)

<use ../Figures/Figure6/Figure6_d.pdf>
Package pdftex.def Info: ../Figures/Figure6/Figure6_d.pdf used on input line 40
5.
(pdftex.def)             Requested size: 108.11882pt x 108.11543pt.

<../Figures/Figure7/Figure7_a.pdf, id=200, 501.875pt x 301.125pt>
File: ../Figures/Figure7/Figure7_a.pdf Graphic file (type pdf)

<use ../Figures/Figure7/Figure7_a.pdf>
Package pdftex.def Info: ../Figures/Figure7/Figure7_a.pdf used on input line 41
8.
(pdftex.def)             Requested size: 145.96494pt x 87.58131pt.

<../Figures/Figure7/Figure7_b.pdf, id=201, 501.875pt x 301.125pt>
File: ../Figures/Figure7/Figure7_b.pdf Graphic file (type pdf)

<use ../Figures/Figure7/Figure7_b.pdf>
Package pdftex.def Info: ../Figures/Figure7/Figure7_b.pdf used on input line 42
3.
(pdftex.def)             Requested size: 145.96494pt x 87.58131pt.

<../Figures/Figure7/Figure7_c.pdf, id=202, 501.875pt x 501.875pt>
File: ../Figures/Figure7/Figure7_c.pdf Graphic file (type pdf)

<use ../Figures/Figure7/Figure7_c.pdf>
Package pdftex.def Info: ../Figures/Figure7/Figure7_c.pdf used on input line 42
8.
(pdftex.def)             Requested size: 108.11882pt x 108.11543pt.

<../Figures/Figure7/Figure7_d.pdf, id=203, 501.875pt x 501.875pt>
File: ../Figures/Figure7/Figure7_d.pdf Graphic file (type pdf)

<use ../Figures/Figure7/Figure7_d.pdf>
Package pdftex.def Info: ../Figures/Figure7/Figure7_d.pdf used on input line 43
3.
(pdftex.def)             Requested size: 108.11882pt x 108.11543pt.
 [7 <../Figures/Figure4/Figure4_a.pdf> <../Figures/Figure4/Figure4_b.pdf> <../F
igures/Figure4/Figure4_c.pdf> <../Figures/Figure4/Figure4_d.pdf>]
<../Figures/Figure5/Figure5.pdf, id=321, 501.875pt x 501.875pt>
File: ../Figures/Figure5/Figure5.pdf Graphic file (type pdf)

<use ../Figures/Figure5/Figure5.pdf>
Package pdftex.def Info: ../Figures/Figure5/Figure5.pdf used on input line 451.

(pdftex.def)             Requested size: 162.18234pt x 162.18082pt.

<../Figures/Figure8/Figure8_a.pdf, id=325, 501.875pt x 501.875pt>
File: ../Figures/Figure8/Figure8_a.pdf Graphic file (type pdf)

<use ../Figures/Figure8/Figure8_a.pdf>
Package pdftex.def Info: ../Figures/Figure8/Figure8_a.pdf used on input line 46
5.
(pdftex.def)             Requested size: 162.18234pt x 162.18082pt.

<../Figures/Figure8/Figure8_b.pdf, id=326, 501.875pt x 501.875pt>
File: ../Figures/Figure8/Figure8_b.pdf Graphic file (type pdf)

<use ../Figures/Figure8/Figure8_b.pdf>
Package pdftex.def Info: ../Figures/Figure8/Figure8_b.pdf used on input line 47
2.
(pdftex.def)             Requested size: 162.18234pt x 162.18082pt.

<../Figures/Figure8/Figure8_c.pdf, id=327, 501.875pt x 501.875pt>
File: ../Figures/Figure8/Figure8_c.pdf Graphic file (type pdf)

<use ../Figures/Figure8/Figure8_c.pdf>
Package pdftex.def Info: ../Figures/Figure8/Figure8_c.pdf used on input line 47
9.
(pdftex.def)             Requested size: 162.18234pt x 162.18082pt.
 [8 <../Figures/Figure6/Figure6_a.pdf> <../Figures/Figure6/Figure6_b.pdf> <../F
igures/Figure6/Figure6_c.pdf> <../Figures/Figure6/Figure6_d.pdf> <../Figures/Fi
gure7/Figure7_a.pdf> <../Figures/Figure7/Figure7_b.pdf> <../Figures/Figure7/Fig
ure7_c.pdf> <../Figures/Figure7/Figure7_d.pdf>] [9 <../Figures/Figure5/Figure5.
pdf> <../Figures/Figure8/Figure8_a.pdf> <../Figures/Figure8/Figure8_b.pdf> <../
Figures/Figure8/Figure8_c.pdf>]
<../Figures/Figure9/Figure9_a.png, id=578, 321.2pt x 240.9pt>
File: ../Figures/Figure9/Figure9_a.png Graphic file (type png)

<use ../Figures/Figure9/Figure9_a.png>
Package pdftex.def Info: ../Figures/Figure9/Figure9_a.png used on input line 50
2.
(pdftex.def)             Requested size: 118.93317pt x 89.19775pt.

<../Figures/Figure9/Figure9_b.png, id=579, 321.2pt x 240.9pt>
File: ../Figures/Figure9/Figure9_b.png Graphic file (type png)

<use ../Figures/Figure9/Figure9_b.png>
Package pdftex.def Info: ../Figures/Figure9/Figure9_b.png used on input line 50
9.
(pdftex.def)             Requested size: 118.93317pt x 89.19775pt.

<../Figures/Figure9/Figure9_c.png, id=580, 321.2pt x 240.9pt>
File: ../Figures/Figure9/Figure9_c.png Graphic file (type png)

<use ../Figures/Figure9/Figure9_c.png>
Package pdftex.def Info: ../Figures/Figure9/Figure9_c.png used on input line 51
6.
(pdftex.def)             Requested size: 118.93317pt x 89.19775pt.

<../Figures/Figure9/Figure9_d.png, id=581, 321.2pt x 240.9pt>
File: ../Figures/Figure9/Figure9_d.png Graphic file (type png)

<use ../Figures/Figure9/Figure9_d.png>
Package pdftex.def Info: ../Figures/Figure9/Figure9_d.png used on input line 52
2.
(pdftex.def)             Requested size: 118.93317pt x 89.19775pt.

<../Figures/Figure9/Figure9_e.png, id=582, 321.2pt x 240.9pt>
File: ../Figures/Figure9/Figure9_e.png Graphic file (type png)

<use ../Figures/Figure9/Figure9_e.png>
Package pdftex.def Info: ../Figures/Figure9/Figure9_e.png used on input line 52
8.
(pdftex.def)             Requested size: 118.93317pt x 89.19775pt.

<../Figures/Figure9/Figure9_f.png, id=583, 321.2pt x 240.9pt>
File: ../Figures/Figure9/Figure9_f.png Graphic file (type png)

<use ../Figures/Figure9/Figure9_f.png>
Package pdftex.def Info: ../Figures/Figure9/Figure9_f.png used on input line 53
4.
(pdftex.def)             Requested size: 118.93317pt x 89.19775pt.

<../Figures/Figure10/Figure10_a.png, id=585, 321.2pt x 240.9pt>
File: ../Figures/Figure10/Figure10_a.png Graphic file (type png)

<use ../Figures/Figure10/Figure10_a.png>
Package pdftex.def Info: ../Figures/Figure10/Figure10_a.png used on input line 
547.
(pdftex.def)             Requested size: 118.93317pt x 89.19775pt.

<../Figures/Figure10/Figure10_b.png, id=586, 321.2pt x 240.9pt>
File: ../Figures/Figure10/Figure10_b.png Graphic file (type png)

<use ../Figures/Figure10/Figure10_b.png>
Package pdftex.def Info: ../Figures/Figure10/Figure10_b.png used on input line 
554.
(pdftex.def)             Requested size: 118.93317pt x 89.19775pt.

<../Figures/Figure10/Figure10_c.png, id=587, 321.2pt x 240.9pt>
File: ../Figures/Figure10/Figure10_c.png Graphic file (type png)

<use ../Figures/Figure10/Figure10_c.png>
Package pdftex.def Info: ../Figures/Figure10/Figure10_c.png used on input line 
561.
(pdftex.def)             Requested size: 118.93317pt x 89.19775pt.

<../Figures/Figure10/Figure10_d.png, id=588, 321.2pt x 240.9pt>
File: ../Figures/Figure10/Figure10_d.png Graphic file (type png)

<use ../Figures/Figure10/Figure10_d.png>
Package pdftex.def Info: ../Figures/Figure10/Figure10_d.png used on input line 
567.
(pdftex.def)             Requested size: 118.93317pt x 89.19775pt.

<../Figures/Figure10/Figure10_e.png, id=589, 321.2pt x 240.9pt>
File: ../Figures/Figure10/Figure10_e.png Graphic file (type png)

<use ../Figures/Figure10/Figure10_e.png>
Package pdftex.def Info: ../Figures/Figure10/Figure10_e.png used on input line 
573.
(pdftex.def)             Requested size: 118.93317pt x 89.19775pt.

<../Figures/Figure10/Figure10_f.png, id=590, 321.2pt x 240.9pt>
File: ../Figures/Figure10/Figure10_f.png Graphic file (type png)

<use ../Figures/Figure10/Figure10_f.png>
Package pdftex.def Info: ../Figures/Figure10/Figure10_f.png used on input line 
579.
(pdftex.def)             Requested size: 118.93317pt x 89.19775pt.


LaTeX Warning: `h' float specifier changed to `ht'.


LaTeX Warning: Reference `fig:objectTransformations' on page 10 undefined on in
put line 586.

[10] <../Figures/Figure11/Figure11_a.png, id=598, 326.21875pt x 739.76375pt>
File: ../Figures/Figure11/Figure11_a.png Graphic file (type png)

<use ../Figures/Figure11/Figure11_a.png>
Package pdftex.def Info: ../Figures/Figure11/Figure11_a.png used on input line 
596.
(pdftex.def)             Requested size: 97.30446pt x 220.6553pt.

<../Figures/Figure11/Figure11_b.png, id=599, 326.21875pt x 739.76375pt>
File: ../Figures/Figure11/Figure11_b.png Graphic file (type png)

<use ../Figures/Figure11/Figure11_b.png>
Package pdftex.def Info: ../Figures/Figure11/Figure11_b.png used on input line 
604.
(pdftex.def)             Requested size: 97.30446pt x 220.6553pt.

<../Figures/Figure11/Figure11_c.png, id=600, 326.21875pt x 739.76375pt>
File: ../Figures/Figure11/Figure11_c.png Graphic file (type png)

<use ../Figures/Figure11/Figure11_c.png>
Package pdftex.def Info: ../Figures/Figure11/Figure11_c.png used on input line 
612.
(pdftex.def)             Requested size: 97.30446pt x 220.6553pt.

<../Figures/Figure11/Figure11_d.png, id=601, 326.21875pt x 739.76375pt>
File: ../Figures/Figure11/Figure11_d.png Graphic file (type png)

<use ../Figures/Figure11/Figure11_d.png>
Package pdftex.def Info: ../Figures/Figure11/Figure11_d.png used on input line 
620.
(pdftex.def)             Requested size: 97.30446pt x 220.6553pt.

<../Figures/Figure11/Figure11_e.png, id=602, 326.21875pt x 739.76375pt>
File: ../Figures/Figure11/Figure11_e.png Graphic file (type png)

<use ../Figures/Figure11/Figure11_e.png>
Package pdftex.def Info: ../Figures/Figure11/Figure11_e.png used on input line 
628.
(pdftex.def)             Requested size: 97.30446pt x 220.6553pt.
 [11 <../Figures/Figure9/Figure9_a.png (PNG copy)> <../Figures/Figure9/Figure9_
b.png (PNG copy)> <../Figures/Figure9/Figure9_c.png (PNG copy)> <../Figures/Fig
ure9/Figure9_d.png (PNG copy)> <../Figures/Figure9/Figure9_e.png (PNG copy)> <.
./Figures/Figure9/Figure9_f.png (PNG copy)>] <../Figures/Figure12/Figure12_a.pd
f, id=609, 552.0625pt x 501.875pt>
File: ../Figures/Figure12/Figure12_a.pdf Graphic file (type pdf)

<use ../Figures/Figure12/Figure12_a.pdf>
Package pdftex.def Info: ../Figures/Figure12/Figure12_a.pdf used on input line 
652.
(pdftex.def)             Requested size: 162.18234pt x 147.4392pt.

<../Figures/Figure12/Figure12_b.pdf, id=610, 552.0625pt x 501.875pt>
File: ../Figures/Figure12/Figure12_b.pdf Graphic file (type pdf)

<use ../Figures/Figure12/Figure12_b.pdf>
Package pdftex.def Info: ../Figures/Figure12/Figure12_b.pdf used on input line 
658.
(pdftex.def)             Requested size: 162.18234pt x 147.4392pt.

<../Figures/Figure12/Figure12_c.pdf, id=611, 552.0625pt x 501.875pt>
File: ../Figures/Figure12/Figure12_c.pdf Graphic file (type pdf)

<use ../Figures/Figure12/Figure12_c.pdf>
Package pdftex.def Info: ../Figures/Figure12/Figure12_c.pdf used on input line 
664.
(pdftex.def)             Requested size: 162.18234pt x 147.4392pt.

<../Figures/Figure12/Figure12_d.pdf, id=612, 552.0625pt x 501.875pt>
File: ../Figures/Figure12/Figure12_d.pdf Graphic file (type pdf)

<use ../Figures/Figure12/Figure12_d.pdf>
Package pdftex.def Info: ../Figures/Figure12/Figure12_d.pdf used on input line 
671.
(pdftex.def)             Requested size: 162.18234pt x 147.4392pt.

<../Figures/Figure12/Figure12_e.pdf, id=613, 552.0625pt x 501.875pt>
File: ../Figures/Figure12/Figure12_e.pdf Graphic file (type pdf)

<use ../Figures/Figure12/Figure12_e.pdf>
Package pdftex.def Info: ../Figures/Figure12/Figure12_e.pdf used on input line 
677.
(pdftex.def)             Requested size: 162.18234pt x 147.4392pt.

<../Figures/Figure12/Figure12_f.pdf, id=614, 552.0625pt x 501.875pt>
File: ../Figures/Figure12/Figure12_f.pdf Graphic file (type pdf)

<use ../Figures/Figure12/Figure12_f.pdf>
Package pdftex.def Info: ../Figures/Figure12/Figure12_f.pdf used on input line 
683.
(pdftex.def)             Requested size: 162.18234pt x 147.4392pt.
 [12 <../Figures/Figure10/Figure10_a.png> <../Figures/Figure10/Figure10_b.png> 
<../Figures/Figure10/Figure10_c.png> <../Figures/Figure10/Figure10_d.png> <../F
igures/Figure10/Figure10_e.png> <../Figures/Figure10/Figure10_f.png>]
<../Figures/Figure13/Figure13_a.pdf, id=641, 552.0625pt x 501.875pt>
File: ../Figures/Figure13/Figure13_a.pdf Graphic file (type pdf)

<use ../Figures/Figure13/Figure13_a.pdf>
Package pdftex.def Info: ../Figures/Figure13/Figure13_a.pdf used on input line 
721.
(pdftex.def)             Requested size: 162.18234pt x 147.4392pt.

<../Figures/Figure13/Figure13_b.pdf, id=642, 552.0625pt x 501.875pt>
File: ../Figures/Figure13/Figure13_b.pdf Graphic file (type pdf)

<use ../Figures/Figure13/Figure13_b.pdf>
Package pdftex.def Info: ../Figures/Figure13/Figure13_b.pdf used on input line 
727.
(pdftex.def)             Requested size: 162.18234pt x 147.4392pt.

<../Figures/Figure13/Figure13_c.pdf, id=643, 552.0625pt x 501.875pt>
File: ../Figures/Figure13/Figure13_c.pdf Graphic file (type pdf)

<use ../Figures/Figure13/Figure13_c.pdf>
Package pdftex.def Info: ../Figures/Figure13/Figure13_c.pdf used on input line 
733.
(pdftex.def)             Requested size: 162.18234pt x 147.4392pt.

<../Figures/Figure14/Figure14_a.pdf, id=648, 552.0625pt x 501.875pt>
File: ../Figures/Figure14/Figure14_a.pdf Graphic file (type pdf)

<use ../Figures/Figure14/Figure14_a.pdf>
Package pdftex.def Info: ../Figures/Figure14/Figure14_a.pdf used on input line 
774.
(pdftex.def)             Requested size: 162.18234pt x 147.4392pt.

<../Figures/Figure14/Figure14_b.pdf, id=649, 552.0625pt x 501.875pt>
File: ../Figures/Figure14/Figure14_b.pdf Graphic file (type pdf)

<use ../Figures/Figure14/Figure14_b.pdf>
Package pdftex.def Info: ../Figures/Figure14/Figure14_b.pdf used on input line 
780.
(pdftex.def)             Requested size: 162.18234pt x 147.4392pt.

<../Figures/Figure14/Figure14_c.pdf, id=650, 552.0625pt x 501.875pt>
File: ../Figures/Figure14/Figure14_c.pdf Graphic file (type pdf)

<use ../Figures/Figure14/Figure14_c.pdf>
Package pdftex.def Info: ../Figures/Figure14/Figure14_c.pdf used on input line 
786.
(pdftex.def)             Requested size: 162.18234pt x 147.4392pt.
 [13 <../Figures/Figure11/Figure11_a.png> <../Figures/Figure11/Figure11_b.png> 
<../Figures/Figure11/Figure11_c.png> <../Figures/Figure11/Figure11_d.png> <../F
igures/Figure11/Figure11_e.png>]
[14 <../Figures/Figure12/Figure12_a.pdf> <../Figures/Figure12/Figure12_b.pdf> <
../Figures/Figure12/Figure12_c.pdf> <../Figures/Figure12/Figure12_d.pdf> <../Fi
gures/Figure12/Figure12_e.pdf> <../Figures/Figure12/Figure12_f.pdf>] [15 <../Fi
gures/Figure13/Figure13_a.pdf> <../Figures/Figure13/Figure13_b.pdf> <../Figures
/Figure13/Figure13_c.pdf> <../Figures/Figure14/Figure14_a.pdf> <../Figures/Figu
re14/Figure14_b.pdf> <../Figures/Figure14/Figure14_c.pdf>] (./draft1.bbl)
Package atveryend Info: Empty hook `BeforeClearDocument' on input line 808.

[16]
Package atveryend Info: Empty hook `AfterLastShipout' on input line 808.
 (./draft1.aux)
Package atveryend Info: Executing hook `AtVeryEndDocument' on input line 808.
Package atveryend Info: Executing hook `AtEndAfterFileList' on input line 808.
Package rerunfilecheck Info: File `draft1.out' has not changed.
(rerunfilecheck)             Checksum: 3A0A31F903BD049426E8CA25B99B5891;1087.


LaTeX Warning: There were undefined references.


LaTeX Warning: Label(s) may have changed. Rerun to get cross-references right.

Package atveryend Info: Empty hook `AtVeryVeryEnd' on input line 808.
 ) 
Here is how much of TeX's memory you used:
 8189 strings out of 493014
 128131 string characters out of 6133351
 228326 words of memory out of 5000000
 11462 multiletter control sequences out of 15000+600000
 37202 words of font info for 72 fonts, out of 8000000 for 9000
 1141 hyphenation exceptions out of 8191
 42i,14n,40p,1933b,496s stack positions out of 5000i,500n,10000p,200000b,80000s
{/usr/local/texlive/2016/texmf-dist/fonts/enc/dvips/base/8r.enc} </Users/dhb/
Library/texlive/2016/texmf-var/fonts/pk/ljfour/public/bbm/bbm10.600pk></usr/loc
al/texlive/2016/texmf-dist/fonts/type1/public/amsfonts/cm/cmbx10.pfb></usr/loca
l/texlive/2016/texmf-dist/fonts/type1/public/amsfonts/cm/cmex10.pfb></usr/local
/texlive/2016/texmf-dist/fonts/type1/public/amsfonts/cmextra/cmex7.pfb></usr/lo
cal/texlive/2016/texmf-dist/fonts/type1/public/amsfonts/cm/cmmi10.pfb></usr/loc
al/texlive/2016/texmf-dist/fonts/type1/public/amsfonts/cm/cmmi5.pfb></usr/local
/texlive/2016/texmf-dist/fonts/type1/public/amsfonts/cm/cmmi7.pfb></usr/local/t
exlive/2016/texmf-dist/fonts/type1/public/amsfonts/cm/cmr10.pfb></usr/local/tex
live/2016/texmf-dist/fonts/type1/public/amsfonts/cm/cmr5.pfb></usr/local/texliv
e/2016/texmf-dist/fonts/type1/public/amsfonts/cm/cmr7.pfb></usr/local/texlive/2
016/texmf-dist/fonts/type1/public/amsfonts/cm/cmsy10.pfb></usr/local/texlive/20
16/texmf-dist/fonts/type1/public/amsfonts/cm/cmsy5.pfb></usr/local/texlive/2016
/texmf-dist/fonts/type1/public/amsfonts/cm/cmsy7.pfb></usr/local/texlive/2016/t
exmf-dist/fonts/type1/public/amsfonts/cm/cmsy8.pfb></usr/local/texlive/2016/tex
mf-dist/fonts/type1/public/amsfonts/symbols/msam7.pfb></usr/local/texlive/2016/
texmf-dist/fonts/type1/urw/helvetic/uhvb8a.pfb></usr/local/texlive/2016/texmf-d
ist/fonts/type1/urw/helvetic/uhvbo8a.pfb></usr/local/texlive/2016/texmf-dist/fo
nts/type1/urw/helvetic/uhvr8a.pfb></usr/local/texlive/2016/texmf-dist/fonts/typ
e1/urw/helvetic/uhvro8a.pfb></usr/local/texlive/2016/texmf-dist/fonts/type1/urw
/times/utmb8a.pfb></usr/local/texlive/2016/texmf-dist/fonts/type1/urw/times/utm
bi8a.pfb></usr/local/texlive/2016/texmf-dist/fonts/type1/urw/times/utmr8a.pfb><
/usr/local/texlive/2016/texmf-dist/fonts/type1/urw/times/utmri8a.pfb></usr/loca
l/texlive/2016/texmf-dist/fonts/type1/urw/zapfding/uzdr.pfb>
Output written on draft1.pdf (16 pages, 14481508 bytes).
PDF statistics:
 891 PDF objects out of 1000 (max. 8388607)
 660 compressed objects within 7 object streams
 68 named destinations out of 1000 (max. 500000)
 407 words of extra memory for PDF output out of 10000 (max. 10000000)

