This is pdfTeX, Version 3.14159265-2.6-1.40.18 (TeX Live 2017) (preloaded format=pdflatex 2017.5.23)  13 SEP 2018 10:20
entering extended mode
 restricted \write18 enabled.
 file:line:error style messages enabled.
 %&-line parsing enabled.
**diff.tex
(./diff.tex
LaTeX2e <2017-04-15>
Babel <3.10> and hyphenation patterns for 84 language(s) loaded.
(./jov.cls
Document Class: jov 2008/12/16 Journal of Vision class
(/usr/local/texlive/2017/texmf-dist/tex/latex/base/article.cls
Document Class: article 2014/09/29 v1.4h Standard LaTeX document class
(/usr/local/texlive/2017/texmf-dist/tex/latex/base/size10.clo
File: size10.clo 2014/09/29 v1.4h Standard LaTeX file (size option)
)
\c@part=\count79
\c@section=\count80
\c@subsection=\count81
\c@subsubsection=\count82
\c@paragraph=\count83
\c@subparagraph=\count84
\c@figure=\count85
\c@table=\count86
\abovecaptionskip=\skip41
\belowcaptionskip=\skip42
\bibindent=\dimen102
)
(/usr/local/texlive/2017/texmf-dist/tex/latex/graphics/color.sty
Package: color 2016/07/10 v1.1e Standard LaTeX Color (DPC)

(/usr/local/texlive/2017/texmf-dist/tex/latex/graphics-cfg/color.cfg
File: color.cfg 2016/01/02 v1.6 sample color configuration
)
Package color Info: Driver file: pdftex.def on input line 147.

(/usr/local/texlive/2017/texmf-dist/tex/latex/graphics-def/pdftex.def
File: pdftex.def 2017/01/12 v0.06k Graphics/color for pdfTeX

(/usr/local/texlive/2017/texmf-dist/tex/generic/oberdiek/infwarerr.sty
Package: infwarerr 2016/05/16 v1.4 Providing info/warning/error messages (HO)
)
(/usr/local/texlive/2017/texmf-dist/tex/generic/oberdiek/ltxcmds.sty
Package: ltxcmds 2016/05/16 v1.23 LaTeX kernel commands for general use (HO)
)
\Gread@gobject=\count87
))
(/usr/local/texlive/2017/texmf-dist/tex/latex/psnfss/times.sty
Package: times 2005/04/12 PSNFSS-v9.2a (SPQR) 
)
(/usr/local/texlive/2017/texmf-dist/tex/latex/multirow/multirow.sty
Package: multirow 2016/11/25 v2.2 Span multiple rows of a table
\multirow@colwidth=\skip43
\multirow@cntb=\count88
\multirow@dima=\skip44
\bigstrutjot=\dimen103
)
(/usr/local/texlive/2017/texmf-dist/tex/latex/hyperref/hyperref.sty
Package: hyperref 2017/03/14 v6.85a Hypertext links for LaTeX

(/usr/local/texlive/2017/texmf-dist/tex/generic/oberdiek/hobsub-hyperref.sty
Package: hobsub-hyperref 2016/05/16 v1.14 Bundle oberdiek, subset hyperref (HO)


(/usr/local/texlive/2017/texmf-dist/tex/generic/oberdiek/hobsub-generic.sty
Package: hobsub-generic 2016/05/16 v1.14 Bundle oberdiek, subset generic (HO)
Package: hobsub 2016/05/16 v1.14 Construct package bundles (HO)
Package hobsub Info: Skipping package `infwarerr' (already loaded).
Package hobsub Info: Skipping package `ltxcmds' (already loaded).
Package: ifluatex 2016/05/16 v1.4 Provides the ifluatex switch (HO)
Package ifluatex Info: LuaTeX not detected.
Package: ifvtex 2016/05/16 v1.6 Detect VTeX and its facilities (HO)
Package ifvtex Info: VTeX not detected.
Package: intcalc 2016/05/16 v1.2 Expandable calculations with integers (HO)
Package: ifpdf 2017/03/15 v3.2 Provides the ifpdf switch
Package: etexcmds 2016/05/16 v1.6 Avoid name clashes with e-TeX commands (HO)
Package etexcmds Info: Could not find \expanded.
(etexcmds)             That can mean that you are not using pdfTeX 1.50 or
(etexcmds)             that some package has redefined \expanded.
(etexcmds)             In the latter case, load this package earlier.
Package: kvsetkeys 2016/05/16 v1.17 Key value parser (HO)
Package: kvdefinekeys 2016/05/16 v1.4 Define keys (HO)
Package: pdftexcmds 2017/03/19 v0.25 Utility functions of pdfTeX for LuaTeX (HO
)
Package pdftexcmds Info: LuaTeX not detected.
Package pdftexcmds Info: \pdf@primitive is available.
Package pdftexcmds Info: \pdf@ifprimitive is available.
Package pdftexcmds Info: \pdfdraftmode found.
Package: pdfescape 2016/05/16 v1.14 Implements pdfTeX's escape features (HO)
Package: bigintcalc 2016/05/16 v1.4 Expandable calculations on big integers (HO
)
Package: bitset 2016/05/16 v1.2 Handle bit-vector datatype (HO)
Package: uniquecounter 2016/05/16 v1.3 Provide unlimited unique counter (HO)
)
Package hobsub Info: Skipping package `hobsub' (already loaded).
Package: letltxmacro 2016/05/16 v1.5 Let assignment for LaTeX macros (HO)
Package: hopatch 2016/05/16 v1.3 Wrapper for package hooks (HO)
Package: xcolor-patch 2016/05/16 xcolor patch
Package: atveryend 2016/05/16 v1.9 Hooks at the very end of document (HO)
Package atveryend Info: \enddocument detected (standard20110627).
Package: atbegshi 2016/06/09 v1.18 At begin shipout hook (HO)
Package: refcount 2016/05/16 v3.5 Data extraction from label references (HO)
Package: hycolor 2016/05/16 v1.8 Color options for hyperref/bookmark (HO)
)
(/usr/local/texlive/2017/texmf-dist/tex/latex/graphics/keyval.sty
Package: keyval 2014/10/28 v1.15 key=value parser (DPC)
\KV@toks@=\toks14
)
(/usr/local/texlive/2017/texmf-dist/tex/generic/ifxetex/ifxetex.sty
Package: ifxetex 2010/09/12 v0.6 Provides ifxetex conditional
)
(/usr/local/texlive/2017/texmf-dist/tex/latex/oberdiek/auxhook.sty
Package: auxhook 2016/05/16 v1.4 Hooks for auxiliary files (HO)
)
(/usr/local/texlive/2017/texmf-dist/tex/latex/oberdiek/kvoptions.sty
Package: kvoptions 2016/05/16 v3.12 Key value format for package options (HO)
)
\@linkdim=\dimen104
\Hy@linkcounter=\count89
\Hy@pagecounter=\count90

(/usr/local/texlive/2017/texmf-dist/tex/latex/hyperref/pd1enc.def
File: pd1enc.def 2017/03/14 v6.85a Hyperref: PDFDocEncoding definition (HO)
)
\Hy@SavedSpaceFactor=\count91

(/usr/local/texlive/2017/texmf-dist/tex/latex/latexconfig/hyperref.cfg
File: hyperref.cfg 2002/06/06 v1.2 hyperref configuration of TeXLive
)
Package hyperref Info: Option `colorlinks' set `true' on input line 4374.
Package hyperref Info: Option `pageanchor' set `true' on input line 4374.
Package hyperref Info: Hyper figures OFF on input line 4498.
Package hyperref Info: Link nesting OFF on input line 4503.
Package hyperref Info: Hyper index ON on input line 4506.
Package hyperref Info: Plain pages OFF on input line 4513.
Package hyperref Info: Backreferencing OFF on input line 4518.
Package hyperref Info: Implicit mode ON; LaTeX internals redefined.
Package hyperref Info: Bookmarks ON on input line 4751.
\c@Hy@tempcnt=\count92

(/usr/local/texlive/2017/texmf-dist/tex/latex/url/url.sty
\Urlmuskip=\muskip10
Package: url 2013/09/16  ver 3.4  Verb mode for urls, etc.
)
LaTeX Info: Redefining \url on input line 5104.
\XeTeXLinkMargin=\dimen105
\Fld@menulength=\count93
\Field@Width=\dimen106
\Fld@charsize=\dimen107
Package hyperref Info: Hyper figures OFF on input line 6358.
Package hyperref Info: Link nesting OFF on input line 6363.
Package hyperref Info: Hyper index ON on input line 6366.
Package hyperref Info: backreferencing OFF on input line 6373.
Package hyperref Info: Link coloring ON on input line 6376.
Package hyperref Info: Link coloring with OCG OFF on input line 6383.
Package hyperref Info: PDF/A mode OFF on input line 6388.
LaTeX Info: Redefining \ref on input line 6428.
LaTeX Info: Redefining \pageref on input line 6432.
\Hy@abspage=\count94
\c@Item=\count95
\c@Hfootnote=\count96
)

Package hyperref Message: Driver (autodetected): hpdftex.

(/usr/local/texlive/2017/texmf-dist/tex/latex/hyperref/hpdftex.def
File: hpdftex.def 2017/03/14 v6.85a Hyperref driver for pdfTeX
\Fld@listcount=\count97
\c@bookmark@seq@number=\count98

(/usr/local/texlive/2017/texmf-dist/tex/latex/oberdiek/rerunfilecheck.sty
Package: rerunfilecheck 2016/05/16 v1.8 Rerun checks for auxiliary files (HO)
Package uniquecounter Info: New unique counter `rerunfilecheck' on input line 2
82.
)
\Hy@SectionHShift=\skip45
)
(./jovcite.sty
Package: jovcite 2008/12/22 Journal of Vision, inofficial LaTeX stylesheet
\c@BibCnt=\count99
\bibleftmargin=\skip46
\bibindent=\skip47
\bibparsep=\skip48
\bibitemsep=\skip49
) (/usr/local/texlive/2017/texmf-dist/tex/latex/psnfss/pifont.sty
Package: pifont 2005/04/12 PSNFSS-v9.2a Pi font support (SPQR) 
LaTeX Font Info:    Try loading font information for U+pzd on input line 63.
(/usr/local/texlive/2017/texmf-dist/tex/latex/psnfss/upzd.fd
File: upzd.fd 2001/06/04 font definitions for U/pzd.
)
LaTeX Font Info:    Try loading font information for U+psy on input line 64.

(/usr/local/texlive/2017/texmf-dist/tex/latex/psnfss/upsy.fd
File: upsy.fd 2001/06/04 font definitions for U/psy.
))
\c@nauthors=\count100
)
(/usr/local/texlive/2017/texmf-dist/tex/latex/graphics/graphicx.sty
Package: graphicx 2014/10/28 v1.0g Enhanced LaTeX Graphics (DPC,SPQR)

(/usr/local/texlive/2017/texmf-dist/tex/latex/graphics/graphics.sty
Package: graphics 2017/04/14 v1.1b Standard LaTeX Graphics (DPC,SPQR)

(/usr/local/texlive/2017/texmf-dist/tex/latex/graphics/trig.sty
Package: trig 2016/01/03 v1.10 sin cos tan (DPC)
)
(/usr/local/texlive/2017/texmf-dist/tex/latex/graphics-cfg/graphics.cfg
File: graphics.cfg 2016/06/04 v1.11 sample graphics configuration
)
Package graphics Info: Driver file: pdftex.def on input line 99.
)
\Gin@req@height=\dimen108
\Gin@req@width=\dimen109
)
(/usr/local/texlive/2017/texmf-dist/tex/latex/caption/subcaption.sty
Package: subcaption 2016/05/22 v1.1-161 Sub-captions (AR)

(/usr/local/texlive/2017/texmf-dist/tex/latex/caption/caption.sty
Package: caption 2016/02/21 v3.3-144 Customizing captions (AR)

(/usr/local/texlive/2017/texmf-dist/tex/latex/caption/caption3.sty
Package: caption3 2016/05/22 v1.7-166 caption3 kernel (AR)
Package caption3 Info: TeX engine: e-TeX on input line 67.
\captionmargin=\dimen110
\captionmargin@=\dimen111
\captionwidth=\dimen112
\caption@tempdima=\dimen113
\caption@indent=\dimen114
\caption@parindent=\dimen115
\caption@hangindent=\dimen116
Package caption Info: Unknown document class (or package),
(caption)             standard defaults will be used.
)

Package caption Warning: Unsupported document class (or package) detected,
(caption)                usage of the caption package is not recommended.
See the caption package documentation for explanation.

Package caption Info: \@makecaption = \long macro:#1#2->\vskip \abovecaptionski
p \sbox \@tempboxa {{\captionfonts #1: #2}}\ifdim \wd \@tempboxa >\hsize {\capt
ionfonts #1: #2\par } \else \hbox to\hsize {\hfil \box \@tempboxa \hfil }\fi \v
skip \belowcaptionskip .
\c@ContinuedFloat=\count101
Package caption Info: hyperref package is loaded.
)
\c@subfigure=\count102
\c@subtable=\count103
) (/usr/local/texlive/2017/texmf-dist/tex/latex/amsmath/amsmath.sty
Package: amsmath 2016/11/05 v2.16a AMS math features
\@mathmargin=\skip50

For additional information on amsmath, use the `?' option.
(/usr/local/texlive/2017/texmf-dist/tex/latex/amsmath/amstext.sty
Package: amstext 2000/06/29 v2.01 AMS text

(/usr/local/texlive/2017/texmf-dist/tex/latex/amsmath/amsgen.sty
File: amsgen.sty 1999/11/30 v2.0 generic functions
\@emptytoks=\toks15
\ex@=\dimen117
))
(/usr/local/texlive/2017/texmf-dist/tex/latex/amsmath/amsbsy.sty
Package: amsbsy 1999/11/29 v1.2d Bold Symbols
\pmbraise@=\dimen118
)
(/usr/local/texlive/2017/texmf-dist/tex/latex/amsmath/amsopn.sty
Package: amsopn 2016/03/08 v2.02 operator names
)
\inf@bad=\count104
LaTeX Info: Redefining \frac on input line 213.
\uproot@=\count105
\leftroot@=\count106
LaTeX Info: Redefining \overline on input line 375.
\classnum@=\count107
\DOTSCASE@=\count108
LaTeX Info: Redefining \ldots on input line 472.
LaTeX Info: Redefining \dots on input line 475.
LaTeX Info: Redefining \cdots on input line 596.
\Mathstrutbox@=\box26
\strutbox@=\box27
\big@size=\dimen119
LaTeX Font Info:    Redeclaring font encoding OML on input line 712.
LaTeX Font Info:    Redeclaring font encoding OMS on input line 713.
\macc@depth=\count109
\c@MaxMatrixCols=\count110
\dotsspace@=\muskip11
\c@parentequation=\count111
\dspbrk@lvl=\count112
\tag@help=\toks16
\row@=\count113
\column@=\count114
\maxfields@=\count115
\andhelp@=\toks17
\eqnshift@=\dimen120
\alignsep@=\dimen121
\tagshift@=\dimen122
\tagwidth@=\dimen123
\totwidth@=\dimen124
\lineht@=\dimen125
\@envbody=\toks18
\multlinegap=\skip51
\multlinetaggap=\skip52
\mathdisplay@stack=\toks19
LaTeX Info: Redefining \[ on input line 2817.
LaTeX Info: Redefining \] on input line 2818.
)
(/usr/local/texlive/2017/texmf-dist/tex/latex/bbm-macros/bbm.sty
Package: bbm 1999/03/15 V 1.2 provides fonts for set symbols - TH
LaTeX Font Info:    Overwriting math alphabet `\mathbbm' in version `bold'
(Font)                  U/bbm/m/n --> U/bbm/bx/n on input line 33.
LaTeX Font Info:    Overwriting math alphabet `\mathbbmss' in version `bold'
(Font)                  U/bbmss/m/n --> U/bbmss/bx/n on input line 35.
)
(/usr/local/texlive/2017/texmf-dist/tex/latex/amsfonts/amssymb.sty
Package: amssymb 2013/01/14 v3.01 AMS font symbols

(/usr/local/texlive/2017/texmf-dist/tex/latex/amsfonts/amsfonts.sty
Package: amsfonts 2013/01/14 v3.01 Basic AMSFonts support
\symAMSa=\mathgroup4
\symAMSb=\mathgroup5
LaTeX Font Info:    Overwriting math alphabet `\mathfrak' in version `bold'
(Font)                  U/euf/m/n --> U/euf/b/n on input line 106.
))
(/usr/local/texlive/2017/texmf-dist/tex/latex/comment/comment.sty
\CommentStream=\write3

Excluding comment 'comment')
(/usr/local/texlive/2017/texmf-dist/tex/latex/lineno/lineno.sty
Package: lineno 2005/11/02 line numbers on paragraphs v4.41
\linenopenalty=\count116
\output=\toks20
\linenoprevgraf=\count117
\linenumbersep=\dimen126
\linenumberwidth=\dimen127
\c@linenumber=\count118
\c@pagewiselinenumber=\count119
\c@LN@truepage=\count120
\c@internallinenumber=\count121
\c@internallinenumbers=\count122
\quotelinenumbersep=\dimen128
\bframerule=\dimen129
\bframesep=\dimen130
\bframebox=\box28
LaTeX Info: Redefining \\ on input line 3056.
)
(/usr/local/texlive/2017/texmf-dist/tex/latex/oberdiek/settobox.sty
Package: settobox 2016/05/16 v1.5 Assign box dimensions to length registers (HO
)
)
\DIFdelgraphicsbox=\box29
\DIFdelgraphicswidth=\skip53
\DIFdelgraphicsheight=\skip54
LaTeX Info: Redefining \DIFaddbegin on input line 65.
LaTeX Info: Redefining \DIFaddend on input line 66.
LaTeX Info: Redefining \DIFdelbegin on input line 67.
LaTeX Info: Redefining \DIFdelend on input line 68.
LaTeX Info: Redefining \DIFaddbeginFL on input line 73.
LaTeX Info: Redefining \DIFaddendFL on input line 74.
LaTeX Info: Redefining \DIFdelbeginFL on input line 75.
LaTeX Info: Redefining \DIFdelendFL on input line 76.

(./diff.aux)
\openout1 = `diff.aux'.

LaTeX Font Info:    Checking defaults for OML/cmm/m/it on input line 79.
LaTeX Font Info:    ... okay on input line 79.
LaTeX Font Info:    Checking defaults for T1/cmr/m/n on input line 79.
LaTeX Font Info:    ... okay on input line 79.
LaTeX Font Info:    Checking defaults for OT1/cmr/m/n on input line 79.
LaTeX Font Info:    ... okay on input line 79.
LaTeX Font Info:    Checking defaults for OMS/cmsy/m/n on input line 79.
LaTeX Font Info:    ... okay on input line 79.
LaTeX Font Info:    Checking defaults for OMX/cmex/m/n on input line 79.
LaTeX Font Info:    ... okay on input line 79.
LaTeX Font Info:    Checking defaults for U/cmr/m/n on input line 79.
LaTeX Font Info:    ... okay on input line 79.
LaTeX Font Info:    Checking defaults for PD1/pdf/m/n on input line 79.
LaTeX Font Info:    ... okay on input line 79.
LaTeX Font Info:    Try loading font information for OT1+ptm on input line 79.
 (/usr/local/texlive/2017/texmf-dist/tex/latex/psnfss/ot1ptm.fd
File: ot1ptm.fd 2001/06/04 font definitions for OT1/ptm.
)
(/usr/local/texlive/2017/texmf-dist/tex/context/base/mkii/supp-pdf.mkii
[Loading MPS to PDF converter (version 2006.09.02).]
\scratchcounter=\count123
\scratchdimen=\dimen131
\scratchbox=\box30
\nofMPsegments=\count124
\nofMParguments=\count125
\everyMPshowfont=\toks21
\MPscratchCnt=\count126
\MPscratchDim=\dimen132
\MPnumerator=\count127
\makeMPintoPDFobject=\count128
\everyMPtoPDFconversion=\toks22
) (/usr/local/texlive/2017/texmf-dist/tex/latex/oberdiek/epstopdf-base.sty
Package: epstopdf-base 2016/05/15 v2.6 Base part for package epstopdf

(/usr/local/texlive/2017/texmf-dist/tex/latex/oberdiek/grfext.sty
Package: grfext 2016/05/16 v1.2 Manage graphics extensions (HO)
)
Package epstopdf-base Info: Redefining graphics rule for `.eps' on input line 4
38.
Package grfext Info: Graphics extension search list:
(grfext)             [.png,.pdf,.jpg,.mps,.jpeg,.jbig2,.jb2,.PNG,.PDF,.JPG,.JPE
G,.JBIG2,.JB2,.eps]
(grfext)             \AppendGraphicsExtensions on input line 456.

(/usr/local/texlive/2017/texmf-dist/tex/latex/latexconfig/epstopdf-sys.cfg
File: epstopdf-sys.cfg 2010/07/13 v1.3 Configuration of (r)epstopdf for TeX Liv
e
))
\AtBeginShipoutBox=\box31
Package hyperref Info: Link coloring ON on input line 79.

(/usr/local/texlive/2017/texmf-dist/tex/latex/hyperref/nameref.sty
Package: nameref 2016/05/21 v2.44 Cross-referencing by name of section

(/usr/local/texlive/2017/texmf-dist/tex/generic/oberdiek/gettitlestring.sty
Package: gettitlestring 2016/05/16 v1.5 Cleanup title references (HO)
)
\c@section@level=\count129
)
LaTeX Info: Redefining \ref on input line 79.
LaTeX Info: Redefining \pageref on input line 79.
LaTeX Info: Redefining \nameref on input line 79.

(./diff.out) (./diff.out)
\@outlinefile=\write4
\openout4 = `diff.out'.

 (./english.apc
File: english.apc 2007/09/03 v4.00 apacite language file
)
Package caption Info: Begin \AtBeginDocument code.
Package caption Info: End \AtBeginDocument code.
LaTeX Font Info:    Try loading font information for OT1+phv on input line 138.


(/usr/local/texlive/2017/texmf-dist/tex/latex/psnfss/ot1phv.fd
File: ot1phv.fd 2001/06/04 scalable font definitions for OT1/phv.
)
LaTeX Font Info:    Try loading font information for U+msa on input line 138.

(/usr/local/texlive/2017/texmf-dist/tex/latex/amsfonts/umsa.fd
File: umsa.fd 2013/01/14 v3.01 AMS symbols A
)
LaTeX Font Info:    Try loading font information for U+msb on input line 138.

(/usr/local/texlive/2017/texmf-dist/tex/latex/amsfonts/umsb.fd
File: umsb.fd 2013/01/14 v3.01 AMS symbols B
)
LaTeX Font Info:    Font shape `OT1/ptm/bx/n' in size <14.4> not available
(Font)              Font shape `OT1/ptm/b/n' tried instead on input line 138.
LaTeX Font Info:    Font shape `OT1/phv/bx/n' in size <14.4> not available
(Font)              Font shape `OT1/phv/b/n' tried instead on input line 138.


Package hyperref Warning: Suppressing link with empty target on input line 138.



Overfull \vbox (7.80003pt too high) detected at line 138
 []


Package hyperref Warning: Suppressing link with empty target on input line 138.



Overfull \vbox (7.80003pt too high) detected at line 138
 []


Package hyperref Warning: Suppressing link with empty target on input line 138.



Overfull \vbox (7.80003pt too high) detected at line 138
 []


Package hyperref Warning: Suppressing link with empty target on input line 138.



Overfull \vbox (7.80003pt too high) detected at line 138
 []


Package hyperref Warning: Suppressing link with empty target on input line 138.



Overfull \vbox (7.80003pt too high) detected at line 138
 []


Overfull \hbox (9.23186pt too wide) in paragraph at lines 138--138
[] 
 []

LaTeX Font Info:    Font shape `OT1/ptm/bx/n' in size <10> not available
(Font)              Font shape `OT1/ptm/b/n' tried instead on input line 148.
[1{/usr/local/texlive/2017/texmf-var/fonts/map/pdftex/updmap/pdftex.map}

]
<../FiguresDraft5/Figure1/Figure1_a.png, id=127, 1027.84pt x 770.88pt>
File: ../FiguresDraft5/Figure1/Figure1_a.png Graphic file (type png)

<use ../FiguresDraft5/Figure1/Figure1_a.png>
Package pdftex.def Info: ../FiguresDraft5/Figure1/Figure1_a.png used on input l
ine 163.
(pdftex.def)             Requested size: 204.8567pt x 153.63219pt.

<../FiguresDraft5/Figure1/Figure1_b.pdf, id=129, 552.0625pt x 361.35pt>
File: ../FiguresDraft5/Figure1/Figure1_b.pdf Graphic file (type pdf)

<use ../FiguresDraft5/Figure1/Figure1_b.pdf>
Package pdftex.def Info: ../FiguresDraft5/Figure1/Figure1_b.pdf used on input l
ine 168.
(pdftex.def)             Requested size: 281.68384pt x 184.37979pt.
LaTeX Font Info:    Font shape `OT1/ptm/bx/n' in size <8> not available
(Font)              Font shape `OT1/ptm/b/n' tried instead on input line 193.
 [2] [3 <../FiguresDraft5/Figure1/Figure1_a.png> <../FiguresDraft5/Figure1/Figu
re1_b.pdf>]
<../FiguresDraft5/Figure2/Figure2_a.pdf, id=246, 322.20375pt x 241.90375pt>
File: ../FiguresDraft5/Figure2/Figure2_a.pdf Graphic file (type pdf)

<use ../FiguresDraft5/Figure2/Figure2_a.pdf>
Package pdftex.def Info: ../FiguresDraft5/Figure2/Figure2_a.pdf used on input l
ine 213.
(pdftex.def)             Requested size: 112.67352pt x 84.59375pt.

<../FiguresDraft5/Figure2/Figure2_b.pdf, id=247, 322.20375pt x 241.90375pt>
File: ../FiguresDraft5/Figure2/Figure2_b.pdf Graphic file (type pdf)

<use ../FiguresDraft5/Figure2/Figure2_b.pdf>
Package pdftex.def Info: ../FiguresDraft5/Figure2/Figure2_b.pdf used on input l
ine 219.
(pdftex.def)             Requested size: 112.67352pt x 84.59375pt.

<../FiguresDraft5/Figure2/Figure2_c.pdf, id=248, 322.20375pt x 241.90375pt>
File: ../FiguresDraft5/Figure2/Figure2_c.pdf Graphic file (type pdf)

<use ../FiguresDraft5/Figure2/Figure2_c.pdf>
Package pdftex.def Info: ../FiguresDraft5/Figure2/Figure2_c.pdf used on input l
ine 225.
(pdftex.def)             Requested size: 112.67352pt x 84.59375pt.
LaTeX Font Info:    Font shape `OT1/ptm/bx/n' in size <12> not available
(Font)              Font shape `OT1/ptm/b/n' tried instead on input line 231.
LaTeX Font Info:    Font shape `OT1/phv/bx/n' in size <12> not available
(Font)              Font shape `OT1/phv/b/n' tried instead on input line 231.
LaTeX Font Info:    Font shape `OT1/phv/bx/sl' in size <10> not available
(Font)              Font shape `OT1/phv/b/sl' tried instead on input line 235.
 [4 <../FiguresDraft5/Figure2/Figure2_a.pdf> <../FiguresDraft5/Figure2/Figure2_
b.pdf> <../FiguresDraft5/Figure2/Figure2_c.pdf>]
<../FiguresDraft5/Figure3/Figure3_a.png, id=275, 230.8625pt x 230.8625pt>
File: ../FiguresDraft5/Figure3/Figure3_a.png Graphic file (type png)

<use ../FiguresDraft5/Figure3/Figure3_a.png>
Package pdftex.def Info: ../FiguresDraft5/Figure3/Figure3_a.png used on input l
ine 256.
(pdftex.def)             Requested size: 71.70062pt x 71.70049pt.

<../FiguresDraft5/Figure3/Figure3_b.png, id=276, 230.8625pt x 230.8625pt>
File: ../FiguresDraft5/Figure3/Figure3_b.png Graphic file (type png)

<use ../FiguresDraft5/Figure3/Figure3_b.png>
Package pdftex.def Info: ../FiguresDraft5/Figure3/Figure3_b.png used on input l
ine 262.
(pdftex.def)             Requested size: 71.70062pt x 71.70049pt.

<../FiguresDraft5/Figure3/Figure3_c.png, id=277, 230.8625pt x 230.8625pt>
File: ../FiguresDraft5/Figure3/Figure3_c.png Graphic file (type png)

<use ../FiguresDraft5/Figure3/Figure3_c.png>
Package pdftex.def Info: ../FiguresDraft5/Figure3/Figure3_c.png used on input l
ine 268.
(pdftex.def)             Requested size: 71.70062pt x 71.70049pt.

<../FiguresDraft5/Figure3/Figure3_d.png, id=278, 230.8625pt x 230.8625pt>
File: ../FiguresDraft5/Figure3/Figure3_d.png Graphic file (type png)

<use ../FiguresDraft5/Figure3/Figure3_d.png>
Package pdftex.def Info: ../FiguresDraft5/Figure3/Figure3_d.png used on input l
ine 274.
(pdftex.def)             Requested size: 71.70062pt x 71.70049pt.

<../FiguresDraft5/Figure3/Figure3_e.png, id=279, 230.8625pt x 230.8625pt>
File: ../FiguresDraft5/Figure3/Figure3_e.png Graphic file (type png)

<use ../FiguresDraft5/Figure3/Figure3_e.png>
Package pdftex.def Info: ../FiguresDraft5/Figure3/Figure3_e.png used on input l
ine 280.
(pdftex.def)             Requested size: 71.70062pt x 71.70049pt.

<../FiguresDraft5/Figure4/Figure4_a.pdf, id=288, 322.20375pt x 742.775pt>
File: ../FiguresDraft5/Figure4/Figure4_a.pdf Graphic file (type pdf)

<use ../FiguresDraft5/Figure4/Figure4_a.pdf>
Package pdftex.def Info: ../FiguresDraft5/Figure4/Figure4_a.pdf used on input l
ine 318.
(pdftex.def)             Requested size: 92.18317pt x 212.50911pt.

<../FiguresDraft5/Figure4/Figure4_b.pdf, id=289, 322.20375pt x 742.775pt>
File: ../FiguresDraft5/Figure4/Figure4_b.pdf Graphic file (type pdf)

<use ../FiguresDraft5/Figure4/Figure4_b.pdf>
Package pdftex.def Info: ../FiguresDraft5/Figure4/Figure4_b.pdf used on input l
ine 325.
(pdftex.def)             Requested size: 92.18317pt x 212.50911pt.

<../FiguresDraft5/Figure4/Figure4_c.pdf, id=290, 322.20375pt x 742.775pt>
File: ../FiguresDraft5/Figure4/Figure4_c.pdf Graphic file (type pdf)

<use ../FiguresDraft5/Figure4/Figure4_c.pdf>
Package pdftex.def Info: ../FiguresDraft5/Figure4/Figure4_c.pdf used on input l
ine 333.
(pdftex.def)             Requested size: 92.18317pt x 212.50911pt.

<../FiguresDraft5/Figure4/Figure4_d.pdf, id=291, 322.20375pt x 742.775pt>
File: ../FiguresDraft5/Figure4/Figure4_d.pdf Graphic file (type pdf)

<use ../FiguresDraft5/Figure4/Figure4_d.pdf>
Package pdftex.def Info: ../FiguresDraft5/Figure4/Figure4_d.pdf used on input l
ine 340.
(pdftex.def)             Requested size: 92.18317pt x 212.50911pt.

<../FiguresDraft5/Figure4/Figure4_e.pdf, id=292, 322.20375pt x 742.775pt>
File: ../FiguresDraft5/Figure4/Figure4_e.pdf Graphic file (type pdf)

<use ../FiguresDraft5/Figure4/Figure4_e.pdf>
Package pdftex.def Info: ../FiguresDraft5/Figure4/Figure4_e.pdf used on input l
ine 347.
(pdftex.def)             Requested size: 92.18317pt x 212.50911pt.
 [5 <../FiguresDraft5/Figure3/Figure3_a.png> <../FiguresDraft5/Figure3/Figure3_
b.png> <../FiguresDraft5/Figure3/Figure3_c.png> <../FiguresDraft5/Figure3/Figur
e3_d.png> <../FiguresDraft5/Figure3/Figure3_e.png>]
File: ../FiguresDraft5/Figure1/Figure1_b.pdf Graphic file (type pdf)
 <use ../FiguresDraft5/Figure1/Figure1_b.pdf>
Package pdftex.def Info: ../FiguresDraft5/Figure1/Figure1_b.pdf used on input l
ine 371.
(pdftex.def)             Requested size: 169.0103pt x 110.62236pt.

<../FiguresDraft5/Figure5/Figure5_b.pdf, id=309, 552.0625pt x 361.35pt>
File: ../FiguresDraft5/Figure5/Figure5_b.pdf Graphic file (type pdf)

<use ../FiguresDraft5/Figure5/Figure5_b.pdf>
Package pdftex.def Info: ../FiguresDraft5/Figure5/Figure5_b.pdf used on input l
ine 376.
(pdftex.def)             Requested size: 169.0103pt x 110.62236pt.

<../FiguresDraft5/Figure5/Figure5_c.pdf, id=310, 552.0625pt x 361.35pt>
File: ../FiguresDraft5/Figure5/Figure5_c.pdf Graphic file (type pdf)

<use ../FiguresDraft5/Figure5/Figure5_c.pdf>
Package pdftex.def Info: ../FiguresDraft5/Figure5/Figure5_c.pdf used on input l
ine 381.
(pdftex.def)             Requested size: 169.0103pt x 110.62236pt.

<../FiguresDraft5/Figure6/Figure6_a.pdf, id=318, 552.0625pt x 501.875pt>
File: ../FiguresDraft5/Figure6/Figure6_a.pdf Graphic file (type pdf)

<use ../FiguresDraft5/Figure6/Figure6_a.pdf>
Package pdftex.def Info: ../FiguresDraft5/Figure6/Figure6_a.pdf used on input l
ine 400.
(pdftex.def)             Requested size: 122.91872pt x 111.74532pt.

<../FiguresDraft5/Figure6/Figure6_b.pdf, id=319, 552.0625pt x 501.875pt>
File: ../FiguresDraft5/Figure6/Figure6_b.pdf Graphic file (type pdf)

<use ../FiguresDraft5/Figure6/Figure6_b.pdf>
Package pdftex.def Info: ../FiguresDraft5/Figure6/Figure6_b.pdf used on input l
ine 406.
(pdftex.def)             Requested size: 122.91872pt x 111.74532pt.

<../FiguresDraft5/Figure6/Figure6_c.pdf, id=320, 552.0625pt x 501.875pt>
File: ../FiguresDraft5/Figure6/Figure6_c.pdf Graphic file (type pdf)

<use ../FiguresDraft5/Figure6/Figure6_c.pdf>
Package pdftex.def Info: ../FiguresDraft5/Figure6/Figure6_c.pdf used on input l
ine 412.
(pdftex.def)             Requested size: 122.91872pt x 111.74532pt.

<../FiguresDraft5/Figure6/Figure6_d.pdf, id=321, 552.0625pt x 501.875pt>
File: ../FiguresDraft5/Figure6/Figure6_d.pdf Graphic file (type pdf)

<use ../FiguresDraft5/Figure6/Figure6_d.pdf>
Package pdftex.def Info: ../FiguresDraft5/Figure6/Figure6_d.pdf used on input l
ine 418.
(pdftex.def)             Requested size: 122.91872pt x 111.74532pt.
 [6 <../FiguresDraft5/Figure4/Figure4_a.pdf> <../FiguresDraft5/Figure4/Figure4_
b.pdf> <../FiguresDraft5/Figure4/Figure4_c.pdf> <../FiguresDraft5/Figure4/Figur
e4_d.pdf> <../FiguresDraft5/Figure4/Figure4_e.pdf>] [7 <../FiguresDraft5/Figure
5/Figure5_b.pdf> <../FiguresDraft5/Figure5/Figure5_c.pdf> <../FiguresDraft5/Fig
ure6/Figure6_a.pdf> <../FiguresDraft5/Figure6/Figure6_b.pdf> <../FiguresDraft5/
Figure6/Figure6_c.pdf> <../FiguresDraft5/Figure6/Figure6_d.pdf>]
<../FiguresDraft5/Figure7/Figure7_a.pdf, id=644, 552.0625pt x 501.875pt>
File: ../FiguresDraft5/Figure7/Figure7_a.pdf Graphic file (type pdf)

<use ../FiguresDraft5/Figure7/Figure7_a.pdf>
Package pdftex.def Info: ../FiguresDraft5/Figure7/Figure7_a.pdf used on input l
ine 446.
(pdftex.def)             Requested size: 122.91872pt x 111.74532pt.

<../FiguresDraft5/Figure7/Figure7_b.pdf, id=645, 552.0625pt x 501.875pt>
File: ../FiguresDraft5/Figure7/Figure7_b.pdf Graphic file (type pdf)

<use ../FiguresDraft5/Figure7/Figure7_b.pdf>
Package pdftex.def Info: ../FiguresDraft5/Figure7/Figure7_b.pdf used on input l
ine 452.
(pdftex.def)             Requested size: 122.91872pt x 111.74532pt.

<../FiguresDraft5/Figure7/Figure7_c.pdf, id=646, 552.0625pt x 501.875pt>
File: ../FiguresDraft5/Figure7/Figure7_c.pdf Graphic file (type pdf)

<use ../FiguresDraft5/Figure7/Figure7_c.pdf>
Package pdftex.def Info: ../FiguresDraft5/Figure7/Figure7_c.pdf used on input l
ine 458.
(pdftex.def)             Requested size: 122.91872pt x 111.74532pt.

<../FiguresDraft5/Figure7/Figure7_d.pdf, id=647, 552.0625pt x 501.875pt>
File: ../FiguresDraft5/Figure7/Figure7_d.pdf Graphic file (type pdf)

<use ../FiguresDraft5/Figure7/Figure7_d.pdf>
Package pdftex.def Info: ../FiguresDraft5/Figure7/Figure7_d.pdf used on input l
ine 465.
(pdftex.def)             Requested size: 122.91872pt x 111.74532pt.

<../FiguresDraft5/Figure8/Figure8.pdf, id=656, 552.0625pt x 501.875pt>
File: ../FiguresDraft5/Figure8/Figure8.pdf Graphic file (type pdf)

<use ../FiguresDraft5/Figure8/Figure8.pdf>
Package pdftex.def Info: ../FiguresDraft5/Figure8/Figure8.pdf used on input lin
e 481.
(pdftex.def)             Requested size: 153.64644pt x 139.68166pt.

<../FiguresDraft5/Figure9/Figure9_a.png, id=658, 1027.84pt x 770.88pt>
File: ../FiguresDraft5/Figure9/Figure9_a.png Graphic file (type png)

<use ../FiguresDraft5/Figure9/Figure9_a.png>
Package pdftex.def Info: ../FiguresDraft5/Figure9/Figure9_a.png used on input l
ine 497.
(pdftex.def)             Requested size: 128.0374pt x 96.01865pt.

<../FiguresDraft5/Figure9/Figure9_b.png, id=659, 770.88pt x 770.88pt>
File: ../FiguresDraft5/Figure9/Figure9_b.png Graphic file (type png)

<use ../FiguresDraft5/Figure9/Figure9_b.png>
Package pdftex.def Info: ../FiguresDraft5/Figure9/Figure9_b.png used on input l
ine 505.
(pdftex.def)             Requested size: 97.30966pt x 97.30077pt.

<../FiguresDraft5/Figure9/Figure9_c.png, id=660, 766.865pt x 770.88pt>
File: ../FiguresDraft5/Figure9/Figure9_c.png Graphic file (type png)

<use ../FiguresDraft5/Figure9/Figure9_c.png>
Package pdftex.def Info: ../FiguresDraft5/Figure9/Figure9_c.png used on input l
ine 513.
(pdftex.def)             Requested size: 97.30966pt x 97.81833pt.

<../FiguresDraft5/Figure9/Figure9_d.png, id=661, 798.985pt x 764.8575pt>
File: ../FiguresDraft5/Figure9/Figure9_d.png Graphic file (type png)

<use ../FiguresDraft5/Figure9/Figure9_d.png>
Package pdftex.def Info: ../FiguresDraft5/Figure9/Figure9_d.png used on input l
ine 519.
(pdftex.def)             Requested size: 104.9916pt x 100.497pt.
 [8 <../FiguresDraft5/Figure7/Figure7_a.pdf> <../FiguresDraft5/Figure7/Figure7_
b.pdf> <../FiguresDraft5/Figure7/Figure7_c.pdf> <../FiguresDraft5/Figure7/Figur
e7_d.pdf>] [9 <../FiguresDraft5/Figure8/Figure8.pdf> <../FiguresDraft5/Figure9/
Figure9_a.png> <../FiguresDraft5/Figure9/Figure9_b.png> <../FiguresDraft5/Figur
e9/Figure9_c.png> <../FiguresDraft5/Figure9/Figure9_d.png>] [10] [11]
LaTeX Font Info:    Font shape `OT1/ptm/bx/n' in size <9> not available
(Font)              Font shape `OT1/ptm/b/n' tried instead on input line 677.

<../FiguresDraft5/Figure10/Figure10_a.pdf, id=1491, 501.875pt x 501.875pt>
File: ../FiguresDraft5/Figure10/Figure10_a.pdf Graphic file (type pdf)

<use ../FiguresDraft5/Figure10/Figure10_a.pdf>
Package pdftex.def Info: ../FiguresDraft5/Figure10/Figure10_a.pdf used on input
 line 678.
(pdftex.def)             Requested size: 153.64644pt x 142.32568pt.

<../FiguresDraft5/Figure10/Figure10_b.pdf, id=1493, 501.875pt x 501.875pt>
File: ../FiguresDraft5/Figure10/Figure10_b.pdf Graphic file (type pdf)

<use ../FiguresDraft5/Figure10/Figure10_b.pdf>
Package pdftex.def Info: ../FiguresDraft5/Figure10/Figure10_b.pdf used on input
 line 683.
(pdftex.def)             Requested size: 158.76512pt x 142.56381pt.

<../FiguresDraft5/Figure10/Figure10_c.pdf, id=1495, 501.875pt x 451.6875pt>
File: ../FiguresDraft5/Figure10/Figure10_c.pdf Graphic file (type pdf)

<use ../FiguresDraft5/Figure10/Figure10_c.pdf>
Package pdftex.def Info: ../FiguresDraft5/Figure10/Figure10_c.pdf used on input
 line 688.
(pdftex.def)             Requested size: 163.89162pt x 146.37572pt.
 [12 <../FiguresDraft5/Figure10/Figure10_a.pdf> <../FiguresDraft5/Figure10/Figu
re10_b.pdf> <../FiguresDraft5/Figure10/Figure10_c.pdf>]
<../FiguresDraft5/Figure11/Figure11_a.pdf, id=1584, 501.875pt x 501.875pt>
File: ../FiguresDraft5/Figure11/Figure11_a.pdf Graphic file (type pdf)

<use ../FiguresDraft5/Figure11/Figure11_a.pdf>
Package pdftex.def Info: ../FiguresDraft5/Figure11/Figure11_a.pdf used on input
 line 730.
(pdftex.def)             Requested size: 112.67352pt x 103.0904pt.

<../FiguresDraft5/Figure11/Figure11_b.pdf, id=1586, 501.875pt x 501.875pt>
File: ../FiguresDraft5/Figure11/Figure11_b.pdf Graphic file (type pdf)

<use ../FiguresDraft5/Figure11/Figure11_b.pdf>
Package pdftex.def Info: ../FiguresDraft5/Figure11/Figure11_b.pdf used on input
 line 735.
(pdftex.def)             Requested size: 112.67352pt x 103.0904pt.

<../FiguresDraft5/Figure11/Figure11_c.pdf, id=1588, 501.875pt x 501.875pt>
File: ../FiguresDraft5/Figure11/Figure11_c.pdf Graphic file (type pdf)

<use ../FiguresDraft5/Figure11/Figure11_c.pdf>
Package pdftex.def Info: ../FiguresDraft5/Figure11/Figure11_c.pdf used on input
 line 741.
(pdftex.def)             Requested size: 112.67352pt x 103.0904pt.

<../FiguresDraft5/Figure11/Figure11_d.pdf, id=1590, 501.875pt x 501.875pt>
File: ../FiguresDraft5/Figure11/Figure11_d.pdf Graphic file (type pdf)

<use ../FiguresDraft5/Figure11/Figure11_d.pdf>
Package pdftex.def Info: ../FiguresDraft5/Figure11/Figure11_d.pdf used on input
 line 746.
(pdftex.def)             Requested size: 112.67352pt x 103.0904pt.
 [13 <../FiguresDraft5/Figure11/Figure11_a.pdf> <../FiguresDraft5/Figure11/Figu
re11_b.pdf> <../FiguresDraft5/Figure11/Figure11_c.pdf> <../FiguresDraft5/Figure
11/Figure11_d.pdf>]
<../FiguresDraft5/Figure12/Figure12_a.pdf, id=1697, 501.875pt x 501.875pt>
File: ../FiguresDraft5/Figure12/Figure12_a.pdf Graphic file (type pdf)

<use ../FiguresDraft5/Figure12/Figure12_a.pdf>
Package pdftex.def Info: ../FiguresDraft5/Figure12/Figure12_a.pdf used on input
 line 780.
(pdftex.def)             Requested size: 153.64644pt x 142.32568pt.

<../FiguresDraft5/Figure12/Figure12_b.pdf, id=1699, 501.875pt x 501.875pt>
File: ../FiguresDraft5/Figure12/Figure12_b.pdf Graphic file (type pdf)

<use ../FiguresDraft5/Figure12/Figure12_b.pdf>
Package pdftex.def Info: ../FiguresDraft5/Figure12/Figure12_b.pdf used on input
 line 785.
(pdftex.def)             Requested size: 158.76512pt x 142.56381pt.

<../FiguresDraft5/Figure12/Figure12_c.pdf, id=1701, 501.875pt x 451.6875pt>
File: ../FiguresDraft5/Figure12/Figure12_c.pdf Graphic file (type pdf)

<use ../FiguresDraft5/Figure12/Figure12_c.pdf>
Package pdftex.def Info: ../FiguresDraft5/Figure12/Figure12_c.pdf used on input
 line 790.
(pdftex.def)             Requested size: 163.89162pt x 146.37572pt.
 [14 <../FiguresDraft5/Figure12/Figure12_a.pdf> <../FiguresDraft5/Figure12/Figu
re12_b.pdf> <../FiguresDraft5/Figure12/Figure12_c.pdf>]
<../FiguresDraft5/Figure13/Figure13.pdf, id=1787, 1003.75pt x 501.875pt>
File: ../FiguresDraft5/Figure13/Figure13.pdf Graphic file (type pdf)

<use ../FiguresDraft5/Figure13/Figure13.pdf>
Package pdftex.def Info: ../FiguresDraft5/Figure13/Figure13.pdf used on input l
ine 820.
(pdftex.def)             Requested size: 307.29288pt x 153.64983pt.
 [15 <../FiguresDraft5/Figure13/Figure13.pdf>]
<../FiguresDraft5/Figure14/Figure14.pdf, id=1806, 501.875pt x 501.875pt>
File: ../FiguresDraft5/Figure14/Figure14.pdf Graphic file (type pdf)

<use ../FiguresDraft5/Figure14/Figure14.pdf>
Package pdftex.def Info: ../FiguresDraft5/Figure14/Figure14.pdf used on input l
ine 863.
(pdftex.def)             Requested size: 153.64644pt x 153.64983pt.
 [16 <../FiguresDraft5/Figure14/Figure14.pdf>] [17]
Missing character: There is no Â in font ptmb7t!
Missing character: There is no ° in font ptmb7t!
Missing character: There is no Â in font ptmb7t!
Missing character: There is no ° in font ptmb7t!
 [18] (./diff.bbl [19] [20] [21])
Package atveryend Info: Empty hook `BeforeClearDocument' on input line 943.
 [22]
Package atveryend Info: Empty hook `AfterLastShipout' on input line 943.
 (./diff.aux)
Package atveryend Info: Executing hook `AtVeryEndDocument' on input line 943.
Package atveryend Info: Executing hook `AtEndAfterFileList' on input line 943.
Package rerunfilecheck Info: File `diff.out' has not changed.
(rerunfilecheck)             Checksum: 2842148D0307BFC4FBFBE0F566DB0547;1045.
Package atveryend Info: Empty hook `AtVeryVeryEnd' on input line 943.
 ) 
Here is how much of TeX's memory you used:
 8788 strings out of 492995
 139187 string characters out of 6132704
 241576 words of memory out of 5000000
 12004 multiletter control sequences out of 15000+600000
 39684 words of font info for 77 fonts, out of 8000000 for 9000
 1141 hyphenation exceptions out of 8191
 42i,9n,40p,2568b,523s stack positions out of 5000i,500n,10000p,200000b,80000s
{/usr/local/texlive/2017/texmf-dist/fonts/enc/dvips/base/8r.enc}</usr/local/t
exlive/2017/texmf-dist/fonts/type1/public/amsfonts/cm/cmr10.pfb></usr/local/tex
live/2017/texmf-dist/fonts/type1/public/amsfonts/cm/cmsy10.pfb></usr/local/texl
ive/2017/texmf-dist/fonts/type1/urw/helvetic/uhvb8a.pfb></usr/local/texlive/201
7/texmf-dist/fonts/type1/urw/helvetic/uhvbo8a.pfb></usr/local/texlive/2017/texm
f-dist/fonts/type1/urw/helvetic/uhvr8a.pfb></usr/local/texlive/2017/texmf-dist/
fonts/type1/urw/times/utmb8a.pfb></usr/local/texlive/2017/texmf-dist/fonts/type
1/urw/times/utmr8a.pfb></usr/local/texlive/2017/texmf-dist/fonts/type1/urw/time
s/utmri8a.pfb></usr/local/texlive/2017/texmf-dist/fonts/type1/urw/zapfding/uzdr
.pfb>
Output written on diff.pdf (22 pages, 16667028 bytes).
PDF statistics:
 2037 PDF objects out of 2073 (max. 8388607)
 1774 compressed objects within 18 object streams
 146 named destinations out of 1000 (max. 500000)
 411 words of extra memory for PDF output out of 10000 (max. 10000000)

