This is pdfTeX, Version 3.14159265-2.6-1.40.17 (TeX Live 2016) (preloaded format=pdflatex 2016.5.22)  14 SEP 2018 10:14
entering extended mode
 restricted \write18 enabled.
 file:line:error style messages enabled.
 %&-line parsing enabled.
**Revision1.tex
(./Revision1.tex
LaTeX2e <2016/03/31>
Babel <3.9r> and hyphenation patterns for 83 language(s) loaded.
(./jov.cls
Document Class: jov 2008/12/16 Journal of Vision class
(/usr/local/texlive/2016/texmf-dist/tex/latex/base/article.cls
Document Class: article 2014/09/29 v1.4h Standard LaTeX document class
(/usr/local/texlive/2016/texmf-dist/tex/latex/base/size10.clo
File: size10.clo 2014/09/29 v1.4h Standard LaTeX file (size option)
)
\c@part=\count79
\c@section=\count80
\c@subsection=\count81
\c@subsubsection=\count82
\c@paragraph=\count83
\c@subparagraph=\count84
\c@figure=\count85
\c@table=\count86
\abovecaptionskip=\skip41
\belowcaptionskip=\skip42
\bibindent=\dimen102
)
(/usr/local/texlive/2016/texmf-dist/tex/latex/graphics/color.sty
Package: color 2016/05/09 v1.1c Standard LaTeX Color (DPC)

(/usr/local/texlive/2016/texmf-dist/tex/latex/graphics-cfg/color.cfg
File: color.cfg 2016/01/02 v1.6 sample color configuration
)
Package color Info: Driver file: pdftex.def on input line 144.

(/usr/local/texlive/2016/texmf-dist/tex/latex/pdftex-def/pdftex.def
File: pdftex.def 2011/05/27 v0.06d Graphics/color for pdfTeX

(/usr/local/texlive/2016/texmf-dist/tex/generic/oberdiek/infwarerr.sty
Package: infwarerr 2016/05/16 v1.4 Providing info/warning/error messages (HO)
)
(/usr/local/texlive/2016/texmf-dist/tex/generic/oberdiek/ltxcmds.sty
Package: ltxcmds 2016/05/16 v1.23 LaTeX kernel commands for general use (HO)
)
\Gread@gobject=\count87
))
(/usr/local/texlive/2016/texmf-dist/tex/latex/psnfss/times.sty
Package: times 2005/04/12 PSNFSS-v9.2a (SPQR) 
)
(/usr/local/texlive/2016/texmf-dist/tex/latex/multirow/multirow.sty
\bigstrutjot=\dimen103
)
(/usr/local/texlive/2016/texmf-dist/tex/latex/hyperref/hyperref.sty
Package: hyperref 2016/05/05 v6.83n Hypertext links for LaTeX

(/usr/local/texlive/2016/texmf-dist/tex/generic/oberdiek/hobsub-hyperref.sty
Package: hobsub-hyperref 2016/05/16 v1.14 Bundle oberdiek, subset hyperref (HO)


(/usr/local/texlive/2016/texmf-dist/tex/generic/oberdiek/hobsub-generic.sty
Package: hobsub-generic 2016/05/16 v1.14 Bundle oberdiek, subset generic (HO)
Package: hobsub 2016/05/16 v1.14 Construct package bundles (HO)
Package hobsub Info: Skipping package `infwarerr' (already loaded).
Package hobsub Info: Skipping package `ltxcmds' (already loaded).
Package: ifluatex 2016/05/16 v1.4 Provides the ifluatex switch (HO)
Package ifluatex Info: LuaTeX not detected.
Package: ifvtex 2016/05/16 v1.6 Detect VTeX and its facilities (HO)
Package ifvtex Info: VTeX not detected.
Package: intcalc 2016/05/16 v1.2 Expandable calculations with integers (HO)
Package: ifpdf 2016/05/14 v3.1 Provides the ifpdf switch
Package: etexcmds 2016/05/16 v1.6 Avoid name clashes with e-TeX commands (HO)
Package etexcmds Info: Could not find \expanded.
(etexcmds)             That can mean that you are not using pdfTeX 1.50 or
(etexcmds)             that some package has redefined \expanded.
(etexcmds)             In the latter case, load this package earlier.
Package: kvsetkeys 2016/05/16 v1.17 Key value parser (HO)
Package: kvdefinekeys 2016/05/16 v1.4 Define keys (HO)
Package: pdftexcmds 2016/05/10 v0.21 Utility functions of pdfTeX for LuaTeX (HO
)
Package pdftexcmds Info: LuaTeX not detected.
Package pdftexcmds Info: \pdf@primitive is available.
Package pdftexcmds Info: \pdf@ifprimitive is available.
Package pdftexcmds Info: \pdfdraftmode found.
Package: pdfescape 2016/05/16 v1.14 Implements pdfTeX's escape features (HO)
Package: bigintcalc 2016/05/16 v1.4 Expandable calculations on big integers (HO
)
Package: bitset 2016/05/16 v1.2 Handle bit-vector datatype (HO)
Package: uniquecounter 2016/05/16 v1.3 Provide unlimited unique counter (HO)
)
Package hobsub Info: Skipping package `hobsub' (already loaded).
Package: letltxmacro 2016/05/16 v1.5 Let assignment for LaTeX macros (HO)
Package: hopatch 2016/05/16 v1.3 Wrapper for package hooks (HO)
Package: xcolor-patch 2016/05/16 xcolor patch
Package: atveryend 2016/05/16 v1.9 Hooks at the very end of document (HO)
Package atveryend Info: \enddocument detected (standard20110627).
Package: atbegshi 2016/05/16 v1.17 At begin shipout hook (HO)
Package: refcount 2016/05/16 v3.5 Data extraction from label references (HO)
Package: hycolor 2016/05/16 v1.8 Color options for hyperref/bookmark (HO)
)
(/usr/local/texlive/2016/texmf-dist/tex/latex/graphics/keyval.sty
Package: keyval 2014/10/28 v1.15 key=value parser (DPC)
\KV@toks@=\toks14
)
(/usr/local/texlive/2016/texmf-dist/tex/generic/ifxetex/ifxetex.sty
Package: ifxetex 2010/09/12 v0.6 Provides ifxetex conditional
)
(/usr/local/texlive/2016/texmf-dist/tex/latex/oberdiek/auxhook.sty
Package: auxhook 2016/05/16 v1.4 Hooks for auxiliary files (HO)
)
(/usr/local/texlive/2016/texmf-dist/tex/latex/oberdiek/kvoptions.sty
Package: kvoptions 2016/05/16 v3.12 Key value format for package options (HO)
)
\@linkdim=\dimen104
\Hy@linkcounter=\count88
\Hy@pagecounter=\count89

(/usr/local/texlive/2016/texmf-dist/tex/latex/hyperref/pd1enc.def
File: pd1enc.def 2016/05/05 v6.83n Hyperref: PDFDocEncoding definition (HO)
)
\Hy@SavedSpaceFactor=\count90

(/usr/local/texlive/2016/texmf-dist/tex/latex/latexconfig/hyperref.cfg
File: hyperref.cfg 2002/06/06 v1.2 hyperref configuration of TeXLive
)
Package hyperref Info: Option `colorlinks' set `true' on input line 4322.
Package hyperref Info: Option `pageanchor' set `true' on input line 4322.
Package hyperref Info: Hyper figures OFF on input line 4446.
Package hyperref Info: Link nesting OFF on input line 4451.
Package hyperref Info: Hyper index ON on input line 4454.
Package hyperref Info: Plain pages OFF on input line 4461.
Package hyperref Info: Backreferencing OFF on input line 4466.
Package hyperref Info: Implicit mode ON; LaTeX internals redefined.
Package hyperref Info: Bookmarks ON on input line 4691.
\c@Hy@tempcnt=\count91

(/usr/local/texlive/2016/texmf-dist/tex/latex/url/url.sty
\Urlmuskip=\muskip10
Package: url 2013/09/16  ver 3.4  Verb mode for urls, etc.
)
LaTeX Info: Redefining \url on input line 5044.
\XeTeXLinkMargin=\dimen105
\Fld@menulength=\count92
\Field@Width=\dimen106
\Fld@charsize=\dimen107
Package hyperref Info: Hyper figures OFF on input line 6298.
Package hyperref Info: Link nesting OFF on input line 6303.
Package hyperref Info: Hyper index ON on input line 6306.
Package hyperref Info: backreferencing OFF on input line 6313.
Package hyperref Info: Link coloring ON on input line 6316.
Package hyperref Info: Link coloring with OCG OFF on input line 6323.
Package hyperref Info: PDF/A mode OFF on input line 6328.
LaTeX Info: Redefining \ref on input line 6368.
LaTeX Info: Redefining \pageref on input line 6372.
\Hy@abspage=\count93
\c@Item=\count94
\c@Hfootnote=\count95
)

Package hyperref Message: Driver (autodetected): hpdftex.

(/usr/local/texlive/2016/texmf-dist/tex/latex/hyperref/hpdftex.def
File: hpdftex.def 2016/05/05 v6.83n Hyperref driver for pdfTeX
\Fld@listcount=\count96
\c@bookmark@seq@number=\count97

(/usr/local/texlive/2016/texmf-dist/tex/latex/oberdiek/rerunfilecheck.sty
Package: rerunfilecheck 2016/05/16 v1.8 Rerun checks for auxiliary files (HO)
Package uniquecounter Info: New unique counter `rerunfilecheck' on input line 2
82.
)
\Hy@SectionHShift=\skip43
)
(./jovcite.sty
Package: jovcite 2008/12/22 Journal of Vision, inofficial LaTeX stylesheet
\c@BibCnt=\count98
\bibleftmargin=\skip44
\bibindent=\skip45
\bibparsep=\skip46
\bibitemsep=\skip47
) (/usr/local/texlive/2016/texmf-dist/tex/latex/psnfss/pifont.sty
Package: pifont 2005/04/12 PSNFSS-v9.2a Pi font support (SPQR) 
LaTeX Font Info:    Try loading font information for U+pzd on input line 63.
(/usr/local/texlive/2016/texmf-dist/tex/latex/psnfss/upzd.fd
File: upzd.fd 2001/06/04 font definitions for U/pzd.
)
LaTeX Font Info:    Try loading font information for U+psy on input line 64.

(/usr/local/texlive/2016/texmf-dist/tex/latex/psnfss/upsy.fd
File: upsy.fd 2001/06/04 font definitions for U/psy.
))
\c@nauthors=\count99
)
(/usr/local/texlive/2016/texmf-dist/tex/latex/graphics/graphicx.sty
Package: graphicx 2014/10/28 v1.0g Enhanced LaTeX Graphics (DPC,SPQR)

(/usr/local/texlive/2016/texmf-dist/tex/latex/graphics/graphics.sty
Package: graphics 2016/05/09 v1.0r Standard LaTeX Graphics (DPC,SPQR)

(/usr/local/texlive/2016/texmf-dist/tex/latex/graphics/trig.sty
Package: trig 2016/01/03 v1.10 sin cos tan (DPC)
)
(/usr/local/texlive/2016/texmf-dist/tex/latex/graphics-cfg/graphics.cfg
File: graphics.cfg 2016/01/02 v1.10 sample graphics configuration
)
Package graphics Info: Driver file: pdftex.def on input line 96.
)
\Gin@req@height=\dimen108
\Gin@req@width=\dimen109
)
(/usr/local/texlive/2016/texmf-dist/tex/latex/caption/subcaption.sty
Package: subcaption 2016/02/20 v1.1-142 Sub-captions (AR)

(/usr/local/texlive/2016/texmf-dist/tex/latex/caption/caption.sty
Package: caption 2016/02/21 v3.3-144 Customizing captions (AR)

(/usr/local/texlive/2016/texmf-dist/tex/latex/caption/caption3.sty
Package: caption3 2016/02/04 v1.7-139 caption3 kernel (AR)
Package caption3 Info: TeX engine: e-TeX on input line 67.
\captionmargin=\dimen110
\captionmargin@=\dimen111
\captionwidth=\dimen112
\caption@tempdima=\dimen113
\caption@indent=\dimen114
\caption@parindent=\dimen115
\caption@hangindent=\dimen116
Package caption Info: Unknown document class (or package),
(caption)             standard defaults will be used.
)

Package caption Warning: Unsupported document class (or package) detected,
(caption)                usage of the caption package is not recommended.
See the caption package documentation for explanation.

Package caption Info: \@makecaption = \long macro:#1#2->\vskip \abovecaptionski
p \sbox \@tempboxa {{\captionfonts #1: #2}}\ifdim \wd \@tempboxa >\hsize {\capt
ionfonts #1: #2\par } \else \hbox to\hsize {\hfil \box \@tempboxa \hfil }\fi \v
skip \belowcaptionskip .
\c@ContinuedFloat=\count100
Package caption Info: hyperref package is loaded.
)
\c@subfigure=\count101
\c@subtable=\count102
) (/usr/local/texlive/2016/texmf-dist/tex/latex/amsmath/amsmath.sty
Package: amsmath 2016/03/10 v2.15b AMS math features
\@mathmargin=\skip48

For additional information on amsmath, use the `?' option.
(/usr/local/texlive/2016/texmf-dist/tex/latex/amsmath/amstext.sty
Package: amstext 2000/06/29 v2.01 AMS text

(/usr/local/texlive/2016/texmf-dist/tex/latex/amsmath/amsgen.sty
File: amsgen.sty 1999/11/30 v2.0 generic functions
\@emptytoks=\toks15
\ex@=\dimen117
))
(/usr/local/texlive/2016/texmf-dist/tex/latex/amsmath/amsbsy.sty
Package: amsbsy 1999/11/29 v1.2d Bold Symbols
\pmbraise@=\dimen118
)
(/usr/local/texlive/2016/texmf-dist/tex/latex/amsmath/amsopn.sty
Package: amsopn 2016/03/08 v2.02 operator names
)
\inf@bad=\count103
LaTeX Info: Redefining \frac on input line 199.
\uproot@=\count104
\leftroot@=\count105
LaTeX Info: Redefining \overline on input line 297.
\classnum@=\count106
\DOTSCASE@=\count107
LaTeX Info: Redefining \ldots on input line 394.
LaTeX Info: Redefining \dots on input line 397.
LaTeX Info: Redefining \cdots on input line 518.
\Mathstrutbox@=\box26
\strutbox@=\box27
\big@size=\dimen119
LaTeX Font Info:    Redeclaring font encoding OML on input line 634.
LaTeX Font Info:    Redeclaring font encoding OMS on input line 635.
\macc@depth=\count108
\c@MaxMatrixCols=\count109
\dotsspace@=\muskip11
\c@parentequation=\count110
\dspbrk@lvl=\count111
\tag@help=\toks16
\row@=\count112
\column@=\count113
\maxfields@=\count114
\andhelp@=\toks17
\eqnshift@=\dimen120
\alignsep@=\dimen121
\tagshift@=\dimen122
\tagwidth@=\dimen123
\totwidth@=\dimen124
\lineht@=\dimen125
\@envbody=\toks18
\multlinegap=\skip49
\multlinetaggap=\skip50
\mathdisplay@stack=\toks19
LaTeX Info: Redefining \[ on input line 2739.
LaTeX Info: Redefining \] on input line 2740.
)
(/usr/local/texlive/2016/texmf-dist/tex/latex/bbm-macros/bbm.sty
Package: bbm 1999/03/15 V 1.2 provides fonts for set symbols - TH
LaTeX Font Info:    Overwriting math alphabet `\mathbbm' in version `bold'
(Font)                  U/bbm/m/n --> U/bbm/bx/n on input line 33.
LaTeX Font Info:    Overwriting math alphabet `\mathbbmss' in version `bold'
(Font)                  U/bbmss/m/n --> U/bbmss/bx/n on input line 35.
)
(/usr/local/texlive/2016/texmf-dist/tex/latex/amsfonts/amssymb.sty
Package: amssymb 2013/01/14 v3.01 AMS font symbols

(/usr/local/texlive/2016/texmf-dist/tex/latex/amsfonts/amsfonts.sty
Package: amsfonts 2013/01/14 v3.01 Basic AMSFonts support
\symAMSa=\mathgroup4
\symAMSb=\mathgroup5
LaTeX Font Info:    Overwriting math alphabet `\mathfrak' in version `bold'
(Font)                  U/euf/m/n --> U/euf/b/n on input line 106.
))
(/usr/local/texlive/2016/texmf-dist/tex/latex/comment/comment.sty
\CommentStream=\write3

Excluding comment 'comment')
(/usr/local/texlive/2016/texmf-dist/tex/latex/lineno/lineno.sty
Package: lineno 2005/11/02 line numbers on paragraphs v4.41
\linenopenalty=\count115
\output=\toks20
\linenoprevgraf=\count116
\linenumbersep=\dimen126
\linenumberwidth=\dimen127
\c@linenumber=\count117
\c@pagewiselinenumber=\count118
\c@LN@truepage=\count119
\c@internallinenumber=\count120
\c@internallinenumbers=\count121
\quotelinenumbersep=\dimen128
\bframerule=\dimen129
\bframesep=\dimen130
\bframebox=\box28
LaTeX Info: Redefining \\ on input line 3056.
)
No file Revision1.aux.
\openout1 = `Revision1.aux'.

LaTeX Font Info:    Checking defaults for OML/cmm/m/it on input line 12.
LaTeX Font Info:    ... okay on input line 12.
LaTeX Font Info:    Checking defaults for T1/cmr/m/n on input line 12.
LaTeX Font Info:    ... okay on input line 12.
LaTeX Font Info:    Checking defaults for OT1/cmr/m/n on input line 12.
LaTeX Font Info:    ... okay on input line 12.
LaTeX Font Info:    Checking defaults for OMS/cmsy/m/n on input line 12.
LaTeX Font Info:    ... okay on input line 12.
LaTeX Font Info:    Checking defaults for OMX/cmex/m/n on input line 12.
LaTeX Font Info:    ... okay on input line 12.
LaTeX Font Info:    Checking defaults for U/cmr/m/n on input line 12.
LaTeX Font Info:    ... okay on input line 12.
LaTeX Font Info:    Checking defaults for PD1/pdf/m/n on input line 12.
LaTeX Font Info:    ... okay on input line 12.
LaTeX Font Info:    Try loading font information for OT1+ptm on input line 12.
(/usr/local/texlive/2016/texmf-dist/tex/latex/psnfss/ot1ptm.fd
File: ot1ptm.fd 2001/06/04 font definitions for OT1/ptm.
)
(/usr/local/texlive/2016/texmf-dist/tex/context/base/mkii/supp-pdf.mkii
[Loading MPS to PDF converter (version 2006.09.02).]
\scratchcounter=\count122
\scratchdimen=\dimen131
\scratchbox=\box29
\nofMPsegments=\count123
\nofMParguments=\count124
\everyMPshowfont=\toks21
\MPscratchCnt=\count125
\MPscratchDim=\dimen132
\MPnumerator=\count126
\makeMPintoPDFobject=\count127
\everyMPtoPDFconversion=\toks22
)
\AtBeginShipoutBox=\box30
Package hyperref Info: Link coloring ON on input line 12.
 (/usr/local/texlive/2016/texmf-dist/tex/latex/hyperref/nameref.sty
Package: nameref 2012/10/27 v2.43 Cross-referencing by name of section

(/usr/local/texlive/2016/texmf-dist/tex/generic/oberdiek/gettitlestring.sty
Package: gettitlestring 2016/05/16 v1.5 Cleanup title references (HO)
)
\c@section@level=\count128
)
LaTeX Info: Redefining \ref on input line 12.
LaTeX Info: Redefining \pageref on input line 12.
LaTeX Info: Redefining \nameref on input line 12.
\@outlinefile=\write4
\openout4 = `Revision1.out'.


(./english.apc
File: english.apc 2007/09/03 v4.00 apacite language file
)
(/usr/local/texlive/2016/texmf-dist/tex/latex/oberdiek/epstopdf-base.sty
Package: epstopdf-base 2016/05/15 v2.6 Base part for package epstopdf

(/usr/local/texlive/2016/texmf-dist/tex/latex/oberdiek/grfext.sty
Package: grfext 2016/05/16 v1.2 Manage graphics extensions (HO)
)
Package grfext Info: Graphics extension search list:
(grfext)             [.png,.pdf,.jpg,.mps,.jpeg,.jbig2,.jb2,.PNG,.PDF,.JPG,.JPE
G,.JBIG2,.JB2,.eps]
(grfext)             \AppendGraphicsExtensions on input line 456.

(/usr/local/texlive/2016/texmf-dist/tex/latex/latexconfig/epstopdf-sys.cfg
File: epstopdf-sys.cfg 2010/07/13 v1.3 Configuration of (r)epstopdf for TeX Liv
e
))
Package caption Info: Begin \AtBeginDocument code.
Package caption Info: End \AtBeginDocument code.
LaTeX Font Info:    Try loading font information for OT1+phv on input line 59.

(/usr/local/texlive/2016/texmf-dist/tex/latex/psnfss/ot1phv.fd
File: ot1phv.fd 2001/06/04 scalable font definitions for OT1/phv.
)
LaTeX Font Info:    Try loading font information for U+msa on input line 59.

(/usr/local/texlive/2016/texmf-dist/tex/latex/amsfonts/umsa.fd
File: umsa.fd 2013/01/14 v3.01 AMS symbols A
)
LaTeX Font Info:    Try loading font information for U+msb on input line 59.

(/usr/local/texlive/2016/texmf-dist/tex/latex/amsfonts/umsb.fd
File: umsb.fd 2013/01/14 v3.01 AMS symbols B
)
LaTeX Font Info:    Font shape `OT1/ptm/bx/n' in size <14.4> not available
(Font)              Font shape `OT1/ptm/b/n' tried instead on input line 59.
LaTeX Font Info:    Font shape `OT1/phv/bx/n' in size <14.4> not available
(Font)              Font shape `OT1/phv/b/n' tried instead on input line 59.


Package hyperref Warning: Suppressing link with empty target on input line 59.


Overfull \vbox (7.80003pt too high) detected at line 59
 []


Package hyperref Warning: Suppressing link with empty target on input line 59.


Overfull \vbox (7.80003pt too high) detected at line 59
 []


Package hyperref Warning: Suppressing link with empty target on input line 59.


Overfull \vbox (7.80003pt too high) detected at line 59
 []


Package hyperref Warning: Suppressing link with empty target on input line 59.


Overfull \vbox (7.80003pt too high) detected at line 59
 []


Package hyperref Warning: Suppressing link with empty target on input line 59.


Overfull \vbox (7.80003pt too high) detected at line 59
 []


Overfull \hbox (9.23186pt too wide) in paragraph at lines 59--59
[] 
 []


LaTeX Warning: Citation `Mollon89' undefined on input line 62.


LaTeX Warning: Citation `Jacobs81' undefined on input line 62.

LaTeX Font Info:    Font shape `OT1/ptm/bx/n' in size <10> not available
(Font)              Font shape `OT1/ptm/b/n' tried instead on input line 64.

LaTeX Warning: Reference `fig:introSchematic' on page 1 undefined on input line
 64.


LaTeX Warning: Citation `gilchrist2006seeing' undefined on input line 68.


LaTeX Warning: Citation `FosterColorConstancy' undefined on input line 69.


LaTeX Warning: Citation `BrainardColorConstancy' undefined on input line 69.


LaTeX Warning: Citation `adelson2000' undefined on input line 69.


LaTeX Warning: Citation `kingdom2011lightness' undefined on input line 69.

[1{/usr/local/texlive/2016/texmf-var/fonts/map/pdftex/updmap/pdftex.map}

]

LaTeX Warning: Citation `LandRetinex' undefined on input line 72.


LaTeX Warning: Citation `Buchsbaum80' undefined on input line 72.


LaTeX Warning: Citation `MaloneyWandell86' undefined on input line 72.


LaTeX Warning: Citation `D'ZmuraConstancy3' undefined on input line 73.


LaTeX Warning: Citation `D'ZmuraIversonSinger' undefined on input line 73.


LaTeX Warning: Citation `BrainardFreeman' undefined on input line 73.


LaTeX Warning: Citation `brainard1986analysis' undefined on input line 76.

<../FiguresDraft5/Figure1/Figure1_a.png, id=38, 1027.84pt x 770.88pt>
File: ../FiguresDraft5/Figure1/Figure1_a.png Graphic file (type png)

<use ../FiguresDraft5/Figure1/Figure1_a.png>
Package pdftex.def Info: ../FiguresDraft5/Figure1/Figure1_a.png used on input l
ine 84.
(pdftex.def)             Requested size: 204.8567pt x 153.63219pt.

<../FiguresDraft5/Figure1/Figure1_b.pdf, id=40, 552.0625pt x 361.35pt>
File: ../FiguresDraft5/Figure1/Figure1_b.pdf Graphic file (type pdf)

<use ../FiguresDraft5/Figure1/Figure1_b.pdf>
Package pdftex.def Info: ../FiguresDraft5/Figure1/Figure1_b.pdf used on input l
ine 89.
(pdftex.def)             Requested size: 281.68384pt x 184.37979pt.


LaTeX Warning: Citation `barron2015convolutional' undefined on input line 104.


LaTeX Warning: Citation `geisler2009optimal' undefined on input line 106.


LaTeX Warning: Citation `burge2017accuracy' undefined on input line 106.


LaTeX Warning: Citation `jaini2017linking' undefined on input line 106.


LaTeX Warning: Citation `burge2011optimal' undefined on input line 106.


LaTeX Warning: Citation `burge2012optimal' undefined on input line 106.


LaTeX Warning: Citation `burge2014optimal' undefined on input line 106.


LaTeX Warning: Citation `burge2015optimal' undefined on input line 106.


LaTeX Warning: Citation `ChakrabartiHyperspectral' undefined on input line 108.



LaTeX Warning: Citation `NascimentoFoster2016' undefined on input line 108.


LaTeX Warning: Citation `ParragaHyperspectralData' undefined on input line 108.



LaTeX Warning: Citation `TkacikUpennHypersepctralData' undefined on input line 
108.


LaTeX Warning: Citation `skauli2013collection' undefined on input line 108.


LaTeX Warning: Citation `olmos2004biologically' undefined on input line 108.


LaTeX Warning: Citation `funt1988color' undefined on input line 108.


LaTeX Warning: Citation `ciurea2003large' undefined on input line 108.


LaTeX Warning: Citation `bell2014intrinsic' undefined on input line 108.


LaTeX Warning: Reference `fig:introExampleFigure' on page 2 undefined on input 
line 111.


LaTeX Warning: Citation `astm1121477' undefined on input line 114.


LaTeX Warning: Citation `CIE86' undefined on input line 118.

[2] [3 <../FiguresDraft5/Figure1/Figure1_a.png> <../FiguresDraft5/Figure1/Figur
e1_b.pdf>]
<../FiguresDraft5/Figure2/Figure2_a.pdf, id=147, 322.20375pt x 241.90375pt>
File: ../FiguresDraft5/Figure2/Figure2_a.pdf Graphic file (type pdf)

<use ../FiguresDraft5/Figure2/Figure2_a.pdf>
Package pdftex.def Info: ../FiguresDraft5/Figure2/Figure2_a.pdf used on input l
ine 130.
(pdftex.def)             Requested size: 112.67352pt x 84.59375pt.

<../FiguresDraft5/Figure2/Figure2_b.pdf, id=148, 322.20375pt x 241.90375pt>
File: ../FiguresDraft5/Figure2/Figure2_b.pdf Graphic file (type pdf)

<use ../FiguresDraft5/Figure2/Figure2_b.pdf>
Package pdftex.def Info: ../FiguresDraft5/Figure2/Figure2_b.pdf used on input l
ine 136.
(pdftex.def)             Requested size: 112.67352pt x 84.59375pt.

<../FiguresDraft5/Figure2/Figure2_c.pdf, id=149, 322.20375pt x 241.90375pt>
File: ../FiguresDraft5/Figure2/Figure2_c.pdf Graphic file (type pdf)

<use ../FiguresDraft5/Figure2/Figure2_c.pdf>
Package pdftex.def Info: ../FiguresDraft5/Figure2/Figure2_c.pdf used on input l
ine 142.
(pdftex.def)             Requested size: 112.67352pt x 84.59375pt.
LaTeX Font Info:    Font shape `OT1/ptm/bx/n' in size <12> not available
(Font)              Font shape `OT1/ptm/b/n' tried instead on input line 148.
LaTeX Font Info:    Font shape `OT1/phv/bx/n' in size <12> not available
(Font)              Font shape `OT1/phv/b/n' tried instead on input line 148.
LaTeX Font Info:    Font shape `OT1/phv/bx/sl' in size <10> not available
(Font)              Font shape `OT1/phv/b/sl' tried instead on input line 152.


LaTeX Warning: Citation `heasly2014rendertoolbox3' undefined on input line 159.



LaTeX Warning: Citation `jakob2015mitsuba' undefined on input line 161.

[4 <../FiguresDraft5/Figure2/Figure2_a.pdf> <../FiguresDraft5/Figure2/Figure2_b
.pdf> <../FiguresDraft5/Figure2/Figure2_c.pdf>]
<../FiguresDraft5/Figure3/Figure3_a.png, id=180, 230.8625pt x 230.8625pt>
File: ../FiguresDraft5/Figure3/Figure3_a.png Graphic file (type png)

<use ../FiguresDraft5/Figure3/Figure3_a.png>
Package pdftex.def Info: ../FiguresDraft5/Figure3/Figure3_a.png used on input l
ine 173.
(pdftex.def)             Requested size: 71.70062pt x 71.70049pt.

<../FiguresDraft5/Figure3/Figure3_b.png, id=181, 230.8625pt x 230.8625pt>
File: ../FiguresDraft5/Figure3/Figure3_b.png Graphic file (type png)

<use ../FiguresDraft5/Figure3/Figure3_b.png>
Package pdftex.def Info: ../FiguresDraft5/Figure3/Figure3_b.png used on input l
ine 179.
(pdftex.def)             Requested size: 71.70062pt x 71.70049pt.

<../FiguresDraft5/Figure3/Figure3_c.png, id=182, 230.8625pt x 230.8625pt>
File: ../FiguresDraft5/Figure3/Figure3_c.png Graphic file (type png)

<use ../FiguresDraft5/Figure3/Figure3_c.png>
Package pdftex.def Info: ../FiguresDraft5/Figure3/Figure3_c.png used on input l
ine 185.
(pdftex.def)             Requested size: 71.70062pt x 71.70049pt.

<../FiguresDraft5/Figure3/Figure3_d.png, id=183, 230.8625pt x 230.8625pt>
File: ../FiguresDraft5/Figure3/Figure3_d.png Graphic file (type png)

<use ../FiguresDraft5/Figure3/Figure3_d.png>
Package pdftex.def Info: ../FiguresDraft5/Figure3/Figure3_d.png used on input l
ine 191.
(pdftex.def)             Requested size: 71.70062pt x 71.70049pt.

<../FiguresDraft5/Figure3/Figure3_e.png, id=184, 230.8625pt x 230.8625pt>
File: ../FiguresDraft5/Figure3/Figure3_e.png Graphic file (type png)

<use ../FiguresDraft5/Figure3/Figure3_e.png>
Package pdftex.def Info: ../FiguresDraft5/Figure3/Figure3_e.png used on input l
ine 197.
(pdftex.def)             Requested size: 71.70062pt x 71.70049pt.


LaTeX Warning: Reference `fig:baseScenes' on page 5 undefined on input line 203
.


LaTeX Warning: Reference `fig:libraryWithTarget' on page 5 undefined on input l
ine 205.


LaTeX Warning: Reference `fig:VWCCTransformations' on page 5 undefined on input
 line 207.


LaTeX Warning: Reference `fig:studiedCases' on page 5 undefined on input line 2
13.


LaTeX Warning: Citation `barron2012color' undefined on input line 218.

<../FiguresDraft5/Figure4/Figure4_a.pdf, id=188, 322.20375pt x 742.775pt>
File: ../FiguresDraft5/Figure4/Figure4_a.pdf Graphic file (type pdf)

<use ../FiguresDraft5/Figure4/Figure4_a.pdf>
Package pdftex.def Info: ../FiguresDraft5/Figure4/Figure4_a.pdf used on input l
ine 235.
(pdftex.def)             Requested size: 92.18317pt x 212.50911pt.

<../FiguresDraft5/Figure4/Figure4_b.pdf, id=189, 322.20375pt x 742.775pt>
File: ../FiguresDraft5/Figure4/Figure4_b.pdf Graphic file (type pdf)

<use ../FiguresDraft5/Figure4/Figure4_b.pdf>
Package pdftex.def Info: ../FiguresDraft5/Figure4/Figure4_b.pdf used on input l
ine 242.
(pdftex.def)             Requested size: 92.18317pt x 212.50911pt.

<../FiguresDraft5/Figure4/Figure4_c.pdf, id=190, 322.20375pt x 742.775pt>
File: ../FiguresDraft5/Figure4/Figure4_c.pdf Graphic file (type pdf)

<use ../FiguresDraft5/Figure4/Figure4_c.pdf>
Package pdftex.def Info: ../FiguresDraft5/Figure4/Figure4_c.pdf used on input l
ine 250.
(pdftex.def)             Requested size: 92.18317pt x 212.50911pt.

<../FiguresDraft5/Figure4/Figure4_d.pdf, id=191, 322.20375pt x 742.775pt>
File: ../FiguresDraft5/Figure4/Figure4_d.pdf Graphic file (type pdf)

<use ../FiguresDraft5/Figure4/Figure4_d.pdf>
Package pdftex.def Info: ../FiguresDraft5/Figure4/Figure4_d.pdf used on input l
ine 257.
(pdftex.def)             Requested size: 92.18317pt x 212.50911pt.

<../FiguresDraft5/Figure4/Figure4_e.pdf, id=192, 322.20375pt x 742.775pt>
File: ../FiguresDraft5/Figure4/Figure4_e.pdf Graphic file (type pdf)

<use ../FiguresDraft5/Figure4/Figure4_e.pdf>
Package pdftex.def Info: ../FiguresDraft5/Figure4/Figure4_e.pdf used on input l
ine 264.
(pdftex.def)             Requested size: 92.18317pt x 212.50911pt.


LaTeX Warning: Reference `fig:3DScene' on page 5 undefined on input line 278.

[5 <../FiguresDraft5/Figure3/Figure3_a.png> <../FiguresDraft5/Figure3/Figure3_b
.png> <../FiguresDraft5/Figure3/Figure3_c.png> <../FiguresDraft5/Figure3/Figure
3_d.png> <../FiguresDraft5/Figure3/Figure3_e.png>] [6 <../FiguresDraft5/Figure4
/Figure4_a.pdf> <../FiguresDraft5/Figure4/Figure4_b.pdf> <../FiguresDraft5/Figu
re4/Figure4_c.pdf> <../FiguresDraft5/Figure4/Figure4_d.pdf> <../FiguresDraft5/F
igure4/Figure4_e.pdf>]
File: ../FiguresDraft5/Figure1/Figure1_b.pdf Graphic file (type pdf)
 <use ../FiguresDraft5/Figure1/Figure1_b.pdf>
Package pdftex.def Info: ../FiguresDraft5/Figure1/Figure1_b.pdf used on input l
ine 288.
(pdftex.def)             Requested size: 169.0103pt x 110.62236pt.

<../FiguresDraft5/Figure5/Figure5_b.pdf, id=238, 552.0625pt x 361.35pt>
File: ../FiguresDraft5/Figure5/Figure5_b.pdf Graphic file (type pdf)

<use ../FiguresDraft5/Figure5/Figure5_b.pdf>
Package pdftex.def Info: ../FiguresDraft5/Figure5/Figure5_b.pdf used on input l
ine 293.
(pdftex.def)             Requested size: 169.0103pt x 110.62236pt.

<../FiguresDraft5/Figure5/Figure5_c.pdf, id=239, 552.0625pt x 361.35pt>
File: ../FiguresDraft5/Figure5/Figure5_c.pdf Graphic file (type pdf)

<use ../FiguresDraft5/Figure5/Figure5_c.pdf>
Package pdftex.def Info: ../FiguresDraft5/Figure5/Figure5_c.pdf used on input l
ine 298.
(pdftex.def)             Requested size: 169.0103pt x 110.62236pt.


LaTeX Warning: Reference `fig:introExampleFigure' on page 7 undefined on input 
line 302.


LaTeX Warning: Reference `Methods' on page 7 undefined on input line 302.


LaTeX Warning: Reference `fig:introExampleFigure' on page 7 undefined on input 
line 302.


LaTeX Warning: Reference `Methods' on page 7 undefined on input line 302.


LaTeX Warning: Citation `hernandez2001color' undefined on input line 307.


Overfull \hbox (109.68044pt too wide) in paragraph at lines 307--310
[]\OT1/ptm/m/n/10 To gen-er-ate il-lu-mi-na-tion spec-tra, we de-vel-oped a sta
-tis-ti-cal model of the Granada day-light mea-sure-ments ([][][]?[][], [][]?[]
[]; [][]http://colorimaginglab.ugr.es/pages/Data[][])
 []

<../FiguresDraft5/Figure6/Figure6_a.pdf, id=243, 552.0625pt x 501.875pt>
File: ../FiguresDraft5/Figure6/Figure6_a.pdf Graphic file (type pdf)

<use ../FiguresDraft5/Figure6/Figure6_a.pdf>
Package pdftex.def Info: ../FiguresDraft5/Figure6/Figure6_a.pdf used on input l
ine 317.
(pdftex.def)             Requested size: 122.91872pt x 111.74532pt.

<../FiguresDraft5/Figure6/Figure6_b.pdf, id=244, 552.0625pt x 501.875pt>
File: ../FiguresDraft5/Figure6/Figure6_b.pdf Graphic file (type pdf)

<use ../FiguresDraft5/Figure6/Figure6_b.pdf>
Package pdftex.def Info: ../FiguresDraft5/Figure6/Figure6_b.pdf used on input l
ine 323.
(pdftex.def)             Requested size: 122.91872pt x 111.74532pt.

<../FiguresDraft5/Figure6/Figure6_c.pdf, id=245, 552.0625pt x 501.875pt>
File: ../FiguresDraft5/Figure6/Figure6_c.pdf Graphic file (type pdf)

<use ../FiguresDraft5/Figure6/Figure6_c.pdf>
Package pdftex.def Info: ../FiguresDraft5/Figure6/Figure6_c.pdf used on input l
ine 329.
(pdftex.def)             Requested size: 122.91872pt x 111.74532pt.

<../FiguresDraft5/Figure6/Figure6_d.pdf, id=246, 552.0625pt x 501.875pt>
File: ../FiguresDraft5/Figure6/Figure6_d.pdf Graphic file (type pdf)

<use ../FiguresDraft5/Figure6/Figure6_d.pdf>
Package pdftex.def Info: ../FiguresDraft5/Figure6/Figure6_d.pdf used on input l
ine 335.
(pdftex.def)             Requested size: 122.91872pt x 111.74532pt.


LaTeX Warning: Reference `fig:illuminantSamples' on page 7 undefined on input l
ine 345.


LaTeX Warning: Reference `fig:xyDiagram' on page 7 undefined on input line 346.



LaTeX Warning: Reference `fig:sRGBIlluminant' on page 7 undefined on input line
 346.

[7 <../FiguresDraft5/Figure5/Figure5_b.pdf> <../FiguresDraft5/Figure5/Figure5_c
.pdf>]
<../FiguresDraft5/Figure7/Figure7_a.pdf, id=323, 552.0625pt x 501.875pt>
File: ../FiguresDraft5/Figure7/Figure7_a.pdf Graphic file (type pdf)

<use ../FiguresDraft5/Figure7/Figure7_a.pdf>
Package pdftex.def Info: ../FiguresDraft5/Figure7/Figure7_a.pdf used on input l
ine 362.
(pdftex.def)             Requested size: 122.91872pt x 111.74532pt.

<../FiguresDraft5/Figure7/Figure7_b.pdf, id=324, 552.0625pt x 501.875pt>
File: ../FiguresDraft5/Figure7/Figure7_b.pdf Graphic file (type pdf)

<use ../FiguresDraft5/Figure7/Figure7_b.pdf>
Package pdftex.def Info: ../FiguresDraft5/Figure7/Figure7_b.pdf used on input l
ine 368.
(pdftex.def)             Requested size: 122.91872pt x 111.74532pt.

<../FiguresDraft5/Figure7/Figure7_c.pdf, id=325, 552.0625pt x 501.875pt>
File: ../FiguresDraft5/Figure7/Figure7_c.pdf Graphic file (type pdf)

<use ../FiguresDraft5/Figure7/Figure7_c.pdf>
Package pdftex.def Info: ../FiguresDraft5/Figure7/Figure7_c.pdf used on input l
ine 374.
(pdftex.def)             Requested size: 122.91872pt x 111.74532pt.

<../FiguresDraft5/Figure7/Figure7_d.pdf, id=326, 552.0625pt x 501.875pt>
File: ../FiguresDraft5/Figure7/Figure7_d.pdf Graphic file (type pdf)

<use ../FiguresDraft5/Figure7/Figure7_d.pdf>
Package pdftex.def Info: ../FiguresDraft5/Figure7/Figure7_d.pdf used on input l
ine 381.
(pdftex.def)             Requested size: 122.91872pt x 111.74532pt.


LaTeX Warning: Citation `kelly1943tristimulus' undefined on input line 389.


LaTeX Warning: Citation `vrhel1994measurement' undefined on input line 389.


LaTeX Warning: Reference `fig:reflectanceSpectra' on page 8 undefined on input 
line 389.


LaTeX Warning: Reference `fig:reflectanceSamples' on page 8 undefined on input 
line 391.


LaTeX Warning: Reference `fig:xyChroReflectance' on page 8 undefined on input l
ine 391.


LaTeX Warning: Reference `fig:backgroundSwatches' on page 8 undefined on input 
line 391.

<../FiguresDraft5/Figure8/Figure8.pdf, id=331, 552.0625pt x 501.875pt>
File: ../FiguresDraft5/Figure8/Figure8.pdf Graphic file (type pdf)

<use ../FiguresDraft5/Figure8/Figure8.pdf>
Package pdftex.def Info: ../FiguresDraft5/Figure8/Figure8.pdf used on input lin
e 397.
(pdftex.def)             Requested size: 153.64644pt x 139.68166pt.


LaTeX Warning: Reference `fig:targetSwatches' on page 8 undefined on input line
 404.

<../FiguresDraft5/Figure9/Figure9_a.png, id=332, 1027.84pt x 770.88pt>
File: ../FiguresDraft5/Figure9/Figure9_a.png Graphic file (type png)

<use ../FiguresDraft5/Figure9/Figure9_a.png>
Package pdftex.def Info: ../FiguresDraft5/Figure9/Figure9_a.png used on input l
ine 413.
(pdftex.def)             Requested size: 128.0374pt x 96.01865pt.

<../FiguresDraft5/Figure9/Figure9_b.png, id=333, 770.88pt x 770.88pt>
File: ../FiguresDraft5/Figure9/Figure9_b.png Graphic file (type png)

<use ../FiguresDraft5/Figure9/Figure9_b.png>
Package pdftex.def Info: ../FiguresDraft5/Figure9/Figure9_b.png used on input l
ine 421.
(pdftex.def)             Requested size: 97.30966pt x 97.30077pt.

<../FiguresDraft5/Figure9/Figure9_c.png, id=334, 766.865pt x 770.88pt>
File: ../FiguresDraft5/Figure9/Figure9_c.png Graphic file (type png)

<use ../FiguresDraft5/Figure9/Figure9_c.png>
Package pdftex.def Info: ../FiguresDraft5/Figure9/Figure9_c.png used on input l
ine 429.
(pdftex.def)             Requested size: 97.30966pt x 97.81833pt.

<../FiguresDraft5/Figure9/Figure9_d.png, id=335, 798.985pt x 764.8575pt>
File: ../FiguresDraft5/Figure9/Figure9_d.png Graphic file (type png)

<use ../FiguresDraft5/Figure9/Figure9_d.png>
Package pdftex.def Info: ../FiguresDraft5/Figure9/Figure9_d.png used on input l
ine 435.
(pdftex.def)             Requested size: 104.9916pt x 100.497pt.


LaTeX Warning: Reference `fig:croppedImage' on page 8 undefined on input line 4
49.


LaTeX Warning: Citation `gattass1981visual' undefined on input line 451.


LaTeX Warning: Citation `gattass1988visuotopic' undefined on input line 451.


LaTeX Warning: Citation `marimont1994matching' undefined on input line 454.


LaTeX Warning: Citation `brainard2015color' undefined on input line 454.


LaTeX Warning: Reference `fig:croppedImageWithMosaic' on page 8 undefined on in
put line 454.


LaTeX Warning: Citation `hecht1942energy' undefined on input line 457.

[8 <../FiguresDraft5/Figure6/Figure6_a.pdf> <../FiguresDraft5/Figure6/Figure6_b
.pdf> <../FiguresDraft5/Figure6/Figure6_c.pdf> <../FiguresDraft5/Figure6/Figure
6_d.pdf>] [9 <../FiguresDraft5/Figure7/Figure7_a.pdf> <../FiguresDraft5/Figure7
/Figure7_b.pdf> <../FiguresDraft5/Figure7/Figure7_c.pdf> <../FiguresDraft5/Figu
re7/Figure7_d.pdf> <../FiguresDraft5/Figure8/Figure8.pdf>]

LaTeX Warning: Citation `heeger1992normalization' undefined on input line 526.


LaTeX Warning: Citation `albrecht1991motion' undefined on input line 526.


LaTeX Warning: Citation `carandini2012normalization' undefined on input line 52
6.

[10 <../FiguresDraft5/Figure9/Figure9_a.png> <../FiguresDraft5/Figure9/Figure9_
b.png> <../FiguresDraft5/Figure9/Figure9_c.png> <../FiguresDraft5/Figure9/Figur
e9_d.png>] [11]
<../FiguresDraft5/Figure10/Figure10_a.pdf, id=1364, 501.875pt x 501.875pt>
File: ../FiguresDraft5/Figure10/Figure10_a.pdf Graphic file (type pdf)

<use ../FiguresDraft5/Figure10/Figure10_a.pdf>
Package pdftex.def Info: ../FiguresDraft5/Figure10/Figure10_a.pdf used on input
 line 588.
(pdftex.def)             Requested size: 153.64644pt x 142.32568pt.

<../FiguresDraft5/Figure10/Figure10_b.pdf, id=1366, 501.875pt x 501.875pt>
File: ../FiguresDraft5/Figure10/Figure10_b.pdf Graphic file (type pdf)

<use ../FiguresDraft5/Figure10/Figure10_b.pdf>
Package pdftex.def Info: ../FiguresDraft5/Figure10/Figure10_b.pdf used on input
 line 593.
(pdftex.def)             Requested size: 158.76512pt x 142.56381pt.

<../FiguresDraft5/Figure10/Figure10_c.pdf, id=1368, 501.875pt x 451.6875pt>
File: ../FiguresDraft5/Figure10/Figure10_c.pdf Graphic file (type pdf)

<use ../FiguresDraft5/Figure10/Figure10_c.pdf>
Package pdftex.def Info: ../FiguresDraft5/Figure10/Figure10_c.pdf used on input
 line 598.
(pdftex.def)             Requested size: 163.89162pt x 146.37572pt.


LaTeX Warning: Reference `fig:barGraphs' on page 12 undefined on input line 601
.


LaTeX Warning: Reference `fig:barGraphs' on page 12 undefined on input line 601
.


LaTeX Warning: Reference `fig:case1Estimates' on page 12 undefined on input lin
e 608.


LaTeX Warning: Reference `fig:case1Estimates' on page 12 undefined on input lin
e 609.

[12 <../FiguresDraft5/Figure10/Figure10_a.pdf> <../FiguresDraft5/Figure10/Figur
e10_b.pdf> <../FiguresDraft5/Figure10/Figure10_c.pdf>]

LaTeX Warning: Reference `fig:case1RFResponse' on page 13 undefined on input li
ne 613.


LaTeX Warning: Reference `fig:case1Estimates' on page 13 undefined on input lin
e 617.


LaTeX Warning: Reference `fig:case1RFs' on page 13 undefined on input line 621.



LaTeX Warning: Reference `fig:Condition1' on page 13 undefined on input line 63
1.

<../FiguresDraft5/Figure11/Figure11_a.pdf, id=1450, 501.875pt x 501.875pt>
File: ../FiguresDraft5/Figure11/Figure11_a.pdf Graphic file (type pdf)

<use ../FiguresDraft5/Figure11/Figure11_a.pdf>
Package pdftex.def Info: ../FiguresDraft5/Figure11/Figure11_a.pdf used on input
 line 639.
(pdftex.def)             Requested size: 112.67352pt x 103.0904pt.

<../FiguresDraft5/Figure11/Figure11_b.pdf, id=1452, 501.875pt x 501.875pt>
File: ../FiguresDraft5/Figure11/Figure11_b.pdf Graphic file (type pdf)

<use ../FiguresDraft5/Figure11/Figure11_b.pdf>
Package pdftex.def Info: ../FiguresDraft5/Figure11/Figure11_b.pdf used on input
 line 644.
(pdftex.def)             Requested size: 112.67352pt x 103.0904pt.

<../FiguresDraft5/Figure11/Figure11_c.pdf, id=1454, 501.875pt x 501.875pt>
File: ../FiguresDraft5/Figure11/Figure11_c.pdf Graphic file (type pdf)

<use ../FiguresDraft5/Figure11/Figure11_c.pdf>
Package pdftex.def Info: ../FiguresDraft5/Figure11/Figure11_c.pdf used on input
 line 649.
(pdftex.def)             Requested size: 112.67352pt x 103.0904pt.

<../FiguresDraft5/Figure11/Figure11_d.pdf, id=1456, 501.875pt x 501.875pt>
File: ../FiguresDraft5/Figure11/Figure11_d.pdf Graphic file (type pdf)

<use ../FiguresDraft5/Figure11/Figure11_d.pdf>
Package pdftex.def Info: ../FiguresDraft5/Figure11/Figure11_d.pdf used on input
 line 654.
(pdftex.def)             Requested size: 112.67352pt x 103.0904pt.


LaTeX Warning: Reference `fig:Condition2' on page 13 undefined on input line 66
5.

[13 <../FiguresDraft5/Figure11/Figure11_a.pdf> <../FiguresDraft5/Figure11/Figur
e11_b.pdf> <../FiguresDraft5/Figure11/Figure11_c.pdf> <../FiguresDraft5/Figure1
1/Figure11_d.pdf>]

LaTeX Warning: Reference `fig:Condition2' on page 14 undefined on input line 67
6.


LaTeX Warning: Citation `land1986alternative' undefined on input line 680.

<../FiguresDraft5/Figure12/Figure12_a.pdf, id=1562, 501.875pt x 501.875pt>
File: ../FiguresDraft5/Figure12/Figure12_a.pdf Graphic file (type pdf)

<use ../FiguresDraft5/Figure12/Figure12_a.pdf>
Package pdftex.def Info: ../FiguresDraft5/Figure12/Figure12_a.pdf used on input
 line 688.
(pdftex.def)             Requested size: 153.64644pt x 142.32568pt.

<../FiguresDraft5/Figure12/Figure12_b.pdf, id=1564, 501.875pt x 501.875pt>
File: ../FiguresDraft5/Figure12/Figure12_b.pdf Graphic file (type pdf)

<use ../FiguresDraft5/Figure12/Figure12_b.pdf>
Package pdftex.def Info: ../FiguresDraft5/Figure12/Figure12_b.pdf used on input
 line 693.
(pdftex.def)             Requested size: 158.76512pt x 142.56381pt.

<../FiguresDraft5/Figure12/Figure12_c.pdf, id=1566, 501.875pt x 451.6875pt>
File: ../FiguresDraft5/Figure12/Figure12_c.pdf Graphic file (type pdf)

<use ../FiguresDraft5/Figure12/Figure12_c.pdf>
Package pdftex.def Info: ../FiguresDraft5/Figure12/Figure12_c.pdf used on input
 line 698.
(pdftex.def)             Requested size: 163.89162pt x 146.37572pt.


LaTeX Warning: Reference `fig:case3Estimates' on page 14 undefined on input lin
e 710.

[14 <../FiguresDraft5/Figure12/Figure12_a.pdf> <../FiguresDraft5/Figure12/Figur
e12_b.pdf> <../FiguresDraft5/Figure12/Figure12_c.pdf>]

LaTeX Warning: Reference `fig:case3RFResponse' on page 15 undefined on input li
ne 716.


LaTeX Warning: Reference `fig:case3Estimates' on page 15 undefined on input lin
e 719.


LaTeX Warning: Reference `fig:RMSEvsRF' on page 15 undefined on input line 722.


<../FiguresDraft5/Figure13/Figure13.pdf, id=1615, 1003.75pt x 501.875pt>
File: ../FiguresDraft5/Figure13/Figure13.pdf Graphic file (type pdf)

<use ../FiguresDraft5/Figure13/Figure13.pdf>
Package pdftex.def Info: ../FiguresDraft5/Figure13/Figure13.pdf used on input l
ine 728.
(pdftex.def)             Requested size: 307.29288pt x 153.64983pt.


LaTeX Warning: Reference `fig:case3RFs' on page 15 undefined on input line 733.



LaTeX Warning: Citation `burton1987color' undefined on input line 740.


LaTeX Warning: Citation `benson2014unsupervised' undefined on input line 740.


LaTeX Warning: Reference `fig:RMSEvsRF' on page 15 undefined on input line 744.


[15 <../FiguresDraft5/Figure13/Figure13.pdf>]
<../FiguresDraft5/Figure14/Figure14.pdf, id=1629, 501.875pt x 501.875pt>
File: ../FiguresDraft5/Figure14/Figure14.pdf Graphic file (type pdf)

<use ../FiguresDraft5/Figure14/Figure14.pdf>
Package pdftex.def Info: ../FiguresDraft5/Figure14/Figure14.pdf used on input l
ine 768.
(pdftex.def)             Requested size: 153.64644pt x 153.64983pt.


LaTeX Warning: Reference `fig:barGraphs' on page 16 undefined on input line 773
.

[16 <../FiguresDraft5/Figure14/Figure14.pdf>]

LaTeX Warning: Citation `sebastian2015defocus' undefined on input line 795.


LaTeX Warning: Citation `kim2018lawful' undefined on input line 795.


LaTeX Warning: Citation `burge2010natural' undefined on input line 795.


LaTeX Warning: Citation `girshick2011cardinal' undefined on input line 795.


LaTeX Warning: Citation `burge2016estimating' undefined on input line 795.


LaTeX Warning: Citation `goncalves2017not' undefined on input line 795.


LaTeX Warning: Citation `barnard2002data' undefined on input line 797.


LaTeX Warning: Citation `cheng2014illuminant' undefined on input line 797.


LaTeX Warning: Citation `toscani2013optimal' undefined on input line 800.


LaTeX Warning: Citation `wiebel2015statistical' undefined on input line 800.


LaTeX Warning: Citation `toscani2017lightness' undefined on input line 800.


LaTeX Warning: Citation `Butler:ECCV:2012' undefined on input line 802.


LaTeX Warning: Citation `sumner2000catarrhine' undefined on input line 811.


LaTeX Warning: Citation `regan2001fruits' undefined on input line 811.


LaTeX Warning: Citation `ennis2018hyperspectral' undefined on input line 811.


LaTeX Warning: Citation `attewell2007distribution' undefined on input line 811.


[17]

LaTeX Warning: Citation `fleming2017material' undefined on input line 815.


LaTeX Warning: Citation `land1971lightness' undefined on input line 815.


LaTeX Warning: Citation `rudd2016retinex' undefined on input line 815.


LaTeX Warning: Citation `beck1964effect' undefined on input line 815.


LaTeX Warning: Citation `yang2001illuminant' undefined on input line 815.


LaTeX Warning: Citation `yang2002stereo' undefined on input line 815.


LaTeX Warning: Citation `todd2004lightness' undefined on input line 815.


LaTeX Warning: Citation `snyder2005illumination' undefined on input line 815.


LaTeX Warning: Citation `boyaci2003effect' undefined on input line 815.


LaTeX Warning: Citation `xiao2008surface' undefined on input line 815.


LaTeX Warning: Citation `xiao2012color' undefined on input line 815.


LaTeX Warning: Citation `anderson2015perceptual' undefined on input line 815.


LaTeX Warning: Citation `lee1986method' undefined on input line 815.


LaTeX Warning: Citation `d1986mechanisms' undefined on input line 815.


LaTeX Warning: Citation `tominaga1989standard' undefined on input line 815.


LaTeX Warning: Citation `finlayson2018colour' undefined on input line 815.

Missing character: There is no ° in font ptmr7t!
Missing character: There is no ° in font ptmr7t!
[18] (./Revision1.bbl [19] [20] [21])
Package atveryend Info: Empty hook `BeforeClearDocument' on input line 841.
 [22]
Package atveryend Info: Empty hook `AfterLastShipout' on input line 841.
 (./Revision1.aux)
Package atveryend Info: Executing hook `AtVeryEndDocument' on input line 841.
Package atveryend Info: Executing hook `AtEndAfterFileList' on input line 841.


Package rerunfilecheck Warning: File `Revision1.out' has changed.
(rerunfilecheck)                Rerun to get outlines right
(rerunfilecheck)                or use package `bookmark'.

Package rerunfilecheck Info: Checksums for `Revision1.out':
(rerunfilecheck)             Before: <no file>
(rerunfilecheck)             After:  2842148D0307BFC4FBFBE0F566DB0547;1045.

LaTeX Warning: There were undefined references.


LaTeX Warning: Label(s) may have changed. Rerun to get cross-references right.

Package atveryend Info: Empty hook `AtVeryVeryEnd' on input line 841.
 ) 
Here is how much of TeX's memory you used:
 8564 strings out of 493014
 135451 string characters out of 6133351
 217405 words of memory out of 5000000
 11780 multiletter control sequences out of 15000+600000
 37510 words of font info for 74 fonts, out of 8000000 for 9000
 1141 hyphenation exceptions out of 8191
 42i,9n,40p,2248b,520s stack positions out of 5000i,500n,10000p,200000b,80000s
{/usr/local/texlive/2016/texmf-dist/fonts/enc/dvips/base/8r.enc}</usr/local/t
exlive/2016/texmf-dist/fonts/type1/public/amsfonts/cm/cmr10.pfb></usr/local/tex
live/2016/texmf-dist/fonts/type1/public/amsfonts/cm/cmsy10.pfb></usr/local/texl
ive/2016/texmf-dist/fonts/type1/urw/helvetic/uhvb8a.pfb></usr/local/texlive/201
6/texmf-dist/fonts/type1/urw/helvetic/uhvbo8a.pfb></usr/local/texlive/2016/texm
f-dist/fonts/type1/urw/helvetic/uhvr8a.pfb></usr/local/texlive/2016/texmf-dist/
fonts/type1/urw/times/utmb8a.pfb></usr/local/texlive/2016/texmf-dist/fonts/type
1/urw/times/utmr8a.pfb></usr/local/texlive/2016/texmf-dist/fonts/type1/urw/time
s/utmri8a.pfb></usr/local/texlive/2016/texmf-dist/fonts/type1/urw/zapfding/uzdr
.pfb>
Output written on Revision1.pdf (22 pages, 16654725 bytes).
PDF statistics:
 1823 PDF objects out of 2073 (max. 8388607)
 1565 compressed objects within 16 object streams
 146 named destinations out of 1000 (max. 500000)
 259 words of extra memory for PDF output out of 10000 (max. 10000000)

