This is pdfTeX, Version 3.14159265-2.6-1.40.16 (TeX Live 2015) (preloaded format=pdflatex 2015.5.24)  15 MAR 2018 13:54
entering extended mode
 restricted \write18 enabled.
 file:line:error style messages enabled.
 %&-line parsing enabled.
**draft2.tex
(./draft2.tex
LaTeX2e <2015/01/01>
Babel <3.9l> and hyphenation patterns for 79 languages loaded.
(./jov.cls
Document Class: jov 2008/12/16 Journal of Vision class
(/usr/local/texlive/2015/texmf-dist/tex/latex/base/article.cls
Document Class: article 2014/09/29 v1.4h Standard LaTeX document class
(/usr/local/texlive/2015/texmf-dist/tex/latex/base/size10.clo
File: size10.clo 2014/09/29 v1.4h Standard LaTeX file (size option)
)
\c@part=\count79
\c@section=\count80
\c@subsection=\count81
\c@subsubsection=\count82
\c@paragraph=\count83
\c@subparagraph=\count84
\c@figure=\count85
\c@table=\count86
\abovecaptionskip=\skip41
\belowcaptionskip=\skip42
\bibindent=\dimen102
)
(/usr/local/texlive/2015/texmf-dist/tex/latex/graphics/color.sty
Package: color 2014/10/28 v1.1a Standard LaTeX Color (DPC)

(/usr/local/texlive/2015/texmf-dist/tex/latex/latexconfig/color.cfg
File: color.cfg 2007/01/18 v1.5 color configuration of teTeX/TeXLive
)
Package color Info: Driver file: pdftex.def on input line 142.

(/usr/local/texlive/2015/texmf-dist/tex/latex/pdftex-def/pdftex.def
File: pdftex.def 2011/05/27 v0.06d Graphics/color for pdfTeX

(/usr/local/texlive/2015/texmf-dist/tex/generic/oberdiek/infwarerr.sty
Package: infwarerr 2010/04/08 v1.3 Providing info/warning/error messages (HO)
)
(/usr/local/texlive/2015/texmf-dist/tex/generic/oberdiek/ltxcmds.sty
Package: ltxcmds 2011/11/09 v1.22 LaTeX kernel commands for general use (HO)
)
\Gread@gobject=\count87
))
(/usr/local/texlive/2015/texmf-dist/tex/latex/psnfss/times.sty
Package: times 2005/04/12 PSNFSS-v9.2a (SPQR) 
)
(/usr/local/texlive/2015/texmf-dist/tex/latex/multirow/multirow.sty
\bigstrutjot=\dimen103
)
(/usr/local/texlive/2015/texmf-dist/tex/latex/hyperref/hyperref.sty
Package: hyperref 2012/11/06 v6.83m Hypertext links for LaTeX

(/usr/local/texlive/2015/texmf-dist/tex/generic/oberdiek/hobsub-hyperref.sty
Package: hobsub-hyperref 2012/05/28 v1.13 Bundle oberdiek, subset hyperref (HO)


(/usr/local/texlive/2015/texmf-dist/tex/generic/oberdiek/hobsub-generic.sty
Package: hobsub-generic 2012/05/28 v1.13 Bundle oberdiek, subset generic (HO)
Package: hobsub 2012/05/28 v1.13 Construct package bundles (HO)
Package hobsub Info: Skipping package `infwarerr' (already loaded).
Package hobsub Info: Skipping package `ltxcmds' (already loaded).
Package: ifluatex 2010/03/01 v1.3 Provides the ifluatex switch (HO)
Package ifluatex Info: LuaTeX not detected.
Package: ifvtex 2010/03/01 v1.5 Detect VTeX and its facilities (HO)
Package ifvtex Info: VTeX not detected.
Package: intcalc 2007/09/27 v1.1 Expandable calculations with integers (HO)
Package: ifpdf 2011/01/30 v2.3 Provides the ifpdf switch (HO)
Package ifpdf Info: pdfTeX in PDF mode is detected.
Package: etexcmds 2011/02/16 v1.5 Avoid name clashes with e-TeX commands (HO)
Package etexcmds Info: Could not find \expanded.
(etexcmds)             That can mean that you are not using pdfTeX 1.50 or
(etexcmds)             that some package has redefined \expanded.
(etexcmds)             In the latter case, load this package earlier.
Package: kvsetkeys 2012/04/25 v1.16 Key value parser (HO)
Package: kvdefinekeys 2011/04/07 v1.3 Define keys (HO)
Package: pdftexcmds 2011/11/29 v0.20 Utility functions of pdfTeX for LuaTeX (HO
)
Package pdftexcmds Info: LuaTeX not detected.
Package pdftexcmds Info: \pdf@primitive is available.
Package pdftexcmds Info: \pdf@ifprimitive is available.
Package pdftexcmds Info: \pdfdraftmode found.
Package: pdfescape 2011/11/25 v1.13 Implements pdfTeX's escape features (HO)
Package: bigintcalc 2012/04/08 v1.3 Expandable calculations on big integers (HO
)
Package: bitset 2011/01/30 v1.1 Handle bit-vector datatype (HO)
Package: uniquecounter 2011/01/30 v1.2 Provide unlimited unique counter (HO)
)
Package hobsub Info: Skipping package `hobsub' (already loaded).
Package: letltxmacro 2010/09/02 v1.4 Let assignment for LaTeX macros (HO)
Package: hopatch 2012/05/28 v1.2 Wrapper for package hooks (HO)
Package: xcolor-patch 2011/01/30 xcolor patch
Package: atveryend 2011/06/30 v1.8 Hooks at the very end of document (HO)
Package atveryend Info: \enddocument detected (standard20110627).
Package: atbegshi 2011/10/05 v1.16 At begin shipout hook (HO)
Package: refcount 2011/10/16 v3.4 Data extraction from label references (HO)
Package: hycolor 2011/01/30 v1.7 Color options for hyperref/bookmark (HO)
)
(/usr/local/texlive/2015/texmf-dist/tex/latex/graphics/keyval.sty
Package: keyval 2014/10/28 v1.15 key=value parser (DPC)
\KV@toks@=\toks14
)
(/usr/local/texlive/2015/texmf-dist/tex/generic/ifxetex/ifxetex.sty
Package: ifxetex 2010/09/12 v0.6 Provides ifxetex conditional
)
(/usr/local/texlive/2015/texmf-dist/tex/latex/oberdiek/auxhook.sty
Package: auxhook 2011/03/04 v1.3 Hooks for auxiliary files (HO)
)
(/usr/local/texlive/2015/texmf-dist/tex/latex/oberdiek/kvoptions.sty
Package: kvoptions 2011/06/30 v3.11 Key value format for package options (HO)
)
\@linkdim=\dimen104
\Hy@linkcounter=\count88
\Hy@pagecounter=\count89

(/usr/local/texlive/2015/texmf-dist/tex/latex/hyperref/pd1enc.def
File: pd1enc.def 2012/11/06 v6.83m Hyperref: PDFDocEncoding definition (HO)
)
\Hy@SavedSpaceFactor=\count90

(/usr/local/texlive/2015/texmf-dist/tex/latex/latexconfig/hyperref.cfg
File: hyperref.cfg 2002/06/06 v1.2 hyperref configuration of TeXLive
)
Package hyperref Info: Option `colorlinks' set `true' on input line 4319.
Package hyperref Info: Option `pageanchor' set `true' on input line 4319.
Package hyperref Info: Hyper figures OFF on input line 4443.
Package hyperref Info: Link nesting OFF on input line 4448.
Package hyperref Info: Hyper index ON on input line 4451.
Package hyperref Info: Plain pages OFF on input line 4458.
Package hyperref Info: Backreferencing OFF on input line 4463.
Package hyperref Info: Implicit mode ON; LaTeX internals redefined.
Package hyperref Info: Bookmarks ON on input line 4688.
\c@Hy@tempcnt=\count91

(/usr/local/texlive/2015/texmf-dist/tex/latex/url/url.sty
\Urlmuskip=\muskip10
Package: url 2013/09/16  ver 3.4  Verb mode for urls, etc.
)
LaTeX Info: Redefining \url on input line 5041.
\XeTeXLinkMargin=\dimen105
\Fld@menulength=\count92
\Field@Width=\dimen106
\Fld@charsize=\dimen107
Package hyperref Info: Hyper figures OFF on input line 6295.
Package hyperref Info: Link nesting OFF on input line 6300.
Package hyperref Info: Hyper index ON on input line 6303.
Package hyperref Info: backreferencing OFF on input line 6310.
Package hyperref Info: Link coloring ON on input line 6313.
Package hyperref Info: Link coloring with OCG OFF on input line 6320.
Package hyperref Info: PDF/A mode OFF on input line 6325.
LaTeX Info: Redefining \ref on input line 6365.
LaTeX Info: Redefining \pageref on input line 6369.
\Hy@abspage=\count93
\c@Item=\count94
\c@Hfootnote=\count95
)

Package hyperref Message: Driver (autodetected): hpdftex.

(/usr/local/texlive/2015/texmf-dist/tex/latex/hyperref/hpdftex.def
File: hpdftex.def 2012/11/06 v6.83m Hyperref driver for pdfTeX
\Fld@listcount=\count96
\c@bookmark@seq@number=\count97

(/usr/local/texlive/2015/texmf-dist/tex/latex/oberdiek/rerunfilecheck.sty
Package: rerunfilecheck 2011/04/15 v1.7 Rerun checks for auxiliary files (HO)
Package uniquecounter Info: New unique counter `rerunfilecheck' on input line 2
82.
)
\Hy@SectionHShift=\skip43
)
(./jovcite.sty
Package: jovcite 2008/12/22 Journal of Vision, inofficial LaTeX stylesheet
\c@BibCnt=\count98
\bibleftmargin=\skip44
\bibindent=\skip45
\bibparsep=\skip46
\bibitemsep=\skip47
) (/usr/local/texlive/2015/texmf-dist/tex/latex/psnfss/pifont.sty
Package: pifont 2005/04/12 PSNFSS-v9.2a Pi font support (SPQR) 
LaTeX Font Info:    Try loading font information for U+pzd on input line 63.
(/usr/local/texlive/2015/texmf-dist/tex/latex/psnfss/upzd.fd
File: upzd.fd 2001/06/04 font definitions for U/pzd.
)
LaTeX Font Info:    Try loading font information for U+psy on input line 64.

(/usr/local/texlive/2015/texmf-dist/tex/latex/psnfss/upsy.fd
File: upsy.fd 2001/06/04 font definitions for U/psy.
))
\c@nauthors=\count99
)
(/usr/local/texlive/2015/texmf-dist/tex/latex/graphics/graphicx.sty
Package: graphicx 2014/10/28 v1.0g Enhanced LaTeX Graphics (DPC,SPQR)

(/usr/local/texlive/2015/texmf-dist/tex/latex/graphics/graphics.sty
Package: graphics 2014/10/28 v1.0p Standard LaTeX Graphics (DPC,SPQR)

(/usr/local/texlive/2015/texmf-dist/tex/latex/graphics/trig.sty
Package: trig 1999/03/16 v1.09 sin cos tan (DPC)
)
(/usr/local/texlive/2015/texmf-dist/tex/latex/latexconfig/graphics.cfg
File: graphics.cfg 2010/04/23 v1.9 graphics configuration of TeX Live
)
Package graphics Info: Driver file: pdftex.def on input line 94.
)
\Gin@req@height=\dimen108
\Gin@req@width=\dimen109
)
(/usr/local/texlive/2015/texmf-dist/tex/latex/caption/subcaption.sty
Package: subcaption 2013/02/03 v1.1-62 Sub-captions (AR)

(/usr/local/texlive/2015/texmf-dist/tex/latex/caption/caption.sty
Package: caption 2013/05/02 v3.3-89 Customizing captions (AR)

(/usr/local/texlive/2015/texmf-dist/tex/latex/caption/caption3.sty
Package: caption3 2013/05/02 v1.6-88 caption3 kernel (AR)
Package caption3 Info: TeX engine: e-TeX on input line 57.
\captionmargin=\dimen110
\captionmargin@=\dimen111
\captionwidth=\dimen112
\caption@tempdima=\dimen113
\caption@indent=\dimen114
\caption@parindent=\dimen115
\caption@hangindent=\dimen116
Package caption Info: Unknown document class (or package),
(caption)             standard defaults will be used.
)

Package caption Warning: Unsupported document class (or package) detected,
(caption)                usage of the caption package is not recommended.
See the caption package documentation for explanation.

Package caption Info: \@makecaption = \long macro:#1#2->\vskip \abovecaptionski
p \sbox \@tempboxa {{\captionfonts #1: #2}}\ifdim \wd \@tempboxa >\hsize {\capt
ionfonts #1: #2\par } \else \hbox to\hsize {\hfil \box \@tempboxa \hfil }\fi \v
skip \belowcaptionskip .
\c@ContinuedFloat=\count100
Package caption Info: hyperref package is loaded.
)
\c@subfigure=\count101
\c@subtable=\count102
) (/usr/local/texlive/2015/texmf-dist/tex/latex/amsmath/amsmath.sty
Package: amsmath 2013/01/14 v2.14 AMS math features
\@mathmargin=\skip48

For additional information on amsmath, use the `?' option.
(/usr/local/texlive/2015/texmf-dist/tex/latex/amsmath/amstext.sty
Package: amstext 2000/06/29 v2.01

(/usr/local/texlive/2015/texmf-dist/tex/latex/amsmath/amsgen.sty
File: amsgen.sty 1999/11/30 v2.0
\@emptytoks=\toks15
\ex@=\dimen117
))
(/usr/local/texlive/2015/texmf-dist/tex/latex/amsmath/amsbsy.sty
Package: amsbsy 1999/11/29 v1.2d
\pmbraise@=\dimen118
)
(/usr/local/texlive/2015/texmf-dist/tex/latex/amsmath/amsopn.sty
Package: amsopn 1999/12/14 v2.01 operator names
)
\inf@bad=\count103
LaTeX Info: Redefining \frac on input line 210.
\uproot@=\count104
\leftroot@=\count105
LaTeX Info: Redefining \overline on input line 306.
\classnum@=\count106
\DOTSCASE@=\count107
LaTeX Info: Redefining \ldots on input line 378.
LaTeX Info: Redefining \dots on input line 381.
LaTeX Info: Redefining \cdots on input line 466.
\Mathstrutbox@=\box26
\strutbox@=\box27
\big@size=\dimen119
LaTeX Font Info:    Redeclaring font encoding OML on input line 566.
LaTeX Font Info:    Redeclaring font encoding OMS on input line 567.
\macc@depth=\count108
\c@MaxMatrixCols=\count109
\dotsspace@=\muskip11
\c@parentequation=\count110
\dspbrk@lvl=\count111
\tag@help=\toks16
\row@=\count112
\column@=\count113
\maxfields@=\count114
\andhelp@=\toks17
\eqnshift@=\dimen120
\alignsep@=\dimen121
\tagshift@=\dimen122
\tagwidth@=\dimen123
\totwidth@=\dimen124
\lineht@=\dimen125
\@envbody=\toks18
\multlinegap=\skip49
\multlinetaggap=\skip50
\mathdisplay@stack=\toks19
LaTeX Info: Redefining \[ on input line 2665.
LaTeX Info: Redefining \] on input line 2666.
)
(/usr/local/texlive/2015/texmf-dist/tex/latex/bbm-macros/bbm.sty
Package: bbm 1999/03/15 V 1.2 provides fonts for set symbols - TH
LaTeX Font Info:    Overwriting math alphabet `\mathbbm' in version `bold'
(Font)                  U/bbm/m/n --> U/bbm/bx/n on input line 33.
LaTeX Font Info:    Overwriting math alphabet `\mathbbmss' in version `bold'
(Font)                  U/bbmss/m/n --> U/bbmss/bx/n on input line 35.
)
(/usr/local/texlive/2015/texmf-dist/tex/latex/amsfonts/amssymb.sty
Package: amssymb 2013/01/14 v3.01 AMS font symbols

(/usr/local/texlive/2015/texmf-dist/tex/latex/amsfonts/amsfonts.sty
Package: amsfonts 2013/01/14 v3.01 Basic AMSFonts support
\symAMSa=\mathgroup4
\symAMSb=\mathgroup5
LaTeX Font Info:    Overwriting math alphabet `\mathfrak' in version `bold'
(Font)                  U/euf/m/n --> U/euf/b/n on input line 106.
))
(/usr/local/texlive/2015/texmf-dist/tex/latex/comment/comment.sty
\CommentStream=\write3

Excluding comment 'comment') (./draft2.aux)
\openout1 = `draft2.aux'.

LaTeX Font Info:    Checking defaults for OML/cmm/m/it on input line 16.
LaTeX Font Info:    ... okay on input line 16.
LaTeX Font Info:    Checking defaults for T1/cmr/m/n on input line 16.
LaTeX Font Info:    ... okay on input line 16.
LaTeX Font Info:    Checking defaults for OT1/cmr/m/n on input line 16.
LaTeX Font Info:    ... okay on input line 16.
LaTeX Font Info:    Checking defaults for OMS/cmsy/m/n on input line 16.
LaTeX Font Info:    ... okay on input line 16.
LaTeX Font Info:    Checking defaults for OMX/cmex/m/n on input line 16.
LaTeX Font Info:    ... okay on input line 16.
LaTeX Font Info:    Checking defaults for U/cmr/m/n on input line 16.
LaTeX Font Info:    ... okay on input line 16.
LaTeX Font Info:    Checking defaults for PD1/pdf/m/n on input line 16.
LaTeX Font Info:    ... okay on input line 16.
LaTeX Font Info:    Try loading font information for OT1+ptm on input line 16.

(/usr/local/texlive/2015/texmf-dist/tex/latex/psnfss/ot1ptm.fd
File: ot1ptm.fd 2001/06/04 font definitions for OT1/ptm.
)
(/usr/local/texlive/2015/texmf-dist/tex/context/base/supp-pdf.mkii
[Loading MPS to PDF converter (version 2006.09.02).]
\scratchcounter=\count115
\scratchdimen=\dimen126
\scratchbox=\box28
\nofMPsegments=\count116
\nofMParguments=\count117
\everyMPshowfont=\toks20
\MPscratchCnt=\count118
\MPscratchDim=\dimen127
\MPnumerator=\count119
\makeMPintoPDFobject=\count120
\everyMPtoPDFconversion=\toks21
)
\AtBeginShipoutBox=\box29
Package hyperref Info: Link coloring ON on input line 16.
 (/usr/local/texlive/2015/texmf-dist/tex/latex/hyperref/nameref.sty
Package: nameref 2012/10/27 v2.43 Cross-referencing by name of section

(/usr/local/texlive/2015/texmf-dist/tex/generic/oberdiek/gettitlestring.sty
Package: gettitlestring 2010/12/03 v1.4 Cleanup title references (HO)
)
\c@section@level=\count121
)
LaTeX Info: Redefining \ref on input line 16.
LaTeX Info: Redefining \pageref on input line 16.
LaTeX Info: Redefining \nameref on input line 16.

(./draft2.out) (./draft2.out)
\@outlinefile=\write4
\openout4 = `draft2.out'.

 (./english.apc
File: english.apc 2007/09/03 v4.00 apacite language file
)
(/usr/local/texlive/2015/texmf-dist/tex/latex/oberdiek/epstopdf-base.sty
Package: epstopdf-base 2010/02/09 v2.5 Base part for package epstopdf

(/usr/local/texlive/2015/texmf-dist/tex/latex/oberdiek/grfext.sty
Package: grfext 2010/08/19 v1.1 Manage graphics extensions (HO)
)
Package grfext Info: Graphics extension search list:
(grfext)             [.png,.pdf,.jpg,.mps,.jpeg,.jbig2,.jb2,.PNG,.PDF,.JPG,.JPE
G,.JBIG2,.JB2,.eps]
(grfext)             \AppendGraphicsExtensions on input line 452.

(/usr/local/texlive/2015/texmf-dist/tex/latex/latexconfig/epstopdf-sys.cfg
File: epstopdf-sys.cfg 2010/07/13 v1.3 Configuration of (r)epstopdf for TeX Liv
e
))
Package caption Info: Begin \AtBeginDocument code.
Package caption Info: End \AtBeginDocument code.
LaTeX Font Info:    Try loading font information for OT1+phv on input line 28.

(/usr/local/texlive/2015/texmf-dist/tex/latex/psnfss/ot1phv.fd
File: ot1phv.fd 2001/06/04 scalable font definitions for OT1/phv.
)
LaTeX Font Info:    Try loading font information for U+msa on input line 28.

(/usr/local/texlive/2015/texmf-dist/tex/latex/amsfonts/umsa.fd
File: umsa.fd 2013/01/14 v3.01 AMS symbols A
)
LaTeX Font Info:    Try loading font information for U+msb on input line 28.

(/usr/local/texlive/2015/texmf-dist/tex/latex/amsfonts/umsb.fd
File: umsb.fd 2013/01/14 v3.01 AMS symbols B
)
LaTeX Font Info:    Font shape `OT1/ptm/bx/n' in size <14.4> not available
(Font)              Font shape `OT1/ptm/b/n' tried instead on input line 28.
LaTeX Font Info:    Font shape `OT1/phv/bx/n' in size <14.4> not available
(Font)              Font shape `OT1/phv/b/n' tried instead on input line 28.


Package hyperref Warning: Suppressing link with empty target on input line 28.


Overfull \vbox (7.80003pt too high) detected at line 28
 []

LaTeX Font Info:    Try loading font information for OMS+phv on input line 41.
(/usr/local/texlive/2015/texmf-dist/tex/latex/psnfss/omsphv.fd
File: omsphv.fd 
)
LaTeX Font Info:    Font shape `OMS/phv/m/n' in size <8> not available
(Font)              Font shape `OMS/cmsy/m/n' tried instead on input line 41.
 [1{/usr/local/texlive/2015/texmf-var/fonts/map/pdftex/updmap/pdftex.map}

]
<../Figures/Figure1/Figure1_a.png, id=138, 1027.84pt x 770.88pt>
File: ../Figures/Figure1/Figure1_a.png Graphic file (type png)

<use ../Figures/Figure1/Figure1_a.png>
Package pdftex.def Info: ../Figures/Figure1/Figure1_a.png used on input line 47
.
(pdftex.def)             Requested size: 216.23764pt x 162.17188pt.

<../Figures/Figure1/Figure1_b.jpeg, id=140, 1024.82875pt x 632.3625pt>
File: ../Figures/Figure1/Figure1_b.jpeg Graphic file (type jpg)

<use ../Figures/Figure1/Figure1_b.jpeg>
Package pdftex.def Info: ../Figures/Figure1/Figure1_b.jpeg used on input line 5
2.
(pdftex.def)             Requested size: 243.26941pt x 150.10081pt.
LaTeX Font Info:    Font shape `OT1/ptm/bx/n' in size <10> not available
(Font)              Font shape `OT1/ptm/b/n' tried instead on input line 58.

<../Figures/Figure2/Figure2_a.jpeg, id=167, 1027.84pt x 639.38875pt>
File: ../Figures/Figure2/Figure2_a.jpeg Graphic file (type jpg)

<use ../Figures/Figure2/Figure2_a.jpeg>
Package pdftex.def Info: ../Figures/Figure2/Figure2_a.jpeg used on input line 7
2.
(pdftex.def)             Requested size: 178.39977pt x 110.97762pt.

<../Figures/Figure2/Figure2_b.jpeg, id=168, 1027.84pt x 633.36626pt>
File: ../Figures/Figure2/Figure2_b.jpeg Graphic file (type jpg)

<use ../Figures/Figure2/Figure2_b.jpeg>
Package pdftex.def Info: ../Figures/Figure2/Figure2_b.jpeg used on input line 7
7.
(pdftex.def)             Requested size: 178.39977pt x 109.9323pt.

<../Figures/Figure2/Figure2_c.jpeg, id=169, 1026.83624pt x 631.35875pt>
File: ../Figures/Figure2/Figure2_c.jpeg Graphic file (type jpg)

<use ../Figures/Figure2/Figure2_c.jpeg>
Package pdftex.def Info: ../Figures/Figure2/Figure2_c.jpeg used on input line 8
2.
(pdftex.def)             Requested size: 178.39977pt x 109.68983pt.
 [2 <../Figures/Figure1/Figure1_a.png> <../Figures/Figure1/Figure1_b.jpeg>] [3 
<../Figures/Figure2/Figure2_a.jpeg> <../Figures/Figure2/Figure2_b.jpeg> <../Fig
ures/Figure2/Figure2_c.jpeg>]
LaTeX Font Info:    Font shape `OT1/ptm/bx/n' in size <12> not available
(Font)              Font shape `OT1/ptm/b/n' tried instead on input line 118.
LaTeX Font Info:    Font shape `OT1/phv/bx/n' in size <12> not available
(Font)              Font shape `OT1/phv/b/n' tried instead on input line 118.

<../Figures/Figure3/Figure3_a.png, id=236, 321.2pt x 240.9pt>
File: ../Figures/Figure3/Figure3_a.png Graphic file (type png)

<use ../Figures/Figure3/Figure3_a.png>
Package pdftex.def Info: ../Figures/Figure3/Figure3_a.png used on input line 12
6.
(pdftex.def)             Requested size: 118.93317pt x 89.19775pt.

<../Figures/Figure3/Figure3_b.png, id=237, 321.2pt x 240.9pt>
File: ../Figures/Figure3/Figure3_b.png Graphic file (type png)

<use ../Figures/Figure3/Figure3_b.png>
Package pdftex.def Info: ../Figures/Figure3/Figure3_b.png used on input line 13
2.
(pdftex.def)             Requested size: 118.93317pt x 89.19775pt.

<../Figures/Figure3/Figure3_c.png, id=238, 321.2pt x 240.9pt>
File: ../Figures/Figure3/Figure3_c.png Graphic file (type png)

<use ../Figures/Figure3/Figure3_c.png>
Package pdftex.def Info: ../Figures/Figure3/Figure3_c.png used on input line 13
8.
(pdftex.def)             Requested size: 118.93317pt x 89.19775pt.

<../Figures/Figure3/Figure3_d.png, id=239, 321.2pt x 240.9pt>
File: ../Figures/Figure3/Figure3_d.png Graphic file (type png)

<use ../Figures/Figure3/Figure3_d.png>
Package pdftex.def Info: ../Figures/Figure3/Figure3_d.png used on input line 14
4.
(pdftex.def)             Requested size: 118.93317pt x 89.19775pt.

<../Figures/Figure3/Figure3_e.png, id=240, 321.2pt x 240.9pt>
File: ../Figures/Figure3/Figure3_e.png Graphic file (type png)

<use ../Figures/Figure3/Figure3_e.png>
Package pdftex.def Info: ../Figures/Figure3/Figure3_e.png used on input line 15
0.
(pdftex.def)             Requested size: 118.93317pt x 89.19775pt.

<../Figures/Figure3/Figure3_f.png, id=241, 321.2pt x 240.9pt>
File: ../Figures/Figure3/Figure3_f.png Graphic file (type png)

<use ../Figures/Figure3/Figure3_f.png>
Package pdftex.def Info: ../Figures/Figure3/Figure3_f.png used on input line 15
6.
(pdftex.def)             Requested size: 118.93317pt x 89.19775pt.
LaTeX Font Info:    Font shape `OT1/phv/bx/sl' in size <10> not available
(Font)              Font shape `OT1/phv/b/sl' tried instead on input line 163.
 [4]
<../Figures/Figure4/Figure4_a.png, id=257, 82.3075pt x 82.3075pt>
File: ../Figures/Figure4/Figure4_a.png Graphic file (type png)

<use ../Figures/Figure4/Figure4_a.png>
Package pdftex.def Info: ../Figures/Figure4/Figure4_a.png used on input line 17
2.
(pdftex.def)             Requested size: 75.68399pt x 75.68613pt.

<../Figures/Figure4/Figure4_b.png, id=258, 82.3075pt x 82.3075pt>
File: ../Figures/Figure4/Figure4_b.png Graphic file (type png)

<use ../Figures/Figure4/Figure4_b.png>
Package pdftex.def Info: ../Figures/Figure4/Figure4_b.png used on input line 17
8.
(pdftex.def)             Requested size: 75.68399pt x 75.68613pt.

<../Figures/Figure4/Figure4_c.png, id=259, 82.3075pt x 82.3075pt>
File: ../Figures/Figure4/Figure4_c.png Graphic file (type png)

<use ../Figures/Figure4/Figure4_c.png>
Package pdftex.def Info: ../Figures/Figure4/Figure4_c.png used on input line 18
4.
(pdftex.def)             Requested size: 75.68399pt x 75.68613pt.

<../Figures/Figure4/Figure4_d.png, id=260, 82.3075pt x 82.3075pt>
File: ../Figures/Figure4/Figure4_d.png Graphic file (type png)

<use ../Figures/Figure4/Figure4_d.png>
Package pdftex.def Info: ../Figures/Figure4/Figure4_d.png used on input line 18
9.
(pdftex.def)             Requested size: 75.68399pt x 75.68613pt.

<../Figures/Figure4/Figure4_e.png, id=261, 82.3075pt x 82.3075pt>
File: ../Figures/Figure4/Figure4_e.png Graphic file (type png)

<use ../Figures/Figure4/Figure4_e.png>
Package pdftex.def Info: ../Figures/Figure4/Figure4_e.png used on input line 19
5.
(pdftex.def)             Requested size: 75.68399pt x 75.68613pt.

<../Figures/Figure4/Figure4_f.png, id=262, 82.3075pt x 82.3075pt>
File: ../Figures/Figure4/Figure4_f.png Graphic file (type png)

<use ../Figures/Figure4/Figure4_f.png>
Package pdftex.def Info: ../Figures/Figure4/Figure4_f.png used on input line 20
1.
(pdftex.def)             Requested size: 75.68399pt x 75.68613pt.
 [5 <../Figures/Figure3/Figure3_a.png (PNG copy)> <../Figures/Figure3/Figure3_b
.png (PNG copy)> <../Figures/Figure3/Figure3_c.png (PNG copy)> <../Figures/Figu
re3/Figure3_d.png (PNG copy)> <../Figures/Figure3/Figure3_e.png (PNG copy)> <..
/Figures/Figure3/Figure3_f.png (PNG copy)>] <../Figures/Figure5/Figure5_a.png, 
id=281, 326.21875pt x 739.76375pt>
File: ../Figures/Figure5/Figure5_a.png Graphic file (type png)

<use ../Figures/Figure5/Figure5_a.png>
Package pdftex.def Info: ../Figures/Figure5/Figure5_a.png used on input line 21
7.
(pdftex.def)             Requested size: 97.30446pt x 220.6553pt.

<../Figures/Figure5/Figure5_b.png, id=282, 326.21875pt x 739.76375pt>
File: ../Figures/Figure5/Figure5_b.png Graphic file (type png)

<use ../Figures/Figure5/Figure5_b.png>
Package pdftex.def Info: ../Figures/Figure5/Figure5_b.png used on input line 22
4.
(pdftex.def)             Requested size: 97.30446pt x 220.6553pt.

<../Figures/Figure5/Figure5_c.png, id=283, 326.21875pt x 739.76375pt>
File: ../Figures/Figure5/Figure5_c.png Graphic file (type png)

<use ../Figures/Figure5/Figure5_c.png>
Package pdftex.def Info: ../Figures/Figure5/Figure5_c.png used on input line 23
1.
(pdftex.def)             Requested size: 97.30446pt x 220.6553pt.

<../Figures/Figure5/Figure5_d.png, id=284, 326.21875pt x 739.76375pt>
File: ../Figures/Figure5/Figure5_d.png Graphic file (type png)

<use ../Figures/Figure5/Figure5_d.png>
Package pdftex.def Info: ../Figures/Figure5/Figure5_d.png used on input line 23
8.
(pdftex.def)             Requested size: 97.30446pt x 220.6553pt.

<../Figures/Figure5/Figure5_e.png, id=285, 326.21875pt x 739.76375pt>
File: ../Figures/Figure5/Figure5_e.png Graphic file (type png)

<use ../Figures/Figure5/Figure5_e.png>
Package pdftex.def Info: ../Figures/Figure5/Figure5_e.png used on input line 24
5.
(pdftex.def)             Requested size: 97.30446pt x 220.6553pt.
 [6 <../Figures/Figure4/Figure4_a.png> <../Figures/Figure4/Figure4_b.png> <../F
igures/Figure4/Figure4_c.png> <../Figures/Figure4/Figure4_d.png> <../Figures/Fi
gure4/Figure4_e.png> <../Figures/Figure4/Figure4_f.png>] [7 <../Figures/Figure5
/Figure5_a.png> <../Figures/Figure5/Figure5_b.png> <../Figures/Figure5/Figure5_
c.png> <../Figures/Figure5/Figure5_d.png> <../Figures/Figure5/Figure5_e.png>]
<../Figures/Figure6/Figure6_a.pdf, id=316, 552.0625pt x 501.875pt>
File: ../Figures/Figure6/Figure6_a.pdf Graphic file (type pdf)

<use ../Figures/Figure6/Figure6_a.pdf>
Package pdftex.def Info: ../Figures/Figure6/Figure6_a.pdf used on input line 26
7.
(pdftex.def)             Requested size: 162.18234pt x 147.4392pt.

<../Figures/Figure6/Figure6_b.pdf, id=317, 552.0625pt x 501.875pt>
File: ../Figures/Figure6/Figure6_b.pdf Graphic file (type pdf)

<use ../Figures/Figure6/Figure6_b.pdf>
Package pdftex.def Info: ../Figures/Figure6/Figure6_b.pdf used on input line 27
3.
(pdftex.def)             Requested size: 162.18234pt x 147.4392pt.

<../Figures/Figure6/Figure6_c.pdf, id=318, 552.0625pt x 501.875pt>
File: ../Figures/Figure6/Figure6_c.pdf Graphic file (type pdf)

<use ../Figures/Figure6/Figure6_c.pdf>
Package pdftex.def Info: ../Figures/Figure6/Figure6_c.pdf used on input line 27
9.
(pdftex.def)             Requested size: 162.18234pt x 147.4392pt.

<../Figures/Figure6/Figure6_d.pdf, id=319, 552.0625pt x 501.875pt>
File: ../Figures/Figure6/Figure6_d.pdf Graphic file (type pdf)

<use ../Figures/Figure6/Figure6_d.pdf>
Package pdftex.def Info: ../Figures/Figure6/Figure6_d.pdf used on input line 28
6.
(pdftex.def)             Requested size: 162.18234pt x 147.4392pt.

<../Figures/Figure6/Figure6_e.pdf, id=320, 552.0625pt x 501.875pt>
File: ../Figures/Figure6/Figure6_e.pdf Graphic file (type pdf)

<use ../Figures/Figure6/Figure6_e.pdf>
Package pdftex.def Info: ../Figures/Figure6/Figure6_e.pdf used on input line 29
2.
(pdftex.def)             Requested size: 162.18234pt x 147.4392pt.

<../Figures/Figure6/Figure6_f.pdf, id=321, 552.0625pt x 501.875pt>
File: ../Figures/Figure6/Figure6_f.pdf Graphic file (type pdf)

<use ../Figures/Figure6/Figure6_f.pdf>
Package pdftex.def Info: ../Figures/Figure6/Figure6_f.pdf used on input line 29
8.
(pdftex.def)             Requested size: 162.18234pt x 147.4392pt.
 [8] [9 <../Figures/Figure6/Figure6_a.pdf> <../Figures/Figure6/Figure6_b.pdf> <
../Figures/Figure6/Figure6_c.pdf> <../Figures/Figure6/Figure6_d.pdf> <../Figure
s/Figure6/Figure6_e.pdf> <../Figures/Figure6/Figure6_f.pdf>]
<../Figures/Figure7/Figure7_a.pdf, id=464, 552.0625pt x 501.875pt>
File: ../Figures/Figure7/Figure7_a.pdf Graphic file (type pdf)

<use ../Figures/Figure7/Figure7_a.pdf>
Package pdftex.def Info: ../Figures/Figure7/Figure7_a.pdf used on input line 35
1.
(pdftex.def)             Requested size: 162.18234pt x 147.4392pt.

<../Figures/Figure7/Figure7_b.pdf, id=465, 552.0625pt x 501.875pt>
File: ../Figures/Figure7/Figure7_b.pdf Graphic file (type pdf)

<use ../Figures/Figure7/Figure7_b.pdf>
Package pdftex.def Info: ../Figures/Figure7/Figure7_b.pdf used on input line 35
7.
(pdftex.def)             Requested size: 162.18234pt x 147.4392pt.

<../Figures/Figure7/Figure7_c.pdf, id=466, 552.0625pt x 501.875pt>
File: ../Figures/Figure7/Figure7_c.pdf Graphic file (type pdf)

<use ../Figures/Figure7/Figure7_c.pdf>
Package pdftex.def Info: ../Figures/Figure7/Figure7_c.pdf used on input line 36
3.
(pdftex.def)             Requested size: 162.18234pt x 147.4392pt.

<../Figures/Figure7/Figure7_d.pdf, id=469, 552.0625pt x 501.875pt>
File: ../Figures/Figure7/Figure7_d.pdf Graphic file (type pdf)

<use ../Figures/Figure7/Figure7_d.pdf>
Package pdftex.def Info: ../Figures/Figure7/Figure7_d.pdf used on input line 37
1.
(pdftex.def)             Requested size: 162.18234pt x 147.4392pt.

<../Figures/Figure7/Figure7_e.pdf, id=470, 552.0625pt x 501.875pt>
File: ../Figures/Figure7/Figure7_e.pdf Graphic file (type pdf)

<use ../Figures/Figure7/Figure7_e.pdf>
Package pdftex.def Info: ../Figures/Figure7/Figure7_e.pdf used on input line 37
7.
(pdftex.def)             Requested size: 162.18234pt x 147.4392pt.

<../Figures/Figure7/Figure7_f.pdf, id=471, 552.0625pt x 501.875pt>
File: ../Figures/Figure7/Figure7_f.pdf Graphic file (type pdf)

<use ../Figures/Figure7/Figure7_f.pdf>
Package pdftex.def Info: ../Figures/Figure7/Figure7_f.pdf used on input line 38
3.
(pdftex.def)             Requested size: 162.18234pt x 147.4392pt.

<../Figures/Figure8/Figure8_a.png, id=482, 1027.84pt x 770.88pt>
File: ../Figures/Figure8/Figure8_a.png Graphic file (type png)

<use ../Figures/Figure8/Figure8_a.png>
Package pdftex.def Info: ../Figures/Figure8/Figure8_a.png used on input line 42
3.
(pdftex.def)             Requested size: 135.15059pt x 101.35889pt.

<../Figures/Figure8/Figure8_b.png, id=483, 770.88pt x 770.88pt>
File: ../Figures/Figure8/Figure8_b.png Graphic file (type png)

<use ../Figures/Figure8/Figure8_b.png>
Package pdftex.def Info: ../Figures/Figure8/Figure8_b.png used on input line 43
0.
(pdftex.def)             Requested size: 102.71576pt x 102.7116pt.

Underfull \hbox (badness 10000) in paragraph at lines 429--431
[]
 []

<../Figures/Figure8/Figure8_c.png, id=484, 766.865pt x 770.88pt>
File: ../Figures/Figure8/Figure8_c.png Graphic file (type png)

<use ../Figures/Figure8/Figure8_c.png>
Package pdftex.def Info: ../Figures/Figure8/Figure8_c.png used on input line 43
7.
(pdftex.def)             Requested size: 102.71576pt x 103.25269pt.

Underfull \hbox (badness 10000) in paragraph at lines 436--438
[]
 []

<../Figures/Figure8/Figure8_d.png, id=485, 798.985pt x 764.8575pt>
File: ../Figures/Figure8/Figure8_d.png Graphic file (type png)

<use ../Figures/Figure8/Figure8_d.png>
Package pdftex.def Info: ../Figures/Figure8/Figure8_d.png used on input line 44
3.
(pdftex.def)             Requested size: 108.11882pt x 103.49638pt.
 [10] [11 <../Figures/Figure7/Figure7_a.pdf> <../Figures/Figure7/Figure7_b.pdf>
 <../Figures/Figure7/Figure7_c.pdf> <../Figures/Figure7/Figure7_d.pdf> <../Figu
res/Figure7/Figure7_e.pdf> <../Figures/Figure7/Figure7_f.pdf>] [12 <../Figures/
Figure8/Figure8_a.png> <../Figures/Figure8/Figure8_b.png> <../Figures/Figure8/F
igure8_c.png> <../Figures/Figure8/Figure8_d.png>]
LaTeX Font Info:    Font shape `OT1/ptm/bx/it' in size <10> not available
(Font)              Font shape `OT1/ptm/b/it' tried instead on input line 485.
 [13]
<../Figures/Figure9/Figure9_a.pdf, id=567, 501.875pt x 501.875pt>
File: ../Figures/Figure9/Figure9_a.pdf Graphic file (type pdf)

<use ../Figures/Figure9/Figure9_a.pdf>
Package pdftex.def Info: ../Figures/Figure9/Figure9_a.pdf used on input line 53
3.
(pdftex.def)             Requested size: 162.18234pt x 162.18082pt.

<../Figures/Figure9/Figure9_b.pdf, id=568, 501.875pt x 501.875pt>
File: ../Figures/Figure9/Figure9_b.pdf Graphic file (type pdf)

<use ../Figures/Figure9/Figure9_b.pdf>
Package pdftex.def Info: ../Figures/Figure9/Figure9_b.pdf used on input line 54
3.
(pdftex.def)             Requested size: 160.55731pt x 160.55733pt.

<../Figures/Figure9/Figure9_c.pdf, id=569, 501.875pt x 501.875pt>
File: ../Figures/Figure9/Figure9_c.pdf Graphic file (type pdf)

<use ../Figures/Figure9/Figure9_c.pdf>
Package pdftex.def Info: ../Figures/Figure9/Figure9_c.pdf used on input line 54
8.
(pdftex.def)             Requested size: 162.18234pt x 162.18082pt.
 [14] [15 <../Figures/Figure9/Figure9_a.pdf> <../Figures/Figure9/Figure9_b.pdf>
 <../Figures/Figure9/Figure9_c.pdf>]
<../Figures/Figure10/Figure10_a.pdf, id=645, 501.875pt x 501.875pt>
File: ../Figures/Figure10/Figure10_a.pdf Graphic file (type pdf)

<use ../Figures/Figure10/Figure10_a.pdf>
Package pdftex.def Info: ../Figures/Figure10/Figure10_a.pdf used on input line 
575.
(pdftex.def)             Requested size: 162.18234pt x 162.18082pt.

<../Figures/Figure10/Figure10_b.pdf, id=646, 501.875pt x 501.875pt>
File: ../Figures/Figure10/Figure10_b.pdf Graphic file (type pdf)

<use ../Figures/Figure10/Figure10_b.pdf>
Package pdftex.def Info: ../Figures/Figure10/Figure10_b.pdf used on input line 
580.
(pdftex.def)             Requested size: 162.18234pt x 162.18082pt.

<../Figures/Figure11/Figure11.pdf, id=647, 501.875pt x 501.875pt>
File: ../Figures/Figure11/Figure11.pdf Graphic file (type pdf)

<use ../Figures/Figure11/Figure11.pdf>
Package pdftex.def Info: ../Figures/Figure11/Figure11.pdf used on input line 59
1.
(pdftex.def)             Requested size: 162.18234pt x 162.18082pt.

<../Figures/Figure12/Figure12_a.pdf, id=651, 501.875pt x 501.875pt>
File: ../Figures/Figure12/Figure12_a.pdf Graphic file (type pdf)

<use ../Figures/Figure12/Figure12_a.pdf>
Package pdftex.def Info: ../Figures/Figure12/Figure12_a.pdf used on input line 
610.
(pdftex.def)             Requested size: 162.18234pt x 162.18082pt.

<../Figures/Figure12/Figure12_b.pdf, id=652, 501.875pt x 501.875pt>
File: ../Figures/Figure12/Figure12_b.pdf Graphic file (type pdf)

<use ../Figures/Figure12/Figure12_b.pdf>
Package pdftex.def Info: ../Figures/Figure12/Figure12_b.pdf used on input line 
615.
(pdftex.def)             Requested size: 162.18234pt x 162.18082pt.

<../Figures/Figure12/Figure12_c.pdf, id=653, 501.875pt x 501.875pt>
File: ../Figures/Figure12/Figure12_c.pdf Graphic file (type pdf)

<use ../Figures/Figure12/Figure12_c.pdf>
Package pdftex.def Info: ../Figures/Figure12/Figure12_c.pdf used on input line 
620.
(pdftex.def)             Requested size: 162.18234pt x 162.18082pt.
 [16 <../Figures/Figure10/Figure10_a.pdf> <../Figures/Figure10/Figure10_b.pdf>]
 [17 <../Figures/Figure11/Figure11.pdf> <../Figures/Figure12/Figure12_a.pdf> <.
./Figures/Figure12/Figure12_b.pdf> <../Figures/Figure12/Figure12_c.pdf>]
<../Figures/Figure13/Figure13_a.pdf, id=806, 501.875pt x 501.875pt>
File: ../Figures/Figure13/Figure13_a.pdf Graphic file (type pdf)

<use ../Figures/Figure13/Figure13_a.pdf>
Package pdftex.def Info: ../Figures/Figure13/Figure13_a.pdf used on input line 
635.
(pdftex.def)             Requested size: 162.18234pt x 162.18082pt.

<../Figures/Figure13/Figure13_b.pdf, id=807, 501.875pt x 501.875pt>
File: ../Figures/Figure13/Figure13_b.pdf Graphic file (type pdf)

<use ../Figures/Figure13/Figure13_b.pdf>
Package pdftex.def Info: ../Figures/Figure13/Figure13_b.pdf used on input line 
640.
(pdftex.def)             Requested size: 162.18234pt x 162.18082pt.

<../Figures/Figure14/Figure14_a.pdf, id=811, 394.04424pt x 279.68639pt>
File: ../Figures/Figure14/Figure14_a.pdf Graphic file (type pdf)

<use ../Figures/Figure14/Figure14_a.pdf>
Package pdftex.def Info: ../Figures/Figure14/Figure14_a.pdf used on input line 
659.
(pdftex.def)             Requested size: 113.53012pt x 80.58205pt.

<../Figures/Figure14/Figure14_b.pdf, id=812, 392.44508pt x 278.00922pt>
File: ../Figures/Figure14/Figure14_b.pdf Graphic file (type pdf)

<use ../Figures/Figure14/Figure14_b.pdf>
Package pdftex.def Info: ../Figures/Figure14/Figure14_b.pdf used on input line 
665.
(pdftex.def)             Requested size: 113.53012pt x 80.42546pt.

<../Figures/Figure14/Figure14_c.pdf, id=813, 392.91315pt x 276.38144pt>
File: ../Figures/Figure14/Figure14_c.pdf Graphic file (type pdf)

<use ../Figures/Figure14/Figure14_c.pdf>
Package pdftex.def Info: ../Figures/Figure14/Figure14_c.pdf used on input line 
671.
(pdftex.def)             Requested size: 113.53012pt x 79.85756pt.

<../Figures/Figure14/Figure14_d.pdf, id=814, 391.36067pt x 277.64001pt>
File: ../Figures/Figure14/Figure14_d.pdf Graphic file (type pdf)

<use ../Figures/Figure14/Figure14_d.pdf>
Package pdftex.def Info: ../Figures/Figure14/Figure14_d.pdf used on input line 
677.
(pdftex.def)             Requested size: 113.53012pt x 80.53896pt.
 [18 <../Figures/Figure13/Figure13_a.pdf> <../Figures/Figure13/Figure13_b.pdf>]

<../Figures/Figure15/Figure15_a.pdf, id=883, 501.875pt x 501.875pt>
File: ../Figures/Figure15/Figure15_a.pdf Graphic file (type pdf)

<use ../Figures/Figure15/Figure15_a.pdf>
Package pdftex.def Info: ../Figures/Figure15/Figure15_a.pdf used on input line 
696.
(pdftex.def)             Requested size: 118.93317pt x 118.92851pt.

<../Figures/Figure15/Figure15_b.pdf, id=884, 501.875pt x 501.875pt>
File: ../Figures/Figure15/Figure15_b.pdf Graphic file (type pdf)

<use ../Figures/Figure15/Figure15_b.pdf>
Package pdftex.def Info: ../Figures/Figure15/Figure15_b.pdf used on input line 
702.
(pdftex.def)             Requested size: 118.93317pt x 118.92851pt.

<../Figures/Figure15/Figure15_c.pdf, id=885, 501.875pt x 501.875pt>
File: ../Figures/Figure15/Figure15_c.pdf Graphic file (type pdf)

<use ../Figures/Figure15/Figure15_c.pdf>
Package pdftex.def Info: ../Figures/Figure15/Figure15_c.pdf used on input line 
708.
(pdftex.def)             Requested size: 118.93317pt x 118.92851pt.

<../Figures/Figure15/Figure15_d.pdf, id=886, 501.875pt x 501.875pt>
File: ../Figures/Figure15/Figure15_d.pdf Graphic file (type pdf)

<use ../Figures/Figure15/Figure15_d.pdf>
Package pdftex.def Info: ../Figures/Figure15/Figure15_d.pdf used on input line 
714.
(pdftex.def)             Requested size: 118.93317pt x 118.92851pt.
 [19 <../Figures/Figure14/Figure14_a.pdf> <../Figures/Figure14/Figure14_b.pdf> 
<../Figures/Figure14/Figure14_c.pdf> <../Figures/Figure14/Figure14_d.pdf> <../F
igures/Figure15/Figure15_a.pdf> <../Figures/Figure15/Figure15_b.pdf> <../Figure
s/Figure15/Figure15_c.pdf> <../Figures/Figure15/Figure15_d.pdf>] (./draft2.bbl
LaTeX Font Info:    Try loading font information for OT1+pcr on input line 54.

(/usr/local/texlive/2015/texmf-dist/tex/latex/psnfss/ot1pcr.fd
File: ot1pcr.fd 2001/06/04 font definitions for OT1/pcr.
) [20]
Underfull \hbox (badness 1377) in paragraph at lines 526--545
[]\OT1/ptm/m/n/10 D'Zmura, M., & Iver-son, G.  (1994).  Color con-stancy . iii.
 gen-eral lin-ear re-cov-ery of spec-tral de-scrip-tions for lights
 []


Underfull \hbox (badness 1221) in paragraph at lines 526--545
\OT1/ptm/m/n/10 and sur-faces [Jour-nal Ar-ti-cle].  \OT1/ptm/m/it/10 Jour-nal 
Of The Op-ti-cal So-ci-ety Of Amer-ica A\OT1/ptm/m/n/10 , \OT1/ptm/m/it/10 11\O
T1/ptm/m/n/10 (9), 2389-2400.  Avail-able from
 []


Underfull \hbox (badness 10000) in paragraph at lines 526--545
[][]$\OT1/pcr/m/n/10 http :// www [] .opticsinfobase [] .org / DirectPDFAccess 
/ 3991999B [] -F1A4 [] -66F5 [] -1F0CA009799B4F7B [] []806 /
 []

[21]
Underfull \hbox (badness 10000) in paragraph at lines 923--941
\OT1/pcr/m/n/10 DirectPDFAccess / 0C84AF25 [] -A90E [] -B3D5 [] -AED2308AF33196
BF [] []2286 / josaa [] -3 [] -1 [] -29 [] .pdf [] ?da = 1&id =
 []

)
Package atveryend Info: Empty hook `BeforeClearDocument' on input line 739.
 [22]
Package atveryend Info: Empty hook `AfterLastShipout' on input line 739.
 (./draft2.aux)
Package atveryend Info: Executing hook `AtVeryEndDocument' on input line 739.
Package atveryend Info: Executing hook `AtEndAfterFileList' on input line 739.
Package rerunfilecheck Info: File `draft2.out' has not changed.
(rerunfilecheck)             Checksum: 117632E341E9AE9DBE1F95FFCD8F4861;1629.


LaTeX Warning: Label(s) may have changed. Rerun to get cross-references right.

Package atveryend Info: Empty hook `AtVeryVeryEnd' on input line 739.
 ) 
Here is how much of TeX's memory you used:
 8398 strings out of 493089
 132535 string characters out of 6134842
 242561 words of memory out of 5000000
 11570 multiletter control sequences out of 15000+600000
 37754 words of font info for 73 fonts, out of 8000000 for 9000
 1141 hyphenation exceptions out of 8191
 42i,11n,40p,1947b,492s stack positions out of 5000i,500n,10000p,200000b,80000s
{/usr/local/texlive/2015/texmf-dist/fonts/enc/dvips/base/8r.enc}</usr/local/t
exlive/2015/texmf-dist/fonts/type1/public/amsfonts/cm/cmbx10.pfb></usr/local/te
xlive/2015/texmf-dist/fonts/type1/public/amsfonts/cm/cmex10.pfb></usr/local/tex
live/2015/texmf-dist/fonts/type1/public/amsfonts/cmextra/cmex7.pfb></usr/local/
texlive/2015/texmf-dist/fonts/type1/public/amsfonts/cm/cmmi10.pfb></usr/local/t
exlive/2015/texmf-dist/fonts/type1/public/amsfonts/cm/cmmi5.pfb></usr/local/tex
live/2015/texmf-dist/fonts/type1/public/amsfonts/cm/cmmi7.pfb></usr/local/texli
ve/2015/texmf-dist/fonts/type1/public/amsfonts/cm/cmr10.pfb></usr/local/texlive
/2015/texmf-dist/fonts/type1/public/amsfonts/cm/cmr5.pfb></usr/local/texlive/20
15/texmf-dist/fonts/type1/public/amsfonts/cm/cmr7.pfb></usr/local/texlive/2015/
texmf-dist/fonts/type1/public/amsfonts/cm/cmsy10.pfb></usr/local/texlive/2015/t
exmf-dist/fonts/type1/public/amsfonts/cm/cmsy5.pfb></usr/local/texlive/2015/tex
mf-dist/fonts/type1/public/amsfonts/cm/cmsy7.pfb></usr/local/texlive/2015/texmf
-dist/fonts/type1/public/amsfonts/cm/cmsy8.pfb></usr/local/texlive/2015/texmf-d
ist/fonts/type1/urw/courier/ucrr8a.pfb></usr/local/texlive/2015/texmf-dist/font
s/type1/urw/helvetic/uhvb8a.pfb></usr/local/texlive/2015/texmf-dist/fonts/type1
/urw/helvetic/uhvbo8a.pfb></usr/local/texlive/2015/texmf-dist/fonts/type1/urw/h
elvetic/uhvr8a.pfb></usr/local/texlive/2015/texmf-dist/fonts/type1/urw/helvetic
/uhvro8a.pfb></usr/local/texlive/2015/texmf-dist/fonts/type1/urw/times/utmb8a.p
fb></usr/local/texlive/2015/texmf-dist/fonts/type1/urw/times/utmbi8a.pfb></usr/
local/texlive/2015/texmf-dist/fonts/type1/urw/times/utmr8a.pfb></usr/local/texl
ive/2015/texmf-dist/fonts/type1/urw/times/utmri8a.pfb></usr/local/texlive/2015/
texmf-dist/fonts/type1/urw/zapfding/uzdr.pfb>
Output written on draft2.pdf (22 pages, 13736251 bytes).
PDF statistics:
 1203 PDF objects out of 1440 (max. 8388607)
 927 compressed objects within 10 object streams
 109 named destinations out of 1000 (max. 500000)
 438 words of extra memory for PDF output out of 10000 (max. 10000000)

