This is pdfTeX, Version 3.14159265-2.6-1.40.17 (TeX Live 2016) (preloaded format=pdflatex 2016.5.22)  29 MAY 2018 10:08
entering extended mode
 restricted \write18 enabled.
 file:line:error style messages enabled.
 %&-line parsing enabled.
**draft5.tex
(./draft5.tex
LaTeX2e <2016/03/31>
Babel <3.9r> and hyphenation patterns for 83 language(s) loaded.
(./jov.cls
Document Class: jov 2008/12/16 Journal of Vision class
(/usr/local/texlive/2016/texmf-dist/tex/latex/base/article.cls
Document Class: article 2014/09/29 v1.4h Standard LaTeX document class
(/usr/local/texlive/2016/texmf-dist/tex/latex/base/size10.clo
File: size10.clo 2014/09/29 v1.4h Standard LaTeX file (size option)
)
\c@part=\count79
\c@section=\count80
\c@subsection=\count81
\c@subsubsection=\count82
\c@paragraph=\count83
\c@subparagraph=\count84
\c@figure=\count85
\c@table=\count86
\abovecaptionskip=\skip41
\belowcaptionskip=\skip42
\bibindent=\dimen102
)
(/usr/local/texlive/2016/texmf-dist/tex/latex/graphics/color.sty
Package: color 2016/05/09 v1.1c Standard LaTeX Color (DPC)

(/usr/local/texlive/2016/texmf-dist/tex/latex/graphics-cfg/color.cfg
File: color.cfg 2016/01/02 v1.6 sample color configuration
)
Package color Info: Driver file: pdftex.def on input line 144.

(/usr/local/texlive/2016/texmf-dist/tex/latex/pdftex-def/pdftex.def
File: pdftex.def 2011/05/27 v0.06d Graphics/color for pdfTeX

(/usr/local/texlive/2016/texmf-dist/tex/generic/oberdiek/infwarerr.sty
Package: infwarerr 2016/05/16 v1.4 Providing info/warning/error messages (HO)
)
(/usr/local/texlive/2016/texmf-dist/tex/generic/oberdiek/ltxcmds.sty
Package: ltxcmds 2016/05/16 v1.23 LaTeX kernel commands for general use (HO)
)
\Gread@gobject=\count87
))
(/usr/local/texlive/2016/texmf-dist/tex/latex/psnfss/times.sty
Package: times 2005/04/12 PSNFSS-v9.2a (SPQR) 
)
(/usr/local/texlive/2016/texmf-dist/tex/latex/multirow/multirow.sty
\bigstrutjot=\dimen103
)
(/usr/local/texlive/2016/texmf-dist/tex/latex/hyperref/hyperref.sty
Package: hyperref 2016/05/05 v6.83n Hypertext links for LaTeX

(/usr/local/texlive/2016/texmf-dist/tex/generic/oberdiek/hobsub-hyperref.sty
Package: hobsub-hyperref 2016/05/16 v1.14 Bundle oberdiek, subset hyperref (HO)


(/usr/local/texlive/2016/texmf-dist/tex/generic/oberdiek/hobsub-generic.sty
Package: hobsub-generic 2016/05/16 v1.14 Bundle oberdiek, subset generic (HO)
Package: hobsub 2016/05/16 v1.14 Construct package bundles (HO)
Package hobsub Info: Skipping package `infwarerr' (already loaded).
Package hobsub Info: Skipping package `ltxcmds' (already loaded).
Package: ifluatex 2016/05/16 v1.4 Provides the ifluatex switch (HO)
Package ifluatex Info: LuaTeX not detected.
Package: ifvtex 2016/05/16 v1.6 Detect VTeX and its facilities (HO)
Package ifvtex Info: VTeX not detected.
Package: intcalc 2016/05/16 v1.2 Expandable calculations with integers (HO)
Package: ifpdf 2016/05/14 v3.1 Provides the ifpdf switch
Package: etexcmds 2016/05/16 v1.6 Avoid name clashes with e-TeX commands (HO)
Package etexcmds Info: Could not find \expanded.
(etexcmds)             That can mean that you are not using pdfTeX 1.50 or
(etexcmds)             that some package has redefined \expanded.
(etexcmds)             In the latter case, load this package earlier.
Package: kvsetkeys 2016/05/16 v1.17 Key value parser (HO)
Package: kvdefinekeys 2016/05/16 v1.4 Define keys (HO)
Package: pdftexcmds 2016/05/10 v0.21 Utility functions of pdfTeX for LuaTeX (HO
)
Package pdftexcmds Info: LuaTeX not detected.
Package pdftexcmds Info: \pdf@primitive is available.
Package pdftexcmds Info: \pdf@ifprimitive is available.
Package pdftexcmds Info: \pdfdraftmode found.
Package: pdfescape 2016/05/16 v1.14 Implements pdfTeX's escape features (HO)
Package: bigintcalc 2016/05/16 v1.4 Expandable calculations on big integers (HO
)
Package: bitset 2016/05/16 v1.2 Handle bit-vector datatype (HO)
Package: uniquecounter 2016/05/16 v1.3 Provide unlimited unique counter (HO)
)
Package hobsub Info: Skipping package `hobsub' (already loaded).
Package: letltxmacro 2016/05/16 v1.5 Let assignment for LaTeX macros (HO)
Package: hopatch 2016/05/16 v1.3 Wrapper for package hooks (HO)
Package: xcolor-patch 2016/05/16 xcolor patch
Package: atveryend 2016/05/16 v1.9 Hooks at the very end of document (HO)
Package atveryend Info: \enddocument detected (standard20110627).
Package: atbegshi 2016/05/16 v1.17 At begin shipout hook (HO)
Package: refcount 2016/05/16 v3.5 Data extraction from label references (HO)
Package: hycolor 2016/05/16 v1.8 Color options for hyperref/bookmark (HO)
)
(/usr/local/texlive/2016/texmf-dist/tex/latex/graphics/keyval.sty
Package: keyval 2014/10/28 v1.15 key=value parser (DPC)
\KV@toks@=\toks14
)
(/usr/local/texlive/2016/texmf-dist/tex/generic/ifxetex/ifxetex.sty
Package: ifxetex 2010/09/12 v0.6 Provides ifxetex conditional
)
(/usr/local/texlive/2016/texmf-dist/tex/latex/oberdiek/auxhook.sty
Package: auxhook 2016/05/16 v1.4 Hooks for auxiliary files (HO)
)
(/usr/local/texlive/2016/texmf-dist/tex/latex/oberdiek/kvoptions.sty
Package: kvoptions 2016/05/16 v3.12 Key value format for package options (HO)
)
\@linkdim=\dimen104
\Hy@linkcounter=\count88
\Hy@pagecounter=\count89

(/usr/local/texlive/2016/texmf-dist/tex/latex/hyperref/pd1enc.def
File: pd1enc.def 2016/05/05 v6.83n Hyperref: PDFDocEncoding definition (HO)
)
\Hy@SavedSpaceFactor=\count90

(/usr/local/texlive/2016/texmf-dist/tex/latex/latexconfig/hyperref.cfg
File: hyperref.cfg 2002/06/06 v1.2 hyperref configuration of TeXLive
)
Package hyperref Info: Option `colorlinks' set `true' on input line 4322.
Package hyperref Info: Option `pageanchor' set `true' on input line 4322.
Package hyperref Info: Hyper figures OFF on input line 4446.
Package hyperref Info: Link nesting OFF on input line 4451.
Package hyperref Info: Hyper index ON on input line 4454.
Package hyperref Info: Plain pages OFF on input line 4461.
Package hyperref Info: Backreferencing OFF on input line 4466.
Package hyperref Info: Implicit mode ON; LaTeX internals redefined.
Package hyperref Info: Bookmarks ON on input line 4691.
\c@Hy@tempcnt=\count91

(/usr/local/texlive/2016/texmf-dist/tex/latex/url/url.sty
\Urlmuskip=\muskip10
Package: url 2013/09/16  ver 3.4  Verb mode for urls, etc.
)
LaTeX Info: Redefining \url on input line 5044.
\XeTeXLinkMargin=\dimen105
\Fld@menulength=\count92
\Field@Width=\dimen106
\Fld@charsize=\dimen107
Package hyperref Info: Hyper figures OFF on input line 6298.
Package hyperref Info: Link nesting OFF on input line 6303.
Package hyperref Info: Hyper index ON on input line 6306.
Package hyperref Info: backreferencing OFF on input line 6313.
Package hyperref Info: Link coloring ON on input line 6316.
Package hyperref Info: Link coloring with OCG OFF on input line 6323.
Package hyperref Info: PDF/A mode OFF on input line 6328.
LaTeX Info: Redefining \ref on input line 6368.
LaTeX Info: Redefining \pageref on input line 6372.
\Hy@abspage=\count93
\c@Item=\count94
\c@Hfootnote=\count95
)

Package hyperref Message: Driver (autodetected): hpdftex.

(/usr/local/texlive/2016/texmf-dist/tex/latex/hyperref/hpdftex.def
File: hpdftex.def 2016/05/05 v6.83n Hyperref driver for pdfTeX
\Fld@listcount=\count96
\c@bookmark@seq@number=\count97

(/usr/local/texlive/2016/texmf-dist/tex/latex/oberdiek/rerunfilecheck.sty
Package: rerunfilecheck 2016/05/16 v1.8 Rerun checks for auxiliary files (HO)
Package uniquecounter Info: New unique counter `rerunfilecheck' on input line 2
82.
)
\Hy@SectionHShift=\skip43
)
(./jovcite.sty
Package: jovcite 2008/12/22 Journal of Vision, inofficial LaTeX stylesheet
\c@BibCnt=\count98
\bibleftmargin=\skip44
\bibindent=\skip45
\bibparsep=\skip46
\bibitemsep=\skip47
) (/usr/local/texlive/2016/texmf-dist/tex/latex/psnfss/pifont.sty
Package: pifont 2005/04/12 PSNFSS-v9.2a Pi font support (SPQR) 
LaTeX Font Info:    Try loading font information for U+pzd on input line 63.
(/usr/local/texlive/2016/texmf-dist/tex/latex/psnfss/upzd.fd
File: upzd.fd 2001/06/04 font definitions for U/pzd.
)
LaTeX Font Info:    Try loading font information for U+psy on input line 64.

(/usr/local/texlive/2016/texmf-dist/tex/latex/psnfss/upsy.fd
File: upsy.fd 2001/06/04 font definitions for U/psy.
))
\c@nauthors=\count99
)
(/usr/local/texlive/2016/texmf-dist/tex/latex/graphics/graphicx.sty
Package: graphicx 2014/10/28 v1.0g Enhanced LaTeX Graphics (DPC,SPQR)

(/usr/local/texlive/2016/texmf-dist/tex/latex/graphics/graphics.sty
Package: graphics 2016/05/09 v1.0r Standard LaTeX Graphics (DPC,SPQR)

(/usr/local/texlive/2016/texmf-dist/tex/latex/graphics/trig.sty
Package: trig 2016/01/03 v1.10 sin cos tan (DPC)
)
(/usr/local/texlive/2016/texmf-dist/tex/latex/graphics-cfg/graphics.cfg
File: graphics.cfg 2016/01/02 v1.10 sample graphics configuration
)
Package graphics Info: Driver file: pdftex.def on input line 96.
)
\Gin@req@height=\dimen108
\Gin@req@width=\dimen109
)
(/usr/local/texlive/2016/texmf-dist/tex/latex/caption/subcaption.sty
Package: subcaption 2016/02/20 v1.1-142 Sub-captions (AR)

(/usr/local/texlive/2016/texmf-dist/tex/latex/caption/caption.sty
Package: caption 2016/02/21 v3.3-144 Customizing captions (AR)

(/usr/local/texlive/2016/texmf-dist/tex/latex/caption/caption3.sty
Package: caption3 2016/02/04 v1.7-139 caption3 kernel (AR)
Package caption3 Info: TeX engine: e-TeX on input line 67.
\captionmargin=\dimen110
\captionmargin@=\dimen111
\captionwidth=\dimen112
\caption@tempdima=\dimen113
\caption@indent=\dimen114
\caption@parindent=\dimen115
\caption@hangindent=\dimen116
Package caption Info: Unknown document class (or package),
(caption)             standard defaults will be used.
)

Package caption Warning: Unsupported document class (or package) detected,
(caption)                usage of the caption package is not recommended.
See the caption package documentation for explanation.

Package caption Info: \@makecaption = \long macro:#1#2->\vskip \abovecaptionski
p \sbox \@tempboxa {{\captionfonts #1: #2}}\ifdim \wd \@tempboxa >\hsize {\capt
ionfonts #1: #2\par } \else \hbox to\hsize {\hfil \box \@tempboxa \hfil }\fi \v
skip \belowcaptionskip .
\c@ContinuedFloat=\count100
Package caption Info: hyperref package is loaded.
)
\c@subfigure=\count101
\c@subtable=\count102
) (/usr/local/texlive/2016/texmf-dist/tex/latex/amsmath/amsmath.sty
Package: amsmath 2016/03/10 v2.15b AMS math features
\@mathmargin=\skip48

For additional information on amsmath, use the `?' option.
(/usr/local/texlive/2016/texmf-dist/tex/latex/amsmath/amstext.sty
Package: amstext 2000/06/29 v2.01 AMS text

(/usr/local/texlive/2016/texmf-dist/tex/latex/amsmath/amsgen.sty
File: amsgen.sty 1999/11/30 v2.0 generic functions
\@emptytoks=\toks15
\ex@=\dimen117
))
(/usr/local/texlive/2016/texmf-dist/tex/latex/amsmath/amsbsy.sty
Package: amsbsy 1999/11/29 v1.2d Bold Symbols
\pmbraise@=\dimen118
)
(/usr/local/texlive/2016/texmf-dist/tex/latex/amsmath/amsopn.sty
Package: amsopn 2016/03/08 v2.02 operator names
)
\inf@bad=\count103
LaTeX Info: Redefining \frac on input line 199.
\uproot@=\count104
\leftroot@=\count105
LaTeX Info: Redefining \overline on input line 297.
\classnum@=\count106
\DOTSCASE@=\count107
LaTeX Info: Redefining \ldots on input line 394.
LaTeX Info: Redefining \dots on input line 397.
LaTeX Info: Redefining \cdots on input line 518.
\Mathstrutbox@=\box26
\strutbox@=\box27
\big@size=\dimen119
LaTeX Font Info:    Redeclaring font encoding OML on input line 634.
LaTeX Font Info:    Redeclaring font encoding OMS on input line 635.
\macc@depth=\count108
\c@MaxMatrixCols=\count109
\dotsspace@=\muskip11
\c@parentequation=\count110
\dspbrk@lvl=\count111
\tag@help=\toks16
\row@=\count112
\column@=\count113
\maxfields@=\count114
\andhelp@=\toks17
\eqnshift@=\dimen120
\alignsep@=\dimen121
\tagshift@=\dimen122
\tagwidth@=\dimen123
\totwidth@=\dimen124
\lineht@=\dimen125
\@envbody=\toks18
\multlinegap=\skip49
\multlinetaggap=\skip50
\mathdisplay@stack=\toks19
LaTeX Info: Redefining \[ on input line 2739.
LaTeX Info: Redefining \] on input line 2740.
)
(/usr/local/texlive/2016/texmf-dist/tex/latex/bbm-macros/bbm.sty
Package: bbm 1999/03/15 V 1.2 provides fonts for set symbols - TH
LaTeX Font Info:    Overwriting math alphabet `\mathbbm' in version `bold'
(Font)                  U/bbm/m/n --> U/bbm/bx/n on input line 33.
LaTeX Font Info:    Overwriting math alphabet `\mathbbmss' in version `bold'
(Font)                  U/bbmss/m/n --> U/bbmss/bx/n on input line 35.
)
(/usr/local/texlive/2016/texmf-dist/tex/latex/amsfonts/amssymb.sty
Package: amssymb 2013/01/14 v3.01 AMS font symbols

(/usr/local/texlive/2016/texmf-dist/tex/latex/amsfonts/amsfonts.sty
Package: amsfonts 2013/01/14 v3.01 Basic AMSFonts support
\symAMSa=\mathgroup4
\symAMSb=\mathgroup5
LaTeX Font Info:    Overwriting math alphabet `\mathfrak' in version `bold'
(Font)                  U/euf/m/n --> U/euf/b/n on input line 106.
))
(/usr/local/texlive/2016/texmf-dist/tex/latex/comment/comment.sty
\CommentStream=\write3

Excluding comment 'comment') (./draft5.aux

LaTeX Warning: Label `fig:barGraphs' multiply defined.

)
\openout1 = `draft5.aux'.

LaTeX Font Info:    Checking defaults for OML/cmm/m/it on input line 12.
LaTeX Font Info:    ... okay on input line 12.
LaTeX Font Info:    Checking defaults for T1/cmr/m/n on input line 12.
LaTeX Font Info:    ... okay on input line 12.
LaTeX Font Info:    Checking defaults for OT1/cmr/m/n on input line 12.
LaTeX Font Info:    ... okay on input line 12.
LaTeX Font Info:    Checking defaults for OMS/cmsy/m/n on input line 12.
LaTeX Font Info:    ... okay on input line 12.
LaTeX Font Info:    Checking defaults for OMX/cmex/m/n on input line 12.
LaTeX Font Info:    ... okay on input line 12.
LaTeX Font Info:    Checking defaults for U/cmr/m/n on input line 12.
LaTeX Font Info:    ... okay on input line 12.
LaTeX Font Info:    Checking defaults for PD1/pdf/m/n on input line 12.
LaTeX Font Info:    ... okay on input line 12.
LaTeX Font Info:    Try loading font information for OT1+ptm on input line 12.
 (/usr/local/texlive/2016/texmf-dist/tex/latex/psnfss/ot1ptm.fd
File: ot1ptm.fd 2001/06/04 font definitions for OT1/ptm.
)
(/usr/local/texlive/2016/texmf-dist/tex/context/base/mkii/supp-pdf.mkii
[Loading MPS to PDF converter (version 2006.09.02).]
\scratchcounter=\count115
\scratchdimen=\dimen126
\scratchbox=\box28
\nofMPsegments=\count116
\nofMParguments=\count117
\everyMPshowfont=\toks20
\MPscratchCnt=\count118
\MPscratchDim=\dimen127
\MPnumerator=\count119
\makeMPintoPDFobject=\count120
\everyMPtoPDFconversion=\toks21
)
\AtBeginShipoutBox=\box29
Package hyperref Info: Link coloring ON on input line 12.
 (/usr/local/texlive/2016/texmf-dist/tex/latex/hyperref/nameref.sty
Package: nameref 2012/10/27 v2.43 Cross-referencing by name of section

(/usr/local/texlive/2016/texmf-dist/tex/generic/oberdiek/gettitlestring.sty
Package: gettitlestring 2016/05/16 v1.5 Cleanup title references (HO)
)
\c@section@level=\count121
)
LaTeX Info: Redefining \ref on input line 12.
LaTeX Info: Redefining \pageref on input line 12.
LaTeX Info: Redefining \nameref on input line 12.

(./draft5.out) (./draft5.out)
\@outlinefile=\write4
\openout4 = `draft5.out'.

 (./english.apc
File: english.apc 2007/09/03 v4.00 apacite language file
)
(/usr/local/texlive/2016/texmf-dist/tex/latex/oberdiek/epstopdf-base.sty
Package: epstopdf-base 2016/05/15 v2.6 Base part for package epstopdf

(/usr/local/texlive/2016/texmf-dist/tex/latex/oberdiek/grfext.sty
Package: grfext 2016/05/16 v1.2 Manage graphics extensions (HO)
)
Package grfext Info: Graphics extension search list:
(grfext)             [.png,.pdf,.jpg,.mps,.jpeg,.jbig2,.jb2,.PNG,.PDF,.JPG,.JPE
G,.JBIG2,.JB2,.eps]
(grfext)             \AppendGraphicsExtensions on input line 456.

(/usr/local/texlive/2016/texmf-dist/tex/latex/latexconfig/epstopdf-sys.cfg
File: epstopdf-sys.cfg 2010/07/13 v1.3 Configuration of (r)epstopdf for TeX Liv
e
))
Package caption Info: Begin \AtBeginDocument code.
Package caption Info: End \AtBeginDocument code.
LaTeX Font Info:    Try loading font information for OT1+phv on input line 57.

(/usr/local/texlive/2016/texmf-dist/tex/latex/psnfss/ot1phv.fd
File: ot1phv.fd 2001/06/04 scalable font definitions for OT1/phv.
)
LaTeX Font Info:    Try loading font information for U+msa on input line 57.

(/usr/local/texlive/2016/texmf-dist/tex/latex/amsfonts/umsa.fd
File: umsa.fd 2013/01/14 v3.01 AMS symbols A
)
LaTeX Font Info:    Try loading font information for U+msb on input line 57.

(/usr/local/texlive/2016/texmf-dist/tex/latex/amsfonts/umsb.fd
File: umsb.fd 2013/01/14 v3.01 AMS symbols B
)
LaTeX Font Info:    Font shape `OT1/ptm/bx/n' in size <14.4> not available
(Font)              Font shape `OT1/ptm/b/n' tried instead on input line 57.
LaTeX Font Info:    Font shape `OT1/phv/bx/n' in size <14.4> not available
(Font)              Font shape `OT1/phv/b/n' tried instead on input line 57.


Package hyperref Warning: Suppressing link with empty target on input line 57.


Overfull \vbox (7.80003pt too high) detected at line 57
 []


Package hyperref Warning: Suppressing link with empty target on input line 57.


Overfull \vbox (7.80003pt too high) detected at line 57
 []


Package hyperref Warning: Suppressing link with empty target on input line 57.


Overfull \vbox (7.80003pt too high) detected at line 57
 []


Package hyperref Warning: Suppressing link with empty target on input line 57.


Overfull \vbox (7.80003pt too high) detected at line 57
 []


Package hyperref Warning: Suppressing link with empty target on input line 57.


Overfull \vbox (7.80003pt too high) detected at line 57
 []


Overfull \hbox (37.6846pt too wide) in paragraph at lines 57--57
[] 
 []

LaTeX Font Info:    Try loading font information for OMS+phv on input line 68.
(/usr/local/texlive/2016/texmf-dist/tex/latex/psnfss/omsphv.fd
File: omsphv.fd 
)
LaTeX Font Info:    Font shape `OMS/phv/m/n' in size <8> not available
(Font)              Font shape `OMS/cmsy/m/n' tried instead on input line 68.
 [1{/usr/local/texlive/2016/texmf-var/fonts/map/pdftex/updmap/pdftex.map}

]
<../FiguresDraft5/Figure1/Figure1_a.png, id=127, 1027.84pt x 770.88pt>
File: ../FiguresDraft5/Figure1/Figure1_a.png Graphic file (type png)

<use ../FiguresDraft5/Figure1/Figure1_a.png>
Package pdftex.def Info: ../FiguresDraft5/Figure1/Figure1_a.png used on input l
ine 82.
(pdftex.def)             Requested size: 216.23764pt x 162.17188pt.

<../FiguresDraft5/Figure1/Figure1_b.pdf, id=129, 501.875pt x 314.17375pt>
File: ../FiguresDraft5/Figure1/Figure1_b.pdf Graphic file (type pdf)

<use ../FiguresDraft5/Figure1/Figure1_b.pdf>
Package pdftex.def Info: ../FiguresDraft5/Figure1/Figure1_b.pdf used on input l
ine 87.
(pdftex.def)             Requested size: 297.33293pt x 186.13751pt.
LaTeX Font Info:    Font shape `OT1/ptm/bx/n' in size <10> not available
(Font)              Font shape `OT1/ptm/b/n' tried instead on input line 98.
 [2 <../FiguresDraft5/Figure1/Figure1_a.png> <../FiguresDraft5/Figure1/Figure1_
b.pdf>]
LaTeX Font Info:    Font shape `OT1/ptm/bx/n' in size <12> not available
(Font)              Font shape `OT1/ptm/b/n' tried instead on input line 125.
LaTeX Font Info:    Font shape `OT1/phv/bx/n' in size <12> not available
(Font)              Font shape `OT1/phv/b/n' tried instead on input line 125.

<../FiguresDraft5/Figure2/Figure2_a.pdf, id=203, 322.20375pt x 241.90375pt>
File: ../FiguresDraft5/Figure2/Figure2_a.pdf Graphic file (type pdf)

<use ../FiguresDraft5/Figure2/Figure2_a.pdf>
Package pdftex.def Info: ../FiguresDraft5/Figure2/Figure2_a.pdf used on input l
ine 133.
(pdftex.def)             Requested size: 118.93317pt x 89.29259pt.

<../FiguresDraft5/Figure2/Figure2_b.pdf, id=204, 322.20375pt x 241.90375pt>
File: ../FiguresDraft5/Figure2/Figure2_b.pdf Graphic file (type pdf)

<use ../FiguresDraft5/Figure2/Figure2_b.pdf>
Package pdftex.def Info: ../FiguresDraft5/Figure2/Figure2_b.pdf used on input l
ine 139.
(pdftex.def)             Requested size: 118.93317pt x 89.29259pt.

<../FiguresDraft5/Figure2/Figure2_c.pdf, id=205, 322.20375pt x 241.90375pt>
File: ../FiguresDraft5/Figure2/Figure2_c.pdf Graphic file (type pdf)

<use ../FiguresDraft5/Figure2/Figure2_c.pdf>
Package pdftex.def Info: ../FiguresDraft5/Figure2/Figure2_c.pdf used on input l
ine 145.
(pdftex.def)             Requested size: 118.93317pt x 89.29259pt.
LaTeX Font Info:    Font shape `OT1/phv/bx/sl' in size <10> not available
(Font)              Font shape `OT1/phv/b/sl' tried instead on input line 154.
 [3 <../FiguresDraft5/Figure2/Figure2_a.pdf> <../FiguresDraft5/Figure2/Figure2_
b.pdf> <../FiguresDraft5/Figure2/Figure2_c.pdf>]
<../FiguresDraft5/Figure3/Figure3_a.png, id=243, 230.8625pt x 230.8625pt>
File: ../FiguresDraft5/Figure3/Figure3_a.png Graphic file (type png)

<use ../FiguresDraft5/Figure3/Figure3_a.png>
Package pdftex.def Info: ../FiguresDraft5/Figure3/Figure3_a.png used on input l
ine 175.
(pdftex.def)             Requested size: 75.68399pt x 75.68463pt.

<../FiguresDraft5/Figure3/Figure3_b.png, id=244, 230.8625pt x 230.8625pt>
File: ../FiguresDraft5/Figure3/Figure3_b.png Graphic file (type png)

<use ../FiguresDraft5/Figure3/Figure3_b.png>
Package pdftex.def Info: ../FiguresDraft5/Figure3/Figure3_b.png used on input l
ine 181.
(pdftex.def)             Requested size: 75.68399pt x 75.68463pt.

<../FiguresDraft5/Figure3/Figure3_c.png, id=245, 230.8625pt x 230.8625pt>
File: ../FiguresDraft5/Figure3/Figure3_c.png Graphic file (type png)

<use ../FiguresDraft5/Figure3/Figure3_c.png>
Package pdftex.def Info: ../FiguresDraft5/Figure3/Figure3_c.png used on input l
ine 187.
(pdftex.def)             Requested size: 75.68399pt x 75.68463pt.

<../FiguresDraft5/Figure3/Figure3_d.png, id=246, 230.8625pt x 230.8625pt>
File: ../FiguresDraft5/Figure3/Figure3_d.png Graphic file (type png)

<use ../FiguresDraft5/Figure3/Figure3_d.png>
Package pdftex.def Info: ../FiguresDraft5/Figure3/Figure3_d.png used on input l
ine 193.
(pdftex.def)             Requested size: 75.68399pt x 75.68463pt.

<../FiguresDraft5/Figure3/Figure3_e.png, id=247, 230.8625pt x 230.8625pt>
File: ../FiguresDraft5/Figure3/Figure3_e.png Graphic file (type png)

<use ../FiguresDraft5/Figure3/Figure3_e.png>
Package pdftex.def Info: ../FiguresDraft5/Figure3/Figure3_e.png used on input l
ine 199.
(pdftex.def)             Requested size: 75.68399pt x 75.68463pt.

<../FiguresDraft5/Figure4/Figure4_a.pdf, id=248, 322.20375pt x 742.775pt>
File: ../FiguresDraft5/Figure4/Figure4_a.pdf Graphic file (type pdf)

<use ../FiguresDraft5/Figure4/Figure4_a.pdf>
Package pdftex.def Info: ../FiguresDraft5/Figure4/Figure4_a.pdf used on input l
ine 210.
(pdftex.def)             Requested size: 97.30446pt x 224.31894pt.

<../FiguresDraft5/Figure4/Figure4_b.pdf, id=249, 322.20375pt x 742.775pt>
File: ../FiguresDraft5/Figure4/Figure4_b.pdf Graphic file (type pdf)

<use ../FiguresDraft5/Figure4/Figure4_b.pdf>
Package pdftex.def Info: ../FiguresDraft5/Figure4/Figure4_b.pdf used on input l
ine 217.
(pdftex.def)             Requested size: 97.30446pt x 224.31894pt.

<../FiguresDraft5/Figure4/Figure4_c.pdf, id=250, 322.20375pt x 742.775pt>
File: ../FiguresDraft5/Figure4/Figure4_c.pdf Graphic file (type pdf)

<use ../FiguresDraft5/Figure4/Figure4_c.pdf>
Package pdftex.def Info: ../FiguresDraft5/Figure4/Figure4_c.pdf used on input l
ine 225.
(pdftex.def)             Requested size: 97.30446pt x 224.31894pt.

<../FiguresDraft5/Figure4/Figure4_d.pdf, id=251, 322.20375pt x 742.775pt>
File: ../FiguresDraft5/Figure4/Figure4_d.pdf Graphic file (type pdf)

<use ../FiguresDraft5/Figure4/Figure4_d.pdf>
Package pdftex.def Info: ../FiguresDraft5/Figure4/Figure4_d.pdf used on input l
ine 232.
(pdftex.def)             Requested size: 97.30446pt x 224.31894pt.

<../FiguresDraft5/Figure4/Figure4_e.pdf, id=252, 322.20375pt x 742.775pt>
File: ../FiguresDraft5/Figure4/Figure4_e.pdf Graphic file (type pdf)

<use ../FiguresDraft5/Figure4/Figure4_e.pdf>
Package pdftex.def Info: ../FiguresDraft5/Figure4/Figure4_e.pdf used on input l
ine 239.
(pdftex.def)             Requested size: 97.30446pt x 224.31894pt.
 [4 <../FiguresDraft5/Figure3/Figure3_a.png> <../FiguresDraft5/Figure3/Figure3_
b.png> <../FiguresDraft5/Figure3/Figure3_c.png> <../FiguresDraft5/Figure3/Figur
e3_d.png> <../FiguresDraft5/Figure3/Figure3_e.png>] [5 <../FiguresDraft5/Figure
4/Figure4_a.pdf> <../FiguresDraft5/Figure4/Figure4_b.pdf> <../FiguresDraft5/Fig
ure4/Figure4_c.pdf> <../FiguresDraft5/Figure4/Figure4_d.pdf> <../FiguresDraft5/
Figure4/Figure4_e.pdf>]
File: ../FiguresDraft5/Figure1/Figure1_b.pdf Graphic file (type pdf)

<use ../FiguresDraft5/Figure1/Figure1_b.pdf>
Package pdftex.def Info: ../FiguresDraft5/Figure1/Figure1_b.pdf used on input l
ine 278.
(pdftex.def)             Requested size: 178.39977pt x 111.67867pt.

<../FiguresDraft5/Figure5/Figure5_b.pdf, id=301, 501.875pt x 314.17375pt>
File: ../FiguresDraft5/Figure5/Figure5_b.pdf Graphic file (type pdf)

<use ../FiguresDraft5/Figure5/Figure5_b.pdf>
Package pdftex.def Info: ../FiguresDraft5/Figure5/Figure5_b.pdf used on input l
ine 283.
(pdftex.def)             Requested size: 178.39977pt x 111.67867pt.

<../FiguresDraft5/Figure5/Figure5_c.pdf, id=302, 501.875pt x 314.17375pt>
File: ../FiguresDraft5/Figure5/Figure5_c.pdf Graphic file (type pdf)

<use ../FiguresDraft5/Figure5/Figure5_c.pdf>
Package pdftex.def Info: ../FiguresDraft5/Figure5/Figure5_c.pdf used on input l
ine 288.
(pdftex.def)             Requested size: 178.39977pt x 111.67867pt.

<../FiguresDraft5/Figure6/Figure6_a.pdf, id=308, 552.0625pt x 501.875pt>
File: ../FiguresDraft5/Figure6/Figure6_a.pdf Graphic file (type pdf)

<use ../FiguresDraft5/Figure6/Figure6_a.pdf>
Package pdftex.def Info: ../FiguresDraft5/Figure6/Figure6_a.pdf used on input l
ine 310.
(pdftex.def)             Requested size: 129.74753pt x 117.94829pt.

<../FiguresDraft5/Figure6/Figure6_b.pdf, id=309, 552.0625pt x 501.875pt>
File: ../FiguresDraft5/Figure6/Figure6_b.pdf Graphic file (type pdf)

<use ../FiguresDraft5/Figure6/Figure6_b.pdf>
Package pdftex.def Info: ../FiguresDraft5/Figure6/Figure6_b.pdf used on input l
ine 316.
(pdftex.def)             Requested size: 129.74753pt x 117.94829pt.

<../FiguresDraft5/Figure6/Figure6_c.pdf, id=310, 552.0625pt x 501.875pt>
File: ../FiguresDraft5/Figure6/Figure6_c.pdf Graphic file (type pdf)

<use ../FiguresDraft5/Figure6/Figure6_c.pdf>
Package pdftex.def Info: ../FiguresDraft5/Figure6/Figure6_c.pdf used on input l
ine 322.
(pdftex.def)             Requested size: 129.74753pt x 117.94829pt.

<../FiguresDraft5/Figure6/Figure6_d.pdf, id=311, 552.0625pt x 501.875pt>
File: ../FiguresDraft5/Figure6/Figure6_d.pdf Graphic file (type pdf)

<use ../FiguresDraft5/Figure6/Figure6_d.pdf>
Package pdftex.def Info: ../FiguresDraft5/Figure6/Figure6_d.pdf used on input l
ine 328.
(pdftex.def)             Requested size: 129.74753pt x 117.94829pt.
 [6 <../FiguresDraft5/Figure5/Figure5_b.pdf> <../FiguresDraft5/Figure5/Figure5_
c.pdf>]
<../FiguresDraft5/Figure7/Figure7_a.pdf, id=372, 552.0625pt x 501.875pt>
File: ../FiguresDraft5/Figure7/Figure7_a.pdf Graphic file (type pdf)

<use ../FiguresDraft5/Figure7/Figure7_a.pdf>
Package pdftex.def Info: ../FiguresDraft5/Figure7/Figure7_a.pdf used on input l
ine 365.
(pdftex.def)             Requested size: 129.74753pt x 117.94829pt.

<../FiguresDraft5/Figure7/Figure7_b.pdf, id=373, 552.0625pt x 501.875pt>
File: ../FiguresDraft5/Figure7/Figure7_b.pdf Graphic file (type pdf)

<use ../FiguresDraft5/Figure7/Figure7_b.pdf>
Package pdftex.def Info: ../FiguresDraft5/Figure7/Figure7_b.pdf used on input l
ine 371.
(pdftex.def)             Requested size: 129.74753pt x 117.94829pt.

<../FiguresDraft5/Figure7/Figure7_c.pdf, id=374, 552.0625pt x 501.875pt>
File: ../FiguresDraft5/Figure7/Figure7_c.pdf Graphic file (type pdf)

<use ../FiguresDraft5/Figure7/Figure7_c.pdf>
Package pdftex.def Info: ../FiguresDraft5/Figure7/Figure7_c.pdf used on input l
ine 377.
(pdftex.def)             Requested size: 129.74753pt x 117.94829pt.

<../FiguresDraft5/Figure7/Figure7_d.pdf, id=375, 552.0625pt x 501.875pt>
File: ../FiguresDraft5/Figure7/Figure7_d.pdf Graphic file (type pdf)

<use ../FiguresDraft5/Figure7/Figure7_d.pdf>
Package pdftex.def Info: ../FiguresDraft5/Figure7/Figure7_d.pdf used on input l
ine 384.
(pdftex.def)             Requested size: 129.74753pt x 117.94829pt.

<../FiguresDraft5/Figure8/Figure8.pdf, id=376, 552.0625pt x 501.875pt>
File: ../FiguresDraft5/Figure8/Figure8.pdf Graphic file (type pdf)

<use ../FiguresDraft5/Figure8/Figure8.pdf>
Package pdftex.def Info: ../FiguresDraft5/Figure8/Figure8.pdf used on input lin
e 394.
(pdftex.def)             Requested size: 162.18234pt x 147.4392pt.
 [7 <../FiguresDraft5/Figure6/Figure6_a.pdf> <../FiguresDraft5/Figure6/Figure6_
b.pdf> <../FiguresDraft5/Figure6/Figure6_c.pdf> <../FiguresDraft5/Figure6/Figur
e6_d.pdf> <../FiguresDraft5/Figure7/Figure7_a.pdf> <../FiguresDraft5/Figure7/Fi
gure7_b.pdf> <../FiguresDraft5/Figure7/Figure7_c.pdf> <../FiguresDraft5/Figure7
/Figure7_d.pdf>]
<../FiguresDraft5/Figure9/Figure9_a.png, id=1354, 1027.84pt x 770.88pt>
File: ../FiguresDraft5/Figure9/Figure9_a.png Graphic file (type png)

<use ../FiguresDraft5/Figure9/Figure9_a.png>
Package pdftex.def Info: ../FiguresDraft5/Figure9/Figure9_a.png used on input l
ine 416.
(pdftex.def)             Requested size: 135.15059pt x 101.35889pt.

<../FiguresDraft5/Figure9/Figure9_b.png, id=1355, 770.88pt x 770.88pt>
File: ../FiguresDraft5/Figure9/Figure9_b.png Graphic file (type png)

<use ../FiguresDraft5/Figure9/Figure9_b.png>
Package pdftex.def Info: ../FiguresDraft5/Figure9/Figure9_b.png used on input l
ine 424.
(pdftex.def)             Requested size: 102.71576pt x 102.7116pt.

<../FiguresDraft5/Figure9/Figure9_c.png, id=1356, 766.865pt x 770.88pt>
File: ../FiguresDraft5/Figure9/Figure9_c.png Graphic file (type png)

<use ../FiguresDraft5/Figure9/Figure9_c.png>
Package pdftex.def Info: ../FiguresDraft5/Figure9/Figure9_c.png used on input l
ine 432.
(pdftex.def)             Requested size: 102.71576pt x 103.25269pt.

<../FiguresDraft5/Figure9/Figure9_d.png, id=1357, 798.985pt x 764.8575pt>
File: ../FiguresDraft5/Figure9/Figure9_d.png Graphic file (type png)

<use ../FiguresDraft5/Figure9/Figure9_d.png>
Package pdftex.def Info: ../FiguresDraft5/Figure9/Figure9_d.png used on input l
ine 438.
(pdftex.def)             Requested size: 108.11882pt x 103.49638pt.
 [8 <../FiguresDraft5/Figure8/Figure8.pdf>] [9 <../FiguresDraft5/Figure9/Figure
9_a.png> <../FiguresDraft5/Figure9/Figure9_b.png> <../FiguresDraft5/Figure9/Fig
ure9_c.png> <../FiguresDraft5/Figure9/Figure9_d.png>]
<../FiguresDraft5/Figure10/Figure10_a.pdf, id=1410, 501.875pt x 501.875pt>
File: ../FiguresDraft5/Figure10/Figure10_a.pdf Graphic file (type pdf)

<use ../FiguresDraft5/Figure10/Figure10_a.pdf>
Package pdftex.def Info: ../FiguresDraft5/Figure10/Figure10_a.pdf used on input
 line 586.
(pdftex.def)             Requested size: 135.15059pt x 125.18759pt.

<../FiguresDraft5/Figure10/Figure10_b.pdf, id=1412, 501.875pt x 501.875pt>
File: ../FiguresDraft5/Figure10/Figure10_b.pdf Graphic file (type pdf)

<use ../FiguresDraft5/Figure10/Figure10_b.pdf>
Package pdftex.def Info: ../FiguresDraft5/Figure10/Figure10_b.pdf used on input
 line 591.
(pdftex.def)             Requested size: 140.55363pt x 126.21147pt.

<../FiguresDraft5/Figure10/Figure10_c.pdf, id=1414, 501.875pt x 301.125pt>
File: ../FiguresDraft5/Figure10/Figure10_c.pdf Graphic file (type pdf)

<use ../FiguresDraft5/Figure10/Figure10_c.pdf>
Package pdftex.def Info: ../FiguresDraft5/Figure10/Figure10_c.pdf used on input
 line 596.
(pdftex.def)             Requested size: 216.23764pt x 127.51184pt.
 [10]
<../FiguresDraft5/Figure11/Figure11_a.pdf, id=1429, 501.875pt x 501.875pt>
File: ../FiguresDraft5/Figure11/Figure11_a.pdf Graphic file (type pdf)

<use ../FiguresDraft5/Figure11/Figure11_a.pdf>
Package pdftex.def Info: ../FiguresDraft5/Figure11/Figure11_a.pdf used on input
 line 650.
(pdftex.def)             Requested size: 118.93317pt x 108.81491pt.

<../FiguresDraft5/Figure11/Figure11_b.pdf, id=1431, 501.875pt x 501.875pt>
File: ../FiguresDraft5/Figure11/Figure11_b.pdf Graphic file (type pdf)

<use ../FiguresDraft5/Figure11/Figure11_b.pdf>
Package pdftex.def Info: ../FiguresDraft5/Figure11/Figure11_b.pdf used on input
 line 655.
(pdftex.def)             Requested size: 118.93317pt x 108.81491pt.

<../FiguresDraft5/Figure11/Figure11_c.pdf, id=1433, 501.875pt x 501.875pt>
File: ../FiguresDraft5/Figure11/Figure11_c.pdf Graphic file (type pdf)

<use ../FiguresDraft5/Figure11/Figure11_c.pdf>
Package pdftex.def Info: ../FiguresDraft5/Figure11/Figure11_c.pdf used on input
 line 660.
(pdftex.def)             Requested size: 118.93317pt x 108.81491pt.

<../FiguresDraft5/Figure11/Figure11_d.pdf, id=1435, 501.875pt x 501.875pt>
File: ../FiguresDraft5/Figure11/Figure11_d.pdf Graphic file (type pdf)

<use ../FiguresDraft5/Figure11/Figure11_d.pdf>
Package pdftex.def Info: ../FiguresDraft5/Figure11/Figure11_d.pdf used on input
 line 665.
(pdftex.def)             Requested size: 118.93317pt x 108.81491pt.

<../FiguresDraft5/Figure12/Figure12_a.pdf, id=1439, 501.875pt x 501.875pt>
File: ../FiguresDraft5/Figure12/Figure12_a.pdf Graphic file (type pdf)

<use ../FiguresDraft5/Figure12/Figure12_a.pdf>
Package pdftex.def Info: ../FiguresDraft5/Figure12/Figure12_a.pdf used on input
 line 704.
(pdftex.def)             Requested size: 135.15059pt x 125.18759pt.

<../FiguresDraft5/Figure12/Figure12_b.pdf, id=1441, 501.875pt x 501.875pt>
File: ../FiguresDraft5/Figure12/Figure12_b.pdf Graphic file (type pdf)

<use ../FiguresDraft5/Figure12/Figure12_b.pdf>
Package pdftex.def Info: ../FiguresDraft5/Figure12/Figure12_b.pdf used on input
 line 709.
(pdftex.def)             Requested size: 140.55363pt x 126.21147pt.

<../FiguresDraft5/Figure12/Figure12_c.pdf, id=1443, 501.875pt x 301.125pt>
File: ../FiguresDraft5/Figure12/Figure12_c.pdf Graphic file (type pdf)

<use ../FiguresDraft5/Figure12/Figure12_c.pdf>
Package pdftex.def Info: ../FiguresDraft5/Figure12/Figure12_c.pdf used on input
 line 714.
(pdftex.def)             Requested size: 216.23764pt x 127.51184pt.
 [11 <../FiguresDraft5/Figure10/Figure10_a.pdf> <../FiguresDraft5/Figure10/Figu
re10_b.pdf> <../FiguresDraft5/Figure10/Figure10_c.pdf>] [12 <../FiguresDraft5/F
igure11/Figure11_a.pdf> <../FiguresDraft5/Figure11/Figure11_b.pdf> <../FiguresD
raft5/Figure11/Figure11_c.pdf> <../FiguresDraft5/Figure11/Figure11_d.pdf> <../F
iguresDraft5/Figure12/Figure12_a.pdf> <../FiguresDraft5/Figure12/Figure12_b.pdf
> <../FiguresDraft5/Figure12/Figure12_c.pdf>]
<../FiguresDraft5/Figure13/Figure13.pdf, id=1677, 1003.75pt x 501.875pt>
File: ../FiguresDraft5/Figure13/Figure13.pdf Graphic file (type pdf)

<use ../FiguresDraft5/Figure13/Figure13.pdf>
Package pdftex.def Info: ../FiguresDraft5/Figure13/Figure13.pdf used on input l
ine 745.
(pdftex.def)             Requested size: 324.3647pt x 162.18082pt.
 [13 <../FiguresDraft5/Figure13/Figure13.pdf>]
<../FiguresDraft5/Figure14/Figure14.pdf, id=1688, 501.875pt x 501.875pt>
File: ../FiguresDraft5/Figure14/Figure14.pdf Graphic file (type pdf)

<use ../FiguresDraft5/Figure14/Figure14.pdf>
Package pdftex.def Info: ../FiguresDraft5/Figure14/Figure14.pdf used on input l
ine 785.
(pdftex.def)             Requested size: 162.18234pt x 162.18082pt.
 [14 <../FiguresDraft5/Figure14/Figure14.pdf>] [15] (./draft5.bbl
LaTeX Font Info:    Try loading font information for OT1+pcr on input line 104.


(/usr/local/texlive/2016/texmf-dist/tex/latex/psnfss/ot1pcr.fd
File: ot1pcr.fd 2001/06/04 font definitions for OT1/pcr.
) [16]
Underfull \hbox (badness 1377) in paragraph at lines 491--510
[]\OT1/ptm/m/n/10 D'Zmura, M., & Iver-son, G.  (1994).  Color con-stancy . iii.
 gen-eral lin-ear re-cov-ery of spec-tral de-scrip-tions for lights
 []


Underfull \hbox (badness 1221) in paragraph at lines 491--510
\OT1/ptm/m/n/10 and sur-faces [Jour-nal Ar-ti-cle].  \OT1/ptm/m/it/10 Jour-nal 
Of The Op-ti-cal So-ci-ety Of Amer-ica A\OT1/ptm/m/n/10 , \OT1/ptm/m/it/10 11\O
T1/ptm/m/n/10 (9), 2389-2400.  Avail-able from
 []


Underfull \hbox (badness 10000) in paragraph at lines 491--510
[][]$\OT1/pcr/m/n/10 http :// www [] .opticsinfobase [] .org / DirectPDFAccess 
/ 3991999B [] -F1A4 [] -66F5 [] -1F0CA009799B4F7B [] []806 /
 []


Underfull \hbox (badness 10000) in paragraph at lines 893--911
\OT1/pcr/m/n/10 DirectPDFAccess / 0C84AF25 [] -A90E [] -B3D5 [] -AED2308AF33196
BF [] []2286 / josaa [] -3 [] -1 [] -29 [] .pdf [] ?da = 1&id =
 []

[17])
Package atveryend Info: Empty hook `BeforeClearDocument' on input line 885.
 [18]
Package atveryend Info: Empty hook `AfterLastShipout' on input line 885.
 (./draft5.aux)
Package atveryend Info: Executing hook `AtVeryEndDocument' on input line 885.
Package atveryend Info: Executing hook `AtEndAfterFileList' on input line 885.
Package rerunfilecheck Info: File `draft5.out' has not changed.
(rerunfilecheck)             Checksum: EAA1D1638C6DB57621383D2B638F0C89;992.


LaTeX Warning: There were multiply-defined labels.

Package atveryend Info: Empty hook `AtVeryVeryEnd' on input line 885.
 ) 
Here is how much of TeX's memory you used:
 8269 strings out of 493014
 130104 string characters out of 6133351
 226059 words of memory out of 5000000
 11533 multiletter control sequences out of 15000+600000
 30984 words of font info for 61 fonts, out of 8000000 for 9000
 1141 hyphenation exceptions out of 8191
 42i,10n,40p,1491b,480s stack positions out of 5000i,500n,10000p,200000b,80000s
{/usr/local/texlive/2016/texmf-dist/fonts/enc/dvips/base/8r.enc}</usr/local/t
exlive/2016/texmf-dist/fonts/type1/public/amsfonts/cm/cmr10.pfb></usr/local/tex
live/2016/texmf-dist/fonts/type1/public/amsfonts/cm/cmsy10.pfb></usr/local/texl
ive/2016/texmf-dist/fonts/type1/public/amsfonts/cm/cmsy8.pfb></usr/local/texliv
e/2016/texmf-dist/fonts/type1/urw/courier/ucrr8a.pfb></usr/local/texlive/2016/t
exmf-dist/fonts/type1/urw/helvetic/uhvb8a.pfb></usr/local/texlive/2016/texmf-di
st/fonts/type1/urw/helvetic/uhvbo8a.pfb></usr/local/texlive/2016/texmf-dist/fon
ts/type1/urw/helvetic/uhvr8a.pfb></usr/local/texlive/2016/texmf-dist/fonts/type
1/urw/helvetic/uhvro8a.pfb></usr/local/texlive/2016/texmf-dist/fonts/type1/urw/
times/utmb8a.pfb></usr/local/texlive/2016/texmf-dist/fonts/type1/urw/times/utmr
8a.pfb></usr/local/texlive/2016/texmf-dist/fonts/type1/urw/times/utmri8a.pfb></
usr/local/texlive/2016/texmf-dist/fonts/type1/urw/zapfding/uzdr.pfb>
Output written on draft5.pdf (18 pages, 12065866 bytes).
PDF statistics:
 1807 PDF objects out of 2073 (max. 8388607)
 1554 compressed objects within 16 object streams
 97 named destinations out of 1000 (max. 500000)
 403 words of extra memory for PDF output out of 10000 (max. 10000000)

